2023-09-21 20:33:21,307 [INFO] Activator:176 - 


2023-09-21 20:33:21,313 [INFO] Activator:177 - !SESSION log4j initialized
2023-09-21 20:33:28,729 [INFO] LogOutputStream:77 - [STDOUT_REDIRECT] 
2023-09-21 20:33:33,403 [INFO] ApplicationProperties:184 - Using Application install path: C:\ST\STM32CubeIDE_1.13.0\STM32CubeIDE\plugins\com.st.stm32cube.common.mx_6.9.0.202307051724
2023-09-21 20:33:33,419 [INFO] DbMcusXml:78 - Set database path to: C:\ST\STM32CubeIDE_1.13.0\STM32CubeIDE\plugins\com.st.stm32cube.common.mx_6.9.0.202307051724\\db\/mcu/
2023-09-21 20:33:33,419 [INFO] ApiDb:274 - Set plugin database path to: C:\ST\STM32CubeIDE_1.13.0\STM32CubeIDE\plugins\com.st.stm32cube.common.mx_6.9.0.202307051724\\db\/plugins/boardmanager/
2023-09-21 20:33:33,420 [WARN] ApiDb:259 - Overriding images path with different value:  => C:\ST\STM32CubeIDE_1.13.0\STM32CubeIDE\plugins\com.st.stm32cube.common.mx_6.9.0.202307051724\\db\/plugins/mcufinder/images/
2023-09-21 20:33:33,431 [INFO] ApiDb:250 - Set database path to: C:\Users\User\.stmcufinder\plugins\mcufinder//mcu/
2023-09-21 20:33:33,432 [INFO] DbMcusAds:125 - Set database path to: C:\Users\User\.stmcufinder\plugins\mcufinder//mcu/
2023-09-21 20:33:33,434 [INFO] CrossReferenceDbSqlite:203 - Set database path to: C:\Users\User\.stmcufinder\plugins\mcufinder//mcu/cs/
2023-09-21 20:33:33,522 [INFO] RulesReader:64 - Compatibility file has been processed (293 Rules)
2023-09-21 20:33:33,605 [INFO] DbMcusXml:78 - Set database path to: C:\ST\STM32CubeIDE_1.13.0\STM32CubeIDE\plugins\com.st.stm32cube.common.mx_6.9.0.202307051724\\db\/mcu/
2023-09-21 20:33:33,605 [INFO] ApiDb:274 - Set plugin database path to: C:\ST\STM32CubeIDE_1.13.0\STM32CubeIDE\plugins\com.st.stm32cube.common.mx_6.9.0.202307051724\\db\/plugins/boardmanager/
2023-09-21 20:33:33,606 [INFO] ApiDb:261 - Set plugin images path to: C:\ST\STM32CubeIDE_1.13.0\STM32CubeIDE\plugins\com.st.stm32cube.common.mx_6.9.0.202307051724\\db\/plugins/mcufinder/images/
2023-09-21 20:33:33,606 [WARN] DbFile:41 - Overriding database path with different value: C:\Users\User\.stmcufinder\plugins\mcufinder/ => C:\Users\User\.stmcufinder\plugins\mcufinder
2023-09-21 20:33:33,606 [INFO] ApiDb:250 - Set database path to: C:\Users\User\.stmcufinder\plugins\mcufinder//mcu/
2023-09-21 20:33:33,606 [WARN] DbFile:41 - Overriding database path with different value: C:\Users\User\.stmcufinder\plugins\mcufinder/ => C:\Users\User\.stmcufinder\plugins\mcufinder
2023-09-21 20:33:33,606 [INFO] DbMcusAds:125 - Set database path to: C:\Users\User\.stmcufinder\plugins\mcufinder//mcu/
2023-09-21 20:33:33,606 [WARN] DbFile:41 - Overriding database path with different value: C:\Users\User\.stmcufinder\plugins\mcufinder/ => C:\Users\User\.stmcufinder\plugins\mcufinder
2023-09-21 20:33:33,606 [WARN] DbFile:41 - Overriding database path with different value: C:\Users\User\.stmcufinder\plugins\mcufinder/ => C:\Users\User\.stmcufinder\plugins\mcufinder
2023-09-21 20:33:33,606 [INFO] CrossReferenceDbSqlite:203 - Set database path to: C:\Users\User\.stmcufinder\plugins\mcufinder//mcu/cs/
2023-09-21 20:33:33,674 [INFO] MainPanel:262 - HeapMemory: 268435456
2023-09-21 20:33:33,757 [INFO] DbMcusXml:78 - Set database path to: C:\ST\STM32CubeIDE_1.13.0\STM32CubeIDE\plugins\com.st.stm32cube.common.mx_6.9.0.202307051724\\db\/mcu/
2023-09-21 20:33:33,757 [INFO] ApiDb:274 - Set plugin database path to: C:\ST\STM32CubeIDE_1.13.0\STM32CubeIDE\plugins\com.st.stm32cube.common.mx_6.9.0.202307051724\\db\/plugins/boardmanager/
2023-09-21 20:33:33,757 [INFO] ApiDb:261 - Set plugin images path to: C:\ST\STM32CubeIDE_1.13.0\STM32CubeIDE\plugins\com.st.stm32cube.common.mx_6.9.0.202307051724\\db\/plugins/mcufinder/images/
2023-09-21 20:33:33,758 [WARN] DbFile:41 - Overriding database path with different value: C:\Users\User\.stmcufinder\plugins\mcufinder/ => C:\Users\User\.stmcufinder\plugins\mcufinder
2023-09-21 20:33:33,758 [INFO] ApiDb:250 - Set database path to: C:\Users\User\.stmcufinder\plugins\mcufinder//mcu/
2023-09-21 20:33:33,758 [WARN] DbFile:41 - Overriding database path with different value: C:\Users\User\.stmcufinder\plugins\mcufinder/ => C:\Users\User\.stmcufinder\plugins\mcufinder
2023-09-21 20:33:33,758 [INFO] DbMcusAds:125 - Set database path to: C:\Users\User\.stmcufinder\plugins\mcufinder//mcu/
2023-09-21 20:33:33,758 [WARN] DbFile:41 - Overriding database path with different value: C:\Users\User\.stmcufinder\plugins\mcufinder/ => C:\Users\User\.stmcufinder\plugins\mcufinder
2023-09-21 20:33:33,758 [WARN] DbFile:41 - Overriding database path with different value: C:\Users\User\.stmcufinder\plugins\mcufinder/ => C:\Users\User\.stmcufinder\plugins\mcufinder
2023-09-21 20:33:33,758 [INFO] CrossReferenceDbSqlite:203 - Set database path to: C:\Users\User\.stmcufinder\plugins\mcufinder//mcu/cs/
2023-09-21 20:33:33,774 [INFO] ApplicationProperties:184 - Using Application install path: C:\ST\STM32CubeIDE_1.13.0\STM32CubeIDE\plugins\com.st.stm32cube.common.mx_6.9.0.202307051724
2023-09-21 20:33:33,775 [INFO] PluginManage:196 - Search for loadable plugins [exclusion list=, ]
2023-09-21 20:33:33,776 [INFO] PluginManage:310 - Check plugin analytics
2023-09-21 20:33:33,895 [INFO] AnalyticsPlugin:253 - Accepted Software Licenses: 
2023-09-21 20:33:33,895 [INFO] AnalyticsPlugin:255 - Accepted CMSIS Pack Licenses: 
2023-09-21 20:33:33,895 [INFO] AnalyticsPlugin:257 - Accepted Firmware Licenses: FW.F7.1.17.0
2023-09-21 20:33:33,897 [INFO] PluginManage:359 - Loaded plugin analytics (category:tool,tabindex:-1)
2023-09-21 20:33:33,897 [INFO] PluginManage:310 - Check plugin cadmodel
2023-09-21 20:33:33,909 [INFO] CADModel:105 - Init CAD model plugin
2023-09-21 20:33:33,909 [INFO] PluginManage:359 - Loaded plugin cadmodel (category:power,tabindex:5)
2023-09-21 20:33:33,909 [INFO] PluginManage:310 - Check plugin clock
2023-09-21 20:33:33,926 [INFO] PluginManage:359 - Loaded plugin clock (category:base,tabindex:2)
2023-09-21 20:33:33,926 [INFO] PluginManage:310 - Check plugin ddr
2023-09-21 20:33:33,928 [INFO] PluginManage:359 - Loaded plugin ddr (category:tool,tabindex:6)
2023-09-21 20:33:33,928 [INFO] PluginManage:310 - Check plugin filemanager
2023-09-21 20:33:34,056 [INFO] PluginManage:359 - Loaded plugin filemanager (category:base,tabindex:10)
2023-09-21 20:33:34,056 [INFO] PluginManage:310 - Check plugin ipmanager
2023-09-21 20:33:34,065 [INFO] PluginManage:359 - Loaded plugin ipmanager (category:base,tabindex:5)
2023-09-21 20:33:34,065 [INFO] PluginManage:310 - Check plugin lpbam
2023-09-21 20:33:34,083 [INFO] PluginManage:359 - Loaded plugin lpbam (category:base,tabindex:0)
2023-09-21 20:33:34,083 [INFO] PluginManage:310 - Check plugin memorymap
2023-09-21 20:33:34,104 [INFO] PluginManage:359 - Loaded plugin memorymap (category:base,tabindex:4)
2023-09-21 20:33:34,104 [INFO] PluginManage:310 - Check plugin pinoutandconfiguration
2023-09-21 20:33:34,118 [INFO] PluginManage:359 - Loaded plugin pinoutandconfiguration (category:base,tabindex:1)
2023-09-21 20:33:34,118 [INFO] PluginManage:310 - Check plugin pinoutconfig
2023-09-21 20:33:34,198 [WARN] SupportedApi:132 - Cannot load RTOS API schema: s4s-elt-must-match.1: The content of 'definitions' must match (annotation?, (simpleType | complexType)?, (unique | key | keyref)*)). A problem was found starting at: attribute.
2023-09-21 20:33:34,312 [INFO] PluginManage:359 - Loaded plugin pinoutconfig (category:base,tabindex:0)
2023-09-21 20:33:34,312 [INFO] PluginManage:310 - Check plugin power
2023-09-21 20:33:34,332 [INFO] PluginManage:359 - Loaded plugin power (category:power,tabindex:4)
2023-09-21 20:33:34,333 [INFO] PluginManage:310 - Check plugin projectmanager
2023-09-21 20:33:34,344 [INFO] PluginManage:359 - Loaded plugin projectmanager (category:projectmanager,tabindex:3)
2023-09-21 20:33:34,344 [INFO] PluginManage:310 - Check plugin thirdparty
2023-09-21 20:33:34,559 [INFO] PluginManage:359 - Loaded plugin thirdparty (category:base,tabindex:-1)
2023-09-21 20:33:34,559 [WARN] IntegrityCheckThread:84 - waiting for thirdparty lock release [integrity check]
2023-09-21 20:33:34,560 [INFO] PluginManage:310 - Check plugin tools
2023-09-21 20:33:34,560 [INFO] IntegrityCheckThread:86 - entering critical section [integrity check]
2023-09-21 20:33:34,560 [INFO] ThirdPartyUpdaterWithRetryManager:70 - Updater plugin not ready yet. [1/15]
2023-09-21 20:33:34,586 [INFO] PluginManage:359 - Loaded plugin tools (category:base,tabindex:7)
2023-09-21 20:33:34,586 [INFO] PluginManage:310 - Check plugin tutovideos
2023-09-21 20:33:34,770 [INFO] PluginManage:359 - Loaded plugin tutovideos (category:base,tabindex:-1)
2023-09-21 20:33:34,770 [INFO] PluginManage:310 - Check plugin updater
2023-09-21 20:33:34,781 [INFO] PluginManage:359 - Loaded plugin updater (category:base,tabindex:12)
2023-09-21 20:33:34,781 [INFO] PluginManage:310 - Check plugin userauth
2023-09-21 20:33:34,786 [INFO] UserAuth:113 - Init User Auth plugin
2023-09-21 20:33:34,786 [INFO] PluginManage:359 - Loaded plugin userauth (category:base,tabindex:14)
2023-09-21 20:33:34,786 [INFO] PluginManage:283 - PluginManage : Loaded plugins [17]
2023-09-21 20:33:34,996 [INFO] PinOutPanel:1499 - setPackage(No Configuration,No Configuration)
2023-09-21 20:33:35,095 [INFO] CADModel:165 - CPN selected for project level
2023-09-21 20:33:35,096 [INFO] CADModel:114 - Register for checkConnection events
2023-09-21 20:33:35,115 [INFO] IPUIPlugin:80 - create IPUIPlugin
2023-09-21 20:33:35,115 [INFO] PluginManager:220 - loadIPPluginJar : add adc
2023-09-21 20:33:35,139 [INFO] IPUIPlugin:80 - create IPUIPlugin
2023-09-21 20:33:35,139 [INFO] PluginManager:220 - loadIPPluginJar : add aes
2023-09-21 20:33:35,165 [INFO] IPUIPlugin:80 - create IPUIPlugin
2023-09-21 20:33:35,166 [INFO] PluginManager:220 - loadIPPluginJar : add can
2023-09-21 20:33:35,181 [INFO] IPUIPlugin:80 - create IPUIPlugin
2023-09-21 20:33:35,181 [INFO] PluginManager:220 - loadIPPluginJar : add comp
2023-09-21 20:33:35,203 [INFO] IPUIPlugin:80 - create IPUIPlugin
2023-09-21 20:33:35,204 [INFO] PluginManager:220 - loadIPPluginJar : add cryp
2023-09-21 20:33:35,224 [INFO] IPUIPlugin:80 - create IPUIPlugin
2023-09-21 20:33:35,224 [INFO] PluginManager:220 - loadIPPluginJar : add dfsdm
2023-09-21 20:33:35,241 [INFO] IPUIPlugin:80 - create IPUIPlugin
2023-09-21 20:33:35,242 [INFO] PluginManager:220 - loadIPPluginJar : add dma
2023-09-21 20:33:35,271 [INFO] IPUIPlugin:80 - create IPUIPlugin
2023-09-21 20:33:35,271 [INFO] PluginManager:220 - loadIPPluginJar : add dma3
2023-09-21 20:33:35,285 [INFO] IPUIPlugin:80 - create IPUIPlugin
2023-09-21 20:33:35,285 [INFO] PluginManager:220 - loadIPPluginJar : add fatfs
2023-09-21 20:33:35,318 [INFO] IPUIPlugin:80 - create IPUIPlugin
2023-09-21 20:33:35,318 [INFO] PluginManager:220 - loadIPPluginJar : add fmc
2023-09-21 20:33:35,329 [INFO] IPUIPlugin:80 - create IPUIPlugin
2023-09-21 20:33:35,329 [INFO] PluginManager:220 - loadIPPluginJar : add freertos
2023-09-21 20:33:35,342 [INFO] IPUIPlugin:80 - create IPUIPlugin
2023-09-21 20:33:35,343 [INFO] PluginManager:220 - loadIPPluginJar : add genericplugin
2023-09-21 20:33:35,402 [INFO] IPUIPlugin:80 - create IPUIPlugin
2023-09-21 20:33:35,402 [INFO] PluginManager:220 - loadIPPluginJar : add gfxmmu
2023-09-21 20:33:35,488 [INFO] IPUIPlugin:80 - create IPUIPlugin
2023-09-21 20:33:35,489 [INFO] PluginManager:220 - loadIPPluginJar : add gic
2023-09-21 20:33:35,499 [INFO] IPUIPlugin:80 - create IPUIPlugin
2023-09-21 20:33:35,500 [INFO] PluginManager:220 - loadIPPluginJar : add gpio
2023-09-21 20:33:35,556 [INFO] IPUIPlugin:80 - create IPUIPlugin
2023-09-21 20:33:35,556 [INFO] PluginManager:220 - loadIPPluginJar : add gtzc
2023-09-21 20:33:35,577 [INFO] IPUIPlugin:80 - create IPUIPlugin
2023-09-21 20:33:35,577 [INFO] PluginManager:220 - loadIPPluginJar : add hash
2023-09-21 20:33:35,610 [INFO] IPUIPlugin:80 - create IPUIPlugin
2023-09-21 20:33:35,610 [INFO] PluginManager:220 - loadIPPluginJar : add i2c
2023-09-21 20:33:35,647 [INFO] IPUIPlugin:80 - create IPUIPlugin
2023-09-21 20:33:35,647 [INFO] PluginManager:220 - loadIPPluginJar : add i2s
2023-09-21 20:33:35,672 [INFO] IPUIPlugin:80 - create IPUIPlugin
2023-09-21 20:33:35,672 [INFO] PluginManager:220 - loadIPPluginJar : add i3c
2023-09-21 20:33:35,737 [INFO] IPUIPlugin:80 - create IPUIPlugin
2023-09-21 20:33:35,737 [INFO] PluginManager:220 - loadIPPluginJar : add ipddr
2023-09-21 20:33:35,804 [INFO] IPUIPlugin:80 - create IPUIPlugin
2023-09-21 20:33:35,804 [INFO] PluginManager:220 - loadIPPluginJar : add linkedlist
2023-09-21 20:33:35,829 [INFO] IPUIPlugin:80 - create IPUIPlugin
2023-09-21 20:33:35,829 [INFO] PluginManager:220 - loadIPPluginJar : add lorawan
2023-09-21 20:33:35,854 [INFO] IPUIPlugin:80 - create IPUIPlugin
2023-09-21 20:33:35,854 [INFO] PluginManager:220 - loadIPPluginJar : add ltdc
2023-09-21 20:33:35,867 [INFO] IPUIPlugin:80 - create IPUIPlugin
2023-09-21 20:33:35,867 [INFO] PluginManager:220 - loadIPPluginJar : add mdma
2023-09-21 20:33:35,876 [INFO] IPUIPlugin:80 - create IPUIPlugin
2023-09-21 20:33:35,877 [INFO] PluginManager:220 - loadIPPluginJar : add nvic
2023-09-21 20:33:35,902 [INFO] IPUIPlugin:80 - create IPUIPlugin
2023-09-21 20:33:35,902 [INFO] PluginManager:220 - loadIPPluginJar : add opamp
2023-09-21 20:33:35,945 [INFO] IPUIPlugin:80 - create IPUIPlugin
2023-09-21 20:33:35,945 [INFO] PluginManager:220 - loadIPPluginJar : add openamp
2023-09-21 20:33:35,978 [INFO] IPUIPlugin:80 - create IPUIPlugin
2023-09-21 20:33:35,979 [INFO] PluginManager:220 - loadIPPluginJar : add pdm2pcm
2023-09-21 20:33:35,990 [INFO] IPUIPlugin:80 - create IPUIPlugin
2023-09-21 20:33:35,991 [INFO] PluginManager:220 - loadIPPluginJar : add plateformsettings
2023-09-21 20:33:36,007 [INFO] IPUIPlugin:80 - create IPUIPlugin
2023-09-21 20:33:36,007 [INFO] PluginManager:220 - loadIPPluginJar : add quadspi
2023-09-21 20:33:36,017 [INFO] IPUIPlugin:80 - create IPUIPlugin
2023-09-21 20:33:36,018 [INFO] PluginManager:220 - loadIPPluginJar : add resmgrutility
2023-09-21 20:33:36,054 [INFO] IPUIPlugin:80 - create IPUIPlugin
2023-09-21 20:33:36,054 [INFO] PluginManager:220 - loadIPPluginJar : add sai
2023-09-21 20:33:36,082 [INFO] IPUIPlugin:80 - create IPUIPlugin
2023-09-21 20:33:36,083 [INFO] PluginManager:220 - loadIPPluginJar : add spi
2023-09-21 20:33:36,122 [INFO] IPUIPlugin:80 - create IPUIPlugin
2023-09-21 20:33:36,122 [INFO] PluginManager:220 - loadIPPluginJar : add stm32_wpan
2023-09-21 20:33:36,138 [INFO] IPUIPlugin:80 - create IPUIPlugin
2023-09-21 20:33:36,138 [INFO] PluginManager:220 - loadIPPluginJar : add tim
2023-09-21 20:33:36,174 [INFO] IPUIPlugin:80 - create IPUIPlugin
2023-09-21 20:33:36,174 [INFO] PluginManager:220 - loadIPPluginJar : add touchsensing
2023-09-21 20:33:36,191 [INFO] IPUIPlugin:80 - create IPUIPlugin
2023-09-21 20:33:36,191 [INFO] PluginManager:220 - loadIPPluginJar : add tracer_emb
2023-09-21 20:33:36,208 [INFO] IPUIPlugin:80 - create IPUIPlugin
2023-09-21 20:33:36,208 [INFO] PluginManager:220 - loadIPPluginJar : add ts
2023-09-21 20:33:36,223 [INFO] IPUIPlugin:80 - create IPUIPlugin
2023-09-21 20:33:36,223 [INFO] PluginManager:220 - loadIPPluginJar : add tsc
2023-09-21 20:33:36,241 [INFO] IPUIPlugin:80 - create IPUIPlugin
2023-09-21 20:33:36,241 [INFO] PluginManager:220 - loadIPPluginJar : add ucpd
2023-09-21 20:33:36,269 [INFO] IPUIPlugin:80 - create IPUIPlugin
2023-09-21 20:33:36,269 [INFO] PluginManager:220 - loadIPPluginJar : add usart
2023-09-21 20:33:36,298 [INFO] IPUIPlugin:80 - create IPUIPlugin
2023-09-21 20:33:36,298 [INFO] PluginManager:220 - loadIPPluginJar : add usbx
2023-09-21 20:33:36,410 [INFO] CADModel:165 - CPN selected for project level
2023-09-21 20:33:36,411 [INFO] CADModel:114 - Register for checkConnection events
2023-09-21 20:33:36,411 [FATAL] Updater:308 - Updater called before beeing initialized
2023-09-21 20:33:36,411 [ERROR] CADModel:125 - Updater not yet initialized, retry later 
2023-09-21 20:33:36,526 [INFO] CADModel:165 - CPN selected for project level
2023-09-21 20:33:36,526 [INFO] CADModel:114 - Register for checkConnection events
2023-09-21 20:33:36,526 [FATAL] Updater:308 - Updater called before beeing initialized
2023-09-21 20:33:36,526 [ERROR] CADModel:125 - Updater not yet initialized, retry later 
2023-09-21 20:33:36,529 [FATAL] Updater:308 - Updater called before beeing initialized
2023-09-21 20:33:36,614 [FATAL] Updater:308 - Updater called before beeing initialized
2023-09-21 20:33:36,625 [INFO] DbMcusAds:53 - JSON generation date=Tue Mar 07 15:50:55 ICT 2023 (1678179055114)
2023-09-21 20:33:36,626 [FATAL] Updater:308 - Updater called before beeing initialized
2023-09-21 20:33:36,655 [WARN] DetailPanel:346 - Failed to get advertising image, set to default
2023-09-21 20:33:36,720 [FATAL] Updater:308 - Updater called before beeing initialized
2023-09-21 20:33:36,722 [FATAL] Updater:308 - Updater called before beeing initialized
2023-09-21 20:33:36,722 [FATAL] Updater:308 - Updater called before beeing initialized
2023-09-21 20:33:36,722 [WARN] DetailPanel:346 - Failed to get advertising image, set to default
2023-09-21 20:33:36,723 [FATAL] Updater:308 - Updater called before beeing initialized
2023-09-21 20:33:36,764 [ERROR] Updater:1120 - MainUpdater not yet initialized. External WinMGr cannot be set.
2023-09-21 20:33:36,771 [INFO] Updater:1056 - Updater Version found : 6.9.0
2023-09-21 20:33:36,786 [INFO] ApplicationProperties:184 - Using Application install path: C:\ST\STM32CubeIDE_1.13.0\STM32CubeIDE\plugins\com.st.stm32cube.common.mx_6.9.0.202307051724
2023-09-21 20:33:37,561 [INFO] ThirdPartyUpdaterWithRetryManager:70 - Updater plugin not ready yet. [2/15]
2023-09-21 20:33:37,737 [INFO] MainUpdater:2868 - connection check result : 10
2023-09-21 20:33:37,738 [INFO] MainUpdater:285 - Updater Check For Update Now.
2023-09-21 20:33:37,738 [INFO] MicroXplorer:498 - Change Database Version : DB.6.0.90
2023-09-21 20:33:37,750 [INFO] McuFinderGlobals:63 - Set McuFinder mode to 2 (CubeIDE integrated)
2023-09-21 20:33:37,903 [INFO] CheckServerUpdateThread:120 - End of CheckServer Thread
2023-09-21 20:33:40,701 [WARN] PackLoader:240 - Cannot read IP mode file for STMicroelectronics.X-CUBE-SMBUS.2.1.0
2023-09-21 20:33:40,730 [WARN] PackLoader:240 - Cannot read IP mode file for STMicroelectronics.X-CUBE-AZRTOS-F7.1.1.0
2023-09-21 20:33:40,751 [WARN] PackLoader:240 - Cannot read IP mode file for STMicroelectronics.FP-SNS-MOTENV1.4.3.2
2023-09-21 20:33:40,761 [WARN] PackLoader:240 - Cannot read IP mode file for STMicroelectronics.FP-SNS-FLIGHT1.5.0.1
2023-09-21 20:33:40,774 [WARN] PackLoader:240 - Cannot read IP mode file for STMicroelectronics.X-CUBE-BLE1.6.2.4
2023-09-21 20:33:40,782 [WARN] PackLoader:240 - Cannot read IP mode file for STMicroelectronics.FP-SNS-FLIGHT1.5.0.2
2023-09-21 20:33:40,794 [WARN] PackLoader:240 - Cannot read IP mode file for STMicroelectronics.X-CUBE-DISPLAY.3.0.0
2023-09-21 20:33:40,805 [WARN] PackLoader:240 - Cannot read IP mode file for STMicroelectronics.X-CUBE-BLE1.7.0.0
2023-09-21 20:33:40,814 [WARN] PackLoader:240 - Cannot read IP mode file for emotas.I-CUBE-CANOPEN.1.3.0
2023-09-21 20:33:40,824 [WARN] PackLoader:240 - Cannot read IP mode file for STMicroelectronics.X-CUBE-TOUCHGFX.4.22.0
2023-09-21 20:33:40,833 [WARN] PackLoader:240 - Cannot read IP mode file for STMicroelectronics.FP-SNS-SMARTAG2.1.2.0
2023-09-21 20:33:40,848 [INFO] LogOutputStream:77 - [STDOUT_REDIRECT] 1 : Invalid condition id : UX_CORESTACK_Condition cause : null
2023-09-21 20:33:40,848 [INFO] LogOutputStream:77 - [STDOUT_REDIRECT] 1 : Invalid condition id : UX_CORESTACK_Condition cause : null
2023-09-21 20:33:40,849 [INFO] LogOutputStream:77 - [STDOUT_REDIRECT] 1 : Invalid condition id : UX_CORESTACK_Condition cause : null
2023-09-21 20:33:40,849 [INFO] LogOutputStream:77 - [STDOUT_REDIRECT] 1 : Invalid condition id : UX_CORESTACK_Condition cause : null
2023-09-21 20:33:40,849 [INFO] LogOutputStream:77 - [STDOUT_REDIRECT] 1 : Invalid condition id : UX_CORESTACK_Condition cause : null
2023-09-21 20:33:40,852 [WARN] PackLoader:240 - Cannot read IP mode file for STMicroelectronics.X-CUBE-AZRTOS-WL.2.0.0
2023-09-21 20:33:40,863 [WARN] PackLoader:240 - Cannot read IP mode file for WES.I-CUBE-Cesium.1.3.0
2023-09-21 20:33:40,871 [WARN] PackLoader:240 - Cannot read IP mode file for STMicroelectronics.X-CUBE-BLE2.3.3.0
2023-09-21 20:33:40,880 [WARN] PackLoader:240 - Cannot read IP mode file for STMicroelectronics.X-CUBE-ALGOBUILD.1.3.0
2023-09-21 20:33:40,900 [WARN] PackLoader:240 - Cannot read IP mode file for STMicroelectronics.X-CUBE-AZRTOS-G0.1.1.0
2023-09-21 20:33:40,911 [WARN] PackLoader:240 - Cannot read IP mode file for STMicroelectronics.X-CUBE-NFC4.3.0.0
2023-09-21 20:33:40,920 [WARN] PackLoader:240 - Cannot read IP mode file for STMicroelectronics.FP-ATR-SIGFOX1.3.2.0
2023-09-21 20:33:40,944 [WARN] PackLoader:240 - Cannot read IP mode file for SEGGER.I-CUBE-embOS.1.3.1
2023-09-21 20:33:40,970 [WARN] PackLoader:240 - Cannot read IP mode file for STMicroelectronics.X-CUBE-GNSS1.6.0.0
2023-09-21 20:33:40,988 [WARN] PackLoader:240 - Cannot read IP mode file for STMicroelectronics.X-CUBE-AZRTOS-F4.1.1.0
2023-09-21 20:33:41,004 [WARN] PackLoader:240 - Cannot read IP mode file for wolfSSL.I-CUBE-wolfSSL.5.6.3
2023-09-21 20:33:41,034 [WARN] PackLoader:240 - Cannot read IP mode file for STMicroelectronics.X-CUBE-AZRTOS-L5.2.0.0
2023-09-21 20:33:41,092 [WARN] PackLoader:240 - Cannot read IP mode file for STMicroelectronics.X-CUBE-MEMS1.9.6.0
2023-09-21 20:33:41,183 [WARN] PackLoader:240 - Cannot read IP mode file for STMicroelectronics.X-CUBE-BLEMGR.2.0.0
2023-09-21 20:33:41,202 [WARN] ConditionMgr:438 - getConditionDescription Invalid condition id : UX DEVICE CLASS RTOS Condition cause : null
2023-09-21 20:33:41,202 [WARN] ConditionMgr:438 - getConditionDescription Invalid condition id : UX DEVICE CLASS RTOS Condition cause : null
2023-09-21 20:33:41,203 [WARN] PackLoader:240 - Cannot read IP mode file for STMicroelectronics.X-CUBE-AZRTOS-H7.3.1.0
2023-09-21 20:33:41,204 [WARN] ConditionMgr:1039 - genDependencies : Invalid condition id : UX DEVICE CLASS RTOS Condition cause : null
2023-09-21 20:33:41,204 [WARN] ConditionMgr:1039 - genDependencies : Invalid condition id : UX DEVICE CLASS RTOS Condition cause : null
2023-09-21 20:33:41,205 [WARN] ConditionMgr:1039 - genDependencies : Invalid condition id : UX DEVICE CLASS RTOS Condition cause : null
2023-09-21 20:33:41,205 [WARN] ConditionMgr:1039 - genDependencies : Invalid condition id : UX DEVICE CLASS RTOS Condition cause : null
2023-09-21 20:33:41,205 [WARN] ConditionMgr:1039 - genDependencies : Invalid condition id : UX DEVICE CLASS RTOS Condition cause : null
2023-09-21 20:33:41,214 [WARN] PackLoader:240 - Cannot read IP mode file for STMicroelectronics.X-CUBE-NFC7.1.0.1
2023-09-21 20:33:41,225 [WARN] PackLoader:240 - Cannot read IP mode file for STMicroelectronics.X-CUBE-NFC6.3.0.0
2023-09-21 20:33:41,235 [WARN] PackLoader:240 - Cannot read IP mode file for STMicroelectronics.X-CUBE-EEPRMA1.4.1.0
2023-09-21 20:33:41,244 [WARN] PackLoader:240 - Cannot read IP mode file for STMicroelectronics.X-CUBE-AI.8.1.0
2023-09-21 20:33:41,263 [WARN] ConditionMgr:438 - getConditionDescription Invalid condition id : LAN8742 Phy interface Condition cause : null
2023-09-21 20:33:41,263 [WARN] PackLoader:240 - Cannot read IP mode file for STMicroelectronics.X-CUBE-AZRTOS-L4.2.0.0
2023-09-21 20:33:41,264 [WARN] ConditionMgr:1039 - genDependencies : Invalid condition id : LAN8742 Phy interface Condition cause : null
2023-09-21 20:33:41,264 [WARN] ConditionMgr:1039 - genDependencies : Invalid condition id : LAN8742 Phy interface Condition cause : null
2023-09-21 20:33:41,265 [WARN] ConditionMgr:1039 - genDependencies : Invalid condition id : LAN8742 Phy interface Condition cause : null
2023-09-21 20:33:41,275 [WARN] PackLoader:240 - Cannot read IP mode file for STMicroelectronics.X-CUBE-SFXS2LP1.4.0.0
2023-09-21 20:33:41,284 [WARN] PackLoader:240 - Cannot read IP mode file for STMicroelectronics.X-CUBE-ISPU.1.1.0
2023-09-21 20:33:41,301 [WARN] ConditionMgr:438 - getConditionDescription Invalid condition id : UX DEVICE CLASS RTOS Condition cause : null
2023-09-21 20:33:41,301 [WARN] ConditionMgr:438 - getConditionDescription Invalid condition id : UX DEVICE CLASS RTOS Condition cause : null
2023-09-21 20:33:41,302 [WARN] PackLoader:240 - Cannot read IP mode file for STMicroelectronics.X-CUBE-AZRTOS-WB.2.0.0
2023-09-21 20:33:41,302 [WARN] ConditionMgr:1039 - genDependencies : Invalid condition id : UX DEVICE CLASS RTOS Condition cause : null
2023-09-21 20:33:41,302 [WARN] ConditionMgr:1039 - genDependencies : Invalid condition id : UX DEVICE CLASS RTOS Condition cause : null
2023-09-21 20:33:41,302 [WARN] ConditionMgr:1039 - genDependencies : Invalid condition id : UX DEVICE CLASS RTOS Condition cause : null
2023-09-21 20:33:41,302 [WARN] ConditionMgr:1039 - genDependencies : Invalid condition id : UX DEVICE CLASS RTOS Condition cause : null
2023-09-21 20:33:41,302 [WARN] ConditionMgr:1039 - genDependencies : Invalid condition id : UX DEVICE CLASS RTOS Condition cause : null
2023-09-21 20:33:41,311 [WARN] PackLoader:240 - Cannot read IP mode file for STMicroelectronics.X-CUBE-FREERTOS.1.0.1
2023-09-21 20:33:41,327 [WARN] PackLoader:240 - Cannot read IP mode file for STMicroelectronics.X-CUBE-AZRTOS-L5.1.1.0
2023-09-21 20:33:41,336 [WARN] PackLoader:240 - Cannot read IP mode file for STMicroelectronics.X-CUBE-AI.8.0.1
2023-09-21 20:33:41,347 [WARN] PackLoader:240 - Cannot read IP mode file for STMicroelectronics.X-CUBE-SUBG2.5.0.0
2023-09-21 20:33:41,365 [WARN] PackLoader:240 - Cannot read IP mode file for STMicroelectronics.X-CUBE-TOF1.3.3.1
2023-09-21 20:33:41,410 [WARN] PackLoader:240 - Cannot read IP mode file for STMicroelectronics.X-CUBE-AZRTOS-G4.2.0.0
2023-09-21 20:33:41,429 [WARN] PackLoader:240 - Cannot read IP mode file for STMicroelectronics.X-CUBE-TOF1.3.3.0
2023-09-21 20:33:41,441 [WARN] PackLoader:240 - Cannot read IP mode file for STMicroelectronics.X-CUBE-FREERTOS.1.1.0
2023-09-21 20:33:41,451 [WARN] PackLoader:240 - Cannot read IP mode file for portGmbH.I-Cube-SoM-uGOAL.1.1.0
2023-09-21 20:33:41,461 [WARN] PackLoader:240 - Cannot read IP mode file for STMicroelectronics.X-CUBE-ALS.1.0.1
2023-09-21 20:33:41,475 [WARN] PackLoader:240 - Cannot read IP mode file for STMicroelectronics.X-CUBE-AZRTOS-WB.1.1.0
2023-09-21 20:33:41,484 [WARN] PackLoader:240 - Cannot read IP mode file for STMicroelectronics.FP-ATR-ASTRA1.2.0.0
2023-09-21 20:33:41,484 [INFO] ThirdParty:978 - Integrity check success = true
2023-09-21 20:33:41,485 [INFO] IntegrityCheckThread:100 - exiting critical section [integrity check]
2023-09-21 20:33:41,485 [INFO] IntegrityCheckThread:103 - End integrity checks thread
2023-09-21 20:33:58,589 [ERROR] LogOutputStream:75 - [STDERR_REDIRECT] SLF4J: Failed to load class "org.slf4j.impl.StaticLoggerBinder".
2023-09-21 20:33:58,589 [ERROR] LogOutputStream:75 - [STDERR_REDIRECT] SLF4J: Defaulting to no-operation (NOP) logger implementation
2023-09-21 20:33:58,590 [ERROR] LogOutputStream:75 - [STDERR_REDIRECT] SLF4J: See http://www.slf4j.org/codes.html#StaticLoggerBinder for further details.
2023-09-21 20:34:40,773 [INFO] McuFinderGlobals:63 - Set McuFinder mode to 2 (CubeIDE integrated)
2023-09-21 20:34:40,794 [INFO] MainUpdater:2868 - connection check result : 10
2023-09-21 20:34:40,800 [INFO] MainUpdater:2868 - connection check result : 10
2023-09-21 20:34:40,913 [INFO] MicroXplorer:468 - Change Database Path : 
2023-09-21 20:34:40,914 [INFO] MicroXplorer:498 - Change Database Version : DB.6.0.90
2023-09-21 20:34:40,916 [WARN] ThirdParty:871 - waiting for thirdparty lock release [close project]
2023-09-21 20:34:40,916 [INFO] ThirdParty:873 - entering critical section [close project]
2023-09-21 20:34:40,917 [INFO] ThirdParty:883 - exiting critical section [close project]
2023-09-21 20:34:40,918 [INFO] PinOutPanel:1499 - setPackage(No Configuration,No Configuration)
2023-09-21 20:34:40,922 [INFO] UtilMem:75 - Begin LoadConfig() Used Memory: 250815240 Bytes (318767104)
2023-09-21 20:34:40,923 [INFO] MicroXplorer:468 - Change Database Path : 
2023-09-21 20:34:40,923 [INFO] MicroXplorer:498 - Change Database Version : DB.6.0.90
2023-09-21 20:34:40,923 [INFO] OpenFileManager:308 - Change cursor
2023-09-21 20:34:40,952 [INFO] Mcu:1946 - Initializing MCU STM32F767ZITx STM32F767ZITx STM32F767ZIT6
2023-09-21 20:34:43,142 [INFO] Context:659 - Trying to add GPIOservice into a context  which must be forbidden
2023-09-21 20:34:43,662 [INFO] RtosManager:555 - Registered RTOS mode: class=CMSIS, group=RTOS, mode=CMSIS_V1, owner=FREERTOS
2023-09-21 20:34:43,662 [INFO] RtosManager:555 - Registered RTOS mode: class=CMSIS, group=RTOS2, mode=CMSIS_V2, owner=FREERTOS
2023-09-21 20:34:43,662 [INFO] RtosManager:555 - Registered RTOS mode: class=RTOS, group=Core, mode=CMSIS_V1, owner=FREERTOS
2023-09-21 20:34:43,662 [INFO] RtosManager:555 - Registered RTOS mode: class=RTOS, group=Core, mode=CMSIS_V2, owner=FREERTOS
2023-09-21 20:34:43,662 [WARN] ModelIntegratedComponent:184 - Missing modes for component STMicroelectronics:FreeRTOS:0.0.1:STMicroelectronics:RTOS:FreeRTOS:Core:::10.2.0:
2023-09-21 20:34:43,671 [WARN] ModelIntegratedComponent:63 - No mode defined for component null
2023-09-21 20:34:43,671 [WARN] ModelIntegratedComponent:63 - No mode defined for component null
2023-09-21 20:34:43,671 [WARN] ModelIntegratedComponent:63 - No mode defined for component null
2023-09-21 20:34:43,671 [WARN] ModelIntegratedComponent:63 - No mode defined for component null
2023-09-21 20:34:43,671 [WARN] ModelIntegratedComponent:63 - No mode defined for component null
2023-09-21 20:34:43,671 [WARN] ModelIntegratedComponent:63 - No mode defined for component null
2023-09-21 20:34:43,671 [WARN] ModelIntegratedComponent:63 - No mode defined for component null
2023-09-21 20:34:43,671 [WARN] ModelIntegratedComponent:63 - No mode defined for component null
2023-09-21 20:34:43,671 [WARN] ModelIntegratedComponent:63 - No mode defined for component null
2023-09-21 20:34:43,671 [WARN] ModelIntegratedComponent:63 - No mode defined for component null
2023-09-21 20:34:43,671 [WARN] ModelIntegratedComponent:63 - No mode defined for component null
2023-09-21 20:34:43,671 [WARN] ModelIntegratedComponent:63 - No mode defined for component null
2023-09-21 20:34:43,671 [WARN] ModelIntegratedComponent:63 - No mode defined for component null
2023-09-21 20:34:43,671 [WARN] ModelIntegratedComponent:63 - No mode defined for component null
2023-09-21 20:34:43,671 [WARN] ModelIntegratedComponent:63 - No mode defined for component null
2023-09-21 20:34:43,671 [WARN] ModelIntegratedComponent:63 - No mode defined for component null
2023-09-21 20:34:43,671 [WARN] ModelIntegratedComponent:63 - No mode defined for component null
2023-09-21 20:34:43,671 [WARN] ModelIntegratedComponent:63 - No mode defined for component null
2023-09-21 20:34:43,671 [WARN] ModelIntegratedComponent:63 - No mode defined for component null
2023-09-21 20:34:43,671 [WARN] ModelIntegratedComponent:63 - No mode defined for component null
2023-09-21 20:34:43,671 [WARN] ModelIntegratedComponent:63 - No mode defined for component null
2023-09-21 20:34:43,671 [WARN] ModelIntegratedComponent:63 - No mode defined for component null
2023-09-21 20:34:43,671 [WARN] ModelIntegratedComponent:63 - No mode defined for component null
2023-09-21 20:34:43,671 [WARN] ModelIntegratedComponent:63 - No mode defined for component null
2023-09-21 20:34:43,671 [WARN] ModelIntegratedComponent:63 - No mode defined for component null
2023-09-21 20:34:43,671 [WARN] ModelIntegratedComponent:63 - No mode defined for component null
2023-09-21 20:34:43,671 [WARN] ModelIntegratedComponent:63 - No mode defined for component null
2023-09-21 20:34:43,671 [WARN] ModelIntegratedComponent:63 - No mode defined for component null
2023-09-21 20:34:43,671 [WARN] ModelIntegratedComponent:63 - No mode defined for component null
2023-09-21 20:34:43,671 [WARN] ModelIntegratedComponent:63 - No mode defined for component null
2023-09-21 20:34:43,671 [WARN] ModelIntegratedComponent:63 - No mode defined for component null
2023-09-21 20:34:43,671 [WARN] ModelIntegratedComponent:63 - No mode defined for component null
2023-09-21 20:34:43,671 [WARN] ModelIntegratedComponent:63 - No mode defined for component null
2023-09-21 20:34:43,687 [INFO] ThirdPartyModel:298 - Start build external matchings
2023-09-21 20:34:43,886 [INFO] ThirdPartyModel:316 - End build external matchings
2023-09-21 20:34:43,893 [INFO] ImportTextPane:194 - (OptionalMessage_ERROR) IP (ETH) : Invalid parameter (PHY_Name)
2023-09-21 20:34:43,893 [INFO] ImportTextPane:194 - (OptionalMessage_ERROR) IP (ETH) : Invalid parameter (PHY_Value)
2023-09-21 20:34:43,893 [INFO] ImportTextPane:194 - (OptionalMessage_ERROR) IP (ETH) : Invalid parameter (PhyAddress)
2023-09-21 20:34:43,894 [INFO] ImportTextPane:194 - (OptionalMessage_ERROR) IP (RCC) : Invalid parameter (48MHZClocksFreq_Value)
2023-09-21 20:34:43,894 [INFO] ImportTextPane:194 - (OptionalMessage_ERROR) IP (RCC) : Invalid parameter (ADC12outputFreq_Value)
2023-09-21 20:34:43,894 [INFO] ImportTextPane:194 - (OptionalMessage_ERROR) IP (RCC) : Invalid parameter (ADC34outputFreq_Value)
2023-09-21 20:34:43,895 [INFO] ImportTextPane:194 - (OptionalMessage_ERROR) IP (RCC) : Invalid parameter (FamilyName)
2023-09-21 20:34:43,895 [INFO] ImportTextPane:194 - (OptionalMessage_ERROR) IP (RCC) : Invalid parameter (I2SClocksFreq_Value)
2023-09-21 20:34:43,895 [INFO] ImportTextPane:194 - (OptionalMessage_ERROR) IP (RCC) : Invalid parameter (LCDTFToutputFreq_Value)
2023-09-21 20:34:43,895 [INFO] ImportTextPane:194 - (OptionalMessage_ERROR) IP (RCC) : Invalid parameter (MCOFreq_Value)
2023-09-21 20:34:43,895 [INFO] ImportTextPane:194 - (OptionalMessage_ERROR) IP (RCC) : Invalid parameter (PLLMCOFreq_Value)
2023-09-21 20:34:43,895 [INFO] ImportTextPane:194 - (OptionalMessage_ERROR) IP (RCC) : Invalid parameter (PLLMUL)
2023-09-21 20:34:43,896 [INFO] ImportTextPane:194 - (OptionalMessage_ERROR) IP (RCC) : Invalid parameter (PRESCALERUSB)
2023-09-21 20:34:43,896 [INFO] ImportTextPane:194 - (OptionalMessage_ERROR) IP (RCC) : Invalid parameter (RTCHSEDivFreq_Value)
2023-09-21 20:34:43,897 [INFO] ImportTextPane:194 - (OptionalMessage_ERROR) IP (RCC) : Parameter (SDMMC2Freq_Value) has invalid value (96000000)
2023-09-21 20:34:43,897 [INFO] ImportTextPane:194 - (OptionalMessage_ERROR) IP (RCC) : Parameter (SDMMCFreq_Value) has invalid value (96000000)
2023-09-21 20:34:43,897 [INFO] ImportTextPane:194 - (OptionalMessage_ERROR) IP (RCC) : Invalid parameter (SYSCLKSourceVirtual)
2023-09-21 20:34:43,897 [INFO] ImportTextPane:194 - (OptionalMessage_ERROR) IP (RCC) : Invalid parameter (TIM15Freq_Value)
2023-09-21 20:34:43,897 [INFO] ImportTextPane:194 - (OptionalMessage_ERROR) IP (RCC) : Invalid parameter (TIM16Freq_Value)
2023-09-21 20:34:43,897 [INFO] ImportTextPane:194 - (OptionalMessage_ERROR) IP (RCC) : Invalid parameter (TIM17Freq_Value)
2023-09-21 20:34:43,897 [INFO] ImportTextPane:194 - (OptionalMessage_ERROR) IP (RCC) : Invalid parameter (TIM1Freq_Value)
2023-09-21 20:34:43,897 [INFO] ImportTextPane:194 - (OptionalMessage_ERROR) IP (RCC) : Invalid parameter (TIM20Freq_Value)
2023-09-21 20:34:43,898 [INFO] ImportTextPane:194 - (OptionalMessage_ERROR) IP (RCC) : Invalid parameter (TIM2Freq_Value)
2023-09-21 20:34:43,898 [INFO] ImportTextPane:194 - (OptionalMessage_ERROR) IP (RCC) : Invalid parameter (TIM3Freq_Value)
2023-09-21 20:34:43,898 [INFO] ImportTextPane:194 - (OptionalMessage_ERROR) IP (RCC) : Invalid parameter (TIM8Freq_Value)
2023-09-21 20:34:43,899 [INFO] ImportTextPane:194 - (OptionalMessage_ERROR) IP (RCC) : Invalid parameter (VCOOutput2Freq_Value)
2023-09-21 20:34:43,899 [INFO] ImportTextPane:194 - (OptionalMessage_ERROR) IP (RCC) : Invalid parameter (VcooutputI2S)
2023-09-21 20:34:44,337 [INFO] UtilMem:75 - End LoadConfig() Used Memory: 449792224 Bytes (521142272)
2023-09-21 20:34:44,529 [INFO] ApiDb:581 - Connected to CubeFinder SQLite database (C:\Users\User\.stmcufinder\plugins\mcufinder\mcu\cube-finder-db.db)
2023-09-21 20:34:44,604 [INFO] ApiDb:668 - CubeFinder database Data Model version=2.1
2023-09-21 20:34:44,604 [INFO] ApiDb:669 - CubeFinder database Configuration version=3.0.37
2023-09-21 20:34:44,605 [INFO] ApiDb:670 - CubeFinder database generation date=2023-08-31 (1693470701)
2023-09-21 20:34:44,605 [INFO] ApiDb:671 - CubeFinder database FW Pack versions=[FP-ATR-ASTRA1_V2.0.0, FP-SNS-FLIGHT1_V5.0.1, FP-SNS-FLIGHT1_V5.0.2, FP-SNS-MOTENV1_V4.3.1, FP-SNS-MOTENV1_V4.3.2, STM32Cube_FW_C0_V1.1.0, STM32Cube_FW_F4_V1.27.1, STM32Cube_FW_F7_V1.17.0, STM32Cube_FW_G0_V1.6.1, STM32Cube_FW_G4_V1.5.1, STM32Cube_FW_H5_V0.5.1, STM32Cube_FW_H5_V1.1.1, STM32Cube_FW_H7_V1.11.0, STM32Cube_FW_L0_V1.12.2, STM32Cube_FW_L5_V1.5.0, STM32Cube_FW_U5_V1.3.0, STM32Cube_FW_U5_V1.3.0RC4, STM32Cube_FW_WBA_V1.0.0RC1, STM32Cube_FW_WBA_V1.1.0, STM32Cube_FW_WBA_V1.1.0RC1, STM32Cube_FW_WB_V1.15.0RC1, STM32Cube_FW_WB_V1.16.0, STM32Cube_FW_WB_V1.16.0RC2, STM32Cube_FW_WB_V1.17.0, STM32Cube_FW_WB_V1.17.2, STM32Cube_FW_WL_V1.3.0, X-CUBE-ALGOBUILD_V1.3.0, X-CUBE-ALS_V1.0.1, X-CUBE-AZRTOS-F4_V1.1.0, X-CUBE-AZRTOS-F7_V1.1.0, X-CUBE-AZRTOS-G0_V1.1.0, X-CUBE-AZRTOS-G4_V2.0.0, X-CUBE-AZRTOS-H7_V3.1.0, X-CUBE-AZRTOS-L4_V1.0.0, X-CUBE-AZRTOS-L4_V2.0.0, X-CUBE-AZRTOS-L5_V1.1.0, X-CUBE-AZRTOS-WB_V2.0.0, X-CUBE-AZRTOS-WL_V2.0.0, X-CUBE-BLE1_V7.0.0, X-CUBE-BLE2_V3.3.0, X-CUBE-BLEMGR_V2.0.0, X-CUBE-EEPRMA1_V4.1.0, X-CUBE-FREERTOS_V1.1.0, X-CUBE-GNSS1_V6.0.0, X-CUBE-MEMS1_V9.1.0, X-CUBE-MEMS1_V9.4.0, X-CUBE-MEMS1_V9.6.0, X-CUBE-NFC4_V3.0.0, X-CUBE-NFC7_V1.0.0, X-CUBE-SFXS2LP1_V4.0.0, X-CUBE-SUBG2_V5.0.0, X-CUBE-TOF1_V3.3.1]
2023-09-21 20:34:46,290 [INFO] ApiDb:240 - Found 323 in-development CPN: [B-G473E-ZEST1S, B-WB1M-WPAN1, B-WL5M-SUBG1, NUCLEO-C031C6, NUCLEO-H503RB, NUCLEO-H563ZI, NUCLEO-U545RE-Q, NUCLEO-U5A5ZJ-Q, NUCLEO-WBA52CG, STEVAL-PROTEUS1, STEVAL-SMARTAG2, STEVAL-STWINBX1, STM320518-EVAL, STM32C0116-DK, STM32C011D6Y3TR, STM32C011D6Y6TR, STM32C011F4P3, STM32C011F4P6, STM32C011F4U3, STM32C011F4U6TR, STM32C011F6P3, STM32C011F6P6, STM32C011F6U3, STM32C011F6U6TR, STM32C011J4M3, STM32C011J4M6, STM32C011J6M3, STM32C011J6M6, STM32C0316-DK, STM32C031C4T3, STM32C031C4T6, STM32C031C4U3, STM32C031C4U6, STM32C031C6T3, STM32C031C6T6, STM32C031C6U3, STM32C031C6U6, STM32C031F4P3, STM32C031F4P6, STM32C031F6P3, STM32C031F6P6, STM32C031G4U3, STM32C031G4U6, STM32C031G6U3, STM32C031G6U6, STM32C031K4T3, STM32C031K4T6, STM32C031K4U3, STM32C031K4U6, STM32C031K6T3, STM32C031K6T6, STM32C031K6U3, STM32C031K6U6, STM32G071K8TXN, STM32G071K8UXN, STM32G081GBU6N, STM32G081KBT6N, STM32G081KBUXN, STM32G0B1CCT6N, STM32G0B1KCT6, STM32G0B1NEY6TR, STM32G0B1RCT6N, STM32G0C1CCT6, STM32G0C1CCT6N, STM32G0C1CCU6N, STM32G0C1CET6N, STM32G0C1CEU6N, STM32G0C1KCT6, STM32G0C1NEY6TR, STM32G0C1RCI6N, STM32G0C1RCT6N, STM32G0C1REI6N, STM32G0C1RET6N, STM32G0C1VCI6, STM32G0C1VEI6, STM32G471CCT6, STM32G471CCU6, STM32G471CET3, STM32G471CET6, STM32G471CEU3, STM32G471CEU6, STM32G471MCT6, STM32G471MET3, STM32G471MET6, STM32G471MEY6TR, STM32G471QCT6, STM32G471QET3, STM32G471RCT6, STM32G471RET3, STM32G471RET6, STM32G471VCH6, STM32G471VCI6, STM32G471VCT6, STM32G471VEH3, STM32G471VEH6, STM32G471VEI3, STM32G471VEI6, STM32G471VET3, STM32G471VET6, STM32G474CCT6, STM32H503CBT6, STM32H503CBU6, STM32H503EBY6TR, STM32H503KBU6, STM32H503RBT6, STM32H562AGI6, STM32H562AII6, STM32H562IGK6, STM32H562IGT6, STM32H562IIK6, STM32H562IIT6, STM32H562RGT6, STM32H562RGV6, STM32H562RIT6, STM32H562RIV6, STM32H562VGT6, STM32H562VIT6, STM32H562ZGT6, STM32H562ZIT6, STM32H563AGI6, STM32H563AII3Q, STM32H563AII6, STM32H563IGK6, STM32H563IGT6, STM32H563IIK3Q, STM32H563IIK6, STM32H563IIT3Q, STM32H563IIT6, STM32H563MIY3QTR, STM32H563RGT6, STM32H563RGV6, STM32H563RIT6, STM32H563RIV6, STM32H563VGT6, STM32H563VIT3Q, STM32H563VIT6, STM32H563ZGT6, STM32H563ZIT3Q, STM32H563ZIT6, STM32H573AII3Q, STM32H573AII6, STM32H573I-DK, STM32H573IIK3Q, STM32H573IIK6, STM32H573IIT3Q, STM32H573IIT6, STM32H573MIY3QTR, STM32H573RIT6, STM32H573RIV6, STM32H573VIT3Q, STM32H573VIT6, STM32H573ZIT3Q, STM32H573ZIT6, STM32L4R5QGI6STR, STM32MP131AAE3, STM32MP131AAF3, STM32MP131AAG3, STM32MP131CAE3, STM32MP131CAF3, STM32MP131CAG3, STM32MP131DAE7, STM32MP131DAF7, STM32MP131DAG7, STM32MP131FAE7, STM32MP131FAF7, STM32MP131FAG7, STM32MP133AAE3, STM32MP133AAF3, STM32MP133AAG3, STM32MP133CAE3, STM32MP133CAF3, STM32MP133CAG3, STM32MP133DAE7, STM32MP133DAF7, STM32MP133DAG7, STM32MP133FAE7, STM32MP133FAF7, STM32MP133FAG7, STM32MP135AAE3, STM32MP135AAF3, STM32MP135AAG3, STM32MP135CAE3, STM32MP135CAF3, STM32MP135CAG3, STM32MP135DAE7, STM32MP135DAF7, STM32MP135DAG7, STM32MP135F-DK, STM32MP135FAE7, STM32MP135FAF7, STM32MP135FAF7T, STM32MP135FAF7U, STM32MP135FAG7, STM32U535CBT6, STM32U535CBT6Q, STM32U535CBU6, STM32U535CBU6Q, STM32U535CCT6, STM32U535CCT6Q, STM32U535CCU6, STM32U535CCU6Q, STM32U535CET6, STM32U535CET6Q, STM32U535CEU6, STM32U535CEU6Q, STM32U535JEY6QTR, STM32U535NCY6QTR, STM32U535NEY6QTR, STM32U535RBI6, STM32U535RBI6Q, STM32U535RBT6, STM32U535RBT6Q, STM32U535RCI6, STM32U535RCI6Q, STM32U535RCT6, STM32U535RCT6Q, STM32U535REI6, STM32U535REI6Q, STM32U535RET6, STM32U535RET6Q, STM32U535VCI6, STM32U535VCI6Q, STM32U535VCT6, STM32U535VCT6Q, STM32U535VEI6, STM32U535VEI6Q, STM32U535VET6, STM32U535VET6Q, STM32U545CET6, STM32U545CET6Q, STM32U545CEU6, STM32U545CEU6Q, STM32U545JEY6QTR, STM32U545NEY6QTR, STM32U545REI6, STM32U545REI6Q, STM32U545RET6, STM32U545RET6Q, STM32U545VEI6, STM32U545VEI6Q, STM32U545VET6, STM32U545VET6Q, STM32U595AIH6, STM32U595AIH6Q, STM32U595AJH6, STM32U595AJH6Q, STM32U595QII6, STM32U595QII6Q, STM32U595QJI6, STM32U595QJI6Q, STM32U595RIT6, STM32U595RIT6Q, STM32U595RJT6, STM32U595RJT6Q, STM32U595VIT6, STM32U595VIT6Q, STM32U595VJT6, STM32U595VJT6Q, STM32U595ZIT6, STM32U595ZIT6Q, STM32U595ZIY6QTR, STM32U595ZJT6, STM32U595ZJT6Q, STM32U595ZJY6QTR, STM32U599BJY6QTR, STM32U599NIH6Q, STM32U599NJH6Q, STM32U599VIT6Q, STM32U599VJT6, STM32U599VJT6Q, STM32U599ZIT6Q, STM32U599ZIY6QTR, STM32U599ZJT6Q, STM32U599ZJY6QTR, STM32U5A5AJH6, STM32U5A5AJH6Q, STM32U5A5QJI6, STM32U5A5QJI6Q, STM32U5A5RJT6, STM32U5A5RJT6Q, STM32U5A5VJT6, STM32U5A5VJT6Q, STM32U5A5ZJT6, STM32U5A5ZJT6Q, STM32U5A5ZJY6QTR, STM32U5A9BJY6QTR, STM32U5A9J-DK, STM32U5A9NJH6Q, STM32U5A9VJT6Q, STM32U5A9ZJT6Q, STM32U5A9ZJY6QTR, STM32U5F7VIT6, STM32U5F7VIT6Q, STM32U5F7VJT6, STM32U5F7VJT6Q, STM32U5F9BJY6QTR, STM32U5F9NJH6Q, STM32U5F9VIT6Q, STM32U5F9VJT6Q, STM32U5F9ZIJ6QTR, STM32U5F9ZIT6Q, STM32U5F9ZJJ6QTR, STM32U5F9ZJT6Q, STM32U5G7VJT6, STM32U5G7VJT6Q, STM32U5G9BJY6QTR, STM32U5G9J-DK1, STM32U5G9J-DK2, STM32U5G9NJH6Q, STM32U5G9VJT6Q, STM32U5G9ZJJ6QTR, STM32U5G9ZJT6Q, STM32WB1MMCH6, STM32WBA52CEU6, STM32WBA52CEU6T, STM32WBA52CGU6, STM32WBA52CGU6T, STM32WBA52KEU6, STM32WBA52KEU6T, STM32WBA52KGU6, STM32WBA52KGU6T, STM32WL5MOCH6, STM32WL5MOCH6TR]
2023-09-21 20:34:46,293 [INFO] DbMcus:217 - Found 3848 MCUs, 3848 are supported
2023-09-21 20:34:46,299 [INFO] ApiDb:423 - Load user favorites file C:\Users\User/.stm32cubeide/favorites.mcus.txt: 1 item(s)
2023-09-21 20:34:46,299 [INFO] ApiDb:427 - User favorites MCUs=[STM32F767ZIT6]
2023-09-21 20:34:46,299 [INFO] DbMcus:223 - Set 1 / 1 favorites MCUs
2023-09-21 20:34:46,582 [WARN] ThirdParty:833 - waiting for thirdparty lock release [change project]
2023-09-21 20:34:46,583 [INFO] ThirdParty:835 - entering critical section [change project]
2023-09-21 20:34:46,583 [INFO] ThirdParty:1030 - CMSIS Pack Vendor :STMicroelectronics X-CUBE-ISPU 1.1.0
2023-09-21 20:34:46,583 [INFO] ThirdParty:1030 - CMSIS Pack Vendor :STMicroelectronics USBPD 4.1
2023-09-21 20:34:46,583 [INFO] ThirdParty:1030 - CMSIS Pack Vendor :STMicroelectronics X-CUBE-GNSS1 6.0.0
2023-09-21 20:34:46,583 [INFO] ThirdParty:1030 - CMSIS Pack Vendor :STMicroelectronics USB_HOST 2.0.0
2023-09-21 20:34:46,583 [INFO] ThirdParty:1030 - CMSIS Pack Vendor :STMicroelectronics X-CUBE-AZRTOS-F4 1.1.0
2023-09-21 20:34:46,583 [INFO] ThirdParty:1030 - CMSIS Pack Vendor :STMicroelectronics LIBJPEG 8.0.0
2023-09-21 20:34:46,583 [INFO] ThirdParty:1030 - CMSIS Pack Vendor :wolfSSL I-CUBE-wolfSSL 5.6.3
2023-09-21 20:34:46,583 [INFO] ThirdParty:1030 - CMSIS Pack Vendor :STMicroelectronics X-CUBE-SMBUS 2.1.0
2023-09-21 20:34:46,583 [INFO] ThirdParty:1030 - CMSIS Pack Vendor :STMicroelectronics USB_DEVICE 3.0.0
2023-09-21 20:34:46,583 [INFO] ThirdParty:1030 - CMSIS Pack Vendor :STMicroelectronics X-CUBE-AZRTOS-WB 2.0.0
2023-09-21 20:34:46,583 [INFO] ThirdParty:1030 - CMSIS Pack Vendor :STMicroelectronics X-CUBE-FREERTOS 1.0.1
2023-09-21 20:34:46,583 [INFO] ThirdParty:1030 - CMSIS Pack Vendor :STMicroelectronics X-CUBE-AZRTOS-F7 1.1.0
2023-09-21 20:34:46,584 [INFO] ThirdParty:1030 - CMSIS Pack Vendor :STMicroelectronics X-CUBE-AZRTOS-L5 2.0.0
2023-09-21 20:34:46,584 [INFO] ThirdParty:1030 - CMSIS Pack Vendor :STMicroelectronics USB_DEVICE 2.0.0
2023-09-21 20:34:46,584 [INFO] ThirdParty:1030 - CMSIS Pack Vendor :STMicroelectronics X-CUBE-MEMS1 9.6.0
2023-09-21 20:34:46,584 [INFO] ThirdParty:1030 - CMSIS Pack Vendor :STMicroelectronics FP-SNS-MOTENV1 4.3.2
2023-09-21 20:34:46,584 [INFO] ThirdParty:1030 - CMSIS Pack Vendor :STMicroelectronics FP-SNS-FLIGHT1 5.0.1
2023-09-21 20:34:46,584 [INFO] ThirdParty:1030 - CMSIS Pack Vendor :STMicroelectronics X-CUBE-ALGOBUILD 1.3.0
2023-09-21 20:34:46,584 [INFO] ThirdParty:1030 - CMSIS Pack Vendor :STMicroelectronics X-CUBE-BLE1 6.2.4
2023-09-21 20:34:46,584 [INFO] ThirdParty:1030 - CMSIS Pack Vendor :STMicroelectronics X-CUBE-AZRTOS-L5 1.1.0
2023-09-21 20:34:46,584 [INFO] ThirdParty:1030 - CMSIS Pack Vendor :STMicroelectronics FreeRTOS 0.0.1
2023-09-21 20:34:46,584 [INFO] ThirdParty:1030 - CMSIS Pack Vendor :STMicroelectronics X-CUBE-AZRTOS-G0 1.1.0
2023-09-21 20:34:46,584 [INFO] ThirdParty:1030 - CMSIS Pack Vendor :STMicroelectronics X-CUBE-BLEMGR 2.0.0
2023-09-21 20:34:46,584 [INFO] ThirdParty:1030 - CMSIS Pack Vendor :STMicroelectronics X-CUBE-AI 8.0.1
2023-09-21 20:34:46,584 [INFO] ThirdParty:1030 - CMSIS Pack Vendor :STMicroelectronics X-CUBE-NFC4 3.0.0
2023-09-21 20:34:46,584 [INFO] ThirdParty:1030 - CMSIS Pack Vendor :STMicroelectronics X-CUBE-SUBG2 5.0.0
2023-09-21 20:34:46,584 [INFO] ThirdParty:1030 - CMSIS Pack Vendor :STMicroelectronics STM32_WPAN 1.0.0
2023-09-21 20:34:46,584 [INFO] ThirdParty:1030 - CMSIS Pack Vendor :STMicroelectronics lwIP 2.0.3
2023-09-21 20:34:46,584 [INFO] ThirdParty:1030 - CMSIS Pack Vendor :STMicroelectronics FP-SNS-FLIGHT1 5.0.2
2023-09-21 20:34:46,585 [INFO] ThirdParty:1030 - CMSIS Pack Vendor :STMicroelectronics USB_HOST 1.0.0
2023-09-21 20:34:46,587 [INFO] ThirdParty:1030 - CMSIS Pack Vendor :STMicroelectronics X-CUBE-TOF1 3.3.1
2023-09-21 20:34:46,591 [INFO] ThirdParty:1030 - CMSIS Pack Vendor :STMicroelectronics X-CUBE-AZRTOS-G4 2.0.0
2023-09-21 20:34:46,592 [INFO] ThirdParty:1030 - CMSIS Pack Vendor :STMicroelectronics PDM2PCM 3.1.0
2023-09-21 20:34:46,592 [INFO] ThirdParty:1030 - CMSIS Pack Vendor :STMicroelectronics X-CUBE-AZRTOS-H7 3.1.0
2023-09-21 20:34:46,592 [INFO] ThirdParty:1030 - CMSIS Pack Vendor :STMicroelectronics X-CUBE-TOF1 3.3.0
2023-09-21 20:34:46,592 [INFO] ThirdParty:1030 - CMSIS Pack Vendor :STMicroelectronics PDM2PCM 3.3.0
2023-09-21 20:34:46,592 [INFO] ThirdParty:1030 - CMSIS Pack Vendor :STMicroelectronics X-CUBE-DISPLAY 3.0.0
2023-09-21 20:34:46,592 [INFO] ThirdParty:1030 - CMSIS Pack Vendor :STMicroelectronics X-CUBE-BLE1 7.0.0
2023-09-21 20:34:46,592 [INFO] ThirdParty:1030 - CMSIS Pack Vendor :STMicroelectronics FP-ATR-SIGFOX1 3.2.0
2023-09-21 20:34:46,592 [INFO] ThirdParty:1030 - CMSIS Pack Vendor :STMicroelectronics HAL Drivers 0.0.0
2023-09-21 20:34:46,592 [INFO] ThirdParty:1030 - CMSIS Pack Vendor :STMicroelectronics MBEDTLS 2.16.2
2023-09-21 20:34:46,592 [INFO] ThirdParty:1030 - CMSIS Pack Vendor :emotas I-CUBE-CANOPEN 1.3.0
2023-09-21 20:34:46,592 [INFO] ThirdParty:1030 - CMSIS Pack Vendor :STMicroelectronics X-CUBE-FREERTOS 1.1.0
2023-09-21 20:34:46,592 [INFO] ThirdParty:1030 - CMSIS Pack Vendor :STMicroelectronics X-CUBE-TOUCHGFX 4.22.0
2023-09-21 20:34:46,592 [INFO] ThirdParty:1030 - CMSIS Pack Vendor :STMicroelectronics X-CUBE-NFC7 1.0.1
2023-09-21 20:34:46,592 [INFO] ThirdParty:1030 - CMSIS Pack Vendor :STMicroelectronics MBEDTLS 2.14.1
2023-09-21 20:34:46,592 [INFO] ThirdParty:1030 - CMSIS Pack Vendor :STMicroelectronics X-CUBE-NFC6 3.0.0
2023-09-21 20:34:46,592 [INFO] ThirdParty:1030 - CMSIS Pack Vendor :STMicroelectronics X-CUBE-EEPRMA1 4.1.0
2023-09-21 20:34:46,592 [INFO] ThirdParty:1030 - CMSIS Pack Vendor :portGmbH I-Cube-SoM-uGOAL 1.1.0
2023-09-21 20:34:46,592 [INFO] ThirdParty:1030 - CMSIS Pack Vendor :STMicroelectronics X-CUBE-ALS 1.0.1
2023-09-21 20:34:46,592 [INFO] ThirdParty:1030 - CMSIS Pack Vendor :STMicroelectronics ThreadX 1.0.0
2023-09-21 20:34:46,592 [INFO] ThirdParty:1030 - CMSIS Pack Vendor :STMicroelectronics FP-SNS-SMARTAG2 1.2.0
2023-09-21 20:34:46,592 [INFO] ThirdParty:1030 - CMSIS Pack Vendor :STMicroelectronics X-CUBE-AZRTOS-WB 1.1.0
2023-09-21 20:34:46,592 [INFO] ThirdParty:1030 - CMSIS Pack Vendor :STMicroelectronics X-CUBE-AZRTOS-WL 2.0.0
2023-09-21 20:34:46,592 [INFO] ThirdParty:1030 - CMSIS Pack Vendor :SEGGER I-CUBE-embOS 1.3.1
2023-09-21 20:34:46,592 [INFO] ThirdParty:1030 - CMSIS Pack Vendor :STMicroelectronics USB_DEVICE 1.0.0
2023-09-21 20:34:46,592 [INFO] ThirdParty:1030 - CMSIS Pack Vendor :STMicroelectronics X-CUBE-AI 8.1.0
2023-09-21 20:34:46,592 [INFO] ThirdParty:1030 - CMSIS Pack Vendor :STMicroelectronics X-CUBE-AZRTOS-L4 2.0.0
2023-09-21 20:34:46,592 [INFO] ThirdParty:1030 - CMSIS Pack Vendor :STMicroelectronics ThreadX 0.0.2
2023-09-21 20:34:46,592 [INFO] ThirdParty:1030 - CMSIS Pack Vendor :WES I-CUBE-Cesium 1.3.0
2023-09-21 20:34:46,592 [INFO] ThirdParty:1030 - CMSIS Pack Vendor :STMicroelectronics FP-ATR-ASTRA1 2.0.0
2023-09-21 20:34:46,592 [INFO] ThirdParty:1030 - CMSIS Pack Vendor :STMicroelectronics lwIP 2.1.2
2023-09-21 20:34:46,592 [INFO] ThirdParty:1030 - CMSIS Pack Vendor :STMicroelectronics X-CUBE-SFXS2LP1 4.0.0
2023-09-21 20:34:46,592 [INFO] ThirdParty:1030 - CMSIS Pack Vendor :STMicroelectronics X-CUBE-BLE2 3.3.0
2023-09-21 20:34:46,592 [INFO] ThirdParty:1030 - CMSIS Pack Vendor :STMicroelectronics PDM2PCM 3.2.0
2023-09-21 20:34:46,592 [INFO] ThirdParty:841 - exiting critical section [change project]
2023-09-21 20:34:46,962 [INFO] PinOutPanel:1499 - setPackage(No Configuration,No Configuration)
2023-09-21 20:34:46,966 [INFO] PinOutPanel:1499 - setPackage(STM32F767ZITx,LQFP144)
2023-09-21 20:34:47,529 [INFO] UtilMem:75 - Before build in PCC Used Memory: 341211792 Bytes (521142272)
2023-09-21 20:34:48,313 [INFO] UtilMem:75 - After build in PCC Used Memory: 241589464 Bytes (521142272)
2023-09-21 20:34:48,337 [INFO] IPUIPlugin:80 - create IPUIPlugin
2023-09-21 20:34:48,337 [INFO] IPUIPlugin:80 - create IPUIPlugin
2023-09-21 20:34:48,337 [INFO] IPUIPlugin:80 - create IPUIPlugin
2023-09-21 20:34:48,337 [INFO] IPUIPlugin:80 - create IPUIPlugin
2023-09-21 20:34:48,338 [INFO] IPUIPlugin:80 - create IPUIPlugin
2023-09-21 20:34:48,338 [INFO] IPUIPlugin:80 - create IPUIPlugin
2023-09-21 20:34:48,338 [INFO] IPUIPlugin:80 - create IPUIPlugin
2023-09-21 20:34:48,338 [INFO] IPUIPlugin:80 - create IPUIPlugin
2023-09-21 20:34:48,338 [INFO] IPUIPlugin:80 - create IPUIPlugin
2023-09-21 20:34:48,338 [INFO] IPUIPlugin:80 - create IPUIPlugin
2023-09-21 20:34:48,338 [INFO] IPUIPlugin:80 - create IPUIPlugin
2023-09-21 20:34:48,338 [INFO] IPUIPlugin:80 - create IPUIPlugin
2023-09-21 20:34:48,338 [INFO] IPUIPlugin:80 - create IPUIPlugin
2023-09-21 20:34:48,338 [INFO] IPUIPlugin:80 - create IPUIPlugin
2023-09-21 20:34:48,338 [INFO] IPUIPlugin:80 - create IPUIPlugin
2023-09-21 20:34:48,339 [INFO] IPUIPlugin:80 - create IPUIPlugin
2023-09-21 20:34:48,339 [INFO] IPUIPlugin:80 - create IPUIPlugin
2023-09-21 20:34:48,339 [INFO] IPUIPlugin:80 - create IPUIPlugin
2023-09-21 20:34:48,339 [INFO] IPUIPlugin:80 - create IPUIPlugin
2023-09-21 20:34:48,339 [INFO] IPUIPlugin:80 - create IPUIPlugin
2023-09-21 20:34:48,339 [INFO] IPUIPlugin:80 - create IPUIPlugin
2023-09-21 20:34:48,339 [INFO] IPUIPlugin:80 - create IPUIPlugin
2023-09-21 20:34:48,339 [INFO] IPUIPlugin:80 - create IPUIPlugin
2023-09-21 20:34:48,339 [INFO] IPUIPlugin:80 - create IPUIPlugin
2023-09-21 20:34:48,339 [INFO] IPUIPlugin:80 - create IPUIPlugin
2023-09-21 20:34:48,339 [INFO] IPUIPlugin:80 - create IPUIPlugin
2023-09-21 20:34:48,339 [INFO] IPUIPlugin:80 - create IPUIPlugin
2023-09-21 20:34:48,339 [INFO] IPUIPlugin:80 - create IPUIPlugin
2023-09-21 20:34:48,340 [INFO] IPUIPlugin:80 - create IPUIPlugin
2023-09-21 20:34:48,340 [INFO] IPUIPlugin:80 - create IPUIPlugin
2023-09-21 20:34:48,340 [INFO] IPUIPlugin:80 - create IPUIPlugin
2023-09-21 20:34:48,340 [INFO] IPUIPlugin:80 - create IPUIPlugin
2023-09-21 20:34:48,340 [INFO] IPUIPlugin:80 - create IPUIPlugin
2023-09-21 20:34:48,340 [INFO] IPUIPlugin:80 - create IPUIPlugin
2023-09-21 20:34:48,340 [INFO] IPUIPlugin:80 - create IPUIPlugin
2023-09-21 20:34:48,340 [INFO] IPUIPlugin:80 - create IPUIPlugin
2023-09-21 20:34:48,340 [INFO] IPUIPlugin:80 - create IPUIPlugin
2023-09-21 20:34:48,341 [INFO] IPUIPlugin:80 - create IPUIPlugin
2023-09-21 20:34:48,341 [INFO] IPUIPlugin:80 - create IPUIPlugin
2023-09-21 20:34:48,341 [INFO] IPUIPlugin:80 - create IPUIPlugin
2023-09-21 20:34:48,342 [INFO] IPUIPlugin:80 - create IPUIPlugin
2023-09-21 20:34:48,342 [INFO] IPUIPlugin:80 - create IPUIPlugin
2023-09-21 20:34:48,342 [INFO] IPUIPlugin:80 - create IPUIPlugin
2023-09-21 20:34:48,342 [INFO] IPUIPlugin:80 - create IPUIPlugin
2023-09-21 20:34:48,342 [INFO] IPUIPlugin:80 - create IPUIPlugin
2023-09-21 20:34:48,342 [INFO] IPUIPlugin:80 - create IPUIPlugin
2023-09-21 20:34:48,342 [INFO] IPUIPlugin:80 - create IPUIPlugin
2023-09-21 20:34:48,343 [INFO] IPUIPlugin:80 - create IPUIPlugin
2023-09-21 20:34:48,343 [INFO] IPUIPlugin:80 - create IPUIPlugin
2023-09-21 20:34:48,343 [INFO] IPUIPlugin:80 - create IPUIPlugin
2023-09-21 20:34:48,343 [INFO] IPUIPlugin:80 - create IPUIPlugin
2023-09-21 20:34:48,343 [INFO] IPUIPlugin:80 - create IPUIPlugin
2023-09-21 20:34:48,343 [INFO] IPUIPlugin:80 - create IPUIPlugin
2023-09-21 20:34:48,344 [INFO] IPUIPlugin:80 - create IPUIPlugin
2023-09-21 20:34:48,344 [INFO] IPUIPlugin:80 - create IPUIPlugin
2023-09-21 20:34:48,344 [INFO] IPUIPlugin:80 - create IPUIPlugin
2023-09-21 20:34:48,344 [INFO] IPUIPlugin:80 - create IPUIPlugin
2023-09-21 20:34:48,344 [INFO] IPUIPlugin:80 - create IPUIPlugin
2023-09-21 20:34:48,344 [INFO] IPUIPlugin:80 - create IPUIPlugin
2023-09-21 20:34:48,344 [INFO] IPUIPlugin:80 - create IPUIPlugin
2023-09-21 20:34:48,345 [INFO] IPUIPlugin:80 - create IPUIPlugin
2023-09-21 20:34:48,345 [INFO] IPUIPlugin:80 - create IPUIPlugin
2023-09-21 20:34:48,345 [INFO] IPUIPlugin:80 - create IPUIPlugin
2023-09-21 20:34:48,345 [INFO] IPUIPlugin:80 - create IPUIPlugin
2023-09-21 20:34:48,345 [INFO] IPUIPlugin:80 - create IPUIPlugin
2023-09-21 20:34:48,345 [INFO] IPUIPlugin:80 - create IPUIPlugin
2023-09-21 20:34:48,346 [INFO] IPUIPlugin:80 - create IPUIPlugin
2023-09-21 20:34:48,346 [INFO] IPUIPlugin:80 - create IPUIPlugin
2023-09-21 20:34:48,346 [INFO] IPUIPlugin:80 - create IPUIPlugin
2023-09-21 20:34:48,346 [INFO] IPUIPlugin:80 - create IPUIPlugin
2023-09-21 20:34:48,346 [INFO] IPUIPlugin:80 - create IPUIPlugin
2023-09-21 20:34:48,346 [INFO] IPUIPlugin:80 - create IPUIPlugin
2023-09-21 20:34:48,347 [INFO] IPUIPlugin:80 - create IPUIPlugin
2023-09-21 20:34:48,347 [INFO] IPUIPlugin:80 - create IPUIPlugin
2023-09-21 20:34:48,347 [INFO] IPUIPlugin:80 - create IPUIPlugin
2023-09-21 20:34:48,347 [INFO] IPUIPlugin:80 - create IPUIPlugin
2023-09-21 20:34:48,347 [INFO] IPUIPlugin:80 - create IPUIPlugin
2023-09-21 20:34:48,348 [INFO] IPUIPlugin:80 - create IPUIPlugin
2023-09-21 20:34:48,348 [INFO] IPUIPlugin:80 - create IPUIPlugin
2023-09-21 20:34:48,469 [INFO] ApiDbMcu:507 - Load IP Config File for PDM2PCM
2023-09-21 20:34:48,710 [INFO] CADModel:165 - CPN selected for project levelSTM32F767ZIT6
2023-09-21 20:34:48,710 [INFO] CADModel:114 - Register for checkConnection events
2023-09-21 20:34:48,772 [INFO] OpenFileManager:328 - Restore cursor
