2023-07-27 16:30:25,753 [INFO] Activator:176 - 


2023-07-27 16:30:25,763 [INFO] Activator:177 - !SESSION log4j initialized
2023-07-27 16:30:32,913 [INFO] LogOutputStream:77 - [STDOUT_REDIRECT] 
2023-07-27 16:30:35,545 [INFO] ApplicationProperties:184 - Using Application install path: C:\ST\STM32CubeIDE_1.13.0\STM32CubeIDE\plugins\com.st.stm32cube.common.mx_6.9.0.202307051724
2023-07-27 16:30:35,572 [INFO] DbMcusXml:78 - Set database path to: C:\ST\STM32CubeIDE_1.13.0\STM32CubeIDE\plugins\com.st.stm32cube.common.mx_6.9.0.202307051724\\db\/mcu/
2023-07-27 16:30:35,572 [INFO] ApiDb:274 - Set plugin database path to: C:\ST\STM32CubeIDE_1.13.0\STM32CubeIDE\plugins\com.st.stm32cube.common.mx_6.9.0.202307051724\\db\/plugins/boardmanager/
2023-07-27 16:30:35,573 [WARN] ApiDb:259 - Overriding images path with different value:  => C:\ST\STM32CubeIDE_1.13.0\STM32CubeIDE\plugins\com.st.stm32cube.common.mx_6.9.0.202307051724\\db\/plugins/mcufinder/images/
2023-07-27 16:30:35,590 [INFO] ApiDb:250 - Set database path to: C:\Users\User\.stmcufinder\plugins\mcufinder//mcu/
2023-07-27 16:30:35,592 [INFO] DbMcusAds:125 - Set database path to: C:\Users\User\.stmcufinder\plugins\mcufinder//mcu/
2023-07-27 16:30:35,594 [INFO] CrossReferenceDbSqlite:203 - Set database path to: C:\Users\User\.stmcufinder\plugins\mcufinder//mcu/cs/
2023-07-27 16:30:35,787 [INFO] RulesReader:64 - Compatibility file has been processed (293 Rules)
2023-07-27 16:30:35,942 [INFO] DbMcusXml:78 - Set database path to: C:\ST\STM32CubeIDE_1.13.0\STM32CubeIDE\plugins\com.st.stm32cube.common.mx_6.9.0.202307051724\\db\/mcu/
2023-07-27 16:30:35,944 [INFO] ApiDb:274 - Set plugin database path to: C:\ST\STM32CubeIDE_1.13.0\STM32CubeIDE\plugins\com.st.stm32cube.common.mx_6.9.0.202307051724\\db\/plugins/boardmanager/
2023-07-27 16:30:35,944 [INFO] ApiDb:261 - Set plugin images path to: C:\ST\STM32CubeIDE_1.13.0\STM32CubeIDE\plugins\com.st.stm32cube.common.mx_6.9.0.202307051724\\db\/plugins/mcufinder/images/
2023-07-27 16:30:35,944 [WARN] DbFile:41 - Overriding database path with different value: C:\Users\User\.stmcufinder\plugins\mcufinder/ => C:\Users\User\.stmcufinder\plugins\mcufinder
2023-07-27 16:30:35,945 [INFO] ApiDb:250 - Set database path to: C:\Users\User\.stmcufinder\plugins\mcufinder//mcu/
2023-07-27 16:30:35,945 [WARN] DbFile:41 - Overriding database path with different value: C:\Users\User\.stmcufinder\plugins\mcufinder/ => C:\Users\User\.stmcufinder\plugins\mcufinder
2023-07-27 16:30:35,945 [INFO] DbMcusAds:125 - Set database path to: C:\Users\User\.stmcufinder\plugins\mcufinder//mcu/
2023-07-27 16:30:35,945 [WARN] DbFile:41 - Overriding database path with different value: C:\Users\User\.stmcufinder\plugins\mcufinder/ => C:\Users\User\.stmcufinder\plugins\mcufinder
2023-07-27 16:30:35,945 [WARN] DbFile:41 - Overriding database path with different value: C:\Users\User\.stmcufinder\plugins\mcufinder/ => C:\Users\User\.stmcufinder\plugins\mcufinder
2023-07-27 16:30:35,945 [INFO] CrossReferenceDbSqlite:203 - Set database path to: C:\Users\User\.stmcufinder\plugins\mcufinder//mcu/cs/
2023-07-27 16:30:36,062 [INFO] MainPanel:262 - HeapMemory: 268435456
2023-07-27 16:30:36,216 [INFO] DbMcusXml:78 - Set database path to: C:\ST\STM32CubeIDE_1.13.0\STM32CubeIDE\plugins\com.st.stm32cube.common.mx_6.9.0.202307051724\\db\/mcu/
2023-07-27 16:30:36,216 [INFO] ApiDb:274 - Set plugin database path to: C:\ST\STM32CubeIDE_1.13.0\STM32CubeIDE\plugins\com.st.stm32cube.common.mx_6.9.0.202307051724\\db\/plugins/boardmanager/
2023-07-27 16:30:36,216 [INFO] ApiDb:261 - Set plugin images path to: C:\ST\STM32CubeIDE_1.13.0\STM32CubeIDE\plugins\com.st.stm32cube.common.mx_6.9.0.202307051724\\db\/plugins/mcufinder/images/
2023-07-27 16:30:36,216 [WARN] DbFile:41 - Overriding database path with different value: C:\Users\User\.stmcufinder\plugins\mcufinder/ => C:\Users\User\.stmcufinder\plugins\mcufinder
2023-07-27 16:30:36,216 [INFO] ApiDb:250 - Set database path to: C:\Users\User\.stmcufinder\plugins\mcufinder//mcu/
2023-07-27 16:30:36,216 [WARN] DbFile:41 - Overriding database path with different value: C:\Users\User\.stmcufinder\plugins\mcufinder/ => C:\Users\User\.stmcufinder\plugins\mcufinder
2023-07-27 16:30:36,216 [INFO] DbMcusAds:125 - Set database path to: C:\Users\User\.stmcufinder\plugins\mcufinder//mcu/
2023-07-27 16:30:36,216 [WARN] DbFile:41 - Overriding database path with different value: C:\Users\User\.stmcufinder\plugins\mcufinder/ => C:\Users\User\.stmcufinder\plugins\mcufinder
2023-07-27 16:30:36,216 [WARN] DbFile:41 - Overriding database path with different value: C:\Users\User\.stmcufinder\plugins\mcufinder/ => C:\Users\User\.stmcufinder\plugins\mcufinder
2023-07-27 16:30:36,216 [INFO] CrossReferenceDbSqlite:203 - Set database path to: C:\Users\User\.stmcufinder\plugins\mcufinder//mcu/cs/
2023-07-27 16:30:36,249 [INFO] ApplicationProperties:184 - Using Application install path: C:\ST\STM32CubeIDE_1.13.0\STM32CubeIDE\plugins\com.st.stm32cube.common.mx_6.9.0.202307051724
2023-07-27 16:30:36,249 [INFO] PluginManage:196 - Search for loadable plugins [exclusion list=, ]
2023-07-27 16:30:36,249 [INFO] PluginManage:310 - Check plugin analytics
2023-07-27 16:30:36,504 [INFO] AnalyticsPlugin:253 - Accepted Software Licenses: 
2023-07-27 16:30:36,504 [INFO] AnalyticsPlugin:255 - Accepted CMSIS Pack Licenses: 
2023-07-27 16:30:36,504 [INFO] AnalyticsPlugin:257 - Accepted Firmware Licenses: FW.F7.1.17.0
2023-07-27 16:30:36,512 [INFO] PluginManage:359 - Loaded plugin analytics (category:tool,tabindex:-1)
2023-07-27 16:30:36,512 [INFO] PluginManage:310 - Check plugin cadmodel
2023-07-27 16:30:36,537 [INFO] CADModel:105 - Init CAD model plugin
2023-07-27 16:30:36,537 [INFO] PluginManage:359 - Loaded plugin cadmodel (category:power,tabindex:5)
2023-07-27 16:30:36,537 [INFO] PluginManage:310 - Check plugin clock
2023-07-27 16:30:36,562 [INFO] PluginManage:359 - Loaded plugin clock (category:base,tabindex:2)
2023-07-27 16:30:36,562 [INFO] PluginManage:310 - Check plugin ddr
2023-07-27 16:30:36,570 [INFO] PluginManage:359 - Loaded plugin ddr (category:tool,tabindex:6)
2023-07-27 16:30:36,570 [INFO] PluginManage:310 - Check plugin filemanager
2023-07-27 16:30:36,765 [INFO] PluginManage:359 - Loaded plugin filemanager (category:base,tabindex:10)
2023-07-27 16:30:36,765 [INFO] PluginManage:310 - Check plugin ipmanager
2023-07-27 16:30:36,774 [INFO] PluginManage:359 - Loaded plugin ipmanager (category:base,tabindex:5)
2023-07-27 16:30:36,774 [INFO] PluginManage:310 - Check plugin lpbam
2023-07-27 16:30:36,789 [INFO] PluginManage:359 - Loaded plugin lpbam (category:base,tabindex:0)
2023-07-27 16:30:36,789 [INFO] PluginManage:310 - Check plugin memorymap
2023-07-27 16:30:36,823 [INFO] PluginManage:359 - Loaded plugin memorymap (category:base,tabindex:4)
2023-07-27 16:30:36,823 [INFO] PluginManage:310 - Check plugin pinoutandconfiguration
2023-07-27 16:30:36,839 [INFO] PluginManage:359 - Loaded plugin pinoutandconfiguration (category:base,tabindex:1)
2023-07-27 16:30:36,839 [INFO] PluginManage:310 - Check plugin pinoutconfig
2023-07-27 16:30:36,983 [WARN] SupportedApi:132 - Cannot load RTOS API schema: s4s-elt-must-match.1: The content of 'definitions' must match (annotation?, (simpleType | complexType)?, (unique | key | keyref)*)). A problem was found starting at: attribute.
2023-07-27 16:30:37,141 [INFO] PluginManage:359 - Loaded plugin pinoutconfig (category:base,tabindex:0)
2023-07-27 16:30:37,141 [INFO] PluginManage:310 - Check plugin power
2023-07-27 16:30:37,165 [INFO] PluginManage:359 - Loaded plugin power (category:power,tabindex:4)
2023-07-27 16:30:37,165 [INFO] PluginManage:310 - Check plugin projectmanager
2023-07-27 16:30:37,191 [INFO] PluginManage:359 - Loaded plugin projectmanager (category:projectmanager,tabindex:3)
2023-07-27 16:30:37,191 [INFO] PluginManage:310 - Check plugin thirdparty
2023-07-27 16:30:37,538 [INFO] PluginManage:359 - Loaded plugin thirdparty (category:base,tabindex:-1)
2023-07-27 16:30:37,538 [WARN] IntegrityCheckThread:84 - waiting for thirdparty lock release [integrity check]
2023-07-27 16:30:37,544 [INFO] PluginManage:310 - Check plugin tools
2023-07-27 16:30:37,544 [INFO] IntegrityCheckThread:86 - entering critical section [integrity check]
2023-07-27 16:30:37,544 [INFO] ThirdPartyUpdaterWithRetryManager:70 - Updater plugin not ready yet. [1/15]
2023-07-27 16:30:37,577 [INFO] PluginManage:359 - Loaded plugin tools (category:base,tabindex:7)
2023-07-27 16:30:37,577 [INFO] PluginManage:310 - Check plugin tutovideos
2023-07-27 16:30:37,835 [INFO] PluginManage:359 - Loaded plugin tutovideos (category:base,tabindex:-1)
2023-07-27 16:30:37,835 [INFO] PluginManage:310 - Check plugin updater
2023-07-27 16:30:37,851 [INFO] PluginManage:359 - Loaded plugin updater (category:base,tabindex:12)
2023-07-27 16:30:37,851 [INFO] PluginManage:310 - Check plugin userauth
2023-07-27 16:30:37,859 [INFO] UserAuth:113 - Init User Auth plugin
2023-07-27 16:30:37,859 [INFO] PluginManage:359 - Loaded plugin userauth (category:base,tabindex:14)
2023-07-27 16:30:37,859 [INFO] PluginManage:283 - PluginManage : Loaded plugins [17]
2023-07-27 16:30:38,167 [INFO] PinOutPanel:1499 - setPackage(No Configuration,No Configuration)
2023-07-27 16:30:38,316 [INFO] CADModel:165 - CPN selected for project level
2023-07-27 16:30:38,316 [INFO] CADModel:114 - Register for checkConnection events
2023-07-27 16:30:38,349 [INFO] IPUIPlugin:80 - create IPUIPlugin
2023-07-27 16:30:38,349 [INFO] PluginManager:220 - loadIPPluginJar : add adc
2023-07-27 16:30:38,391 [INFO] IPUIPlugin:80 - create IPUIPlugin
2023-07-27 16:30:38,391 [INFO] PluginManager:220 - loadIPPluginJar : add aes
2023-07-27 16:30:38,448 [INFO] IPUIPlugin:80 - create IPUIPlugin
2023-07-27 16:30:38,448 [INFO] PluginManager:220 - loadIPPluginJar : add can
2023-07-27 16:30:38,482 [INFO] IPUIPlugin:80 - create IPUIPlugin
2023-07-27 16:30:38,482 [INFO] PluginManager:220 - loadIPPluginJar : add comp
2023-07-27 16:30:38,524 [INFO] IPUIPlugin:80 - create IPUIPlugin
2023-07-27 16:30:38,524 [INFO] PluginManager:220 - loadIPPluginJar : add cryp
2023-07-27 16:30:38,574 [INFO] IPUIPlugin:80 - create IPUIPlugin
2023-07-27 16:30:38,574 [INFO] PluginManager:220 - loadIPPluginJar : add dfsdm
2023-07-27 16:30:38,607 [INFO] IPUIPlugin:80 - create IPUIPlugin
2023-07-27 16:30:38,607 [INFO] PluginManager:220 - loadIPPluginJar : add dma
2023-07-27 16:30:38,706 [INFO] IPUIPlugin:80 - create IPUIPlugin
2023-07-27 16:30:38,706 [INFO] PluginManager:220 - loadIPPluginJar : add dma3
2023-07-27 16:30:38,723 [INFO] IPUIPlugin:80 - create IPUIPlugin
2023-07-27 16:30:38,723 [INFO] PluginManager:220 - loadIPPluginJar : add fatfs
2023-07-27 16:30:38,789 [INFO] IPUIPlugin:80 - create IPUIPlugin
2023-07-27 16:30:38,789 [INFO] PluginManager:220 - loadIPPluginJar : add fmc
2023-07-27 16:30:38,815 [INFO] IPUIPlugin:80 - create IPUIPlugin
2023-07-27 16:30:38,815 [INFO] PluginManager:220 - loadIPPluginJar : add freertos
2023-07-27 16:30:38,855 [INFO] IPUIPlugin:80 - create IPUIPlugin
2023-07-27 16:30:38,855 [INFO] PluginManager:220 - loadIPPluginJar : add genericplugin
2023-07-27 16:30:38,962 [INFO] IPUIPlugin:80 - create IPUIPlugin
2023-07-27 16:30:38,962 [INFO] PluginManager:220 - loadIPPluginJar : add gfxmmu
2023-07-27 16:30:39,109 [INFO] IPUIPlugin:80 - create IPUIPlugin
2023-07-27 16:30:39,109 [INFO] PluginManager:220 - loadIPPluginJar : add gic
2023-07-27 16:30:39,126 [INFO] IPUIPlugin:80 - create IPUIPlugin
2023-07-27 16:30:39,126 [INFO] PluginManager:220 - loadIPPluginJar : add gpio
2023-07-27 16:30:39,251 [INFO] IPUIPlugin:80 - create IPUIPlugin
2023-07-27 16:30:39,251 [INFO] PluginManager:220 - loadIPPluginJar : add gtzc
2023-07-27 16:30:39,292 [INFO] IPUIPlugin:80 - create IPUIPlugin
2023-07-27 16:30:39,292 [INFO] PluginManager:220 - loadIPPluginJar : add hash
2023-07-27 16:30:39,359 [INFO] IPUIPlugin:80 - create IPUIPlugin
2023-07-27 16:30:39,359 [INFO] PluginManager:220 - loadIPPluginJar : add i2c
2023-07-27 16:30:39,418 [INFO] IPUIPlugin:80 - create IPUIPlugin
2023-07-27 16:30:39,418 [INFO] PluginManager:220 - loadIPPluginJar : add i2s
2023-07-27 16:30:39,476 [INFO] IPUIPlugin:80 - create IPUIPlugin
2023-07-27 16:30:39,476 [INFO] PluginManager:220 - loadIPPluginJar : add i3c
2023-07-27 16:30:39,617 [INFO] IPUIPlugin:80 - create IPUIPlugin
2023-07-27 16:30:39,617 [INFO] PluginManager:220 - loadIPPluginJar : add ipddr
2023-07-27 16:30:39,742 [INFO] IPUIPlugin:80 - create IPUIPlugin
2023-07-27 16:30:39,742 [INFO] PluginManager:220 - loadIPPluginJar : add linkedlist
2023-07-27 16:30:39,791 [INFO] IPUIPlugin:80 - create IPUIPlugin
2023-07-27 16:30:39,791 [INFO] PluginManager:220 - loadIPPluginJar : add lorawan
2023-07-27 16:30:39,832 [INFO] IPUIPlugin:80 - create IPUIPlugin
2023-07-27 16:30:39,832 [INFO] PluginManager:220 - loadIPPluginJar : add ltdc
2023-07-27 16:30:39,849 [INFO] IPUIPlugin:80 - create IPUIPlugin
2023-07-27 16:30:39,849 [INFO] PluginManager:220 - loadIPPluginJar : add mdma
2023-07-27 16:30:39,865 [INFO] IPUIPlugin:80 - create IPUIPlugin
2023-07-27 16:30:39,865 [INFO] PluginManager:220 - loadIPPluginJar : add nvic
2023-07-27 16:30:39,915 [INFO] IPUIPlugin:80 - create IPUIPlugin
2023-07-27 16:30:39,915 [INFO] PluginManager:220 - loadIPPluginJar : add opamp
2023-07-27 16:30:39,990 [INFO] IPUIPlugin:80 - create IPUIPlugin
2023-07-27 16:30:39,990 [INFO] PluginManager:220 - loadIPPluginJar : add openamp
2023-07-27 16:30:40,064 [INFO] IPUIPlugin:80 - create IPUIPlugin
2023-07-27 16:30:40,064 [INFO] PluginManager:220 - loadIPPluginJar : add pdm2pcm
2023-07-27 16:30:40,081 [INFO] IPUIPlugin:80 - create IPUIPlugin
2023-07-27 16:30:40,081 [INFO] PluginManager:220 - loadIPPluginJar : add plateformsettings
2023-07-27 16:30:40,155 [INFO] IPUIPlugin:80 - create IPUIPlugin
2023-07-27 16:30:40,155 [INFO] PluginManager:220 - loadIPPluginJar : add quadspi
2023-07-27 16:30:40,172 [INFO] IPUIPlugin:80 - create IPUIPlugin
2023-07-27 16:30:40,172 [INFO] PluginManager:220 - loadIPPluginJar : add resmgrutility
2023-07-27 16:30:40,239 [INFO] IPUIPlugin:80 - create IPUIPlugin
2023-07-27 16:30:40,239 [INFO] PluginManager:220 - loadIPPluginJar : add sai
2023-07-27 16:30:40,287 [INFO] IPUIPlugin:80 - create IPUIPlugin
2023-07-27 16:30:40,287 [INFO] PluginManager:220 - loadIPPluginJar : add spi
2023-07-27 16:30:40,379 [INFO] IPUIPlugin:80 - create IPUIPlugin
2023-07-27 16:30:40,379 [INFO] PluginManager:220 - loadIPPluginJar : add stm32_wpan
2023-07-27 16:30:40,413 [INFO] IPUIPlugin:80 - create IPUIPlugin
2023-07-27 16:30:40,413 [INFO] PluginManager:220 - loadIPPluginJar : add tim
2023-07-27 16:30:40,496 [INFO] IPUIPlugin:80 - create IPUIPlugin
2023-07-27 16:30:40,496 [INFO] PluginManager:220 - loadIPPluginJar : add touchsensing
2023-07-27 16:30:40,520 [INFO] IPUIPlugin:80 - create IPUIPlugin
2023-07-27 16:30:40,520 [INFO] PluginManager:220 - loadIPPluginJar : add tracer_emb
2023-07-27 16:30:40,546 [INFO] ThirdPartyUpdaterWithRetryManager:70 - Updater plugin not ready yet. [2/15]
2023-07-27 16:30:40,546 [INFO] IPUIPlugin:80 - create IPUIPlugin
2023-07-27 16:30:40,546 [INFO] PluginManager:220 - loadIPPluginJar : add ts
2023-07-27 16:30:40,571 [INFO] IPUIPlugin:80 - create IPUIPlugin
2023-07-27 16:30:40,571 [INFO] PluginManager:220 - loadIPPluginJar : add tsc
2023-07-27 16:30:40,595 [INFO] IPUIPlugin:80 - create IPUIPlugin
2023-07-27 16:30:40,604 [INFO] PluginManager:220 - loadIPPluginJar : add ucpd
2023-07-27 16:30:40,654 [INFO] IPUIPlugin:80 - create IPUIPlugin
2023-07-27 16:30:40,654 [INFO] PluginManager:220 - loadIPPluginJar : add usart
2023-07-27 16:30:40,721 [INFO] IPUIPlugin:80 - create IPUIPlugin
2023-07-27 16:30:40,721 [INFO] PluginManager:220 - loadIPPluginJar : add usbx
2023-07-27 16:30:40,866 [INFO] CADModel:165 - CPN selected for project level
2023-07-27 16:30:40,866 [INFO] CADModel:114 - Register for checkConnection events
2023-07-27 16:30:40,866 [FATAL] Updater:308 - Updater called before beeing initialized
2023-07-27 16:30:40,866 [ERROR] CADModel:125 - Updater not yet initialized, retry later 
2023-07-27 16:30:41,094 [INFO] CADModel:165 - CPN selected for project level
2023-07-27 16:30:41,094 [INFO] CADModel:114 - Register for checkConnection events
2023-07-27 16:30:41,094 [FATAL] Updater:308 - Updater called before beeing initialized
2023-07-27 16:30:41,094 [ERROR] CADModel:125 - Updater not yet initialized, retry later 
2023-07-27 16:30:41,094 [FATAL] Updater:308 - Updater called before beeing initialized
2023-07-27 16:30:41,211 [FATAL] Updater:308 - Updater called before beeing initialized
2023-07-27 16:30:41,227 [INFO] DbMcusAds:53 - JSON generation date=Tue Mar 07 15:50:55 ICT 2023 (1678179055114)
2023-07-27 16:30:41,227 [FATAL] Updater:308 - Updater called before beeing initialized
2023-07-27 16:30:41,276 [WARN] DetailPanel:346 - Failed to get advertising image, set to default
2023-07-27 16:30:41,410 [FATAL] Updater:308 - Updater called before beeing initialized
2023-07-27 16:30:41,410 [FATAL] Updater:308 - Updater called before beeing initialized
2023-07-27 16:30:41,410 [FATAL] Updater:308 - Updater called before beeing initialized
2023-07-27 16:30:41,410 [WARN] DetailPanel:346 - Failed to get advertising image, set to default
2023-07-27 16:30:41,410 [FATAL] Updater:308 - Updater called before beeing initialized
2023-07-27 16:30:41,512 [ERROR] Updater:1120 - MainUpdater not yet initialized. External WinMGr cannot be set.
2023-07-27 16:30:41,520 [INFO] Updater:1056 - Updater Version found : 6.9.0
2023-07-27 16:30:41,545 [INFO] ApplicationProperties:184 - Using Application install path: C:\ST\STM32CubeIDE_1.13.0\STM32CubeIDE\plugins\com.st.stm32cube.common.mx_6.9.0.202307051724
2023-07-27 16:30:41,676 [INFO] MainUpdater:2868 - connection check result : 10
2023-07-27 16:30:41,676 [INFO] MainUpdater:285 - Updater Check For Update Now.
2023-07-27 16:30:41,676 [INFO] MicroXplorer:498 - Change Database Version : DB.6.0.90
2023-07-27 16:30:41,694 [INFO] McuFinderGlobals:63 - Set McuFinder mode to 2 (CubeIDE integrated)
2023-07-27 16:30:41,884 [INFO] CheckServerUpdateThread:120 - End of CheckServer Thread
2023-07-27 16:30:43,766 [WARN] PackLoader:240 - Cannot read IP mode file for STMicroelectronics.X-CUBE-SMBUS.2.1.0
2023-07-27 16:30:43,811 [WARN] PackLoader:240 - Cannot read IP mode file for STMicroelectronics.X-CUBE-AZRTOS-F7.1.1.0
2023-07-27 16:30:43,831 [WARN] PackLoader:240 - Cannot read IP mode file for STMicroelectronics.FP-SNS-MOTENV1.4.3.2
2023-07-27 16:30:43,846 [WARN] PackLoader:240 - Cannot read IP mode file for STMicroelectronics.FP-SNS-FLIGHT1.5.0.1
2023-07-27 16:30:43,865 [WARN] PackLoader:240 - Cannot read IP mode file for STMicroelectronics.X-CUBE-BLE1.6.2.4
2023-07-27 16:30:43,878 [WARN] PackLoader:240 - Cannot read IP mode file for STMicroelectronics.FP-SNS-FLIGHT1.5.0.2
2023-07-27 16:30:43,901 [WARN] PackLoader:240 - Cannot read IP mode file for STMicroelectronics.X-CUBE-DISPLAY.3.0.0
2023-07-27 16:30:43,921 [WARN] PackLoader:240 - Cannot read IP mode file for emotas.I-CUBE-CANOPEN.1.3.0
2023-07-27 16:30:43,935 [WARN] PackLoader:240 - Cannot read IP mode file for STMicroelectronics.X-CUBE-TOUCHGFX.4.22.0
2023-07-27 16:30:43,960 [INFO] LogOutputStream:77 - [STDOUT_REDIRECT] 1 : Invalid condition id : UX_CORESTACK_Condition cause : null
2023-07-27 16:30:43,961 [INFO] LogOutputStream:77 - [STDOUT_REDIRECT] 1 : Invalid condition id : UX_CORESTACK_Condition cause : null
2023-07-27 16:30:43,962 [INFO] LogOutputStream:77 - [STDOUT_REDIRECT] 1 : Invalid condition id : UX_CORESTACK_Condition cause : null
2023-07-27 16:30:43,962 [INFO] LogOutputStream:77 - [STDOUT_REDIRECT] 1 : Invalid condition id : UX_CORESTACK_Condition cause : null
2023-07-27 16:30:43,964 [INFO] LogOutputStream:77 - [STDOUT_REDIRECT] 1 : Invalid condition id : UX_CORESTACK_Condition cause : null
2023-07-27 16:30:43,968 [WARN] PackLoader:240 - Cannot read IP mode file for STMicroelectronics.X-CUBE-AZRTOS-WL.2.0.0
2023-07-27 16:30:43,986 [WARN] PackLoader:240 - Cannot read IP mode file for WES.I-CUBE-Cesium.1.3.0
2023-07-27 16:30:44,000 [WARN] PackLoader:240 - Cannot read IP mode file for STMicroelectronics.X-CUBE-BLE2.3.3.0
2023-07-27 16:30:44,015 [WARN] PackLoader:240 - Cannot read IP mode file for STMicroelectronics.X-CUBE-ALGOBUILD.1.3.0
2023-07-27 16:30:44,046 [WARN] PackLoader:240 - Cannot read IP mode file for STMicroelectronics.X-CUBE-AZRTOS-G0.1.1.0
2023-07-27 16:30:44,061 [WARN] PackLoader:240 - Cannot read IP mode file for STMicroelectronics.X-CUBE-NFC4.3.0.0
2023-07-27 16:30:44,085 [WARN] PackLoader:240 - Cannot read IP mode file for STMicroelectronics.FP-ATR-SIGFOX1.3.2.0
2023-07-27 16:30:44,127 [WARN] PackLoader:240 - Cannot read IP mode file for SEGGER.I-CUBE-embOS.1.3.1
2023-07-27 16:30:44,171 [WARN] PackLoader:240 - Cannot read IP mode file for STMicroelectronics.X-CUBE-GNSS1.6.0.0
2023-07-27 16:30:44,201 [WARN] PackLoader:240 - Cannot read IP mode file for STMicroelectronics.X-CUBE-AZRTOS-F4.1.1.0
2023-07-27 16:30:44,220 [WARN] PackLoader:240 - Cannot read IP mode file for wolfSSL.I-CUBE-wolfSSL.5.6.3
2023-07-27 16:30:44,267 [WARN] PackLoader:240 - Cannot read IP mode file for STMicroelectronics.X-CUBE-MEMS1.9.6.0
2023-07-27 16:30:44,399 [WARN] PackLoader:240 - Cannot read IP mode file for STMicroelectronics.X-CUBE-BLEMGR.2.0.0
2023-07-27 16:30:44,431 [WARN] ConditionMgr:438 - getConditionDescription Invalid condition id : UX DEVICE CLASS RTOS Condition cause : null
2023-07-27 16:30:44,431 [WARN] ConditionMgr:438 - getConditionDescription Invalid condition id : UX DEVICE CLASS RTOS Condition cause : null
2023-07-27 16:30:44,436 [WARN] PackLoader:240 - Cannot read IP mode file for STMicroelectronics.X-CUBE-AZRTOS-H7.3.1.0
2023-07-27 16:30:44,438 [WARN] ConditionMgr:1039 - genDependencies : Invalid condition id : UX DEVICE CLASS RTOS Condition cause : null
2023-07-27 16:30:44,438 [WARN] ConditionMgr:1039 - genDependencies : Invalid condition id : UX DEVICE CLASS RTOS Condition cause : null
2023-07-27 16:30:44,439 [WARN] ConditionMgr:1039 - genDependencies : Invalid condition id : UX DEVICE CLASS RTOS Condition cause : null
2023-07-27 16:30:44,439 [WARN] ConditionMgr:1039 - genDependencies : Invalid condition id : UX DEVICE CLASS RTOS Condition cause : null
2023-07-27 16:30:44,440 [WARN] ConditionMgr:1039 - genDependencies : Invalid condition id : UX DEVICE CLASS RTOS Condition cause : null
2023-07-27 16:30:44,457 [WARN] PackLoader:240 - Cannot read IP mode file for STMicroelectronics.X-CUBE-NFC7.1.0.1
2023-07-27 16:30:44,473 [WARN] PackLoader:240 - Cannot read IP mode file for STMicroelectronics.X-CUBE-EEPRMA1.4.1.0
2023-07-27 16:30:44,503 [WARN] ConditionMgr:438 - getConditionDescription Invalid condition id : LAN8742 Phy interface Condition cause : null
2023-07-27 16:30:44,503 [WARN] PackLoader:240 - Cannot read IP mode file for STMicroelectronics.X-CUBE-AZRTOS-L4.2.0.0
2023-07-27 16:30:44,504 [WARN] ConditionMgr:1039 - genDependencies : Invalid condition id : LAN8742 Phy interface Condition cause : null
2023-07-27 16:30:44,504 [WARN] ConditionMgr:1039 - genDependencies : Invalid condition id : LAN8742 Phy interface Condition cause : null
2023-07-27 16:30:44,505 [WARN] ConditionMgr:1039 - genDependencies : Invalid condition id : LAN8742 Phy interface Condition cause : null
2023-07-27 16:30:44,524 [WARN] PackLoader:240 - Cannot read IP mode file for STMicroelectronics.X-CUBE-SFXS2LP1.4.0.0
2023-07-27 16:30:44,562 [WARN] PackLoader:240 - Cannot read IP mode file for STMicroelectronics.X-CUBE-ISPU.1.1.0
2023-07-27 16:30:44,651 [WARN] PackLoader:240 - Cannot read IP mode file for STMicroelectronics.X-CUBE-FREERTOS.1.0.1
2023-07-27 16:30:44,692 [WARN] PackLoader:240 - Cannot read IP mode file for STMicroelectronics.X-CUBE-AZRTOS-L5.1.1.0
2023-07-27 16:30:44,706 [WARN] PackLoader:240 - Cannot read IP mode file for STMicroelectronics.X-CUBE-AI.8.0.1
2023-07-27 16:30:44,724 [WARN] PackLoader:240 - Cannot read IP mode file for STMicroelectronics.X-CUBE-SUBG2.5.0.0
2023-07-27 16:30:44,752 [WARN] PackLoader:240 - Cannot read IP mode file for STMicroelectronics.X-CUBE-TOF1.3.3.1
2023-07-27 16:30:44,784 [WARN] PackLoader:240 - Cannot read IP mode file for STMicroelectronics.X-CUBE-AZRTOS-G4.2.0.0
2023-07-27 16:30:44,804 [WARN] PackLoader:240 - Cannot read IP mode file for STMicroelectronics.X-CUBE-TOF1.3.3.0
2023-07-27 16:30:44,825 [WARN] PackLoader:240 - Cannot read IP mode file for portGmbH.I-Cube-SoM-uGOAL.1.1.0
2023-07-27 16:30:44,839 [WARN] PackLoader:240 - Cannot read IP mode file for STMicroelectronics.X-CUBE-ALS.1.0.1
2023-07-27 16:30:44,863 [WARN] PackLoader:240 - Cannot read IP mode file for STMicroelectronics.X-CUBE-AZRTOS-WB.1.1.0
2023-07-27 16:30:44,876 [WARN] PackLoader:240 - Cannot read IP mode file for STMicroelectronics.FP-ATR-ASTRA1.2.0.0
2023-07-27 16:30:44,877 [INFO] ThirdParty:978 - Integrity check success = true
2023-07-27 16:30:44,877 [INFO] IntegrityCheckThread:100 - exiting critical section [integrity check]
2023-07-27 16:30:44,877 [INFO] IntegrityCheckThread:103 - End integrity checks thread
2023-07-27 16:31:02,937 [ERROR] LogOutputStream:75 - [STDERR_REDIRECT] SLF4J: Failed to load class "org.slf4j.impl.StaticLoggerBinder".
2023-07-27 16:31:02,938 [ERROR] LogOutputStream:75 - [STDERR_REDIRECT] SLF4J: Defaulting to no-operation (NOP) logger implementation
2023-07-27 16:31:02,939 [ERROR] LogOutputStream:75 - [STDERR_REDIRECT] SLF4J: See http://www.slf4j.org/codes.html#StaticLoggerBinder for further details.
