2023-07-17 16:22:37,039 [INFO] Activator:176 - 


2023-07-17 16:22:37,040 [INFO] Activator:177 - !SESSION log4j initialized
2023-07-17 16:22:39,747 [INFO] LogOutputStream:77 - [STDOUT_REDIRECT] 
2023-07-17 16:22:52,318 [INFO] ApplicationProperties:184 - Using Application install path: C:\ST\STM32CubeIDE_1.13.0\STM32CubeIDE\plugins\com.st.stm32cube.common.mx_6.9.0.202307051724
2023-07-17 16:22:52,334 [INFO] DbMcusXml:78 - Set database path to: C:\ST\STM32CubeIDE_1.13.0\STM32CubeIDE\plugins\com.st.stm32cube.common.mx_6.9.0.202307051724\\db\/mcu/
2023-07-17 16:22:52,334 [INFO] ApiDb:274 - Set plugin database path to: C:\ST\STM32CubeIDE_1.13.0\STM32CubeIDE\plugins\com.st.stm32cube.common.mx_6.9.0.202307051724\\db\/plugins/boardmanager/
2023-07-17 16:22:52,334 [WARN] ApiDb:259 - Overriding images path with different value:  => C:\ST\STM32CubeIDE_1.13.0\STM32CubeIDE\plugins\com.st.stm32cube.common.mx_6.9.0.202307051724\\db\/plugins/mcufinder/images/
2023-07-17 16:22:52,345 [INFO] ApiDb:250 - Set database path to: C:\Users\User\.stmcufinder\plugins\mcufinder//mcu/
2023-07-17 16:22:52,346 [INFO] DbMcusAds:125 - Set database path to: C:\Users\User\.stmcufinder\plugins\mcufinder//mcu/
2023-07-17 16:22:52,347 [INFO] CrossReferenceDbSqlite:203 - Set database path to: C:\Users\User\.stmcufinder\plugins\mcufinder//mcu/cs/
2023-07-17 16:22:52,509 [INFO] RulesReader:64 - Compatibility file has been processed (293 Rules)
2023-07-17 16:22:52,576 [INFO] DbMcusXml:78 - Set database path to: C:\ST\STM32CubeIDE_1.13.0\STM32CubeIDE\plugins\com.st.stm32cube.common.mx_6.9.0.202307051724\\db\/mcu/
2023-07-17 16:22:52,577 [INFO] ApiDb:274 - Set plugin database path to: C:\ST\STM32CubeIDE_1.13.0\STM32CubeIDE\plugins\com.st.stm32cube.common.mx_6.9.0.202307051724\\db\/plugins/boardmanager/
2023-07-17 16:22:52,577 [INFO] ApiDb:261 - Set plugin images path to: C:\ST\STM32CubeIDE_1.13.0\STM32CubeIDE\plugins\com.st.stm32cube.common.mx_6.9.0.202307051724\\db\/plugins/mcufinder/images/
2023-07-17 16:22:52,577 [WARN] DbFile:41 - Overriding database path with different value: C:\Users\User\.stmcufinder\plugins\mcufinder/ => C:\Users\User\.stmcufinder\plugins\mcufinder
2023-07-17 16:22:52,577 [INFO] ApiDb:250 - Set database path to: C:\Users\User\.stmcufinder\plugins\mcufinder//mcu/
2023-07-17 16:22:52,577 [WARN] DbFile:41 - Overriding database path with different value: C:\Users\User\.stmcufinder\plugins\mcufinder/ => C:\Users\User\.stmcufinder\plugins\mcufinder
2023-07-17 16:22:52,577 [INFO] DbMcusAds:125 - Set database path to: C:\Users\User\.stmcufinder\plugins\mcufinder//mcu/
2023-07-17 16:22:52,577 [WARN] DbFile:41 - Overriding database path with different value: C:\Users\User\.stmcufinder\plugins\mcufinder/ => C:\Users\User\.stmcufinder\plugins\mcufinder
2023-07-17 16:22:52,578 [WARN] DbFile:41 - Overriding database path with different value: C:\Users\User\.stmcufinder\plugins\mcufinder/ => C:\Users\User\.stmcufinder\plugins\mcufinder
2023-07-17 16:22:52,578 [INFO] CrossReferenceDbSqlite:203 - Set database path to: C:\Users\User\.stmcufinder\plugins\mcufinder//mcu/cs/
2023-07-17 16:22:52,652 [INFO] MainPanel:262 - HeapMemory: 268435456
2023-07-17 16:22:52,736 [INFO] DbMcusXml:78 - Set database path to: C:\ST\STM32CubeIDE_1.13.0\STM32CubeIDE\plugins\com.st.stm32cube.common.mx_6.9.0.202307051724\\db\/mcu/
2023-07-17 16:22:52,736 [INFO] ApiDb:274 - Set plugin database path to: C:\ST\STM32CubeIDE_1.13.0\STM32CubeIDE\plugins\com.st.stm32cube.common.mx_6.9.0.202307051724\\db\/plugins/boardmanager/
2023-07-17 16:22:52,736 [INFO] ApiDb:261 - Set plugin images path to: C:\ST\STM32CubeIDE_1.13.0\STM32CubeIDE\plugins\com.st.stm32cube.common.mx_6.9.0.202307051724\\db\/plugins/mcufinder/images/
2023-07-17 16:22:52,737 [WARN] DbFile:41 - Overriding database path with different value: C:\Users\User\.stmcufinder\plugins\mcufinder/ => C:\Users\User\.stmcufinder\plugins\mcufinder
2023-07-17 16:22:52,737 [INFO] ApiDb:250 - Set database path to: C:\Users\User\.stmcufinder\plugins\mcufinder//mcu/
2023-07-17 16:22:52,737 [WARN] DbFile:41 - Overriding database path with different value: C:\Users\User\.stmcufinder\plugins\mcufinder/ => C:\Users\User\.stmcufinder\plugins\mcufinder
2023-07-17 16:22:52,737 [INFO] DbMcusAds:125 - Set database path to: C:\Users\User\.stmcufinder\plugins\mcufinder//mcu/
2023-07-17 16:22:52,737 [WARN] DbFile:41 - Overriding database path with different value: C:\Users\User\.stmcufinder\plugins\mcufinder/ => C:\Users\User\.stmcufinder\plugins\mcufinder
2023-07-17 16:22:52,737 [WARN] DbFile:41 - Overriding database path with different value: C:\Users\User\.stmcufinder\plugins\mcufinder/ => C:\Users\User\.stmcufinder\plugins\mcufinder
2023-07-17 16:22:52,737 [INFO] CrossReferenceDbSqlite:203 - Set database path to: C:\Users\User\.stmcufinder\plugins\mcufinder//mcu/cs/
2023-07-17 16:22:52,772 [INFO] ApplicationProperties:184 - Using Application install path: C:\ST\STM32CubeIDE_1.13.0\STM32CubeIDE\plugins\com.st.stm32cube.common.mx_6.9.0.202307051724
2023-07-17 16:22:52,773 [INFO] PluginManage:196 - Search for loadable plugins [exclusion list=, ]
2023-07-17 16:22:52,780 [INFO] PluginManage:310 - Check plugin analytics
2023-07-17 16:22:52,930 [INFO] AnalyticsPlugin:253 - Accepted Software Licenses: 
2023-07-17 16:22:52,930 [INFO] AnalyticsPlugin:255 - Accepted CMSIS Pack Licenses: 
2023-07-17 16:22:52,930 [INFO] AnalyticsPlugin:257 - Accepted Firmware Licenses: FW.F7.1.17.0
2023-07-17 16:22:52,932 [INFO] PluginManage:359 - Loaded plugin analytics (category:tool,tabindex:-1)
2023-07-17 16:22:52,933 [INFO] PluginManage:310 - Check plugin cadmodel
2023-07-17 16:22:52,945 [INFO] CADModel:105 - Init CAD model plugin
2023-07-17 16:22:52,945 [INFO] PluginManage:359 - Loaded plugin cadmodel (category:power,tabindex:5)
2023-07-17 16:22:52,945 [INFO] PluginManage:310 - Check plugin clock
2023-07-17 16:22:52,961 [INFO] PluginManage:359 - Loaded plugin clock (category:base,tabindex:2)
2023-07-17 16:22:52,962 [INFO] PluginManage:310 - Check plugin ddr
2023-07-17 16:22:52,964 [INFO] PluginManage:359 - Loaded plugin ddr (category:tool,tabindex:6)
2023-07-17 16:22:52,964 [INFO] PluginManage:310 - Check plugin filemanager
2023-07-17 16:22:53,074 [INFO] PluginManage:359 - Loaded plugin filemanager (category:base,tabindex:10)
2023-07-17 16:22:53,074 [INFO] PluginManage:310 - Check plugin ipmanager
2023-07-17 16:22:53,082 [INFO] PluginManage:359 - Loaded plugin ipmanager (category:base,tabindex:5)
2023-07-17 16:22:53,082 [INFO] PluginManage:310 - Check plugin lpbam
2023-07-17 16:22:53,096 [INFO] PluginManage:359 - Loaded plugin lpbam (category:base,tabindex:0)
2023-07-17 16:22:53,096 [INFO] PluginManage:310 - Check plugin memorymap
2023-07-17 16:22:53,118 [INFO] PluginManage:359 - Loaded plugin memorymap (category:base,tabindex:4)
2023-07-17 16:22:53,118 [INFO] PluginManage:310 - Check plugin pinoutandconfiguration
2023-07-17 16:22:53,131 [INFO] PluginManage:359 - Loaded plugin pinoutandconfiguration (category:base,tabindex:1)
2023-07-17 16:22:53,131 [INFO] PluginManage:310 - Check plugin pinoutconfig
2023-07-17 16:22:53,209 [WARN] SupportedApi:132 - Cannot load RTOS API schema: s4s-elt-must-match.1: The content of 'definitions' must match (annotation?, (simpleType | complexType)?, (unique | key | keyref)*)). A problem was found starting at: attribute.
2023-07-17 16:22:53,352 [INFO] PluginManage:359 - Loaded plugin pinoutconfig (category:base,tabindex:0)
2023-07-17 16:22:53,352 [INFO] PluginManage:310 - Check plugin power
2023-07-17 16:22:53,369 [INFO] PluginManage:359 - Loaded plugin power (category:power,tabindex:4)
2023-07-17 16:22:53,369 [INFO] PluginManage:310 - Check plugin projectmanager
2023-07-17 16:22:53,380 [INFO] PluginManage:359 - Loaded plugin projectmanager (category:projectmanager,tabindex:3)
2023-07-17 16:22:53,380 [INFO] PluginManage:310 - Check plugin thirdparty
2023-07-17 16:22:53,574 [INFO] PluginManage:359 - Loaded plugin thirdparty (category:base,tabindex:-1)
2023-07-17 16:22:53,574 [WARN] IntegrityCheckThread:84 - waiting for thirdparty lock release [integrity check]
2023-07-17 16:22:53,575 [INFO] PluginManage:310 - Check plugin tools
2023-07-17 16:22:53,575 [INFO] IntegrityCheckThread:86 - entering critical section [integrity check]
2023-07-17 16:22:53,575 [INFO] ThirdPartyUpdaterWithRetryManager:70 - Updater plugin not ready yet. [1/15]
2023-07-17 16:22:53,600 [INFO] PluginManage:359 - Loaded plugin tools (category:base,tabindex:7)
2023-07-17 16:22:53,600 [INFO] PluginManage:310 - Check plugin tutovideos
2023-07-17 16:22:53,774 [INFO] PluginManage:359 - Loaded plugin tutovideos (category:base,tabindex:-1)
2023-07-17 16:22:53,775 [INFO] PluginManage:310 - Check plugin updater
2023-07-17 16:22:53,785 [INFO] PluginManage:359 - Loaded plugin updater (category:base,tabindex:12)
2023-07-17 16:22:53,785 [INFO] PluginManage:310 - Check plugin userauth
2023-07-17 16:22:53,791 [INFO] UserAuth:113 - Init User Auth plugin
2023-07-17 16:22:53,791 [INFO] PluginManage:359 - Loaded plugin userauth (category:base,tabindex:14)
2023-07-17 16:22:53,791 [INFO] PluginManage:283 - PluginManage : Loaded plugins [17]
2023-07-17 16:22:53,991 [INFO] PinOutPanel:1499 - setPackage(No Configuration,No Configuration)
2023-07-17 16:22:54,090 [INFO] CADModel:165 - CPN selected for project level
2023-07-17 16:22:54,090 [INFO] CADModel:114 - Register for checkConnection events
2023-07-17 16:22:54,116 [INFO] IPUIPlugin:80 - create IPUIPlugin
2023-07-17 16:22:54,116 [INFO] PluginManager:220 - loadIPPluginJar : add adc
2023-07-17 16:22:54,144 [INFO] IPUIPlugin:80 - create IPUIPlugin
2023-07-17 16:22:54,144 [INFO] PluginManager:220 - loadIPPluginJar : add aes
2023-07-17 16:22:54,175 [INFO] IPUIPlugin:80 - create IPUIPlugin
2023-07-17 16:22:54,176 [INFO] PluginManager:220 - loadIPPluginJar : add can
2023-07-17 16:22:54,193 [INFO] IPUIPlugin:80 - create IPUIPlugin
2023-07-17 16:22:54,193 [INFO] PluginManager:220 - loadIPPluginJar : add comp
2023-07-17 16:22:54,218 [INFO] IPUIPlugin:80 - create IPUIPlugin
2023-07-17 16:22:54,218 [INFO] PluginManager:220 - loadIPPluginJar : add cryp
2023-07-17 16:22:54,243 [INFO] IPUIPlugin:80 - create IPUIPlugin
2023-07-17 16:22:54,243 [INFO] PluginManager:220 - loadIPPluginJar : add dfsdm
2023-07-17 16:22:54,255 [INFO] IPUIPlugin:80 - create IPUIPlugin
2023-07-17 16:22:54,256 [INFO] PluginManager:220 - loadIPPluginJar : add dma
2023-07-17 16:22:54,292 [INFO] IPUIPlugin:80 - create IPUIPlugin
2023-07-17 16:22:54,292 [INFO] PluginManager:220 - loadIPPluginJar : add dma3
2023-07-17 16:22:54,307 [INFO] IPUIPlugin:80 - create IPUIPlugin
2023-07-17 16:22:54,307 [INFO] PluginManager:220 - loadIPPluginJar : add fatfs
2023-07-17 16:22:54,342 [INFO] IPUIPlugin:80 - create IPUIPlugin
2023-07-17 16:22:54,342 [INFO] PluginManager:220 - loadIPPluginJar : add fmc
2023-07-17 16:22:54,354 [INFO] IPUIPlugin:80 - create IPUIPlugin
2023-07-17 16:22:54,354 [INFO] PluginManager:220 - loadIPPluginJar : add freertos
2023-07-17 16:22:54,371 [INFO] IPUIPlugin:80 - create IPUIPlugin
2023-07-17 16:22:54,372 [INFO] PluginManager:220 - loadIPPluginJar : add genericplugin
2023-07-17 16:22:54,445 [INFO] IPUIPlugin:80 - create IPUIPlugin
2023-07-17 16:22:54,445 [INFO] PluginManager:220 - loadIPPluginJar : add gfxmmu
2023-07-17 16:22:54,548 [INFO] IPUIPlugin:80 - create IPUIPlugin
2023-07-17 16:22:54,549 [INFO] PluginManager:220 - loadIPPluginJar : add gic
2023-07-17 16:22:54,562 [INFO] IPUIPlugin:80 - create IPUIPlugin
2023-07-17 16:22:54,562 [INFO] PluginManager:220 - loadIPPluginJar : add gpio
2023-07-17 16:22:54,624 [INFO] IPUIPlugin:80 - create IPUIPlugin
2023-07-17 16:22:54,624 [INFO] PluginManager:220 - loadIPPluginJar : add gtzc
2023-07-17 16:22:54,650 [INFO] IPUIPlugin:80 - create IPUIPlugin
2023-07-17 16:22:54,650 [INFO] PluginManager:220 - loadIPPluginJar : add hash
2023-07-17 16:22:54,687 [INFO] IPUIPlugin:80 - create IPUIPlugin
2023-07-17 16:22:54,687 [INFO] PluginManager:220 - loadIPPluginJar : add i2c
2023-07-17 16:22:54,719 [INFO] IPUIPlugin:80 - create IPUIPlugin
2023-07-17 16:22:54,719 [INFO] PluginManager:220 - loadIPPluginJar : add i2s
2023-07-17 16:22:54,750 [INFO] IPUIPlugin:80 - create IPUIPlugin
2023-07-17 16:22:54,750 [INFO] PluginManager:220 - loadIPPluginJar : add i3c
2023-07-17 16:22:54,825 [INFO] IPUIPlugin:80 - create IPUIPlugin
2023-07-17 16:22:54,825 [INFO] PluginManager:220 - loadIPPluginJar : add ipddr
2023-07-17 16:22:54,894 [INFO] IPUIPlugin:80 - create IPUIPlugin
2023-07-17 16:22:54,894 [INFO] PluginManager:220 - loadIPPluginJar : add linkedlist
2023-07-17 16:22:54,920 [INFO] IPUIPlugin:80 - create IPUIPlugin
2023-07-17 16:22:54,920 [INFO] PluginManager:220 - loadIPPluginJar : add lorawan
2023-07-17 16:22:54,947 [INFO] IPUIPlugin:80 - create IPUIPlugin
2023-07-17 16:22:54,947 [INFO] PluginManager:220 - loadIPPluginJar : add ltdc
2023-07-17 16:22:54,960 [INFO] IPUIPlugin:80 - create IPUIPlugin
2023-07-17 16:22:54,960 [INFO] PluginManager:220 - loadIPPluginJar : add mdma
2023-07-17 16:22:54,971 [INFO] IPUIPlugin:80 - create IPUIPlugin
2023-07-17 16:22:54,971 [INFO] PluginManager:220 - loadIPPluginJar : add nvic
2023-07-17 16:22:55,000 [INFO] IPUIPlugin:80 - create IPUIPlugin
2023-07-17 16:22:55,001 [INFO] PluginManager:220 - loadIPPluginJar : add opamp
2023-07-17 16:22:55,048 [INFO] IPUIPlugin:80 - create IPUIPlugin
2023-07-17 16:22:55,048 [INFO] PluginManager:220 - loadIPPluginJar : add openamp
2023-07-17 16:22:55,081 [INFO] IPUIPlugin:80 - create IPUIPlugin
2023-07-17 16:22:55,081 [INFO] PluginManager:220 - loadIPPluginJar : add pdm2pcm
2023-07-17 16:22:55,092 [INFO] IPUIPlugin:80 - create IPUIPlugin
2023-07-17 16:22:55,094 [INFO] PluginManager:220 - loadIPPluginJar : add plateformsettings
2023-07-17 16:22:55,137 [INFO] IPUIPlugin:80 - create IPUIPlugin
2023-07-17 16:22:55,138 [INFO] PluginManager:220 - loadIPPluginJar : add quadspi
2023-07-17 16:22:55,266 [INFO] IPUIPlugin:80 - create IPUIPlugin
2023-07-17 16:22:55,266 [INFO] PluginManager:220 - loadIPPluginJar : add resmgrutility
2023-07-17 16:22:55,301 [INFO] IPUIPlugin:80 - create IPUIPlugin
2023-07-17 16:22:55,302 [INFO] PluginManager:220 - loadIPPluginJar : add sai
2023-07-17 16:22:55,329 [INFO] IPUIPlugin:80 - create IPUIPlugin
2023-07-17 16:22:55,329 [INFO] PluginManager:220 - loadIPPluginJar : add spi
2023-07-17 16:22:55,371 [INFO] IPUIPlugin:80 - create IPUIPlugin
2023-07-17 16:22:55,371 [INFO] PluginManager:220 - loadIPPluginJar : add stm32_wpan
2023-07-17 16:22:55,387 [INFO] IPUIPlugin:80 - create IPUIPlugin
2023-07-17 16:22:55,387 [INFO] PluginManager:220 - loadIPPluginJar : add tim
2023-07-17 16:22:55,424 [INFO] IPUIPlugin:80 - create IPUIPlugin
2023-07-17 16:22:55,424 [INFO] PluginManager:220 - loadIPPluginJar : add touchsensing
2023-07-17 16:22:55,440 [INFO] IPUIPlugin:80 - create IPUIPlugin
2023-07-17 16:22:55,440 [INFO] PluginManager:220 - loadIPPluginJar : add tracer_emb
2023-07-17 16:22:55,456 [INFO] IPUIPlugin:80 - create IPUIPlugin
2023-07-17 16:22:55,457 [INFO] PluginManager:220 - loadIPPluginJar : add ts
2023-07-17 16:22:55,471 [INFO] IPUIPlugin:80 - create IPUIPlugin
2023-07-17 16:22:55,471 [INFO] PluginManager:220 - loadIPPluginJar : add tsc
2023-07-17 16:22:55,486 [INFO] IPUIPlugin:80 - create IPUIPlugin
2023-07-17 16:22:55,486 [INFO] PluginManager:220 - loadIPPluginJar : add ucpd
2023-07-17 16:22:55,516 [INFO] IPUIPlugin:80 - create IPUIPlugin
2023-07-17 16:22:55,516 [INFO] PluginManager:220 - loadIPPluginJar : add usart
2023-07-17 16:22:55,545 [INFO] IPUIPlugin:80 - create IPUIPlugin
2023-07-17 16:22:55,545 [INFO] PluginManager:220 - loadIPPluginJar : add usbx
2023-07-17 16:22:55,650 [INFO] CADModel:165 - CPN selected for project level
2023-07-17 16:22:55,651 [INFO] CADModel:114 - Register for checkConnection events
2023-07-17 16:22:55,651 [FATAL] Updater:308 - Updater called before beeing initialized
2023-07-17 16:22:55,651 [ERROR] CADModel:125 - Updater not yet initialized, retry later 
2023-07-17 16:22:55,786 [INFO] CADModel:165 - CPN selected for project level
2023-07-17 16:22:55,786 [INFO] CADModel:114 - Register for checkConnection events
2023-07-17 16:22:55,786 [FATAL] Updater:308 - Updater called before beeing initialized
2023-07-17 16:22:55,786 [ERROR] CADModel:125 - Updater not yet initialized, retry later 
2023-07-17 16:22:55,790 [FATAL] Updater:308 - Updater called before beeing initialized
2023-07-17 16:22:55,875 [FATAL] Updater:308 - Updater called before beeing initialized
2023-07-17 16:22:55,883 [INFO] DbMcusAds:53 - JSON generation date=Thu Sep 30 13:55:09 ICT 2021 (1632984909247)
2023-07-17 16:22:55,884 [FATAL] Updater:308 - Updater called before beeing initialized
2023-07-17 16:22:55,929 [WARN] DetailPanel:346 - Failed to get advertising image, set to default
2023-07-17 16:22:56,000 [FATAL] Updater:308 - Updater called before beeing initialized
2023-07-17 16:22:56,002 [FATAL] Updater:308 - Updater called before beeing initialized
2023-07-17 16:22:56,002 [FATAL] Updater:308 - Updater called before beeing initialized
2023-07-17 16:22:56,002 [WARN] DetailPanel:346 - Failed to get advertising image, set to default
2023-07-17 16:22:56,003 [FATAL] Updater:308 - Updater called before beeing initialized
2023-07-17 16:22:56,050 [ERROR] Updater:1120 - MainUpdater not yet initialized. External WinMGr cannot be set.
2023-07-17 16:22:56,059 [INFO] Updater:1056 - Updater Version found : 6.9.0
2023-07-17 16:22:56,075 [INFO] ApplicationProperties:184 - Using Application install path: C:\ST\STM32CubeIDE_1.13.0\STM32CubeIDE\plugins\com.st.stm32cube.common.mx_6.9.0.202307051724
2023-07-17 16:22:56,143 [INFO] MainUpdater:2868 - connection check result : 10
2023-07-17 16:22:56,144 [INFO] MainUpdater:285 - Updater Check For Update Now.
2023-07-17 16:22:56,145 [INFO] MicroXplorer:498 - Change Database Version : DB.6.0.90
2023-07-17 16:22:56,158 [INFO] McuFinderGlobals:63 - Set McuFinder mode to 2 (CubeIDE integrated)
2023-07-17 16:22:56,288 [INFO] CheckServerUpdateThread:120 - End of CheckServer Thread
2023-07-17 16:22:56,689 [WARN] PackLoader:240 - Cannot read IP mode file for STMicroelectronics.X-CUBE-SMBUS.2.1.0
2023-07-17 16:22:56,725 [WARN] PackLoader:240 - Cannot read IP mode file for STMicroelectronics.X-CUBE-AZRTOS-F7.1.1.0
2023-07-17 16:22:56,738 [WARN] PackLoader:240 - Cannot read IP mode file for STMicroelectronics.FP-SNS-MOTENV1.4.3.2
2023-07-17 16:22:56,746 [WARN] PackLoader:240 - Cannot read IP mode file for STMicroelectronics.FP-SNS-FLIGHT1.5.0.1
2023-07-17 16:22:56,756 [WARN] PackLoader:240 - Cannot read IP mode file for STMicroelectronics.X-CUBE-BLE1.6.2.4
2023-07-17 16:22:56,764 [WARN] PackLoader:240 - Cannot read IP mode file for STMicroelectronics.X-CUBE-DISPLAY.3.0.0
2023-07-17 16:22:56,771 [WARN] PackLoader:240 - Cannot read IP mode file for emotas.I-CUBE-CANOPEN.1.3.0
2023-07-17 16:22:56,776 [WARN] PackLoader:240 - Cannot read IP mode file for STMicroelectronics.X-CUBE-TOUCHGFX.4.22.0
2023-07-17 16:22:56,784 [INFO] LogOutputStream:77 - [STDOUT_REDIRECT] 1 : Invalid condition id : UX_CORESTACK_Condition cause : null
2023-07-17 16:22:56,785 [INFO] LogOutputStream:77 - [STDOUT_REDIRECT] 1 : Invalid condition id : UX_CORESTACK_Condition cause : null
2023-07-17 16:22:56,785 [INFO] LogOutputStream:77 - [STDOUT_REDIRECT] 1 : Invalid condition id : UX_CORESTACK_Condition cause : null
2023-07-17 16:22:56,786 [INFO] LogOutputStream:77 - [STDOUT_REDIRECT] 1 : Invalid condition id : UX_CORESTACK_Condition cause : null
2023-07-17 16:22:56,786 [INFO] LogOutputStream:77 - [STDOUT_REDIRECT] 1 : Invalid condition id : UX_CORESTACK_Condition cause : null
2023-07-17 16:22:56,790 [WARN] PackLoader:240 - Cannot read IP mode file for STMicroelectronics.X-CUBE-AZRTOS-WL.2.0.0
2023-07-17 16:22:56,797 [WARN] PackLoader:240 - Cannot read IP mode file for WES.I-CUBE-Cesium.1.3.0
2023-07-17 16:22:56,802 [WARN] PackLoader:240 - Cannot read IP mode file for STMicroelectronics.X-CUBE-BLE2.3.3.0
2023-07-17 16:22:56,808 [WARN] PackLoader:240 - Cannot read IP mode file for STMicroelectronics.X-CUBE-ALGOBUILD.1.3.0
2023-07-17 16:22:56,824 [WARN] PackLoader:240 - Cannot read IP mode file for STMicroelectronics.X-CUBE-AZRTOS-G0.1.1.0
2023-07-17 16:22:56,831 [WARN] PackLoader:240 - Cannot read IP mode file for STMicroelectronics.X-CUBE-NFC4.3.0.0
2023-07-17 16:22:56,836 [WARN] PackLoader:240 - Cannot read IP mode file for STMicroelectronics.FP-ATR-SIGFOX1.3.2.0
2023-07-17 16:22:56,863 [WARN] PackLoader:240 - Cannot read IP mode file for SEGGER.I-CUBE-embOS.1.3.1
2023-07-17 16:22:56,891 [WARN] PackLoader:240 - Cannot read IP mode file for STMicroelectronics.X-CUBE-GNSS1.6.0.0
2023-07-17 16:22:56,900 [WARN] PackLoader:240 - Cannot read IP mode file for STMicroelectronics.X-CUBE-AZRTOS-F4.1.1.0
2023-07-17 16:22:56,906 [WARN] PackLoader:240 - Cannot read IP mode file for wolfSSL.I-CUBE-wolfSSL.5.6.3
2023-07-17 16:22:56,935 [WARN] PackLoader:240 - Cannot read IP mode file for STMicroelectronics.X-CUBE-MEMS1.9.6.0
2023-07-17 16:22:57,022 [WARN] PackLoader:240 - Cannot read IP mode file for STMicroelectronics.X-CUBE-BLEMGR.2.0.0
2023-07-17 16:22:57,036 [WARN] ConditionMgr:438 - getConditionDescription Invalid condition id : UX DEVICE CLASS RTOS Condition cause : null
2023-07-17 16:22:57,037 [WARN] ConditionMgr:438 - getConditionDescription Invalid condition id : UX DEVICE CLASS RTOS Condition cause : null
2023-07-17 16:22:57,040 [WARN] PackLoader:240 - Cannot read IP mode file for STMicroelectronics.X-CUBE-AZRTOS-H7.3.1.0
2023-07-17 16:22:57,041 [WARN] ConditionMgr:1039 - genDependencies : Invalid condition id : UX DEVICE CLASS RTOS Condition cause : null
2023-07-17 16:22:57,042 [WARN] ConditionMgr:1039 - genDependencies : Invalid condition id : UX DEVICE CLASS RTOS Condition cause : null
2023-07-17 16:22:57,042 [WARN] ConditionMgr:1039 - genDependencies : Invalid condition id : UX DEVICE CLASS RTOS Condition cause : null
2023-07-17 16:22:57,043 [WARN] ConditionMgr:1039 - genDependencies : Invalid condition id : UX DEVICE CLASS RTOS Condition cause : null
2023-07-17 16:22:57,043 [WARN] ConditionMgr:1039 - genDependencies : Invalid condition id : UX DEVICE CLASS RTOS Condition cause : null
2023-07-17 16:22:57,051 [WARN] PackLoader:240 - Cannot read IP mode file for STMicroelectronics.X-CUBE-NFC7.1.0.1
2023-07-17 16:22:57,058 [WARN] PackLoader:240 - Cannot read IP mode file for STMicroelectronics.X-CUBE-EEPRMA1.4.1.0
2023-07-17 16:22:57,091 [WARN] ConditionMgr:438 - getConditionDescription Invalid condition id : LAN8742 Phy interface Condition cause : null
2023-07-17 16:22:57,092 [WARN] PackLoader:240 - Cannot read IP mode file for STMicroelectronics.X-CUBE-AZRTOS-L4.2.0.0
2023-07-17 16:22:57,094 [WARN] ConditionMgr:1039 - genDependencies : Invalid condition id : LAN8742 Phy interface Condition cause : null
2023-07-17 16:22:57,094 [WARN] ConditionMgr:1039 - genDependencies : Invalid condition id : LAN8742 Phy interface Condition cause : null
2023-07-17 16:22:57,095 [WARN] ConditionMgr:1039 - genDependencies : Invalid condition id : LAN8742 Phy interface Condition cause : null
2023-07-17 16:22:57,110 [WARN] PackLoader:240 - Cannot read IP mode file for STMicroelectronics.X-CUBE-SFXS2LP1.4.0.0
2023-07-17 16:22:57,116 [WARN] PackLoader:240 - Cannot read IP mode file for STMicroelectronics.X-CUBE-ISPU.1.1.0
2023-07-17 16:22:57,122 [WARN] PackLoader:240 - Cannot read IP mode file for STMicroelectronics.X-CUBE-FREERTOS.1.0.1
2023-07-17 16:22:57,132 [WARN] PackLoader:240 - Cannot read IP mode file for STMicroelectronics.X-CUBE-AZRTOS-L5.1.1.0
2023-07-17 16:22:57,138 [WARN] PackLoader:240 - Cannot read IP mode file for STMicroelectronics.X-CUBE-AI.8.0.1
2023-07-17 16:22:57,147 [WARN] PackLoader:240 - Cannot read IP mode file for STMicroelectronics.X-CUBE-SUBG2.5.0.0
2023-07-17 16:22:57,163 [WARN] PackLoader:240 - Cannot read IP mode file for STMicroelectronics.X-CUBE-AZRTOS-G4.2.0.0
2023-07-17 16:22:57,176 [WARN] PackLoader:240 - Cannot read IP mode file for STMicroelectronics.X-CUBE-TOF1.3.3.0
2023-07-17 16:22:57,187 [WARN] PackLoader:240 - Cannot read IP mode file for portGmbH.I-Cube-SoM-uGOAL.1.1.0
2023-07-17 16:22:57,191 [WARN] PackLoader:240 - Cannot read IP mode file for STMicroelectronics.X-CUBE-ALS.1.0.1
2023-07-17 16:22:57,199 [WARN] PackLoader:240 - Cannot read IP mode file for STMicroelectronics.X-CUBE-AZRTOS-WB.1.1.0
2023-07-17 16:22:57,204 [WARN] PackLoader:240 - Cannot read IP mode file for STMicroelectronics.FP-ATR-ASTRA1.2.0.0
2023-07-17 16:22:57,204 [INFO] ThirdParty:978 - Integrity check success = true
2023-07-17 16:22:57,204 [INFO] IntegrityCheckThread:100 - exiting critical section [integrity check]
2023-07-17 16:22:57,204 [INFO] IntegrityCheckThread:103 - End integrity checks thread
2023-07-17 16:23:17,045 [ERROR] LogOutputStream:75 - [STDERR_REDIRECT] SLF4J: Failed to load class "org.slf4j.impl.StaticLoggerBinder".
2023-07-17 16:23:17,045 [ERROR] LogOutputStream:75 - [STDERR_REDIRECT] SLF4J: Defaulting to no-operation (NOP) logger implementation
2023-07-17 16:23:17,046 [ERROR] LogOutputStream:75 - [STDERR_REDIRECT] SLF4J: See http://www.slf4j.org/codes.html#StaticLoggerBinder for further details.
2023-07-17 16:24:04,438 [INFO] McuFinderGlobals:63 - Set McuFinder mode to 2 (CubeIDE integrated)
2023-07-17 16:24:04,458 [INFO] MainUpdater:2868 - connection check result : 10
2023-07-17 16:24:04,477 [INFO] McuFinderGlobals:76 - Set McuFinderConnectedMode to true
2023-07-17 16:24:04,726 [INFO] ServerAccessManage:473 - Download File mcusAds.json._tmp_
2023-07-17 16:24:04,857 [INFO] LoadUrlFilesThread:156 - End of LoadUrlFiles Thread
2023-07-17 16:24:05,009 [INFO] ServerAccessManage:473 - Download File cube-finder-db.zip
2023-07-17 16:24:08,454 [INFO] FileExtend:240 - Unzip File : cube-finder-db.zip
2023-07-17 16:24:08,454 [INFO] FileExtend:255 - Standard Zip Deflate
2023-07-17 16:24:09,217 [INFO] LoadUrlFilesThread:156 - End of LoadUrlFiles Thread
2023-07-17 16:24:21,546 [INFO] ServerAccessManage:473 - Download File crdb.zip
2023-07-17 16:24:23,122 [INFO] FileExtend:240 - Unzip File : crdb.zip
2023-07-17 16:24:23,122 [INFO] FileExtend:255 - Standard Zip Deflate
2023-07-17 16:24:23,267 [INFO] LoadUrlFilesThread:156 - End of LoadUrlFiles Thread
2023-07-17 16:24:23,510 [INFO] ServerAccessManage:473 - Download File tutoVideoDB.zip
2023-07-17 16:24:23,528 [INFO] FileExtend:240 - Unzip File : tutoVideoDB.zip
2023-07-17 16:24:23,528 [INFO] FileExtend:255 - Standard Zip Deflate
2023-07-17 16:24:23,648 [INFO] LoadUrlFilesThread:156 - End of LoadUrlFiles Thread
2023-07-17 16:24:23,652 [WARN] DbFile:41 - Overriding database path with different value: C:\Users\User\.stmcufinder\plugins\mcufinder/ => C:\Users\User\.stmcufinder\plugins\mcufinder
2023-07-17 16:24:23,765 [INFO] ServerAccessManage:473 - Download File api_config.json
2023-07-17 16:24:23,875 [INFO] LoadUrlFilesThread:156 - End of LoadUrlFiles Thread
2023-07-17 16:24:23,876 [INFO] DbMcusAds:53 - JSON generation date=Tue Mar 07 15:50:55 ICT 2023 (1678179055114)
2023-07-17 16:24:23,934 [INFO] ServerAccessManage:473 - Download File 
2023-07-17 16:24:23,947 [INFO] LoadUrlFilesThread:185 - End of LoadServerUrlFiles without Thread
2023-07-17 16:24:23,948 [INFO] TargetSelectorAdapter:259 - Refresh data is successful
2023-07-17 16:24:24,075 [INFO] ApiDb:581 - Connected to CubeFinder SQLite database (C:\Users\User\.stmcufinder\plugins\mcufinder\mcu\cube-finder-db.db)
2023-07-17 16:24:24,134 [INFO] ApiDb:668 - CubeFinder database Data Model version=2.1
2023-07-17 16:24:24,135 [INFO] ApiDb:669 - CubeFinder database Configuration version=3.0.37
2023-07-17 16:24:24,135 [INFO] ApiDb:670 - CubeFinder database generation date=2023-06-26 (1687786131)
2023-07-17 16:24:24,135 [INFO] ApiDb:671 - CubeFinder database FW Pack versions=[FP-ATR-ASTRA1_V2.0.0, FP-SNS-FLIGHT1_V5.0.1, FP-SNS-MOTENV1_V4.3.1, STM32Cube_FW_C0_V1.1.0, STM32Cube_FW_F4_V1.27.1, STM32Cube_FW_F7_V1.17.0, STM32Cube_FW_G0_V1.6.1, STM32Cube_FW_G4_V1.5.1, STM32Cube_FW_H5_V0.5.1, STM32Cube_FW_H5_V1.1.0, STM32Cube_FW_H7_V1.11.0, STM32Cube_FW_L0_V1.12.2, STM32Cube_FW_L5_V1.5.0, STM32Cube_FW_U5_V1.3.0, STM32Cube_FW_U5_V1.3.0RC4, STM32Cube_FW_WBA_V1.0.0RC1, STM32Cube_FW_WBA_V1.1.0, STM32Cube_FW_WBA_V1.1.0RC1, STM32Cube_FW_WB_V1.15.0RC1, STM32Cube_FW_WB_V1.16.0, STM32Cube_FW_WB_V1.16.0RC2, STM32Cube_FW_WB_V1.17.0, STM32Cube_FW_WL_V1.3.0, X-CUBE-ALGOBUILD_V1.3.0, X-CUBE-ALS_V1.0.1, X-CUBE-AZRTOS-F4_V1.1.0, X-CUBE-AZRTOS-F7_V1.1.0, X-CUBE-AZRTOS-G0_V1.1.0, X-CUBE-AZRTOS-G4_V2.0.0, X-CUBE-AZRTOS-H7_V3.1.0, X-CUBE-AZRTOS-L4_V1.0.0, X-CUBE-AZRTOS-L4_V2.0.0, X-CUBE-AZRTOS-L5_V1.1.0, X-CUBE-AZRTOS-WB_V1.1.0, X-CUBE-AZRTOS-WL_V2.0.0, X-CUBE-BLE1_V6.2.4, X-CUBE-BLE2_V3.3.0, X-CUBE-BLEMGR_V2.0.0, X-CUBE-EEPRMA1_V4.1.0, X-CUBE-FREERTOS_V1.0.1, X-CUBE-GNSS1_V6.0.0, X-CUBE-MEMS1_V9.1.0, X-CUBE-MEMS1_V9.4.0, X-CUBE-MEMS1_V9.6.0, X-CUBE-NFC4_V3.0.0, X-CUBE-NFC7_V1.0.0, X-CUBE-SFXS2LP1_V4.0.0, X-CUBE-SUBG2_V5.0.0]
2023-07-17 16:24:25,273 [INFO] ApiDb:240 - Found 323 in-development CPN: [B-G473E-ZEST1S, B-WB1M-WPAN1, B-WL5M-SUBG1, NUCLEO-C031C6, NUCLEO-H503RB, NUCLEO-H563ZI, NUCLEO-U545RE-Q, NUCLEO-U5A5ZJ-Q, NUCLEO-WBA52CG, STEVAL-PROTEUS1, STEVAL-SMARTAG2, STEVAL-STWINBX1, STM320518-EVAL, STM32C0116-DK, STM32C011D6Y3TR, STM32C011D6Y6TR, STM32C011F4P3, STM32C011F4P6, STM32C011F4U3, STM32C011F4U6TR, STM32C011F6P3, STM32C011F6P6, STM32C011F6U3, STM32C011F6U6TR, STM32C011J4M3, STM32C011J4M6, STM32C011J6M3, STM32C011J6M6, STM32C0316-DK, STM32C031C4T3, STM32C031C4T6, STM32C031C4U3, STM32C031C4U6, STM32C031C6T3, STM32C031C6T6, STM32C031C6U3, STM32C031C6U6, STM32C031F4P3, STM32C031F4P6, STM32C031F6P3, STM32C031F6P6, STM32C031G4U3, STM32C031G4U6, STM32C031G6U3, STM32C031G6U6, STM32C031K4T3, STM32C031K4T6, STM32C031K4U3, STM32C031K4U6, STM32C031K6T3, STM32C031K6T6, STM32C031K6U3, STM32C031K6U6, STM32G071K8TXN, STM32G071K8UXN, STM32G081GBU6N, STM32G081KBT6N, STM32G081KBUXN, STM32G0B1CCT6N, STM32G0B1KCT6, STM32G0B1NEY6TR, STM32G0B1RCT6N, STM32G0C1CCT6, STM32G0C1CCT6N, STM32G0C1CCU6N, STM32G0C1CET6N, STM32G0C1CEU6N, STM32G0C1KCT6, STM32G0C1NEY6TR, STM32G0C1RCI6N, STM32G0C1RCT6N, STM32G0C1REI6N, STM32G0C1RET6N, STM32G0C1VCI6, STM32G0C1VEI6, STM32G471CCT6, STM32G471CCU6, STM32G471CET3, STM32G471CET6, STM32G471CEU3, STM32G471CEU6, STM32G471MCT6, STM32G471MET3, STM32G471MET6, STM32G471MEY6TR, STM32G471QCT6, STM32G471QET3, STM32G471RCT6, STM32G471RET3, STM32G471RET6, STM32G471VCH6, STM32G471VCI6, STM32G471VCT6, STM32G471VEH3, STM32G471VEH6, STM32G471VEI3, STM32G471VEI6, STM32G471VET3, STM32G471VET6, STM32G474CCT6, STM32H503CBT6, STM32H503CBU6, STM32H503EBY6TR, STM32H503KBU6, STM32H503RBT6, STM32H562AGI6, STM32H562AII6, STM32H562IGK6, STM32H562IGT6, STM32H562IIK6, STM32H562IIT6, STM32H562RGT6, STM32H562RGV6, STM32H562RIT6, STM32H562RIV6, STM32H562VGT6, STM32H562VIT6, STM32H562ZGT6, STM32H562ZIT6, STM32H563AGI6, STM32H563AII3Q, STM32H563AII6, STM32H563IGK6, STM32H563IGT6, STM32H563IIK3Q, STM32H563IIK6, STM32H563IIT3Q, STM32H563IIT6, STM32H563MIY3QTR, STM32H563RGT6, STM32H563RGV6, STM32H563RIT6, STM32H563RIV6, STM32H563VGT6, STM32H563VIT3Q, STM32H563VIT6, STM32H563ZGT6, STM32H563ZIT3Q, STM32H563ZIT6, STM32H573AII3Q, STM32H573AII6, STM32H573I-DK, STM32H573IIK3Q, STM32H573IIK6, STM32H573IIT3Q, STM32H573IIT6, STM32H573MIY3QTR, STM32H573RIT6, STM32H573RIV6, STM32H573VIT3Q, STM32H573VIT6, STM32H573ZIT3Q, STM32H573ZIT6, STM32L4R5QGI6STR, STM32MP131AAE3, STM32MP131AAF3, STM32MP131AAG3, STM32MP131CAE3, STM32MP131CAF3, STM32MP131CAG3, STM32MP131DAE7, STM32MP131DAF7, STM32MP131DAG7, STM32MP131FAE7, STM32MP131FAF7, STM32MP131FAG7, STM32MP133AAE3, STM32MP133AAF3, STM32MP133AAG3, STM32MP133CAE3, STM32MP133CAF3, STM32MP133CAG3, STM32MP133DAE7, STM32MP133DAF7, STM32MP133DAG7, STM32MP133FAE7, STM32MP133FAF7, STM32MP133FAG7, STM32MP135AAE3, STM32MP135AAF3, STM32MP135AAG3, STM32MP135CAE3, STM32MP135CAF3, STM32MP135CAG3, STM32MP135DAE7, STM32MP135DAF7, STM32MP135DAG7, STM32MP135F-DK, STM32MP135FAE7, STM32MP135FAF7, STM32MP135FAF7T, STM32MP135FAF7U, STM32MP135FAG7, STM32U535CBT6, STM32U535CBT6Q, STM32U535CBU6, STM32U535CBU6Q, STM32U535CCT6, STM32U535CCT6Q, STM32U535CCU6, STM32U535CCU6Q, STM32U535CET6, STM32U535CET6Q, STM32U535CEU6, STM32U535CEU6Q, STM32U535JEY6QTR, STM32U535NCY6QTR, STM32U535NEY6QTR, STM32U535RBI6, STM32U535RBI6Q, STM32U535RBT6, STM32U535RBT6Q, STM32U535RCI6, STM32U535RCI6Q, STM32U535RCT6, STM32U535RCT6Q, STM32U535REI6, STM32U535REI6Q, STM32U535RET6, STM32U535RET6Q, STM32U535VCI6, STM32U535VCI6Q, STM32U535VCT6, STM32U535VCT6Q, STM32U535VEI6, STM32U535VEI6Q, STM32U535VET6, STM32U535VET6Q, STM32U545CET6, STM32U545CET6Q, STM32U545CEU6, STM32U545CEU6Q, STM32U545JEY6QTR, STM32U545NEY6QTR, STM32U545REI6, STM32U545REI6Q, STM32U545RET6, STM32U545RET6Q, STM32U545VEI6, STM32U545VEI6Q, STM32U545VET6, STM32U545VET6Q, STM32U595AIH6, STM32U595AIH6Q, STM32U595AJH6, STM32U595AJH6Q, STM32U595QII6, STM32U595QII6Q, STM32U595QJI6, STM32U595QJI6Q, STM32U595RIT6, STM32U595RIT6Q, STM32U595RJT6, STM32U595RJT6Q, STM32U595VIT6, STM32U595VIT6Q, STM32U595VJT6, STM32U595VJT6Q, STM32U595ZIT6, STM32U595ZIT6Q, STM32U595ZIY6QTR, STM32U595ZJT6, STM32U595ZJT6Q, STM32U595ZJY6QTR, STM32U599BJY6QTR, STM32U599NIH6Q, STM32U599NJH6Q, STM32U599VIT6Q, STM32U599VJT6, STM32U599VJT6Q, STM32U599ZIT6Q, STM32U599ZIY6QTR, STM32U599ZJT6Q, STM32U599ZJY6QTR, STM32U5A5AJH6, STM32U5A5AJH6Q, STM32U5A5QJI6, STM32U5A5QJI6Q, STM32U5A5RJT6, STM32U5A5RJT6Q, STM32U5A5VJT6, STM32U5A5VJT6Q, STM32U5A5ZJT6, STM32U5A5ZJT6Q, STM32U5A5ZJY6QTR, STM32U5A9BJY6QTR, STM32U5A9J-DK, STM32U5A9NJH6Q, STM32U5A9VJT6Q, STM32U5A9ZJT6Q, STM32U5A9ZJY6QTR, STM32U5F7VIT6, STM32U5F7VIT6Q, STM32U5F7VJT6, STM32U5F7VJT6Q, STM32U5F9BJY6QTR, STM32U5F9NJH6Q, STM32U5F9VIT6Q, STM32U5F9VJT6Q, STM32U5F9ZIJ6QTR, STM32U5F9ZIT6Q, STM32U5F9ZJJ6QTR, STM32U5F9ZJT6Q, STM32U5G7VJT6, STM32U5G7VJT6Q, STM32U5G9BJY6QTR, STM32U5G9J-DK1, STM32U5G9J-DK2, STM32U5G9NJH6Q, STM32U5G9VJT6Q, STM32U5G9ZJJ6QTR, STM32U5G9ZJT6Q, STM32WB1MMCH6, STM32WBA52CEU6, STM32WBA52CEU6T, STM32WBA52CGU6, STM32WBA52CGU6T, STM32WBA52KEU6, STM32WBA52KEU6T, STM32WBA52KGU6, STM32WBA52KGU6T, STM32WL5MOCH6, STM32WL5MOCH6TR]
2023-07-17 16:24:25,277 [INFO] DbMcus:217 - Found 3848 MCUs, 3848 are supported
2023-07-17 16:24:25,277 [INFO] ApiDb:414 - User favorites file not found: C:\Users\User/.stm32cubeide/favorites.mcus.txt
2023-07-17 16:24:25,277 [INFO] DbMcus:223 - Set 0 / 0 favorites MCUs
2023-07-17 16:24:25,400 [INFO] ApiDb:668 - CubeFinder database Data Model version=2.1
2023-07-17 16:24:25,400 [INFO] ApiDb:669 - CubeFinder database Configuration version=3.0.37
2023-07-17 16:24:25,400 [INFO] ApiDb:670 - CubeFinder database generation date=2023-06-26 (1687786131)
2023-07-17 16:24:25,401 [INFO] ApiDb:671 - CubeFinder database FW Pack versions=[FP-ATR-ASTRA1_V2.0.0, FP-SNS-FLIGHT1_V5.0.1, FP-SNS-MOTENV1_V4.3.1, STM32Cube_FW_C0_V1.1.0, STM32Cube_FW_F4_V1.27.1, STM32Cube_FW_F7_V1.17.0, STM32Cube_FW_G0_V1.6.1, STM32Cube_FW_G4_V1.5.1, STM32Cube_FW_H5_V0.5.1, STM32Cube_FW_H5_V1.1.0, STM32Cube_FW_H7_V1.11.0, STM32Cube_FW_L0_V1.12.2, STM32Cube_FW_L5_V1.5.0, STM32Cube_FW_U5_V1.3.0, STM32Cube_FW_U5_V1.3.0RC4, STM32Cube_FW_WBA_V1.0.0RC1, STM32Cube_FW_WBA_V1.1.0, STM32Cube_FW_WBA_V1.1.0RC1, STM32Cube_FW_WB_V1.15.0RC1, STM32Cube_FW_WB_V1.16.0, STM32Cube_FW_WB_V1.16.0RC2, STM32Cube_FW_WB_V1.17.0, STM32Cube_FW_WL_V1.3.0, X-CUBE-ALGOBUILD_V1.3.0, X-CUBE-ALS_V1.0.1, X-CUBE-AZRTOS-F4_V1.1.0, X-CUBE-AZRTOS-F7_V1.1.0, X-CUBE-AZRTOS-G0_V1.1.0, X-CUBE-AZRTOS-G4_V2.0.0, X-CUBE-AZRTOS-H7_V3.1.0, X-CUBE-AZRTOS-L4_V1.0.0, X-CUBE-AZRTOS-L4_V2.0.0, X-CUBE-AZRTOS-L5_V1.1.0, X-CUBE-AZRTOS-WB_V1.1.0, X-CUBE-AZRTOS-WL_V2.0.0, X-CUBE-BLE1_V6.2.4, X-CUBE-BLE2_V3.3.0, X-CUBE-BLEMGR_V2.0.0, X-CUBE-EEPRMA1_V4.1.0, X-CUBE-FREERTOS_V1.0.1, X-CUBE-GNSS1_V6.0.0, X-CUBE-MEMS1_V9.1.0, X-CUBE-MEMS1_V9.4.0, X-CUBE-MEMS1_V9.6.0, X-CUBE-NFC4_V3.0.0, X-CUBE-NFC7_V1.0.0, X-CUBE-SFXS2LP1_V4.0.0, X-CUBE-SUBG2_V5.0.0]
2023-07-17 16:24:25,441 [INFO] DbBoardsSqlite:226 - include board P-NUCLEO-WB55-NUCLEO as a kit item of type 'Nucleo-64'
2023-07-17 16:24:25,441 [INFO] DbBoardsSqlite:226 - include board P-NUCLEO-WB55-USBDONGLE as a kit item of type 'Nucleo USB Dongle'
2023-07-17 16:24:25,442 [INFO] DbBoardsSqlite:226 - include board STEVAL-IDP005V1 as a kit item of type 'Evaluation Board'
2023-07-17 16:24:25,442 [INFO] DbBoardsSqlite:226 - include board STEVAL-IDP005V2 as a kit item of type 'Evaluation Board'
2023-07-17 16:24:25,481 [INFO] ApiDb:240 - Found 323 in-development CPN: [B-G473E-ZEST1S, B-WB1M-WPAN1, B-WL5M-SUBG1, NUCLEO-C031C6, NUCLEO-H503RB, NUCLEO-H563ZI, NUCLEO-U545RE-Q, NUCLEO-U5A5ZJ-Q, NUCLEO-WBA52CG, STEVAL-PROTEUS1, STEVAL-SMARTAG2, STEVAL-STWINBX1, STM320518-EVAL, STM32C0116-DK, STM32C011D6Y3TR, STM32C011D6Y6TR, STM32C011F4P3, STM32C011F4P6, STM32C011F4U3, STM32C011F4U6TR, STM32C011F6P3, STM32C011F6P6, STM32C011F6U3, STM32C011F6U6TR, STM32C011J4M3, STM32C011J4M6, STM32C011J6M3, STM32C011J6M6, STM32C0316-DK, STM32C031C4T3, STM32C031C4T6, STM32C031C4U3, STM32C031C4U6, STM32C031C6T3, STM32C031C6T6, STM32C031C6U3, STM32C031C6U6, STM32C031F4P3, STM32C031F4P6, STM32C031F6P3, STM32C031F6P6, STM32C031G4U3, STM32C031G4U6, STM32C031G6U3, STM32C031G6U6, STM32C031K4T3, STM32C031K4T6, STM32C031K4U3, STM32C031K4U6, STM32C031K6T3, STM32C031K6T6, STM32C031K6U3, STM32C031K6U6, STM32G071K8TXN, STM32G071K8UXN, STM32G081GBU6N, STM32G081KBT6N, STM32G081KBUXN, STM32G0B1CCT6N, STM32G0B1KCT6, STM32G0B1NEY6TR, STM32G0B1RCT6N, STM32G0C1CCT6, STM32G0C1CCT6N, STM32G0C1CCU6N, STM32G0C1CET6N, STM32G0C1CEU6N, STM32G0C1KCT6, STM32G0C1NEY6TR, STM32G0C1RCI6N, STM32G0C1RCT6N, STM32G0C1REI6N, STM32G0C1RET6N, STM32G0C1VCI6, STM32G0C1VEI6, STM32G471CCT6, STM32G471CCU6, STM32G471CET3, STM32G471CET6, STM32G471CEU3, STM32G471CEU6, STM32G471MCT6, STM32G471MET3, STM32G471MET6, STM32G471MEY6TR, STM32G471QCT6, STM32G471QET3, STM32G471RCT6, STM32G471RET3, STM32G471RET6, STM32G471VCH6, STM32G471VCI6, STM32G471VCT6, STM32G471VEH3, STM32G471VEH6, STM32G471VEI3, STM32G471VEI6, STM32G471VET3, STM32G471VET6, STM32G474CCT6, STM32H503CBT6, STM32H503CBU6, STM32H503EBY6TR, STM32H503KBU6, STM32H503RBT6, STM32H562AGI6, STM32H562AII6, STM32H562IGK6, STM32H562IGT6, STM32H562IIK6, STM32H562IIT6, STM32H562RGT6, STM32H562RGV6, STM32H562RIT6, STM32H562RIV6, STM32H562VGT6, STM32H562VIT6, STM32H562ZGT6, STM32H562ZIT6, STM32H563AGI6, STM32H563AII3Q, STM32H563AII6, STM32H563IGK6, STM32H563IGT6, STM32H563IIK3Q, STM32H563IIK6, STM32H563IIT3Q, STM32H563IIT6, STM32H563MIY3QTR, STM32H563RGT6, STM32H563RGV6, STM32H563RIT6, STM32H563RIV6, STM32H563VGT6, STM32H563VIT3Q, STM32H563VIT6, STM32H563ZGT6, STM32H563ZIT3Q, STM32H563ZIT6, STM32H573AII3Q, STM32H573AII6, STM32H573I-DK, STM32H573IIK3Q, STM32H573IIK6, STM32H573IIT3Q, STM32H573IIT6, STM32H573MIY3QTR, STM32H573RIT6, STM32H573RIV6, STM32H573VIT3Q, STM32H573VIT6, STM32H573ZIT3Q, STM32H573ZIT6, STM32L4R5QGI6STR, STM32MP131AAE3, STM32MP131AAF3, STM32MP131AAG3, STM32MP131CAE3, STM32MP131CAF3, STM32MP131CAG3, STM32MP131DAE7, STM32MP131DAF7, STM32MP131DAG7, STM32MP131FAE7, STM32MP131FAF7, STM32MP131FAG7, STM32MP133AAE3, STM32MP133AAF3, STM32MP133AAG3, STM32MP133CAE3, STM32MP133CAF3, STM32MP133CAG3, STM32MP133DAE7, STM32MP133DAF7, STM32MP133DAG7, STM32MP133FAE7, STM32MP133FAF7, STM32MP133FAG7, STM32MP135AAE3, STM32MP135AAF3, STM32MP135AAG3, STM32MP135CAE3, STM32MP135CAF3, STM32MP135CAG3, STM32MP135DAE7, STM32MP135DAF7, STM32MP135DAG7, STM32MP135F-DK, STM32MP135FAE7, STM32MP135FAF7, STM32MP135FAF7T, STM32MP135FAF7U, STM32MP135FAG7, STM32U535CBT6, STM32U535CBT6Q, STM32U535CBU6, STM32U535CBU6Q, STM32U535CCT6, STM32U535CCT6Q, STM32U535CCU6, STM32U535CCU6Q, STM32U535CET6, STM32U535CET6Q, STM32U535CEU6, STM32U535CEU6Q, STM32U535JEY6QTR, STM32U535NCY6QTR, STM32U535NEY6QTR, STM32U535RBI6, STM32U535RBI6Q, STM32U535RBT6, STM32U535RBT6Q, STM32U535RCI6, STM32U535RCI6Q, STM32U535RCT6, STM32U535RCT6Q, STM32U535REI6, STM32U535REI6Q, STM32U535RET6, STM32U535RET6Q, STM32U535VCI6, STM32U535VCI6Q, STM32U535VCT6, STM32U535VCT6Q, STM32U535VEI6, STM32U535VEI6Q, STM32U535VET6, STM32U535VET6Q, STM32U545CET6, STM32U545CET6Q, STM32U545CEU6, STM32U545CEU6Q, STM32U545JEY6QTR, STM32U545NEY6QTR, STM32U545REI6, STM32U545REI6Q, STM32U545RET6, STM32U545RET6Q, STM32U545VEI6, STM32U545VEI6Q, STM32U545VET6, STM32U545VET6Q, STM32U595AIH6, STM32U595AIH6Q, STM32U595AJH6, STM32U595AJH6Q, STM32U595QII6, STM32U595QII6Q, STM32U595QJI6, STM32U595QJI6Q, STM32U595RIT6, STM32U595RIT6Q, STM32U595RJT6, STM32U595RJT6Q, STM32U595VIT6, STM32U595VIT6Q, STM32U595VJT6, STM32U595VJT6Q, STM32U595ZIT6, STM32U595ZIT6Q, STM32U595ZIY6QTR, STM32U595ZJT6, STM32U595ZJT6Q, STM32U595ZJY6QTR, STM32U599BJY6QTR, STM32U599NIH6Q, STM32U599NJH6Q, STM32U599VIT6Q, STM32U599VJT6, STM32U599VJT6Q, STM32U599ZIT6Q, STM32U599ZIY6QTR, STM32U599ZJT6Q, STM32U599ZJY6QTR, STM32U5A5AJH6, STM32U5A5AJH6Q, STM32U5A5QJI6, STM32U5A5QJI6Q, STM32U5A5RJT6, STM32U5A5RJT6Q, STM32U5A5VJT6, STM32U5A5VJT6Q, STM32U5A5ZJT6, STM32U5A5ZJT6Q, STM32U5A5ZJY6QTR, STM32U5A9BJY6QTR, STM32U5A9J-DK, STM32U5A9NJH6Q, STM32U5A9VJT6Q, STM32U5A9ZJT6Q, STM32U5A9ZJY6QTR, STM32U5F7VIT6, STM32U5F7VIT6Q, STM32U5F7VJT6, STM32U5F7VJT6Q, STM32U5F9BJY6QTR, STM32U5F9NJH6Q, STM32U5F9VIT6Q, STM32U5F9VJT6Q, STM32U5F9ZIJ6QTR, STM32U5F9ZIT6Q, STM32U5F9ZJJ6QTR, STM32U5F9ZJT6Q, STM32U5G7VJT6, STM32U5G7VJT6Q, STM32U5G9BJY6QTR, STM32U5G9J-DK1, STM32U5G9J-DK2, STM32U5G9NJH6Q, STM32U5G9VJT6Q, STM32U5G9ZJJ6QTR, STM32U5G9ZJT6Q, STM32WB1MMCH6, STM32WBA52CEU6, STM32WBA52CEU6T, STM32WBA52CGU6, STM32WBA52CGU6T, STM32WBA52KEU6, STM32WBA52KEU6T, STM32WBA52KGU6, STM32WBA52KGU6T, STM32WL5MOCH6, STM32WL5MOCH6TR]
2023-07-17 16:24:25,558 [INFO] BoardInfo:880 - No configuration file found for board P-NUCLEO-WB55
2023-07-17 16:24:25,558 [INFO] DbBoards:157 - Kit is not supported: P-NUCLEO-WB55
2023-07-17 16:24:25,562 [INFO] BoardInfo:880 - No configuration file found for board STEVAL-BFA001V1B
2023-07-17 16:24:25,562 [INFO] DbBoards:157 - Kit is not supported: STEVAL-BFA001V1B
2023-07-17 16:24:25,562 [INFO] BoardInfo:880 - No configuration file found for board STEVAL-BFA001V2B
2023-07-17 16:24:25,563 [INFO] DbBoards:157 - Kit is not supported: STEVAL-BFA001V2B
2023-07-17 16:24:25,652 [INFO] DbBoards:161 - Found 190 boards, 187 are supported
2023-07-17 16:24:25,654 [INFO] ApiDb:414 - User favorites file not found: C:\Users\User/.stm32cubeide/favorites.boards.txt
2023-07-17 16:24:25,654 [INFO] DbBoards:190 - Set 0 / 0 favorites Boards
2023-07-17 16:24:25,656 [INFO] ApiDb:668 - CubeFinder database Data Model version=2.1
2023-07-17 16:24:25,656 [INFO] ApiDb:669 - CubeFinder database Configuration version=3.0.37
2023-07-17 16:24:25,657 [INFO] ApiDb:670 - CubeFinder database generation date=2023-06-26 (1687786131)
2023-07-17 16:24:25,657 [INFO] ApiDb:671 - CubeFinder database FW Pack versions=[FP-ATR-ASTRA1_V2.0.0, FP-SNS-FLIGHT1_V5.0.1, FP-SNS-MOTENV1_V4.3.1, STM32Cube_FW_C0_V1.1.0, STM32Cube_FW_F4_V1.27.1, STM32Cube_FW_F7_V1.17.0, STM32Cube_FW_G0_V1.6.1, STM32Cube_FW_G4_V1.5.1, STM32Cube_FW_H5_V0.5.1, STM32Cube_FW_H5_V1.1.0, STM32Cube_FW_H7_V1.11.0, STM32Cube_FW_L0_V1.12.2, STM32Cube_FW_L5_V1.5.0, STM32Cube_FW_U5_V1.3.0, STM32Cube_FW_U5_V1.3.0RC4, STM32Cube_FW_WBA_V1.0.0RC1, STM32Cube_FW_WBA_V1.1.0, STM32Cube_FW_WBA_V1.1.0RC1, STM32Cube_FW_WB_V1.15.0RC1, STM32Cube_FW_WB_V1.16.0, STM32Cube_FW_WB_V1.16.0RC2, STM32Cube_FW_WB_V1.17.0, STM32Cube_FW_WL_V1.3.0, X-CUBE-ALGOBUILD_V1.3.0, X-CUBE-ALS_V1.0.1, X-CUBE-AZRTOS-F4_V1.1.0, X-CUBE-AZRTOS-F7_V1.1.0, X-CUBE-AZRTOS-G0_V1.1.0, X-CUBE-AZRTOS-G4_V2.0.0, X-CUBE-AZRTOS-H7_V3.1.0, X-CUBE-AZRTOS-L4_V1.0.0, X-CUBE-AZRTOS-L4_V2.0.0, X-CUBE-AZRTOS-L5_V1.1.0, X-CUBE-AZRTOS-WB_V1.1.0, X-CUBE-AZRTOS-WL_V2.0.0, X-CUBE-BLE1_V6.2.4, X-CUBE-BLE2_V3.3.0, X-CUBE-BLEMGR_V2.0.0, X-CUBE-EEPRMA1_V4.1.0, X-CUBE-FREERTOS_V1.0.1, X-CUBE-GNSS1_V6.0.0, X-CUBE-MEMS1_V9.1.0, X-CUBE-MEMS1_V9.4.0, X-CUBE-MEMS1_V9.6.0, X-CUBE-NFC4_V3.0.0, X-CUBE-NFC7_V1.0.0, X-CUBE-SFXS2LP1_V4.0.0, X-CUBE-SUBG2_V5.0.0]
2023-07-17 16:24:26,220 [INFO] DbExamplesSqlite:395 - Ignored 27 examples not supported by CubeIDE
2023-07-17 16:24:26,220 [INFO] DbExamplesSqlite:396 - Found 7164 examples active
2023-07-17 16:24:26,220 [INFO] DbExamplesSqlite:397 - Found 677 examples obsolete
2023-07-17 16:24:26,220 [INFO] DbExamplesSqlite:398 - Found 0 examples under development
2023-07-17 16:24:26,220 [INFO] DbExamplesSqlite:399 - Found 74 examples not building
2023-07-17 16:24:26,222 [INFO] DbExamples:125 - Found 7211 examples
2023-07-17 16:24:26,228 [INFO] DbExamples:222 - Found 92 boards with related examples
2023-07-17 16:24:26,229 [INFO] DbExamples:235 - Found 78 MCUs with related examples
2023-07-17 16:24:26,240 [INFO] ApiDb:414 - User favorites file not found: C:\Users\User/.stm32cubeide/favorites.examples.txt
2023-07-17 16:24:26,240 [INFO] DbExamples:250 - Set 0 / 0 favorites Examples
2023-07-17 16:24:26,551 [INFO] McuFinderGlobals:76 - Set McuFinderConnectedMode to true
2023-07-17 16:24:26,560 [INFO] MultiScanPanel:200 - Auto-refresh data requested => check proxy status ongoing
2023-07-17 16:24:26,563 [INFO] FinderPluginLoader:95 - Searching for filters in installed packs
2023-07-17 16:24:27,417 [INFO] LoadUrlFilesThread:185 - End of LoadServerUrlFiles without Thread
2023-07-17 16:24:27,429 [INFO] DetailPanel:341 - Set advertising image to C:/Users/User/STM32Cube/Repository/\en.prom-stm32h5-mcu-finder.jpg
2023-07-17 16:25:47,092 [INFO] McuFinderGlobals:76 - Set McuFinderConnectedMode to true
2023-07-17 16:25:47,566 [INFO] ApiDb:448 - Save user favorites file C:\Users\User/.stm32cubeide/favorites.mcus.txt: 0 item(s)
2023-07-17 16:25:47,566 [INFO] ApiDb:452 - User favorites MCUs=[]
2023-07-17 16:36:13,132 [INFO] MainUpdater:2868 - connection check result : 10
2023-07-17 16:36:13,423 [INFO] McuFinderGlobals:76 - Set McuFinderConnectedMode to true
2023-07-17 16:36:13,447 [INFO] MultiScanPanel:200 - Auto-refresh data requested => check proxy status ongoing
2023-07-17 16:36:13,455 [INFO] FinderPluginLoader:95 - Searching for filters in installed packs
2023-07-17 16:36:14,640 [INFO] LoadUrlFilesThread:185 - End of LoadServerUrlFiles without Thread
2023-07-17 16:36:14,642 [INFO] DetailPanel:341 - Set advertising image to C:/Users/User/STM32Cube/Repository/\en.prom-stm32h5-mcu-finder.jpg
2023-07-17 16:36:53,838 [INFO] ApiDb:581 - Connected to CubeFinder SQLite database (C:\Users\User\.stmcufinder\plugins\mcufinder\mcu\cube-finder-db.db)
2023-07-17 16:37:10,654 [INFO] McuResultTable:1395 - Mark MCU STM32F767ZIT6 as favorite
2023-07-17 16:37:55,634 [INFO] MainUpdater:2868 - connection check result : 10
2023-07-17 16:37:55,634 [INFO] MainUpdater:2868 - connection check result : 10
2023-07-17 16:37:57,412 [INFO] MicroXplorer:468 - Change Database Path : 
2023-07-17 16:37:57,412 [INFO] MicroXplorer:498 - Change Database Version : DB.6.0.90
2023-07-17 16:37:57,417 [WARN] ThirdParty:871 - waiting for thirdparty lock release [close project]
2023-07-17 16:37:57,418 [INFO] ThirdParty:873 - entering critical section [close project]
2023-07-17 16:37:57,419 [INFO] ThirdParty:883 - exiting critical section [close project]
2023-07-17 16:37:57,424 [INFO] PinOutPanel:1499 - setPackage(No Configuration,No Configuration)
2023-07-17 16:37:57,430 [INFO] UtilMem:75 - Begin LoadConfig() Used Memory: 412752680 Bytes (914358272)
2023-07-17 16:37:57,432 [INFO] MicroXplorer:468 - Change Database Path : 
2023-07-17 16:37:57,432 [INFO] MicroXplorer:498 - Change Database Version : DB.6.0.90
2023-07-17 16:37:57,432 [INFO] OpenFileManager:308 - Change cursor
2023-07-17 16:37:57,495 [INFO] Mcu:1946 - Initializing MCU STM32F767ZITx STM32F767ZITx STM32F767ZIT6
2023-07-17 16:38:02,251 [INFO] Context:659 - Trying to add GPIOservice into a context  which must be forbidden
2023-07-17 16:38:03,022 [INFO] ImportTextPane:194 - (OptionalMessage_ERROR) Unable to find key (Mcu.ThirdPartyNb) in loaded IOC file
2023-07-17 16:38:03,022 [INFO] ImportTextPane:194 - (OptionalMessage_ERROR) Unable to find key (Mcu.PinsNb) in loaded IOC file
2023-07-17 16:38:03,022 [INFO] ImportTextPane:194 - (OptionalMessage_ERROR) Unable to find key (Mcu.IPNb) in loaded IOC file
2023-07-17 16:38:03,197 [INFO] RtosManager:555 - Registered RTOS mode: class=CMSIS, group=RTOS, mode=CMSIS_V1, owner=FREERTOS
2023-07-17 16:38:03,198 [INFO] RtosManager:555 - Registered RTOS mode: class=CMSIS, group=RTOS2, mode=CMSIS_V2, owner=FREERTOS
2023-07-17 16:38:03,198 [INFO] RtosManager:555 - Registered RTOS mode: class=RTOS, group=Core, mode=CMSIS_V1, owner=FREERTOS
2023-07-17 16:38:03,198 [INFO] RtosManager:555 - Registered RTOS mode: class=RTOS, group=Core, mode=CMSIS_V2, owner=FREERTOS
2023-07-17 16:38:03,198 [WARN] ModelIntegratedComponent:184 - Missing modes for component STMicroelectronics:FreeRTOS:0.0.1:STMicroelectronics:RTOS:FreeRTOS:Core:::10.2.0:
2023-07-17 16:38:03,209 [WARN] ModelIntegratedComponent:63 - No mode defined for component null
2023-07-17 16:38:03,209 [WARN] ModelIntegratedComponent:63 - No mode defined for component null
2023-07-17 16:38:03,209 [WARN] ModelIntegratedComponent:63 - No mode defined for component null
2023-07-17 16:38:03,209 [WARN] ModelIntegratedComponent:63 - No mode defined for component null
2023-07-17 16:38:03,210 [WARN] ModelIntegratedComponent:63 - No mode defined for component null
2023-07-17 16:38:03,210 [WARN] ModelIntegratedComponent:63 - No mode defined for component null
2023-07-17 16:38:03,210 [WARN] ModelIntegratedComponent:63 - No mode defined for component null
2023-07-17 16:38:03,210 [WARN] ModelIntegratedComponent:63 - No mode defined for component null
2023-07-17 16:38:03,210 [WARN] ModelIntegratedComponent:63 - No mode defined for component null
2023-07-17 16:38:03,210 [WARN] ModelIntegratedComponent:63 - No mode defined for component null
2023-07-17 16:38:03,210 [WARN] ModelIntegratedComponent:63 - No mode defined for component null
2023-07-17 16:38:03,210 [WARN] ModelIntegratedComponent:63 - No mode defined for component null
2023-07-17 16:38:03,210 [WARN] ModelIntegratedComponent:63 - No mode defined for component null
2023-07-17 16:38:03,210 [WARN] ModelIntegratedComponent:63 - No mode defined for component null
2023-07-17 16:38:03,210 [WARN] ModelIntegratedComponent:63 - No mode defined for component null
2023-07-17 16:38:03,210 [WARN] ModelIntegratedComponent:63 - No mode defined for component null
2023-07-17 16:38:03,210 [WARN] ModelIntegratedComponent:63 - No mode defined for component null
2023-07-17 16:38:03,210 [WARN] ModelIntegratedComponent:63 - No mode defined for component null
2023-07-17 16:38:03,210 [WARN] ModelIntegratedComponent:63 - No mode defined for component null
2023-07-17 16:38:03,210 [WARN] ModelIntegratedComponent:63 - No mode defined for component null
2023-07-17 16:38:03,210 [WARN] ModelIntegratedComponent:63 - No mode defined for component null
2023-07-17 16:38:03,210 [WARN] ModelIntegratedComponent:63 - No mode defined for component null
2023-07-17 16:38:03,210 [WARN] ModelIntegratedComponent:63 - No mode defined for component null
2023-07-17 16:38:03,210 [WARN] ModelIntegratedComponent:63 - No mode defined for component null
2023-07-17 16:38:03,210 [WARN] ModelIntegratedComponent:63 - No mode defined for component null
2023-07-17 16:38:03,210 [WARN] ModelIntegratedComponent:63 - No mode defined for component null
2023-07-17 16:38:03,210 [WARN] ModelIntegratedComponent:63 - No mode defined for component null
2023-07-17 16:38:03,211 [WARN] ModelIntegratedComponent:63 - No mode defined for component null
2023-07-17 16:38:03,211 [WARN] ModelIntegratedComponent:63 - No mode defined for component null
2023-07-17 16:38:03,211 [WARN] ModelIntegratedComponent:63 - No mode defined for component null
2023-07-17 16:38:03,211 [WARN] ModelIntegratedComponent:63 - No mode defined for component null
2023-07-17 16:38:03,211 [WARN] ModelIntegratedComponent:63 - No mode defined for component null
2023-07-17 16:38:03,211 [WARN] ModelIntegratedComponent:63 - No mode defined for component null
2023-07-17 16:38:03,229 [INFO] ThirdPartyModel:298 - Start build external matchings
2023-07-17 16:38:03,451 [INFO] ThirdPartyModel:316 - End build external matchings
2023-07-17 16:38:04,123 [INFO] UtilMem:75 - End LoadConfig() Used Memory: 526735056 Bytes (650117120)
2023-07-17 16:38:04,183 [WARN] ThirdParty:833 - waiting for thirdparty lock release [change project]
2023-07-17 16:38:04,183 [INFO] ThirdParty:835 - entering critical section [change project]
2023-07-17 16:38:04,184 [INFO] ThirdParty:1030 - CMSIS Pack Vendor :STMicroelectronics X-CUBE-ISPU 1.1.0
2023-07-17 16:38:04,184 [INFO] ThirdParty:1030 - CMSIS Pack Vendor :STMicroelectronics USBPD 4.1
2023-07-17 16:38:04,184 [INFO] ThirdParty:1030 - CMSIS Pack Vendor :STMicroelectronics X-CUBE-GNSS1 6.0.0
2023-07-17 16:38:04,184 [INFO] ThirdParty:1030 - CMSIS Pack Vendor :STMicroelectronics USB_HOST 2.0.0
2023-07-17 16:38:04,184 [INFO] ThirdParty:1030 - CMSIS Pack Vendor :STMicroelectronics X-CUBE-AZRTOS-F4 1.1.0
2023-07-17 16:38:04,184 [INFO] ThirdParty:1030 - CMSIS Pack Vendor :STMicroelectronics LIBJPEG 8.0.0
2023-07-17 16:38:04,184 [INFO] ThirdParty:1030 - CMSIS Pack Vendor :wolfSSL I-CUBE-wolfSSL 5.6.3
2023-07-17 16:38:04,184 [INFO] ThirdParty:1030 - CMSIS Pack Vendor :STMicroelectronics X-CUBE-SMBUS 2.1.0
2023-07-17 16:38:04,186 [INFO] ThirdParty:1030 - CMSIS Pack Vendor :STMicroelectronics USB_DEVICE 3.0.0
2023-07-17 16:38:04,186 [INFO] ThirdParty:1030 - CMSIS Pack Vendor :STMicroelectronics X-CUBE-FREERTOS 1.0.1
2023-07-17 16:38:04,186 [INFO] ThirdParty:1030 - CMSIS Pack Vendor :STMicroelectronics X-CUBE-AZRTOS-F7 1.1.0
2023-07-17 16:38:04,186 [INFO] ThirdParty:1030 - CMSIS Pack Vendor :STMicroelectronics USB_DEVICE 2.0.0
2023-07-17 16:38:04,186 [INFO] ThirdParty:1030 - CMSIS Pack Vendor :STMicroelectronics X-CUBE-MEMS1 9.6.0
2023-07-17 16:38:04,186 [INFO] ThirdParty:1030 - CMSIS Pack Vendor :STMicroelectronics FP-SNS-MOTENV1 4.3.2
2023-07-17 16:38:04,186 [INFO] ThirdParty:1030 - CMSIS Pack Vendor :STMicroelectronics FP-SNS-FLIGHT1 5.0.1
2023-07-17 16:38:04,186 [INFO] ThirdParty:1030 - CMSIS Pack Vendor :STMicroelectronics X-CUBE-ALGOBUILD 1.3.0
2023-07-17 16:38:04,186 [INFO] ThirdParty:1030 - CMSIS Pack Vendor :STMicroelectronics X-CUBE-BLE1 6.2.4
2023-07-17 16:38:04,186 [INFO] ThirdParty:1030 - CMSIS Pack Vendor :STMicroelectronics X-CUBE-AZRTOS-L5 1.1.0
2023-07-17 16:38:04,186 [INFO] ThirdParty:1030 - CMSIS Pack Vendor :STMicroelectronics FreeRTOS 0.0.1
2023-07-17 16:38:04,186 [INFO] ThirdParty:1030 - CMSIS Pack Vendor :STMicroelectronics X-CUBE-AZRTOS-G0 1.1.0
2023-07-17 16:38:04,186 [INFO] ThirdParty:1030 - CMSIS Pack Vendor :STMicroelectronics X-CUBE-BLEMGR 2.0.0
2023-07-17 16:38:04,186 [INFO] ThirdParty:1030 - CMSIS Pack Vendor :STMicroelectronics X-CUBE-AI 8.0.1
2023-07-17 16:38:04,186 [INFO] ThirdParty:1030 - CMSIS Pack Vendor :STMicroelectronics X-CUBE-NFC4 3.0.0
2023-07-17 16:38:04,186 [INFO] ThirdParty:1030 - CMSIS Pack Vendor :STMicroelectronics X-CUBE-SUBG2 5.0.0
2023-07-17 16:38:04,186 [INFO] ThirdParty:1030 - CMSIS Pack Vendor :STMicroelectronics STM32_WPAN 1.0.0
2023-07-17 16:38:04,186 [INFO] ThirdParty:1030 - CMSIS Pack Vendor :STMicroelectronics lwIP 2.0.3
2023-07-17 16:38:04,186 [INFO] ThirdParty:1030 - CMSIS Pack Vendor :STMicroelectronics USB_HOST 1.0.0
2023-07-17 16:38:04,186 [INFO] ThirdParty:1030 - CMSIS Pack Vendor :STMicroelectronics X-CUBE-AZRTOS-G4 2.0.0
2023-07-17 16:38:04,187 [INFO] ThirdParty:1030 - CMSIS Pack Vendor :STMicroelectronics PDM2PCM 3.1.0
2023-07-17 16:38:04,187 [INFO] ThirdParty:1030 - CMSIS Pack Vendor :STMicroelectronics X-CUBE-AZRTOS-H7 3.1.0
2023-07-17 16:38:04,187 [INFO] ThirdParty:1030 - CMSIS Pack Vendor :STMicroelectronics X-CUBE-TOF1 3.3.0
2023-07-17 16:38:04,187 [INFO] ThirdParty:1030 - CMSIS Pack Vendor :STMicroelectronics PDM2PCM 3.3.0
2023-07-17 16:38:04,187 [INFO] ThirdParty:1030 - CMSIS Pack Vendor :STMicroelectronics X-CUBE-DISPLAY 3.0.0
2023-07-17 16:38:04,187 [INFO] ThirdParty:1030 - CMSIS Pack Vendor :STMicroelectronics FP-ATR-SIGFOX1 3.2.0
2023-07-17 16:38:04,187 [INFO] ThirdParty:1030 - CMSIS Pack Vendor :STMicroelectronics HAL Drivers 0.0.0
2023-07-17 16:38:04,187 [INFO] ThirdParty:1030 - CMSIS Pack Vendor :STMicroelectronics MBEDTLS 2.16.2
2023-07-17 16:38:04,187 [INFO] ThirdParty:1030 - CMSIS Pack Vendor :emotas I-CUBE-CANOPEN 1.3.0
2023-07-17 16:38:04,187 [INFO] ThirdParty:1030 - CMSIS Pack Vendor :STMicroelectronics X-CUBE-TOUCHGFX 4.22.0
2023-07-17 16:38:04,187 [INFO] ThirdParty:1030 - CMSIS Pack Vendor :STMicroelectronics X-CUBE-NFC7 1.0.1
2023-07-17 16:38:04,187 [INFO] ThirdParty:1030 - CMSIS Pack Vendor :STMicroelectronics MBEDTLS 2.14.1
2023-07-17 16:38:04,187 [INFO] ThirdParty:1030 - CMSIS Pack Vendor :STMicroelectronics X-CUBE-EEPRMA1 4.1.0
2023-07-17 16:38:04,187 [INFO] ThirdParty:1030 - CMSIS Pack Vendor :portGmbH I-Cube-SoM-uGOAL 1.1.0
2023-07-17 16:38:04,187 [INFO] ThirdParty:1030 - CMSIS Pack Vendor :STMicroelectronics X-CUBE-ALS 1.0.1
2023-07-17 16:38:04,187 [INFO] ThirdParty:1030 - CMSIS Pack Vendor :STMicroelectronics ThreadX 1.0.0
2023-07-17 16:38:04,187 [INFO] ThirdParty:1030 - CMSIS Pack Vendor :STMicroelectronics X-CUBE-AZRTOS-WB 1.1.0
2023-07-17 16:38:04,187 [INFO] ThirdParty:1030 - CMSIS Pack Vendor :STMicroelectronics X-CUBE-AZRTOS-WL 2.0.0
2023-07-17 16:38:04,187 [INFO] ThirdParty:1030 - CMSIS Pack Vendor :SEGGER I-CUBE-embOS 1.3.1
2023-07-17 16:38:04,188 [INFO] ThirdParty:1030 - CMSIS Pack Vendor :STMicroelectronics USB_DEVICE 1.0.0
2023-07-17 16:38:04,188 [INFO] ThirdParty:1030 - CMSIS Pack Vendor :STMicroelectronics X-CUBE-AZRTOS-L4 2.0.0
2023-07-17 16:38:04,188 [INFO] ThirdParty:1030 - CMSIS Pack Vendor :STMicroelectronics ThreadX 0.0.2
2023-07-17 16:38:04,188 [INFO] ThirdParty:1030 - CMSIS Pack Vendor :WES I-CUBE-Cesium 1.3.0
2023-07-17 16:38:04,188 [INFO] ThirdParty:1030 - CMSIS Pack Vendor :STMicroelectronics FP-ATR-ASTRA1 2.0.0
2023-07-17 16:38:04,188 [INFO] ThirdParty:1030 - CMSIS Pack Vendor :STMicroelectronics lwIP 2.1.2
2023-07-17 16:38:04,188 [INFO] ThirdParty:1030 - CMSIS Pack Vendor :STMicroelectronics X-CUBE-SFXS2LP1 4.0.0
2023-07-17 16:38:04,188 [INFO] ThirdParty:1030 - CMSIS Pack Vendor :STMicroelectronics X-CUBE-BLE2 3.3.0
2023-07-17 16:38:04,188 [INFO] ThirdParty:1030 - CMSIS Pack Vendor :STMicroelectronics PDM2PCM 3.2.0
2023-07-17 16:38:04,188 [INFO] ThirdParty:841 - exiting critical section [change project]
2023-07-17 16:38:04,720 [INFO] PinOutPanel:1499 - setPackage(No Configuration,No Configuration)
2023-07-17 16:38:04,722 [INFO] PinOutPanel:1499 - setPackage(STM32F767ZITx,LQFP144)
2023-07-17 16:38:05,333 [INFO] UtilMem:75 - Before build in PCC Used Memory: 498719968 Bytes (650117120)
2023-07-17 16:38:06,184 [INFO] UtilMem:75 - After build in PCC Used Memory: 215362544 Bytes (650117120)
2023-07-17 16:38:06,216 [INFO] IPUIPlugin:80 - create IPUIPlugin
2023-07-17 16:38:06,216 [INFO] IPUIPlugin:80 - create IPUIPlugin
2023-07-17 16:38:06,216 [INFO] IPUIPlugin:80 - create IPUIPlugin
2023-07-17 16:38:06,216 [INFO] IPUIPlugin:80 - create IPUIPlugin
2023-07-17 16:38:06,217 [INFO] IPUIPlugin:80 - create IPUIPlugin
2023-07-17 16:38:06,217 [INFO] IPUIPlugin:80 - create IPUIPlugin
2023-07-17 16:38:06,217 [INFO] IPUIPlugin:80 - create IPUIPlugin
2023-07-17 16:38:06,217 [INFO] IPUIPlugin:80 - create IPUIPlugin
2023-07-17 16:38:06,217 [INFO] IPUIPlugin:80 - create IPUIPlugin
2023-07-17 16:38:06,217 [INFO] IPUIPlugin:80 - create IPUIPlugin
2023-07-17 16:38:06,217 [INFO] IPUIPlugin:80 - create IPUIPlugin
2023-07-17 16:38:06,218 [INFO] IPUIPlugin:80 - create IPUIPlugin
2023-07-17 16:38:06,218 [INFO] IPUIPlugin:80 - create IPUIPlugin
2023-07-17 16:38:06,218 [INFO] IPUIPlugin:80 - create IPUIPlugin
2023-07-17 16:38:06,218 [INFO] IPUIPlugin:80 - create IPUIPlugin
2023-07-17 16:38:06,218 [INFO] IPUIPlugin:80 - create IPUIPlugin
2023-07-17 16:38:06,218 [INFO] IPUIPlugin:80 - create IPUIPlugin
2023-07-17 16:38:06,218 [INFO] IPUIPlugin:80 - create IPUIPlugin
2023-07-17 16:38:06,219 [INFO] IPUIPlugin:80 - create IPUIPlugin
2023-07-17 16:38:06,219 [INFO] IPUIPlugin:80 - create IPUIPlugin
2023-07-17 16:38:06,219 [INFO] IPUIPlugin:80 - create IPUIPlugin
2023-07-17 16:38:06,219 [INFO] IPUIPlugin:80 - create IPUIPlugin
2023-07-17 16:38:06,219 [INFO] IPUIPlugin:80 - create IPUIPlugin
2023-07-17 16:38:06,219 [INFO] IPUIPlugin:80 - create IPUIPlugin
2023-07-17 16:38:06,219 [INFO] IPUIPlugin:80 - create IPUIPlugin
2023-07-17 16:38:06,219 [INFO] IPUIPlugin:80 - create IPUIPlugin
2023-07-17 16:38:06,219 [INFO] IPUIPlugin:80 - create IPUIPlugin
2023-07-17 16:38:06,220 [INFO] IPUIPlugin:80 - create IPUIPlugin
2023-07-17 16:38:06,220 [INFO] IPUIPlugin:80 - create IPUIPlugin
2023-07-17 16:38:06,220 [INFO] IPUIPlugin:80 - create IPUIPlugin
2023-07-17 16:38:06,220 [INFO] IPUIPlugin:80 - create IPUIPlugin
2023-07-17 16:38:06,221 [INFO] IPUIPlugin:80 - create IPUIPlugin
2023-07-17 16:38:06,221 [INFO] IPUIPlugin:80 - create IPUIPlugin
2023-07-17 16:38:06,221 [INFO] IPUIPlugin:80 - create IPUIPlugin
2023-07-17 16:38:06,221 [INFO] IPUIPlugin:80 - create IPUIPlugin
2023-07-17 16:38:06,221 [INFO] IPUIPlugin:80 - create IPUIPlugin
2023-07-17 16:38:06,221 [INFO] IPUIPlugin:80 - create IPUIPlugin
2023-07-17 16:38:06,222 [INFO] IPUIPlugin:80 - create IPUIPlugin
2023-07-17 16:38:06,223 [INFO] IPUIPlugin:80 - create IPUIPlugin
2023-07-17 16:38:06,223 [INFO] IPUIPlugin:80 - create IPUIPlugin
2023-07-17 16:38:06,223 [INFO] IPUIPlugin:80 - create IPUIPlugin
2023-07-17 16:38:06,223 [INFO] IPUIPlugin:80 - create IPUIPlugin
2023-07-17 16:38:06,223 [INFO] IPUIPlugin:80 - create IPUIPlugin
2023-07-17 16:38:06,224 [INFO] IPUIPlugin:80 - create IPUIPlugin
2023-07-17 16:38:06,224 [INFO] IPUIPlugin:80 - create IPUIPlugin
2023-07-17 16:38:06,224 [INFO] IPUIPlugin:80 - create IPUIPlugin
2023-07-17 16:38:06,224 [INFO] IPUIPlugin:80 - create IPUIPlugin
2023-07-17 16:38:06,224 [INFO] IPUIPlugin:80 - create IPUIPlugin
2023-07-17 16:38:06,225 [INFO] IPUIPlugin:80 - create IPUIPlugin
2023-07-17 16:38:06,225 [INFO] IPUIPlugin:80 - create IPUIPlugin
2023-07-17 16:38:06,225 [INFO] IPUIPlugin:80 - create IPUIPlugin
2023-07-17 16:38:06,225 [INFO] IPUIPlugin:80 - create IPUIPlugin
2023-07-17 16:38:06,226 [INFO] IPUIPlugin:80 - create IPUIPlugin
2023-07-17 16:38:06,226 [INFO] IPUIPlugin:80 - create IPUIPlugin
2023-07-17 16:38:06,226 [INFO] IPUIPlugin:80 - create IPUIPlugin
2023-07-17 16:38:06,226 [INFO] IPUIPlugin:80 - create IPUIPlugin
2023-07-17 16:38:06,226 [INFO] IPUIPlugin:80 - create IPUIPlugin
2023-07-17 16:38:06,227 [INFO] IPUIPlugin:80 - create IPUIPlugin
2023-07-17 16:38:06,227 [INFO] IPUIPlugin:80 - create IPUIPlugin
2023-07-17 16:38:06,227 [INFO] IPUIPlugin:80 - create IPUIPlugin
2023-07-17 16:38:06,227 [INFO] IPUIPlugin:80 - create IPUIPlugin
2023-07-17 16:38:06,228 [INFO] IPUIPlugin:80 - create IPUIPlugin
2023-07-17 16:38:06,228 [INFO] IPUIPlugin:80 - create IPUIPlugin
2023-07-17 16:38:06,228 [INFO] IPUIPlugin:80 - create IPUIPlugin
2023-07-17 16:38:06,228 [INFO] IPUIPlugin:80 - create IPUIPlugin
2023-07-17 16:38:06,228 [INFO] IPUIPlugin:80 - create IPUIPlugin
2023-07-17 16:38:06,229 [INFO] IPUIPlugin:80 - create IPUIPlugin
2023-07-17 16:38:06,229 [INFO] IPUIPlugin:80 - create IPUIPlugin
2023-07-17 16:38:06,229 [INFO] IPUIPlugin:80 - create IPUIPlugin
2023-07-17 16:38:06,230 [INFO] IPUIPlugin:80 - create IPUIPlugin
2023-07-17 16:38:06,230 [INFO] IPUIPlugin:80 - create IPUIPlugin
2023-07-17 16:38:06,231 [INFO] IPUIPlugin:80 - create IPUIPlugin
2023-07-17 16:38:06,231 [INFO] IPUIPlugin:80 - create IPUIPlugin
2023-07-17 16:38:06,231 [INFO] IPUIPlugin:80 - create IPUIPlugin
2023-07-17 16:38:06,232 [INFO] IPUIPlugin:80 - create IPUIPlugin
2023-07-17 16:38:06,232 [INFO] IPUIPlugin:80 - create IPUIPlugin
2023-07-17 16:38:06,232 [INFO] IPUIPlugin:80 - create IPUIPlugin
2023-07-17 16:38:06,233 [INFO] IPUIPlugin:80 - create IPUIPlugin
2023-07-17 16:38:06,233 [INFO] IPUIPlugin:80 - create IPUIPlugin
2023-07-17 16:38:06,340 [INFO] ApiDbMcu:507 - Load IP Config File for PDM2PCM
2023-07-17 16:38:06,598 [INFO] CADModel:165 - CPN selected for project levelSTM32F767ZIT6
2023-07-17 16:38:06,598 [INFO] CADModel:114 - Register for checkConnection events
2023-07-17 16:38:06,652 [INFO] OpenFileManager:328 - Restore cursor
2023-07-17 16:38:08,998 [INFO] UtilMem:75 - End SaveConfig() Used Memory: 423976896 Bytes (650117120)
2023-07-17 16:38:09,075 [INFO] UtilMem:75 - End SaveConfig() Used Memory: 454319400 Bytes (650117120)
2023-07-17 16:38:09,478 [INFO] BlockDiagram:2759 - set Specific Code input for plugin: RCC
2023-07-17 16:38:09,479 [INFO] BlockDiagram:2759 - set Specific Code input for plugin: NVIC
2023-07-17 16:38:09,479 [INFO] BlockDiagram:2759 - set Specific Code input for plugin: CORTEX_M7
2023-07-17 16:38:09,481 [INFO] CodeGenerator:799 - code generatio: config db path: C:\ST\STM32CubeIDE_1.13.0\STM32CubeIDE\plugins\com.st.stm32cube.common.mx_6.9.0.202307051724\\db\
2023-07-17 16:38:09,772 [INFO] CodeEngine:255 - oldGeneratedFile, C:\Users\User\STM32CubeIDE\MAD_Lab\Lab1_1\MXTmpFiles\license.tmp_save
2023-07-17 16:38:10,180 [INFO] CodeEngine:279 - Generated code: C:\Users\User\STM32CubeIDE\MAD_Lab\Lab1_1\MXTmpFiles\license.tmp
2023-07-17 16:38:10,284 [INFO] CodeEngine:255 - oldGeneratedFile, C:\Users\User\STM32CubeIDE\MAD_Lab\Lab1_1\MXTmpFiles\cortex.tmp_save
2023-07-17 16:38:10,438 [INFO] CodeEngine:279 - Generated code: C:\Users\User\STM32CubeIDE\MAD_Lab\Lab1_1\MXTmpFiles\cortex.tmp
2023-07-17 16:38:10,459 [INFO] CodeEngine:255 - oldGeneratedFile, C:\Users\User\STM32CubeIDE\MAD_Lab\Lab1_1\Core\Src\stm32f7xx_it.c_save
2023-07-17 16:38:10,606 [INFO] CodeEngine:279 - Generated code: C:\Users\User\STM32CubeIDE\MAD_Lab\Lab1_1\Core\Src\stm32f7xx_it.c
2023-07-17 16:38:10,619 [INFO] CodeEngine:255 - oldGeneratedFile, C:\Users\User\STM32CubeIDE\MAD_Lab\Lab1_1\Core\Inc\stm32f7xx_it.h_save
2023-07-17 16:38:10,718 [INFO] CodeEngine:279 - Generated code: C:\Users\User\STM32CubeIDE\MAD_Lab\Lab1_1\Core\Inc\stm32f7xx_it.h
2023-07-17 16:38:10,761 [INFO] CodeEngine:255 - oldGeneratedFile, C:\Users\User\STM32CubeIDE\MAD_Lab\Lab1_1\Core\Src\stm32f7xx_hal_msp.c_save
2023-07-17 16:38:10,900 [INFO] CodeEngine:279 - Generated code: C:\Users\User\STM32CubeIDE\MAD_Lab\Lab1_1\Core\Src\stm32f7xx_hal_msp.c
2023-07-17 16:38:10,914 [INFO] CodeEngine:255 - oldGeneratedFile, C:\Users\User\STM32CubeIDE\MAD_Lab\Lab1_1\MXTmpFiles\system.tmp_save
2023-07-17 16:38:10,985 [INFO] CodeEngine:279 - Generated code: C:\Users\User\STM32CubeIDE\MAD_Lab\Lab1_1\MXTmpFiles\system.tmp
2023-07-17 16:38:11,011 [INFO] CodeEngine:311 - oldGeneratedFile, C:\Users\User\STM32CubeIDE\MAD_Lab\Lab1_1\Core\Inc\stm32f7xx_hal_conf.h_save
2023-07-17 16:38:11,132 [INFO] CodeEngine:335 - Generated code: C:\Users\User\STM32CubeIDE\MAD_Lab\Lab1_1\Core\Inc\stm32f7xx_hal_conf.h
2023-07-17 16:38:11,219 [INFO] CodeEngine:255 - oldGeneratedFile, C:\Users\User\STM32CubeIDE\MAD_Lab\Lab1_1\Core\Inc\main.h_save
2023-07-17 16:38:11,361 [INFO] CodeEngine:279 - Generated code: C:\Users\User\STM32CubeIDE\MAD_Lab\Lab1_1\Core\Inc\main.h
2023-07-17 16:38:11,377 [INFO] CodeEngine:255 - oldGeneratedFile, C:\Users\User\STM32CubeIDE\MAD_Lab\Lab1_1\Core\Src\main.c_save
2023-07-17 16:38:11,537 [INFO] CodeEngine:279 - Generated code: C:\Users\User\STM32CubeIDE\MAD_Lab\Lab1_1\Core\Src\main.c
2023-07-17 16:38:12,383 [INFO] ProjectBuilder:3064 - Time for Copy HAL[1] : 267mS.
2023-07-17 16:38:12,396 [INFO] ProjectBuilder:4404 - Project Generator version: 4.1.0
2023-07-17 16:38:12,666 [INFO] ConfigFileManager:1457 - The Die is : DIE451
2023-07-17 16:38:12,690 [INFO] ApiDbMcu:507 - Load IP Config File for FATFS
2023-07-17 16:38:12,708 [INFO] ApiDbMcu:507 - Load IP Config File for FREERTOS
2023-07-17 16:38:12,721 [INFO] ApiDbMcu:507 - Load IP Config File for LIBJPEG
2023-07-17 16:38:12,737 [INFO] ApiDbMcu:507 - Load IP Config File for LWIP
2023-07-17 16:38:12,753 [INFO] ApiDbMcu:507 - Load IP Config File for MBEDTLS
2023-07-17 16:38:12,780 [INFO] ApiDbMcu:507 - Load IP Config File for USB_DEVICE
2023-07-17 16:38:12,802 [INFO] ApiDbMcu:507 - Load IP Config File for USB_HOST
2023-07-17 16:38:15,052 [INFO] LogOutputStream:77 - [STDOUT_REDIRECT] 
2023-07-17 16:38:30,109 [INFO] ProjectBuilder:4626 - Time for Generating toolchain IDE Files: 17708mS.
2023-07-17 16:38:30,117 [INFO] ProjectBuilder:2935 - Time for Copy CMSIS : 0mS.
2023-07-17 16:38:30,125 [INFO] ProjectBuilder:2935 - Time for Copy CMSIS : 0mS.
2023-07-17 16:38:33,177 [INFO] McuFinderGlobals:76 - Set McuFinderConnectedMode to true
2023-07-17 16:38:33,185 [INFO] ApiDb:448 - Save user favorites file C:\Users\User/.stm32cubeide/favorites.mcus.txt: 1 item(s)
2023-07-17 16:38:33,185 [INFO] ApiDb:452 - User favorites MCUs=[STM32F767ZIT6]
2023-07-17 16:48:30,548 [INFO] UtilMem:75 - End SaveConfig() Used Memory: 510433136 Bytes (832569344)
2023-07-17 16:48:30,770 [INFO] UtilMem:75 - End SaveConfig() Used Memory: 547091104 Bytes (832569344)
2023-07-17 16:48:31,049 [INFO] BlockDiagram:2759 - set Specific Code input for plugin: RCC
2023-07-17 16:48:31,049 [INFO] BlockDiagram:2759 - set Specific Code input for plugin: NVIC
2023-07-17 16:48:31,049 [INFO] BlockDiagram:2759 - set Specific Code input for plugin: CORTEX_M7
2023-07-17 16:48:31,053 [INFO] BlockDiagram:2759 - set Specific Code input for plugin: GPIO
2023-07-17 16:48:31,056 [INFO] CodeGenerator:799 - code generatio: config db path: C:\ST\STM32CubeIDE_1.13.0\STM32CubeIDE\plugins\com.st.stm32cube.common.mx_6.9.0.202307051724\\db\
2023-07-17 16:48:31,261 [INFO] CodeEngine:255 - oldGeneratedFile, C:\Users\User\STM32CubeIDE\MAD_Lab\Lab1_1\MXTmpFiles\license.tmp_save
2023-07-17 16:48:31,382 [INFO] CodeEngine:279 - Generated code: C:\Users\User\STM32CubeIDE\MAD_Lab\Lab1_1\MXTmpFiles\license.tmp
2023-07-17 16:48:31,452 [INFO] CodeEngine:255 - oldGeneratedFile, C:\Users\User\STM32CubeIDE\MAD_Lab\Lab1_1\Core\Src\gpio.c_save
2023-07-17 16:48:31,596 [INFO] CodeEngine:279 - Generated code: C:\Users\User\STM32CubeIDE\MAD_Lab\Lab1_1\Core\Src\gpio.c
2023-07-17 16:48:31,611 [INFO] CodeEngine:255 - oldGeneratedFile, C:\Users\User\STM32CubeIDE\MAD_Lab\Lab1_1\Core\Inc\gpio.h_save
2023-07-17 16:48:31,712 [INFO] CodeEngine:279 - Generated code: C:\Users\User\STM32CubeIDE\MAD_Lab\Lab1_1\Core\Inc\gpio.h
2023-07-17 16:48:31,764 [INFO] CodeEngine:255 - oldGeneratedFile, C:\Users\User\STM32CubeIDE\MAD_Lab\Lab1_1\MXTmpFiles\cortex.tmp_save
2023-07-17 16:48:31,868 [INFO] CodeEngine:279 - Generated code: C:\Users\User\STM32CubeIDE\MAD_Lab\Lab1_1\MXTmpFiles\cortex.tmp
2023-07-17 16:48:31,903 [INFO] CodeEngine:255 - oldGeneratedFile, C:\Users\User\STM32CubeIDE\MAD_Lab\Lab1_1\Core\Src\stm32f7xx_it.c_save
2023-07-17 16:48:31,983 [INFO] CodeEngine:279 - Generated code: C:\Users\User\STM32CubeIDE\MAD_Lab\Lab1_1\Core\Src\stm32f7xx_it.c
2023-07-17 16:48:31,991 [INFO] CodeEngine:255 - oldGeneratedFile, C:\Users\User\STM32CubeIDE\MAD_Lab\Lab1_1\Core\Inc\stm32f7xx_it.h_save
2023-07-17 16:48:32,059 [INFO] CodeEngine:279 - Generated code: C:\Users\User\STM32CubeIDE\MAD_Lab\Lab1_1\Core\Inc\stm32f7xx_it.h
2023-07-17 16:48:32,092 [INFO] CodeEngine:255 - oldGeneratedFile, C:\Users\User\STM32CubeIDE\MAD_Lab\Lab1_1\Core\Src\stm32f7xx_hal_msp.c_save
2023-07-17 16:48:32,193 [INFO] CodeEngine:279 - Generated code: C:\Users\User\STM32CubeIDE\MAD_Lab\Lab1_1\Core\Src\stm32f7xx_hal_msp.c
2023-07-17 16:48:32,200 [INFO] CodeEngine:255 - oldGeneratedFile, C:\Users\User\STM32CubeIDE\MAD_Lab\Lab1_1\MXTmpFiles\system.tmp_save
2023-07-17 16:48:32,266 [INFO] CodeEngine:279 - Generated code: C:\Users\User\STM32CubeIDE\MAD_Lab\Lab1_1\MXTmpFiles\system.tmp
2023-07-17 16:48:32,313 [INFO] CodeEngine:311 - oldGeneratedFile, C:\Users\User\STM32CubeIDE\MAD_Lab\Lab1_1\Core\Inc\stm32f7xx_hal_conf.h_save
2023-07-17 16:48:32,442 [INFO] CodeEngine:335 - Generated code: C:\Users\User\STM32CubeIDE\MAD_Lab\Lab1_1\Core\Inc\stm32f7xx_hal_conf.h
2023-07-17 16:48:32,492 [INFO] CodeEngine:255 - oldGeneratedFile, C:\Users\User\STM32CubeIDE\MAD_Lab\Lab1_1\Core\Inc\main.h_save
2023-07-17 16:48:32,584 [INFO] CodeEngine:279 - Generated code: C:\Users\User\STM32CubeIDE\MAD_Lab\Lab1_1\Core\Inc\main.h
2023-07-17 16:48:32,608 [INFO] CodeEngine:255 - oldGeneratedFile, C:\Users\User\STM32CubeIDE\MAD_Lab\Lab1_1\Core\Src\main.c_save
2023-07-17 16:48:32,738 [INFO] CodeEngine:279 - Generated code: C:\Users\User\STM32CubeIDE\MAD_Lab\Lab1_1\Core\Src\main.c
2023-07-17 16:48:33,213 [INFO] ProjectBuilder:3064 - Time for Copy HAL[1] : 195mS.
2023-07-17 16:48:33,217 [INFO] ProjectBuilder:4404 - Project Generator version: 4.1.0
2023-07-17 16:48:33,689 [INFO] ConfigFileManager:1457 - The Die is : DIE451
2023-07-17 16:48:35,771 [INFO] ProjectBuilder:4626 - Time for Generating toolchain IDE Files: 2553mS.
2023-07-17 16:48:35,772 [INFO] ProjectBuilder:2935 - Time for Copy CMSIS : 1mS.
2023-07-17 16:48:35,776 [INFO] ProjectBuilder:2935 - Time for Copy CMSIS : 0mS.
2023-07-17 17:03:38,877 [ERROR] ConfigurationRetriever:142 - IOException on connection: Connection reset
2023-07-17 17:20:25,168 [INFO] LogOutputStream:77 - [STDOUT_REDIRECT] StartTraceHandler.execute(), success : Collect=true
2023-07-17 17:37:55,445 [INFO] LogOutputStream:77 - [STDOUT_REDIRECT] StartTraceHandler.execute(), success : Collect=false
2023-07-17 17:38:02,885 [INFO] LogOutputStream:77 - [STDOUT_REDIRECT] StartTraceHandler.execute(), success : Collect=true
2023-07-17 17:38:21,873 [INFO] LogOutputStream:77 - [STDOUT_REDIRECT] StartTraceHandler.execute(), success : Collect=false
2023-07-17 17:38:39,080 [INFO] LogOutputStream:77 - [STDOUT_REDIRECT] StartTraceHandler.execute(), success : Collect=true
2023-07-17 17:39:39,439 [INFO] LogOutputStream:77 - [STDOUT_REDIRECT] StartTraceHandler.execute(), success : Collect=false
2023-07-17 17:39:48,123 [INFO] LogOutputStream:77 - [STDOUT_REDIRECT] StartTraceHandler.execute(), success : Collect=true
2023-07-17 17:40:55,842 [INFO] UtilMem:75 - End SaveConfig() Used Memory: 401211640 Bytes (859832320)
2023-07-17 17:40:57,532 [INFO] UtilMem:75 - End SaveConfig() Used Memory: 457743584 Bytes (859832320)
2023-07-17 17:40:57,724 [INFO] BlockDiagram:2759 - set Specific Code input for plugin: RCC
2023-07-17 17:40:57,724 [INFO] BlockDiagram:2759 - set Specific Code input for plugin: NVIC
2023-07-17 17:40:57,724 [INFO] BlockDiagram:2759 - set Specific Code input for plugin: CORTEX_M7
2023-07-17 17:40:57,725 [INFO] BlockDiagram:2759 - set Specific Code input for plugin: GPIO
2023-07-17 17:40:57,726 [INFO] CodeGenerator:799 - code generatio: config db path: C:\ST\STM32CubeIDE_1.13.0\STM32CubeIDE\plugins\com.st.stm32cube.common.mx_6.9.0.202307051724\\db\
2023-07-17 17:40:57,874 [INFO] CodeEngine:255 - oldGeneratedFile, C:\Users\User\STM32CubeIDE\MAD_Lab\Lab1_1\MXTmpFiles\license.tmp_save
2023-07-17 17:40:58,004 [INFO] CodeEngine:279 - Generated code: C:\Users\User\STM32CubeIDE\MAD_Lab\Lab1_1\MXTmpFiles\license.tmp
2023-07-17 17:40:58,059 [INFO] CodeEngine:255 - oldGeneratedFile, C:\Users\User\STM32CubeIDE\MAD_Lab\Lab1_1\Core\Src\gpio.c_save
2023-07-17 17:40:58,170 [INFO] CodeEngine:279 - Generated code: C:\Users\User\STM32CubeIDE\MAD_Lab\Lab1_1\Core\Src\gpio.c
2023-07-17 17:40:58,180 [INFO] CodeEngine:255 - oldGeneratedFile, C:\Users\User\STM32CubeIDE\MAD_Lab\Lab1_1\Core\Inc\gpio.h_save
2023-07-17 17:40:58,256 [INFO] CodeEngine:279 - Generated code: C:\Users\User\STM32CubeIDE\MAD_Lab\Lab1_1\Core\Inc\gpio.h
2023-07-17 17:40:58,292 [INFO] CodeEngine:255 - oldGeneratedFile, C:\Users\User\STM32CubeIDE\MAD_Lab\Lab1_1\MXTmpFiles\cortex.tmp_save
2023-07-17 17:40:58,418 [INFO] CodeEngine:279 - Generated code: C:\Users\User\STM32CubeIDE\MAD_Lab\Lab1_1\MXTmpFiles\cortex.tmp
2023-07-17 17:40:58,448 [INFO] CodeEngine:255 - oldGeneratedFile, C:\Users\User\STM32CubeIDE\MAD_Lab\Lab1_1\Core\Src\stm32f7xx_it.c_save
2023-07-17 17:40:58,668 [INFO] CodeEngine:279 - Generated code: C:\Users\User\STM32CubeIDE\MAD_Lab\Lab1_1\Core\Src\stm32f7xx_it.c
2023-07-17 17:40:58,688 [INFO] CodeEngine:255 - oldGeneratedFile, C:\Users\User\STM32CubeIDE\MAD_Lab\Lab1_1\Core\Inc\stm32f7xx_it.h_save
2023-07-17 17:40:58,764 [INFO] CodeEngine:279 - Generated code: C:\Users\User\STM32CubeIDE\MAD_Lab\Lab1_1\Core\Inc\stm32f7xx_it.h
2023-07-17 17:40:58,804 [INFO] CodeEngine:255 - oldGeneratedFile, C:\Users\User\STM32CubeIDE\MAD_Lab\Lab1_1\Core\Src\stm32f7xx_hal_msp.c_save
2023-07-17 17:40:58,905 [INFO] CodeEngine:279 - Generated code: C:\Users\User\STM32CubeIDE\MAD_Lab\Lab1_1\Core\Src\stm32f7xx_hal_msp.c
2023-07-17 17:40:58,914 [INFO] CodeEngine:255 - oldGeneratedFile, C:\Users\User\STM32CubeIDE\MAD_Lab\Lab1_1\MXTmpFiles\system.tmp_save
2023-07-17 17:40:58,995 [INFO] CodeEngine:279 - Generated code: C:\Users\User\STM32CubeIDE\MAD_Lab\Lab1_1\MXTmpFiles\system.tmp
2023-07-17 17:40:59,023 [INFO] CodeEngine:311 - oldGeneratedFile, C:\Users\User\STM32CubeIDE\MAD_Lab\Lab1_1\Core\Inc\stm32f7xx_hal_conf.h_save
2023-07-17 17:40:59,144 [INFO] CodeEngine:335 - Generated code: C:\Users\User\STM32CubeIDE\MAD_Lab\Lab1_1\Core\Inc\stm32f7xx_hal_conf.h
2023-07-17 17:40:59,198 [INFO] CodeEngine:255 - oldGeneratedFile, C:\Users\User\STM32CubeIDE\MAD_Lab\Lab1_1\Core\Inc\main.h_save
2023-07-17 17:40:59,299 [INFO] CodeEngine:279 - Generated code: C:\Users\User\STM32CubeIDE\MAD_Lab\Lab1_1\Core\Inc\main.h
2023-07-17 17:40:59,318 [INFO] CodeEngine:255 - oldGeneratedFile, C:\Users\User\STM32CubeIDE\MAD_Lab\Lab1_1\Core\Src\main.c_save
2023-07-17 17:40:59,426 [INFO] CodeEngine:279 - Generated code: C:\Users\User\STM32CubeIDE\MAD_Lab\Lab1_1\Core\Src\main.c
2023-07-17 17:41:00,123 [INFO] ProjectBuilder:3064 - Time for Copy HAL[1] : 293mS.
2023-07-17 17:41:00,128 [INFO] ProjectBuilder:4404 - Project Generator version: 4.1.0
2023-07-17 17:41:00,292 [INFO] ConfigFileManager:1457 - The Die is : DIE451
2023-07-17 17:41:00,955 [ERROR] ConfigurationRetriever:142 - IOException on connection: Read timed out
2023-07-17 17:41:00,964 [ERROR] ConfigurationRetriever:142 - IOException on connection: Connection reset
2023-07-17 17:41:01,709 [INFO] ProjectBuilder:4626 - Time for Generating toolchain IDE Files: 1581mS.
2023-07-17 17:41:01,711 [INFO] ProjectBuilder:2935 - Time for Copy CMSIS : 1mS.
2023-07-17 17:41:01,716 [INFO] ProjectBuilder:2935 - Time for Copy CMSIS : 0mS.
2023-07-17 17:44:50,044 [INFO] LogOutputStream:77 - [STDOUT_REDIRECT] StartTraceHandler.execute(), success : Collect=false
2023-07-17 17:44:54,523 [INFO] LogOutputStream:77 - [STDOUT_REDIRECT] StartTraceHandler.execute(), success : Collect=true
2023-07-17 17:45:05,827 [INFO] LogOutputStream:77 - [STDOUT_REDIRECT] StartTraceHandler.execute(), success : Collect=false
2023-07-17 17:45:16,324 [INFO] LogOutputStream:77 - [STDOUT_REDIRECT] StartTraceHandler.execute(), success : Collect=true
2023-07-17 17:45:18,291 [INFO] LogOutputStream:77 - [STDOUT_REDIRECT] StartTraceHandler.execute(), success : Collect=false
2023-07-17 17:45:19,040 [INFO] LogOutputStream:77 - [STDOUT_REDIRECT] StartTraceHandler.execute(), success : Collect=true
2023-07-17 17:45:31,945 [INFO] LogOutputStream:77 - [STDOUT_REDIRECT] StartTraceHandler.execute(), success : Collect=false
2023-07-17 17:45:37,946 [INFO] LogOutputStream:77 - [STDOUT_REDIRECT] StartTraceHandler.execute(), success : Collect=true
2023-07-17 17:48:59,009 [INFO] LogOutputStream:77 - [STDOUT_REDIRECT] StartTraceHandler.execute(), success : Collect=false
2023-07-17 17:49:03,719 [INFO] LogOutputStream:77 - [STDOUT_REDIRECT] StartTraceHandler.execute(), success : Collect=true
2023-07-17 17:49:15,271 [INFO] LogOutputStream:77 - [STDOUT_REDIRECT] StartTraceHandler.execute(), success : Collect=false
2023-07-17 17:49:19,630 [INFO] LogOutputStream:77 - [STDOUT_REDIRECT] StartTraceHandler.execute(), success : Collect=true
2023-07-17 17:50:58,168 [ERROR] LogOutputStream:75 - [STDERR_REDIRECT] Exception in thread "SWV client thread" java.lang.NullPointerException: Cannot invoke "com.st.stm32cube.ide.mcu.debug.swv.core.SWVPlugin.isDebugging()" because "com.st.stm32cube.ide.mcu.debug.swv.core.SWVPlugin.plugin" is null
2023-07-17 17:50:58,171 [ERROR] LogOutputStream:75 - [STDERR_REDIRECT] 	at com.st.stm32cube.ide.mcu.debug.swv.core.SWVPlugin.debugTrace(SWVPlugin.java:85)
2023-07-17 17:50:58,173 [ERROR] LogOutputStream:75 - [STDERR_REDIRECT] 	at com.st.stm32cube.ide.mcu.debug.swv.core.SWVClient.TRACE(SWVClient.java:768)
2023-07-17 17:50:58,174 [ERROR] LogOutputStream:75 - [STDERR_REDIRECT] 	at com.st.stm32cube.ide.mcu.debug.swv.core.SWVClient.readByte(SWVClient.java:296)
2023-07-17 17:50:58,176 [ERROR] LogOutputStream:75 - [STDERR_REDIRECT] 	at com.st.stm32cube.ide.mcu.debug.swv.core.SWVClient.getNextByte(SWVClient.java:277)
2023-07-17 17:50:58,178 [ERROR] LogOutputStream:75 - [STDERR_REDIRECT] 	at com.st.stm32cube.ide.mcu.debug.swv.core.SWVClient.run(SWVClient.java:313)
