2023-09-03 22:23:52,242 [INFO] Activator:176 - 


2023-09-03 22:23:52,248 [INFO] Activator:177 - !SESSION log4j initialized
2023-09-03 22:23:58,465 [INFO] LogOutputStream:77 - [STDOUT_REDIRECT] 
2023-09-03 22:24:01,069 [INFO] ApplicationProperties:184 - Using Application install path: C:\ST\STM32CubeIDE_1.13.0\STM32CubeIDE\plugins\com.st.stm32cube.common.mx_6.9.0.202307051724
2023-09-03 22:24:01,083 [INFO] DbMcusXml:78 - Set database path to: C:\ST\STM32CubeIDE_1.13.0\STM32CubeIDE\plugins\com.st.stm32cube.common.mx_6.9.0.202307051724\\db\/mcu/
2023-09-03 22:24:01,083 [INFO] ApiDb:274 - Set plugin database path to: C:\ST\STM32CubeIDE_1.13.0\STM32CubeIDE\plugins\com.st.stm32cube.common.mx_6.9.0.202307051724\\db\/plugins/boardmanager/
2023-09-03 22:24:01,083 [WARN] ApiDb:259 - Overriding images path with different value:  => C:\ST\STM32CubeIDE_1.13.0\STM32CubeIDE\plugins\com.st.stm32cube.common.mx_6.9.0.202307051724\\db\/plugins/mcufinder/images/
2023-09-03 22:24:01,095 [INFO] ApiDb:250 - Set database path to: C:\Users\User\.stmcufinder\plugins\mcufinder//mcu/
2023-09-03 22:24:01,096 [INFO] DbMcusAds:125 - Set database path to: C:\Users\User\.stmcufinder\plugins\mcufinder//mcu/
2023-09-03 22:24:01,097 [INFO] CrossReferenceDbSqlite:203 - Set database path to: C:\Users\User\.stmcufinder\plugins\mcufinder//mcu/cs/
2023-09-03 22:24:01,195 [INFO] RulesReader:64 - Compatibility file has been processed (293 Rules)
2023-09-03 22:24:01,275 [INFO] DbMcusXml:78 - Set database path to: C:\ST\STM32CubeIDE_1.13.0\STM32CubeIDE\plugins\com.st.stm32cube.common.mx_6.9.0.202307051724\\db\/mcu/
2023-09-03 22:24:01,275 [INFO] ApiDb:274 - Set plugin database path to: C:\ST\STM32CubeIDE_1.13.0\STM32CubeIDE\plugins\com.st.stm32cube.common.mx_6.9.0.202307051724\\db\/plugins/boardmanager/
2023-09-03 22:24:01,275 [INFO] ApiDb:261 - Set plugin images path to: C:\ST\STM32CubeIDE_1.13.0\STM32CubeIDE\plugins\com.st.stm32cube.common.mx_6.9.0.202307051724\\db\/plugins/mcufinder/images/
2023-09-03 22:24:01,276 [WARN] DbFile:41 - Overriding database path with different value: C:\Users\User\.stmcufinder\plugins\mcufinder/ => C:\Users\User\.stmcufinder\plugins\mcufinder
2023-09-03 22:24:01,276 [INFO] ApiDb:250 - Set database path to: C:\Users\User\.stmcufinder\plugins\mcufinder//mcu/
2023-09-03 22:24:01,276 [WARN] DbFile:41 - Overriding database path with different value: C:\Users\User\.stmcufinder\plugins\mcufinder/ => C:\Users\User\.stmcufinder\plugins\mcufinder
2023-09-03 22:24:01,276 [INFO] DbMcusAds:125 - Set database path to: C:\Users\User\.stmcufinder\plugins\mcufinder//mcu/
2023-09-03 22:24:01,276 [WARN] DbFile:41 - Overriding database path with different value: C:\Users\User\.stmcufinder\plugins\mcufinder/ => C:\Users\User\.stmcufinder\plugins\mcufinder
2023-09-03 22:24:01,276 [WARN] DbFile:41 - Overriding database path with different value: C:\Users\User\.stmcufinder\plugins\mcufinder/ => C:\Users\User\.stmcufinder\plugins\mcufinder
2023-09-03 22:24:01,276 [INFO] CrossReferenceDbSqlite:203 - Set database path to: C:\Users\User\.stmcufinder\plugins\mcufinder//mcu/cs/
2023-09-03 22:24:01,347 [INFO] MainPanel:262 - HeapMemory: 268435456
2023-09-03 22:24:01,429 [INFO] DbMcusXml:78 - Set database path to: C:\ST\STM32CubeIDE_1.13.0\STM32CubeIDE\plugins\com.st.stm32cube.common.mx_6.9.0.202307051724\\db\/mcu/
2023-09-03 22:24:01,430 [INFO] ApiDb:274 - Set plugin database path to: C:\ST\STM32CubeIDE_1.13.0\STM32CubeIDE\plugins\com.st.stm32cube.common.mx_6.9.0.202307051724\\db\/plugins/boardmanager/
2023-09-03 22:24:01,430 [INFO] ApiDb:261 - Set plugin images path to: C:\ST\STM32CubeIDE_1.13.0\STM32CubeIDE\plugins\com.st.stm32cube.common.mx_6.9.0.202307051724\\db\/plugins/mcufinder/images/
2023-09-03 22:24:01,430 [WARN] DbFile:41 - Overriding database path with different value: C:\Users\User\.stmcufinder\plugins\mcufinder/ => C:\Users\User\.stmcufinder\plugins\mcufinder
2023-09-03 22:24:01,430 [INFO] ApiDb:250 - Set database path to: C:\Users\User\.stmcufinder\plugins\mcufinder//mcu/
2023-09-03 22:24:01,430 [WARN] DbFile:41 - Overriding database path with different value: C:\Users\User\.stmcufinder\plugins\mcufinder/ => C:\Users\User\.stmcufinder\plugins\mcufinder
2023-09-03 22:24:01,430 [INFO] DbMcusAds:125 - Set database path to: C:\Users\User\.stmcufinder\plugins\mcufinder//mcu/
2023-09-03 22:24:01,430 [WARN] DbFile:41 - Overriding database path with different value: C:\Users\User\.stmcufinder\plugins\mcufinder/ => C:\Users\User\.stmcufinder\plugins\mcufinder
2023-09-03 22:24:01,430 [WARN] DbFile:41 - Overriding database path with different value: C:\Users\User\.stmcufinder\plugins\mcufinder/ => C:\Users\User\.stmcufinder\plugins\mcufinder
2023-09-03 22:24:01,430 [INFO] CrossReferenceDbSqlite:203 - Set database path to: C:\Users\User\.stmcufinder\plugins\mcufinder//mcu/cs/
2023-09-03 22:24:01,446 [INFO] ApplicationProperties:184 - Using Application install path: C:\ST\STM32CubeIDE_1.13.0\STM32CubeIDE\plugins\com.st.stm32cube.common.mx_6.9.0.202307051724
2023-09-03 22:24:01,448 [INFO] PluginManage:196 - Search for loadable plugins [exclusion list=, ]
2023-09-03 22:24:01,449 [INFO] PluginManage:310 - Check plugin analytics
2023-09-03 22:24:01,585 [INFO] AnalyticsPlugin:253 - Accepted Software Licenses: 
2023-09-03 22:24:01,585 [INFO] AnalyticsPlugin:255 - Accepted CMSIS Pack Licenses: 
2023-09-03 22:24:01,585 [INFO] AnalyticsPlugin:257 - Accepted Firmware Licenses: FW.F7.1.17.0
2023-09-03 22:24:01,588 [INFO] PluginManage:359 - Loaded plugin analytics (category:tool,tabindex:-1)
2023-09-03 22:24:01,588 [INFO] PluginManage:310 - Check plugin cadmodel
2023-09-03 22:24:01,603 [INFO] CADModel:105 - Init CAD model plugin
2023-09-03 22:24:01,603 [INFO] PluginManage:359 - Loaded plugin cadmodel (category:power,tabindex:5)
2023-09-03 22:24:01,603 [INFO] PluginManage:310 - Check plugin clock
2023-09-03 22:24:01,621 [INFO] PluginManage:359 - Loaded plugin clock (category:base,tabindex:2)
2023-09-03 22:24:01,621 [INFO] PluginManage:310 - Check plugin ddr
2023-09-03 22:24:01,624 [INFO] PluginManage:359 - Loaded plugin ddr (category:tool,tabindex:6)
2023-09-03 22:24:01,624 [INFO] PluginManage:310 - Check plugin filemanager
2023-09-03 22:24:01,731 [INFO] PluginManage:359 - Loaded plugin filemanager (category:base,tabindex:10)
2023-09-03 22:24:01,731 [INFO] PluginManage:310 - Check plugin ipmanager
2023-09-03 22:24:01,738 [INFO] PluginManage:359 - Loaded plugin ipmanager (category:base,tabindex:5)
2023-09-03 22:24:01,739 [INFO] PluginManage:310 - Check plugin lpbam
2023-09-03 22:24:01,752 [INFO] PluginManage:359 - Loaded plugin lpbam (category:base,tabindex:0)
2023-09-03 22:24:01,752 [INFO] PluginManage:310 - Check plugin memorymap
2023-09-03 22:24:01,770 [INFO] PluginManage:359 - Loaded plugin memorymap (category:base,tabindex:4)
2023-09-03 22:24:01,770 [INFO] PluginManage:310 - Check plugin pinoutandconfiguration
2023-09-03 22:24:01,784 [INFO] PluginManage:359 - Loaded plugin pinoutandconfiguration (category:base,tabindex:1)
2023-09-03 22:24:01,784 [INFO] PluginManage:310 - Check plugin pinoutconfig
2023-09-03 22:24:01,865 [WARN] SupportedApi:132 - Cannot load RTOS API schema: s4s-elt-must-match.1: The content of 'definitions' must match (annotation?, (simpleType | complexType)?, (unique | key | keyref)*)). A problem was found starting at: attribute.
2023-09-03 22:24:01,978 [INFO] PluginManage:359 - Loaded plugin pinoutconfig (category:base,tabindex:0)
2023-09-03 22:24:01,978 [INFO] PluginManage:310 - Check plugin power
2023-09-03 22:24:01,994 [INFO] PluginManage:359 - Loaded plugin power (category:power,tabindex:4)
2023-09-03 22:24:01,994 [INFO] PluginManage:310 - Check plugin projectmanager
2023-09-03 22:24:02,004 [INFO] PluginManage:359 - Loaded plugin projectmanager (category:projectmanager,tabindex:3)
2023-09-03 22:24:02,004 [INFO] PluginManage:310 - Check plugin thirdparty
2023-09-03 22:24:02,225 [INFO] PluginManage:359 - Loaded plugin thirdparty (category:base,tabindex:-1)
2023-09-03 22:24:02,225 [INFO] PluginManage:310 - Check plugin tools
2023-09-03 22:24:02,225 [WARN] IntegrityCheckThread:84 - waiting for thirdparty lock release [integrity check]
2023-09-03 22:24:02,225 [INFO] IntegrityCheckThread:86 - entering critical section [integrity check]
2023-09-03 22:24:02,225 [INFO] ThirdPartyUpdaterWithRetryManager:70 - Updater plugin not ready yet. [1/15]
2023-09-03 22:24:02,250 [INFO] PluginManage:359 - Loaded plugin tools (category:base,tabindex:7)
2023-09-03 22:24:02,250 [INFO] PluginManage:310 - Check plugin tutovideos
2023-09-03 22:24:02,409 [INFO] PluginManage:359 - Loaded plugin tutovideos (category:base,tabindex:-1)
2023-09-03 22:24:02,409 [INFO] PluginManage:310 - Check plugin updater
2023-09-03 22:24:02,419 [INFO] PluginManage:359 - Loaded plugin updater (category:base,tabindex:12)
2023-09-03 22:24:02,419 [INFO] PluginManage:310 - Check plugin userauth
2023-09-03 22:24:02,424 [INFO] UserAuth:113 - Init User Auth plugin
2023-09-03 22:24:02,424 [INFO] PluginManage:359 - Loaded plugin userauth (category:base,tabindex:14)
2023-09-03 22:24:02,424 [INFO] PluginManage:283 - PluginManage : Loaded plugins [17]
2023-09-03 22:24:02,612 [INFO] PinOutPanel:1499 - setPackage(No Configuration,No Configuration)
2023-09-03 22:24:02,706 [INFO] CADModel:165 - CPN selected for project level
2023-09-03 22:24:02,706 [INFO] CADModel:114 - Register for checkConnection events
2023-09-03 22:24:02,729 [INFO] IPUIPlugin:80 - create IPUIPlugin
2023-09-03 22:24:02,729 [INFO] PluginManager:220 - loadIPPluginJar : add adc
2023-09-03 22:24:02,754 [INFO] IPUIPlugin:80 - create IPUIPlugin
2023-09-03 22:24:02,754 [INFO] PluginManager:220 - loadIPPluginJar : add aes
2023-09-03 22:24:02,784 [INFO] IPUIPlugin:80 - create IPUIPlugin
2023-09-03 22:24:02,785 [INFO] PluginManager:220 - loadIPPluginJar : add can
2023-09-03 22:24:02,802 [INFO] IPUIPlugin:80 - create IPUIPlugin
2023-09-03 22:24:02,802 [INFO] PluginManager:220 - loadIPPluginJar : add comp
2023-09-03 22:24:02,827 [INFO] IPUIPlugin:80 - create IPUIPlugin
2023-09-03 22:24:02,827 [INFO] PluginManager:220 - loadIPPluginJar : add cryp
2023-09-03 22:24:02,851 [INFO] IPUIPlugin:80 - create IPUIPlugin
2023-09-03 22:24:02,851 [INFO] PluginManager:220 - loadIPPluginJar : add dfsdm
2023-09-03 22:24:02,862 [INFO] IPUIPlugin:80 - create IPUIPlugin
2023-09-03 22:24:02,863 [INFO] PluginManager:220 - loadIPPluginJar : add dma
2023-09-03 22:24:02,893 [INFO] IPUIPlugin:80 - create IPUIPlugin
2023-09-03 22:24:02,893 [INFO] PluginManager:220 - loadIPPluginJar : add dma3
2023-09-03 22:24:02,909 [INFO] IPUIPlugin:80 - create IPUIPlugin
2023-09-03 22:24:02,909 [INFO] PluginManager:220 - loadIPPluginJar : add fatfs
2023-09-03 22:24:02,943 [INFO] IPUIPlugin:80 - create IPUIPlugin
2023-09-03 22:24:02,943 [INFO] PluginManager:220 - loadIPPluginJar : add fmc
2023-09-03 22:24:02,955 [INFO] IPUIPlugin:80 - create IPUIPlugin
2023-09-03 22:24:02,955 [INFO] PluginManager:220 - loadIPPluginJar : add freertos
2023-09-03 22:24:02,970 [INFO] IPUIPlugin:80 - create IPUIPlugin
2023-09-03 22:24:02,970 [INFO] PluginManager:220 - loadIPPluginJar : add genericplugin
2023-09-03 22:24:03,032 [INFO] IPUIPlugin:80 - create IPUIPlugin
2023-09-03 22:24:03,032 [INFO] PluginManager:220 - loadIPPluginJar : add gfxmmu
2023-09-03 22:24:03,116 [INFO] IPUIPlugin:80 - create IPUIPlugin
2023-09-03 22:24:03,117 [INFO] PluginManager:220 - loadIPPluginJar : add gic
2023-09-03 22:24:03,127 [INFO] IPUIPlugin:80 - create IPUIPlugin
2023-09-03 22:24:03,127 [INFO] PluginManager:220 - loadIPPluginJar : add gpio
2023-09-03 22:24:03,187 [INFO] IPUIPlugin:80 - create IPUIPlugin
2023-09-03 22:24:03,187 [INFO] PluginManager:220 - loadIPPluginJar : add gtzc
2023-09-03 22:24:03,209 [INFO] IPUIPlugin:80 - create IPUIPlugin
2023-09-03 22:24:03,209 [INFO] PluginManager:220 - loadIPPluginJar : add hash
2023-09-03 22:24:03,245 [INFO] IPUIPlugin:80 - create IPUIPlugin
2023-09-03 22:24:03,245 [INFO] PluginManager:220 - loadIPPluginJar : add i2c
2023-09-03 22:24:03,271 [INFO] IPUIPlugin:80 - create IPUIPlugin
2023-09-03 22:24:03,271 [INFO] PluginManager:220 - loadIPPluginJar : add i2s
2023-09-03 22:24:03,300 [INFO] IPUIPlugin:80 - create IPUIPlugin
2023-09-03 22:24:03,300 [INFO] PluginManager:220 - loadIPPluginJar : add i3c
2023-09-03 22:24:03,368 [INFO] IPUIPlugin:80 - create IPUIPlugin
2023-09-03 22:24:03,368 [INFO] PluginManager:220 - loadIPPluginJar : add ipddr
2023-09-03 22:24:03,431 [INFO] IPUIPlugin:80 - create IPUIPlugin
2023-09-03 22:24:03,431 [INFO] PluginManager:220 - loadIPPluginJar : add linkedlist
2023-09-03 22:24:03,457 [INFO] IPUIPlugin:80 - create IPUIPlugin
2023-09-03 22:24:03,457 [INFO] PluginManager:220 - loadIPPluginJar : add lorawan
2023-09-03 22:24:03,483 [INFO] IPUIPlugin:80 - create IPUIPlugin
2023-09-03 22:24:03,483 [INFO] PluginManager:220 - loadIPPluginJar : add ltdc
2023-09-03 22:24:03,496 [INFO] IPUIPlugin:80 - create IPUIPlugin
2023-09-03 22:24:03,496 [INFO] PluginManager:220 - loadIPPluginJar : add mdma
2023-09-03 22:24:03,522 [INFO] IPUIPlugin:80 - create IPUIPlugin
2023-09-03 22:24:03,522 [INFO] PluginManager:220 - loadIPPluginJar : add nvic
2023-09-03 22:24:03,548 [INFO] IPUIPlugin:80 - create IPUIPlugin
2023-09-03 22:24:03,548 [INFO] PluginManager:220 - loadIPPluginJar : add opamp
2023-09-03 22:24:03,592 [INFO] IPUIPlugin:80 - create IPUIPlugin
2023-09-03 22:24:03,592 [INFO] PluginManager:220 - loadIPPluginJar : add openamp
2023-09-03 22:24:03,624 [INFO] IPUIPlugin:80 - create IPUIPlugin
2023-09-03 22:24:03,625 [INFO] PluginManager:220 - loadIPPluginJar : add pdm2pcm
2023-09-03 22:24:03,642 [INFO] IPUIPlugin:80 - create IPUIPlugin
2023-09-03 22:24:03,644 [INFO] PluginManager:220 - loadIPPluginJar : add plateformsettings
2023-09-03 22:24:03,661 [INFO] IPUIPlugin:80 - create IPUIPlugin
2023-09-03 22:24:03,661 [INFO] PluginManager:220 - loadIPPluginJar : add quadspi
2023-09-03 22:24:03,671 [INFO] IPUIPlugin:80 - create IPUIPlugin
2023-09-03 22:24:03,671 [INFO] PluginManager:220 - loadIPPluginJar : add resmgrutility
2023-09-03 22:24:03,706 [INFO] IPUIPlugin:80 - create IPUIPlugin
2023-09-03 22:24:03,706 [INFO] PluginManager:220 - loadIPPluginJar : add sai
2023-09-03 22:24:03,735 [INFO] IPUIPlugin:80 - create IPUIPlugin
2023-09-03 22:24:03,735 [INFO] PluginManager:220 - loadIPPluginJar : add spi
2023-09-03 22:24:03,776 [INFO] IPUIPlugin:80 - create IPUIPlugin
2023-09-03 22:24:03,776 [INFO] PluginManager:220 - loadIPPluginJar : add stm32_wpan
2023-09-03 22:24:03,793 [INFO] IPUIPlugin:80 - create IPUIPlugin
2023-09-03 22:24:03,793 [INFO] PluginManager:220 - loadIPPluginJar : add tim
2023-09-03 22:24:03,831 [INFO] IPUIPlugin:80 - create IPUIPlugin
2023-09-03 22:24:03,831 [INFO] PluginManager:220 - loadIPPluginJar : add touchsensing
2023-09-03 22:24:03,849 [INFO] IPUIPlugin:80 - create IPUIPlugin
2023-09-03 22:24:03,850 [INFO] PluginManager:220 - loadIPPluginJar : add tracer_emb
2023-09-03 22:24:03,867 [INFO] IPUIPlugin:80 - create IPUIPlugin
2023-09-03 22:24:03,867 [INFO] PluginManager:220 - loadIPPluginJar : add ts
2023-09-03 22:24:03,884 [INFO] IPUIPlugin:80 - create IPUIPlugin
2023-09-03 22:24:03,884 [INFO] PluginManager:220 - loadIPPluginJar : add tsc
2023-09-03 22:24:03,901 [INFO] IPUIPlugin:80 - create IPUIPlugin
2023-09-03 22:24:03,901 [INFO] PluginManager:220 - loadIPPluginJar : add ucpd
2023-09-03 22:24:03,932 [INFO] IPUIPlugin:80 - create IPUIPlugin
2023-09-03 22:24:03,933 [INFO] PluginManager:220 - loadIPPluginJar : add usart
2023-09-03 22:24:03,963 [INFO] IPUIPlugin:80 - create IPUIPlugin
2023-09-03 22:24:03,963 [INFO] PluginManager:220 - loadIPPluginJar : add usbx
2023-09-03 22:24:04,071 [INFO] CADModel:165 - CPN selected for project level
2023-09-03 22:24:04,072 [INFO] CADModel:114 - Register for checkConnection events
2023-09-03 22:24:04,072 [FATAL] Updater:308 - Updater called before beeing initialized
2023-09-03 22:24:04,072 [ERROR] CADModel:125 - Updater not yet initialized, retry later 
2023-09-03 22:24:04,188 [INFO] CADModel:165 - CPN selected for project level
2023-09-03 22:24:04,188 [INFO] CADModel:114 - Register for checkConnection events
2023-09-03 22:24:04,188 [FATAL] Updater:308 - Updater called before beeing initialized
2023-09-03 22:24:04,188 [ERROR] CADModel:125 - Updater not yet initialized, retry later 
2023-09-03 22:24:04,191 [FATAL] Updater:308 - Updater called before beeing initialized
2023-09-03 22:24:04,272 [FATAL] Updater:308 - Updater called before beeing initialized
2023-09-03 22:24:04,281 [INFO] DbMcusAds:53 - JSON generation date=Tue Mar 07 15:50:55 ICT 2023 (1678179055114)
2023-09-03 22:24:04,281 [FATAL] Updater:308 - Updater called before beeing initialized
2023-09-03 22:24:04,309 [WARN] DetailPanel:346 - Failed to get advertising image, set to default
2023-09-03 22:24:04,372 [FATAL] Updater:308 - Updater called before beeing initialized
2023-09-03 22:24:04,374 [FATAL] Updater:308 - Updater called before beeing initialized
2023-09-03 22:24:04,374 [FATAL] Updater:308 - Updater called before beeing initialized
2023-09-03 22:24:04,374 [WARN] DetailPanel:346 - Failed to get advertising image, set to default
2023-09-03 22:24:04,375 [FATAL] Updater:308 - Updater called before beeing initialized
2023-09-03 22:24:04,419 [ERROR] Updater:1120 - MainUpdater not yet initialized. External WinMGr cannot be set.
2023-09-03 22:24:04,427 [INFO] Updater:1056 - Updater Version found : 6.9.0
2023-09-03 22:24:04,441 [INFO] ApplicationProperties:184 - Using Application install path: C:\ST\STM32CubeIDE_1.13.0\STM32CubeIDE\plugins\com.st.stm32cube.common.mx_6.9.0.202307051724
2023-09-03 22:24:05,227 [INFO] ThirdPartyUpdaterWithRetryManager:70 - Updater plugin not ready yet. [2/15]
2023-09-03 22:24:05,509 [INFO] MainUpdater:2868 - connection check result : 10
2023-09-03 22:24:05,509 [INFO] MainUpdater:3562 - Updater definition file requires update
2023-09-03 22:24:05,510 [INFO] MainUpdater:285 - Updater Check For Update Now.
2023-09-03 22:24:05,510 [INFO] MicroXplorer:498 - Change Database Version : DB.6.0.90
2023-09-03 22:24:05,525 [INFO] McuFinderGlobals:63 - Set McuFinder mode to 2 (CubeIDE integrated)
2023-09-03 22:24:07,437 [INFO] ServerAccessManage:473 - Download File updaters.zip
2023-09-03 22:24:07,525 [INFO] FileExtend:240 - Unzip File : updaters.zip
2023-09-03 22:24:07,526 [INFO] FileExtend:255 - Standard Zip Deflate
2023-09-03 22:24:08,230 [WARN] MainUpdater:1189 - Updater busy. Cannot search thirdparties
2023-09-03 22:24:08,231 [INFO] ThirdPartyUpdaterWithRetryManager:96 - Updater plugin is busy. [1/15]
2023-09-03 22:24:09,043 [INFO] ServerAccessManage:473 - Download File PacksControlFlags.xml
2023-09-03 22:24:10,034 [INFO] ServerAccessManage:473 - Download File cubemx.pidx
2023-09-03 22:24:11,231 [WARN] MainUpdater:1189 - Updater busy. Cannot search thirdparties
2023-09-03 22:24:11,231 [INFO] ThirdPartyUpdaterWithRetryManager:96 - Updater plugin is busy. [2/15]
2023-09-03 22:24:12,245 [INFO] ServerAccessManage:473 - Download File STMicroelectronics.X-CUBE-FREERTOS.pdsc
2023-09-03 22:24:14,232 [WARN] MainUpdater:1189 - Updater busy. Cannot search thirdparties
2023-09-03 22:24:14,232 [INFO] ThirdPartyUpdaterWithRetryManager:96 - Updater plugin is busy. [3/15]
2023-09-03 22:24:17,233 [WARN] MainUpdater:1189 - Updater busy. Cannot search thirdparties
2023-09-03 22:24:17,234 [INFO] ThirdPartyUpdaterWithRetryManager:96 - Updater plugin is busy. [4/15]
2023-09-03 22:24:17,289 [ERROR] ServerAccessManage:1096 - Problem, Http access forbiden
2023-09-03 22:24:17,289 [ERROR] ServerAccessManage:651 - Problem, Http access forbiden : RoweBots.I-CUBE-UNISONRTOS.pdsc.
2023-09-03 22:24:17,400 [WARN] PackLoader:240 - Cannot read IP mode file for STMicroelectronics.X-CUBE-FREERTOS.1.1.0
2023-09-03 22:24:17,402 [INFO] PopulateThirdPartyThread:66 - Ending populate Thread
2023-09-03 22:24:17,403 [INFO] ThirdParty:1030 - CMSIS Pack Vendor :STMicroelectronics X-CUBE-FREERTOS 1.1.0
2023-09-03 22:24:17,403 [INFO] LoadServerUpdatesThread:373 - End of LoadServerUpdate Thread
2023-09-03 22:24:17,504 [INFO] CheckServerUpdateThread:120 - End of CheckServer Thread
2023-09-03 22:24:20,343 [WARN] PackLoader:240 - Cannot read IP mode file for STMicroelectronics.X-CUBE-SMBUS.2.1.0
2023-09-03 22:24:20,368 [WARN] PackLoader:240 - Cannot read IP mode file for STMicroelectronics.X-CUBE-AZRTOS-F7.1.1.0
2023-09-03 22:24:20,381 [WARN] PackLoader:240 - Cannot read IP mode file for STMicroelectronics.FP-SNS-MOTENV1.4.3.2
2023-09-03 22:24:20,391 [WARN] PackLoader:240 - Cannot read IP mode file for STMicroelectronics.FP-SNS-FLIGHT1.5.0.1
2023-09-03 22:24:20,402 [WARN] PackLoader:240 - Cannot read IP mode file for STMicroelectronics.X-CUBE-BLE1.6.2.4
2023-09-03 22:24:20,406 [WARN] PackLoader:240 - Cannot read IP mode file for STMicroelectronics.FP-SNS-FLIGHT1.5.0.2
2023-09-03 22:24:20,417 [WARN] PackLoader:240 - Cannot read IP mode file for STMicroelectronics.X-CUBE-DISPLAY.3.0.0
2023-09-03 22:24:20,430 [WARN] PackLoader:240 - Cannot read IP mode file for STMicroelectronics.X-CUBE-BLE1.7.0.0
2023-09-03 22:24:20,440 [WARN] PackLoader:240 - Cannot read IP mode file for emotas.I-CUBE-CANOPEN.1.3.0
2023-09-03 22:24:20,451 [WARN] PackLoader:240 - Cannot read IP mode file for STMicroelectronics.X-CUBE-TOUCHGFX.4.22.0
2023-09-03 22:24:20,465 [INFO] LogOutputStream:77 - [STDOUT_REDIRECT] 1 : Invalid condition id : UX_CORESTACK_Condition cause : null
2023-09-03 22:24:20,465 [INFO] LogOutputStream:77 - [STDOUT_REDIRECT] 1 : Invalid condition id : UX_CORESTACK_Condition cause : null
2023-09-03 22:24:20,466 [INFO] LogOutputStream:77 - [STDOUT_REDIRECT] 1 : Invalid condition id : UX_CORESTACK_Condition cause : null
2023-09-03 22:24:20,467 [INFO] LogOutputStream:77 - [STDOUT_REDIRECT] 1 : Invalid condition id : UX_CORESTACK_Condition cause : null
2023-09-03 22:24:20,467 [INFO] LogOutputStream:77 - [STDOUT_REDIRECT] 1 : Invalid condition id : UX_CORESTACK_Condition cause : null
2023-09-03 22:24:20,469 [WARN] PackLoader:240 - Cannot read IP mode file for STMicroelectronics.X-CUBE-AZRTOS-WL.2.0.0
2023-09-03 22:24:20,480 [WARN] PackLoader:240 - Cannot read IP mode file for WES.I-CUBE-Cesium.1.3.0
2023-09-03 22:24:20,489 [WARN] PackLoader:240 - Cannot read IP mode file for STMicroelectronics.X-CUBE-BLE2.3.3.0
2023-09-03 22:24:20,498 [WARN] PackLoader:240 - Cannot read IP mode file for STMicroelectronics.X-CUBE-ALGOBUILD.1.3.0
2023-09-03 22:24:20,514 [WARN] PackLoader:240 - Cannot read IP mode file for STMicroelectronics.X-CUBE-AZRTOS-G0.1.1.0
2023-09-03 22:24:20,524 [WARN] PackLoader:240 - Cannot read IP mode file for STMicroelectronics.X-CUBE-NFC4.3.0.0
2023-09-03 22:24:20,529 [WARN] PackLoader:240 - Cannot read IP mode file for STMicroelectronics.FP-ATR-SIGFOX1.3.2.0
2023-09-03 22:24:20,553 [WARN] PackLoader:240 - Cannot read IP mode file for SEGGER.I-CUBE-embOS.1.3.1
2023-09-03 22:24:20,584 [WARN] PackLoader:240 - Cannot read IP mode file for STMicroelectronics.X-CUBE-GNSS1.6.0.0
2023-09-03 22:24:20,605 [WARN] PackLoader:240 - Cannot read IP mode file for STMicroelectronics.X-CUBE-AZRTOS-F4.1.1.0
2023-09-03 22:24:20,617 [WARN] PackLoader:240 - Cannot read IP mode file for wolfSSL.I-CUBE-wolfSSL.5.6.3
2023-09-03 22:24:20,636 [WARN] PackLoader:240 - Cannot read IP mode file for STMicroelectronics.X-CUBE-AZRTOS-L5.2.0.0
2023-09-03 22:24:20,668 [WARN] PackLoader:240 - Cannot read IP mode file for STMicroelectronics.X-CUBE-MEMS1.9.6.0
2023-09-03 22:24:20,769 [WARN] PackLoader:240 - Cannot read IP mode file for STMicroelectronics.X-CUBE-BLEMGR.2.0.0
2023-09-03 22:24:20,793 [WARN] ConditionMgr:438 - getConditionDescription Invalid condition id : UX DEVICE CLASS RTOS Condition cause : null
2023-09-03 22:24:20,793 [WARN] ConditionMgr:438 - getConditionDescription Invalid condition id : UX DEVICE CLASS RTOS Condition cause : null
2023-09-03 22:24:20,795 [WARN] PackLoader:240 - Cannot read IP mode file for STMicroelectronics.X-CUBE-AZRTOS-H7.3.1.0
2023-09-03 22:24:20,795 [WARN] ConditionMgr:1039 - genDependencies : Invalid condition id : UX DEVICE CLASS RTOS Condition cause : null
2023-09-03 22:24:20,796 [WARN] ConditionMgr:1039 - genDependencies : Invalid condition id : UX DEVICE CLASS RTOS Condition cause : null
2023-09-03 22:24:20,796 [WARN] ConditionMgr:1039 - genDependencies : Invalid condition id : UX DEVICE CLASS RTOS Condition cause : null
2023-09-03 22:24:20,796 [WARN] ConditionMgr:1039 - genDependencies : Invalid condition id : UX DEVICE CLASS RTOS Condition cause : null
2023-09-03 22:24:20,796 [WARN] ConditionMgr:1039 - genDependencies : Invalid condition id : UX DEVICE CLASS RTOS Condition cause : null
2023-09-03 22:24:20,810 [WARN] PackLoader:240 - Cannot read IP mode file for STMicroelectronics.X-CUBE-NFC7.1.0.1
2023-09-03 22:24:20,821 [WARN] PackLoader:240 - Cannot read IP mode file for STMicroelectronics.X-CUBE-EEPRMA1.4.1.0
2023-09-03 22:24:20,832 [WARN] PackLoader:240 - Cannot read IP mode file for STMicroelectronics.X-CUBE-AI.8.1.0
2023-09-03 22:24:20,852 [WARN] ConditionMgr:438 - getConditionDescription Invalid condition id : LAN8742 Phy interface Condition cause : null
2023-09-03 22:24:20,853 [WARN] PackLoader:240 - Cannot read IP mode file for STMicroelectronics.X-CUBE-AZRTOS-L4.2.0.0
2023-09-03 22:24:20,854 [WARN] ConditionMgr:1039 - genDependencies : Invalid condition id : LAN8742 Phy interface Condition cause : null
2023-09-03 22:24:20,854 [WARN] ConditionMgr:1039 - genDependencies : Invalid condition id : LAN8742 Phy interface Condition cause : null
2023-09-03 22:24:20,854 [WARN] ConditionMgr:1039 - genDependencies : Invalid condition id : LAN8742 Phy interface Condition cause : null
2023-09-03 22:24:20,866 [WARN] PackLoader:240 - Cannot read IP mode file for STMicroelectronics.X-CUBE-SFXS2LP1.4.0.0
2023-09-03 22:24:20,880 [WARN] PackLoader:240 - Cannot read IP mode file for STMicroelectronics.X-CUBE-ISPU.1.1.0
2023-09-03 22:24:20,898 [WARN] ConditionMgr:438 - getConditionDescription Invalid condition id : UX DEVICE CLASS RTOS Condition cause : null
2023-09-03 22:24:20,899 [WARN] ConditionMgr:438 - getConditionDescription Invalid condition id : UX DEVICE CLASS RTOS Condition cause : null
2023-09-03 22:24:20,900 [WARN] PackLoader:240 - Cannot read IP mode file for STMicroelectronics.X-CUBE-AZRTOS-WB.2.0.0
2023-09-03 22:24:20,900 [WARN] ConditionMgr:1039 - genDependencies : Invalid condition id : UX DEVICE CLASS RTOS Condition cause : null
2023-09-03 22:24:20,900 [WARN] ConditionMgr:1039 - genDependencies : Invalid condition id : UX DEVICE CLASS RTOS Condition cause : null
2023-09-03 22:24:20,900 [WARN] ConditionMgr:1039 - genDependencies : Invalid condition id : UX DEVICE CLASS RTOS Condition cause : null
2023-09-03 22:24:20,900 [WARN] ConditionMgr:1039 - genDependencies : Invalid condition id : UX DEVICE CLASS RTOS Condition cause : null
2023-09-03 22:24:20,900 [WARN] ConditionMgr:1039 - genDependencies : Invalid condition id : UX DEVICE CLASS RTOS Condition cause : null
2023-09-03 22:24:20,911 [WARN] PackLoader:240 - Cannot read IP mode file for STMicroelectronics.X-CUBE-FREERTOS.1.0.1
2023-09-03 22:24:20,931 [WARN] PackLoader:240 - Cannot read IP mode file for STMicroelectronics.X-CUBE-AZRTOS-L5.1.1.0
2023-09-03 22:24:20,943 [WARN] PackLoader:240 - Cannot read IP mode file for STMicroelectronics.X-CUBE-AI.8.0.1
2023-09-03 22:24:20,955 [WARN] PackLoader:240 - Cannot read IP mode file for STMicroelectronics.X-CUBE-SUBG2.5.0.0
2023-09-03 22:24:20,975 [WARN] PackLoader:240 - Cannot read IP mode file for STMicroelectronics.X-CUBE-TOF1.3.3.1
2023-09-03 22:24:20,996 [WARN] PackLoader:240 - Cannot read IP mode file for STMicroelectronics.X-CUBE-AZRTOS-G4.2.0.0
2023-09-03 22:24:21,009 [WARN] PackLoader:240 - Cannot read IP mode file for STMicroelectronics.X-CUBE-TOF1.3.3.0
2023-09-03 22:24:21,015 [WARN] PackLoader:240 - Cannot read IP mode file for STMicroelectronics.X-CUBE-FREERTOS.1.1.0
2023-09-03 22:24:21,026 [WARN] PackLoader:240 - Cannot read IP mode file for portGmbH.I-Cube-SoM-uGOAL.1.1.0
2023-09-03 22:24:21,036 [WARN] PackLoader:240 - Cannot read IP mode file for STMicroelectronics.X-CUBE-ALS.1.0.1
2023-09-03 22:24:21,051 [WARN] PackLoader:240 - Cannot read IP mode file for STMicroelectronics.X-CUBE-AZRTOS-WB.1.1.0
2023-09-03 22:24:21,056 [WARN] PackLoader:240 - Cannot read IP mode file for STMicroelectronics.FP-ATR-ASTRA1.2.0.0
2023-09-03 22:24:21,057 [INFO] ThirdParty:978 - Integrity check success = true
2023-09-03 22:24:21,057 [INFO] IntegrityCheckThread:100 - exiting critical section [integrity check]
2023-09-03 22:24:21,057 [INFO] IntegrityCheckThread:103 - End integrity checks thread
2023-09-03 22:24:26,548 [ERROR] LogOutputStream:75 - [STDERR_REDIRECT] SLF4J: Failed to load class "org.slf4j.impl.StaticLoggerBinder".
2023-09-03 22:24:26,548 [ERROR] LogOutputStream:75 - [STDERR_REDIRECT] SLF4J: Defaulting to no-operation (NOP) logger implementation
2023-09-03 22:24:26,549 [ERROR] LogOutputStream:75 - [STDERR_REDIRECT] SLF4J: See http://www.slf4j.org/codes.html#StaticLoggerBinder for further details.
2023-09-03 23:15:28,364 [INFO] McuFinderGlobals:63 - Set McuFinder mode to 2 (CubeIDE integrated)
2023-09-03 23:15:28,393 [INFO] MainUpdater:2868 - connection check result : 10
2023-09-03 23:15:28,399 [INFO] MainUpdater:2868 - connection check result : 10
2023-09-03 23:15:28,563 [INFO] MicroXplorer:468 - Change Database Path : 
2023-09-03 23:15:28,563 [INFO] MicroXplorer:498 - Change Database Version : DB.6.0.90
2023-09-03 23:15:28,583 [WARN] ThirdParty:871 - waiting for thirdparty lock release [close project]
2023-09-03 23:15:28,583 [INFO] ThirdParty:873 - entering critical section [close project]
2023-09-03 23:15:28,588 [INFO] ThirdParty:883 - exiting critical section [close project]
2023-09-03 23:15:28,591 [INFO] PinOutPanel:1499 - setPackage(No Configuration,No Configuration)
2023-09-03 23:15:28,603 [INFO] UtilMem:75 - Begin LoadConfig() Used Memory: 462553480 Bytes (958398464)
2023-09-03 23:15:28,606 [INFO] MicroXplorer:468 - Change Database Path : 
2023-09-03 23:15:28,606 [INFO] MicroXplorer:498 - Change Database Version : DB.6.0.90
2023-09-03 23:15:28,606 [INFO] OpenFileManager:308 - Change cursor
2023-09-03 23:15:28,660 [INFO] Mcu:1946 - Initializing MCU STM32F767ZITx STM32F767ZITx STM32F767ZIT6
2023-09-03 23:15:30,736 [INFO] Context:659 - Trying to add GPIOservice into a context  which must be forbidden
2023-09-03 23:15:31,416 [INFO] RtosManager:555 - Registered RTOS mode: class=CMSIS, group=RTOS, mode=CMSIS_V1, owner=FREERTOS
2023-09-03 23:15:31,416 [INFO] RtosManager:555 - Registered RTOS mode: class=CMSIS, group=RTOS2, mode=CMSIS_V2, owner=FREERTOS
2023-09-03 23:15:31,416 [INFO] RtosManager:555 - Registered RTOS mode: class=RTOS, group=Core, mode=CMSIS_V1, owner=FREERTOS
2023-09-03 23:15:31,416 [INFO] RtosManager:555 - Registered RTOS mode: class=RTOS, group=Core, mode=CMSIS_V2, owner=FREERTOS
2023-09-03 23:15:31,417 [WARN] ModelIntegratedComponent:184 - Missing modes for component STMicroelectronics:FreeRTOS:0.0.1:STMicroelectronics:RTOS:FreeRTOS:Core:::10.2.0:
2023-09-03 23:15:31,426 [WARN] ModelIntegratedComponent:63 - No mode defined for component null
2023-09-03 23:15:31,427 [WARN] ModelIntegratedComponent:63 - No mode defined for component null
2023-09-03 23:15:31,427 [WARN] ModelIntegratedComponent:63 - No mode defined for component null
2023-09-03 23:15:31,427 [WARN] ModelIntegratedComponent:63 - No mode defined for component null
2023-09-03 23:15:31,427 [WARN] ModelIntegratedComponent:63 - No mode defined for component null
2023-09-03 23:15:31,427 [WARN] ModelIntegratedComponent:63 - No mode defined for component null
2023-09-03 23:15:31,427 [WARN] ModelIntegratedComponent:63 - No mode defined for component null
2023-09-03 23:15:31,427 [WARN] ModelIntegratedComponent:63 - No mode defined for component null
2023-09-03 23:15:31,427 [WARN] ModelIntegratedComponent:63 - No mode defined for component null
2023-09-03 23:15:31,427 [WARN] ModelIntegratedComponent:63 - No mode defined for component null
2023-09-03 23:15:31,427 [WARN] ModelIntegratedComponent:63 - No mode defined for component null
2023-09-03 23:15:31,427 [WARN] ModelIntegratedComponent:63 - No mode defined for component null
2023-09-03 23:15:31,427 [WARN] ModelIntegratedComponent:63 - No mode defined for component null
2023-09-03 23:15:31,427 [WARN] ModelIntegratedComponent:63 - No mode defined for component null
2023-09-03 23:15:31,427 [WARN] ModelIntegratedComponent:63 - No mode defined for component null
2023-09-03 23:15:31,427 [WARN] ModelIntegratedComponent:63 - No mode defined for component null
2023-09-03 23:15:31,428 [WARN] ModelIntegratedComponent:63 - No mode defined for component null
2023-09-03 23:15:31,428 [WARN] ModelIntegratedComponent:63 - No mode defined for component null
2023-09-03 23:15:31,428 [WARN] ModelIntegratedComponent:63 - No mode defined for component null
2023-09-03 23:15:31,428 [WARN] ModelIntegratedComponent:63 - No mode defined for component null
2023-09-03 23:15:31,428 [WARN] ModelIntegratedComponent:63 - No mode defined for component null
2023-09-03 23:15:31,428 [WARN] ModelIntegratedComponent:63 - No mode defined for component null
2023-09-03 23:15:31,428 [WARN] ModelIntegratedComponent:63 - No mode defined for component null
2023-09-03 23:15:31,428 [WARN] ModelIntegratedComponent:63 - No mode defined for component null
2023-09-03 23:15:31,428 [WARN] ModelIntegratedComponent:63 - No mode defined for component null
2023-09-03 23:15:31,428 [WARN] ModelIntegratedComponent:63 - No mode defined for component null
2023-09-03 23:15:31,428 [WARN] ModelIntegratedComponent:63 - No mode defined for component null
2023-09-03 23:15:31,428 [WARN] ModelIntegratedComponent:63 - No mode defined for component null
2023-09-03 23:15:31,428 [WARN] ModelIntegratedComponent:63 - No mode defined for component null
2023-09-03 23:15:31,428 [WARN] ModelIntegratedComponent:63 - No mode defined for component null
2023-09-03 23:15:31,428 [WARN] ModelIntegratedComponent:63 - No mode defined for component null
2023-09-03 23:15:31,428 [WARN] ModelIntegratedComponent:63 - No mode defined for component null
2023-09-03 23:15:31,428 [WARN] ModelIntegratedComponent:63 - No mode defined for component null
2023-09-03 23:15:31,450 [INFO] ThirdPartyModel:298 - Start build external matchings
2023-09-03 23:15:31,642 [INFO] ThirdPartyModel:316 - End build external matchings
2023-09-03 23:15:32,109 [INFO] UtilMem:75 - End LoadConfig() Used Memory: 519347952 Bytes (1073741824)
2023-09-03 23:15:32,366 [INFO] ApiDb:581 - Connected to CubeFinder SQLite database (C:\Users\User\.stmcufinder\plugins\mcufinder\mcu\cube-finder-db.db)
2023-09-03 23:15:32,440 [INFO] ApiDb:668 - CubeFinder database Data Model version=2.1
2023-09-03 23:15:32,440 [INFO] ApiDb:669 - CubeFinder database Configuration version=3.0.37
2023-09-03 23:15:32,441 [INFO] ApiDb:670 - CubeFinder database generation date=2023-08-09 (1691586011)
2023-09-03 23:15:32,441 [INFO] ApiDb:671 - CubeFinder database FW Pack versions=[FP-ATR-ASTRA1_V2.0.0, FP-SNS-FLIGHT1_V5.0.1, FP-SNS-FLIGHT1_V5.0.2, FP-SNS-MOTENV1_V4.3.1, FP-SNS-MOTENV1_V4.3.2, STM32Cube_FW_C0_V1.1.0, STM32Cube_FW_F4_V1.27.1, STM32Cube_FW_F7_V1.17.0, STM32Cube_FW_G0_V1.6.1, STM32Cube_FW_G4_V1.5.1, STM32Cube_FW_H5_V0.5.1, STM32Cube_FW_H5_V1.1.0, STM32Cube_FW_H7_V1.11.0, STM32Cube_FW_L0_V1.12.2, STM32Cube_FW_L5_V1.5.0, STM32Cube_FW_U5_V1.3.0, STM32Cube_FW_U5_V1.3.0RC4, STM32Cube_FW_WBA_V1.0.0RC1, STM32Cube_FW_WBA_V1.1.0, STM32Cube_FW_WBA_V1.1.0RC1, STM32Cube_FW_WB_V1.15.0RC1, STM32Cube_FW_WB_V1.16.0, STM32Cube_FW_WB_V1.16.0RC2, STM32Cube_FW_WB_V1.17.0, STM32Cube_FW_WL_V1.3.0, X-CUBE-ALGOBUILD_V1.3.0, X-CUBE-ALS_V1.0.1, X-CUBE-AZRTOS-F4_V1.1.0, X-CUBE-AZRTOS-F7_V1.1.0, X-CUBE-AZRTOS-G0_V1.1.0, X-CUBE-AZRTOS-G4_V2.0.0, X-CUBE-AZRTOS-H7_V3.1.0, X-CUBE-AZRTOS-L4_V1.0.0, X-CUBE-AZRTOS-L4_V2.0.0, X-CUBE-AZRTOS-L5_V1.1.0, X-CUBE-AZRTOS-WB_V1.1.0, X-CUBE-AZRTOS-WL_V2.0.0, X-CUBE-BLE1_V7.0.0, X-CUBE-BLE2_V3.3.0, X-CUBE-BLEMGR_V2.0.0, X-CUBE-EEPRMA1_V4.1.0, X-CUBE-FREERTOS_V1.1.0, X-CUBE-GNSS1_V6.0.0, X-CUBE-MEMS1_V9.1.0, X-CUBE-MEMS1_V9.4.0, X-CUBE-MEMS1_V9.6.0, X-CUBE-NFC4_V3.0.0, X-CUBE-NFC7_V1.0.0, X-CUBE-SFXS2LP1_V4.0.0, X-CUBE-SUBG2_V5.0.0, X-CUBE-TOF1_V3.3.1]
2023-09-03 23:15:34,017 [INFO] ApiDb:240 - Found 323 in-development CPN: [B-G473E-ZEST1S, B-WB1M-WPAN1, B-WL5M-SUBG1, NUCLEO-C031C6, NUCLEO-H503RB, NUCLEO-H563ZI, NUCLEO-U545RE-Q, NUCLEO-U5A5ZJ-Q, NUCLEO-WBA52CG, STEVAL-PROTEUS1, STEVAL-SMARTAG2, STEVAL-STWINBX1, STM320518-EVAL, STM32C0116-DK, STM32C011D6Y3TR, STM32C011D6Y6TR, STM32C011F4P3, STM32C011F4P6, STM32C011F4U3, STM32C011F4U6TR, STM32C011F6P3, STM32C011F6P6, STM32C011F6U3, STM32C011F6U6TR, STM32C011J4M3, STM32C011J4M6, STM32C011J6M3, STM32C011J6M6, STM32C0316-DK, STM32C031C4T3, STM32C031C4T6, STM32C031C4U3, STM32C031C4U6, STM32C031C6T3, STM32C031C6T6, STM32C031C6U3, STM32C031C6U6, STM32C031F4P3, STM32C031F4P6, STM32C031F6P3, STM32C031F6P6, STM32C031G4U3, STM32C031G4U6, STM32C031G6U3, STM32C031G6U6, STM32C031K4T3, STM32C031K4T6, STM32C031K4U3, STM32C031K4U6, STM32C031K6T3, STM32C031K6T6, STM32C031K6U3, STM32C031K6U6, STM32G071K8TXN, STM32G071K8UXN, STM32G081GBU6N, STM32G081KBT6N, STM32G081KBUXN, STM32G0B1CCT6N, STM32G0B1KCT6, STM32G0B1NEY6TR, STM32G0B1RCT6N, STM32G0C1CCT6, STM32G0C1CCT6N, STM32G0C1CCU6N, STM32G0C1CET6N, STM32G0C1CEU6N, STM32G0C1KCT6, STM32G0C1NEY6TR, STM32G0C1RCI6N, STM32G0C1RCT6N, STM32G0C1REI6N, STM32G0C1RET6N, STM32G0C1VCI6, STM32G0C1VEI6, STM32G471CCT6, STM32G471CCU6, STM32G471CET3, STM32G471CET6, STM32G471CEU3, STM32G471CEU6, STM32G471MCT6, STM32G471MET3, STM32G471MET6, STM32G471MEY6TR, STM32G471QCT6, STM32G471QET3, STM32G471RCT6, STM32G471RET3, STM32G471RET6, STM32G471VCH6, STM32G471VCI6, STM32G471VCT6, STM32G471VEH3, STM32G471VEH6, STM32G471VEI3, STM32G471VEI6, STM32G471VET3, STM32G471VET6, STM32G474CCT6, STM32H503CBT6, STM32H503CBU6, STM32H503EBY6TR, STM32H503KBU6, STM32H503RBT6, STM32H562AGI6, STM32H562AII6, STM32H562IGK6, STM32H562IGT6, STM32H562IIK6, STM32H562IIT6, STM32H562RGT6, STM32H562RGV6, STM32H562RIT6, STM32H562RIV6, STM32H562VGT6, STM32H562VIT6, STM32H562ZGT6, STM32H562ZIT6, STM32H563AGI6, STM32H563AII3Q, STM32H563AII6, STM32H563IGK6, STM32H563IGT6, STM32H563IIK3Q, STM32H563IIK6, STM32H563IIT3Q, STM32H563IIT6, STM32H563MIY3QTR, STM32H563RGT6, STM32H563RGV6, STM32H563RIT6, STM32H563RIV6, STM32H563VGT6, STM32H563VIT3Q, STM32H563VIT6, STM32H563ZGT6, STM32H563ZIT3Q, STM32H563ZIT6, STM32H573AII3Q, STM32H573AII6, STM32H573I-DK, STM32H573IIK3Q, STM32H573IIK6, STM32H573IIT3Q, STM32H573IIT6, STM32H573MIY3QTR, STM32H573RIT6, STM32H573RIV6, STM32H573VIT3Q, STM32H573VIT6, STM32H573ZIT3Q, STM32H573ZIT6, STM32L4R5QGI6STR, STM32MP131AAE3, STM32MP131AAF3, STM32MP131AAG3, STM32MP131CAE3, STM32MP131CAF3, STM32MP131CAG3, STM32MP131DAE7, STM32MP131DAF7, STM32MP131DAG7, STM32MP131FAE7, STM32MP131FAF7, STM32MP131FAG7, STM32MP133AAE3, STM32MP133AAF3, STM32MP133AAG3, STM32MP133CAE3, STM32MP133CAF3, STM32MP133CAG3, STM32MP133DAE7, STM32MP133DAF7, STM32MP133DAG7, STM32MP133FAE7, STM32MP133FAF7, STM32MP133FAG7, STM32MP135AAE3, STM32MP135AAF3, STM32MP135AAG3, STM32MP135CAE3, STM32MP135CAF3, STM32MP135CAG3, STM32MP135DAE7, STM32MP135DAF7, STM32MP135DAG7, STM32MP135F-DK, STM32MP135FAE7, STM32MP135FAF7, STM32MP135FAF7T, STM32MP135FAF7U, STM32MP135FAG7, STM32U535CBT6, STM32U535CBT6Q, STM32U535CBU6, STM32U535CBU6Q, STM32U535CCT6, STM32U535CCT6Q, STM32U535CCU6, STM32U535CCU6Q, STM32U535CET6, STM32U535CET6Q, STM32U535CEU6, STM32U535CEU6Q, STM32U535JEY6QTR, STM32U535NCY6QTR, STM32U535NEY6QTR, STM32U535RBI6, STM32U535RBI6Q, STM32U535RBT6, STM32U535RBT6Q, STM32U535RCI6, STM32U535RCI6Q, STM32U535RCT6, STM32U535RCT6Q, STM32U535REI6, STM32U535REI6Q, STM32U535RET6, STM32U535RET6Q, STM32U535VCI6, STM32U535VCI6Q, STM32U535VCT6, STM32U535VCT6Q, STM32U535VEI6, STM32U535VEI6Q, STM32U535VET6, STM32U535VET6Q, STM32U545CET6, STM32U545CET6Q, STM32U545CEU6, STM32U545CEU6Q, STM32U545JEY6QTR, STM32U545NEY6QTR, STM32U545REI6, STM32U545REI6Q, STM32U545RET6, STM32U545RET6Q, STM32U545VEI6, STM32U545VEI6Q, STM32U545VET6, STM32U545VET6Q, STM32U595AIH6, STM32U595AIH6Q, STM32U595AJH6, STM32U595AJH6Q, STM32U595QII6, STM32U595QII6Q, STM32U595QJI6, STM32U595QJI6Q, STM32U595RIT6, STM32U595RIT6Q, STM32U595RJT6, STM32U595RJT6Q, STM32U595VIT6, STM32U595VIT6Q, STM32U595VJT6, STM32U595VJT6Q, STM32U595ZIT6, STM32U595ZIT6Q, STM32U595ZIY6QTR, STM32U595ZJT6, STM32U595ZJT6Q, STM32U595ZJY6QTR, STM32U599BJY6QTR, STM32U599NIH6Q, STM32U599NJH6Q, STM32U599VIT6Q, STM32U599VJT6, STM32U599VJT6Q, STM32U599ZIT6Q, STM32U599ZIY6QTR, STM32U599ZJT6Q, STM32U599ZJY6QTR, STM32U5A5AJH6, STM32U5A5AJH6Q, STM32U5A5QJI6, STM32U5A5QJI6Q, STM32U5A5RJT6, STM32U5A5RJT6Q, STM32U5A5VJT6, STM32U5A5VJT6Q, STM32U5A5ZJT6, STM32U5A5ZJT6Q, STM32U5A5ZJY6QTR, STM32U5A9BJY6QTR, STM32U5A9J-DK, STM32U5A9NJH6Q, STM32U5A9VJT6Q, STM32U5A9ZJT6Q, STM32U5A9ZJY6QTR, STM32U5F7VIT6, STM32U5F7VIT6Q, STM32U5F7VJT6, STM32U5F7VJT6Q, STM32U5F9BJY6QTR, STM32U5F9NJH6Q, STM32U5F9VIT6Q, STM32U5F9VJT6Q, STM32U5F9ZIJ6QTR, STM32U5F9ZIT6Q, STM32U5F9ZJJ6QTR, STM32U5F9ZJT6Q, STM32U5G7VJT6, STM32U5G7VJT6Q, STM32U5G9BJY6QTR, STM32U5G9J-DK1, STM32U5G9J-DK2, STM32U5G9NJH6Q, STM32U5G9VJT6Q, STM32U5G9ZJJ6QTR, STM32U5G9ZJT6Q, STM32WB1MMCH6, STM32WBA52CEU6, STM32WBA52CEU6T, STM32WBA52CGU6, STM32WBA52CGU6T, STM32WBA52KEU6, STM32WBA52KEU6T, STM32WBA52KGU6, STM32WBA52KGU6T, STM32WL5MOCH6, STM32WL5MOCH6TR]
2023-09-03 23:15:34,020 [INFO] DbMcus:217 - Found 3848 MCUs, 3848 are supported
2023-09-03 23:15:34,026 [INFO] ApiDb:423 - Load user favorites file C:\Users\User/.stm32cubeide/favorites.mcus.txt: 1 item(s)
2023-09-03 23:15:34,026 [INFO] ApiDb:427 - User favorites MCUs=[STM32F767ZIT6]
2023-09-03 23:15:34,026 [INFO] DbMcus:223 - Set 1 / 1 favorites MCUs
2023-09-03 23:15:34,246 [WARN] ThirdParty:833 - waiting for thirdparty lock release [change project]
2023-09-03 23:15:34,246 [INFO] ThirdParty:835 - entering critical section [change project]
2023-09-03 23:15:34,246 [INFO] ThirdParty:1030 - CMSIS Pack Vendor :STMicroelectronics X-CUBE-ISPU 1.1.0
2023-09-03 23:15:34,246 [INFO] ThirdParty:1030 - CMSIS Pack Vendor :STMicroelectronics USBPD 4.1
2023-09-03 23:15:34,246 [INFO] ThirdParty:1030 - CMSIS Pack Vendor :STMicroelectronics X-CUBE-GNSS1 6.0.0
2023-09-03 23:15:34,246 [INFO] ThirdParty:1030 - CMSIS Pack Vendor :STMicroelectronics USB_HOST 2.0.0
2023-09-03 23:15:34,246 [INFO] ThirdParty:1030 - CMSIS Pack Vendor :STMicroelectronics X-CUBE-AZRTOS-F4 1.1.0
2023-09-03 23:15:34,246 [INFO] ThirdParty:1030 - CMSIS Pack Vendor :STMicroelectronics LIBJPEG 8.0.0
2023-09-03 23:15:34,246 [INFO] ThirdParty:1030 - CMSIS Pack Vendor :wolfSSL I-CUBE-wolfSSL 5.6.3
2023-09-03 23:15:34,246 [INFO] ThirdParty:1030 - CMSIS Pack Vendor :STMicroelectronics X-CUBE-SMBUS 2.1.0
2023-09-03 23:15:34,246 [INFO] ThirdParty:1030 - CMSIS Pack Vendor :STMicroelectronics USB_DEVICE 3.0.0
2023-09-03 23:15:34,247 [INFO] ThirdParty:1030 - CMSIS Pack Vendor :STMicroelectronics X-CUBE-AZRTOS-WB 2.0.0
2023-09-03 23:15:34,247 [INFO] ThirdParty:1030 - CMSIS Pack Vendor :STMicroelectronics X-CUBE-FREERTOS 1.0.1
2023-09-03 23:15:34,247 [INFO] ThirdParty:1030 - CMSIS Pack Vendor :STMicroelectronics X-CUBE-AZRTOS-F7 1.1.0
2023-09-03 23:15:34,247 [INFO] ThirdParty:1030 - CMSIS Pack Vendor :STMicroelectronics X-CUBE-AZRTOS-L5 2.0.0
2023-09-03 23:15:34,247 [INFO] ThirdParty:1030 - CMSIS Pack Vendor :STMicroelectronics USB_DEVICE 2.0.0
2023-09-03 23:15:34,247 [INFO] ThirdParty:1030 - CMSIS Pack Vendor :STMicroelectronics X-CUBE-MEMS1 9.6.0
2023-09-03 23:15:34,247 [INFO] ThirdParty:1030 - CMSIS Pack Vendor :STMicroelectronics FP-SNS-MOTENV1 4.3.2
2023-09-03 23:15:34,247 [INFO] ThirdParty:1030 - CMSIS Pack Vendor :STMicroelectronics FP-SNS-FLIGHT1 5.0.1
2023-09-03 23:15:34,247 [INFO] ThirdParty:1030 - CMSIS Pack Vendor :STMicroelectronics X-CUBE-ALGOBUILD 1.3.0
2023-09-03 23:15:34,247 [INFO] ThirdParty:1030 - CMSIS Pack Vendor :STMicroelectronics X-CUBE-BLE1 6.2.4
2023-09-03 23:15:34,247 [INFO] ThirdParty:1030 - CMSIS Pack Vendor :STMicroelectronics X-CUBE-AZRTOS-L5 1.1.0
2023-09-03 23:15:34,247 [INFO] ThirdParty:1030 - CMSIS Pack Vendor :STMicroelectronics FreeRTOS 0.0.1
2023-09-03 23:15:34,247 [INFO] ThirdParty:1030 - CMSIS Pack Vendor :STMicroelectronics X-CUBE-AZRTOS-G0 1.1.0
2023-09-03 23:15:34,247 [INFO] ThirdParty:1030 - CMSIS Pack Vendor :STMicroelectronics X-CUBE-BLEMGR 2.0.0
2023-09-03 23:15:34,247 [INFO] ThirdParty:1030 - CMSIS Pack Vendor :STMicroelectronics X-CUBE-AI 8.0.1
2023-09-03 23:15:34,247 [INFO] ThirdParty:1030 - CMSIS Pack Vendor :STMicroelectronics X-CUBE-NFC4 3.0.0
2023-09-03 23:15:34,247 [INFO] ThirdParty:1030 - CMSIS Pack Vendor :STMicroelectronics X-CUBE-SUBG2 5.0.0
2023-09-03 23:15:34,247 [INFO] ThirdParty:1030 - CMSIS Pack Vendor :STMicroelectronics STM32_WPAN 1.0.0
2023-09-03 23:15:34,247 [INFO] ThirdParty:1030 - CMSIS Pack Vendor :STMicroelectronics lwIP 2.0.3
2023-09-03 23:15:34,248 [INFO] ThirdParty:1030 - CMSIS Pack Vendor :STMicroelectronics FP-SNS-FLIGHT1 5.0.2
2023-09-03 23:15:34,248 [INFO] ThirdParty:1030 - CMSIS Pack Vendor :STMicroelectronics USB_HOST 1.0.0
2023-09-03 23:15:34,248 [INFO] ThirdParty:1030 - CMSIS Pack Vendor :STMicroelectronics X-CUBE-TOF1 3.3.1
2023-09-03 23:15:34,248 [INFO] ThirdParty:1030 - CMSIS Pack Vendor :STMicroelectronics X-CUBE-AZRTOS-G4 2.0.0
2023-09-03 23:15:34,248 [INFO] ThirdParty:1030 - CMSIS Pack Vendor :STMicroelectronics PDM2PCM 3.1.0
2023-09-03 23:15:34,248 [INFO] ThirdParty:1030 - CMSIS Pack Vendor :STMicroelectronics X-CUBE-AZRTOS-H7 3.1.0
2023-09-03 23:15:34,248 [INFO] ThirdParty:1030 - CMSIS Pack Vendor :STMicroelectronics X-CUBE-TOF1 3.3.0
2023-09-03 23:15:34,248 [INFO] ThirdParty:1030 - CMSIS Pack Vendor :STMicroelectronics PDM2PCM 3.3.0
2023-09-03 23:15:34,248 [INFO] ThirdParty:1030 - CMSIS Pack Vendor :STMicroelectronics X-CUBE-DISPLAY 3.0.0
2023-09-03 23:15:34,248 [INFO] ThirdParty:1030 - CMSIS Pack Vendor :STMicroelectronics X-CUBE-BLE1 7.0.0
2023-09-03 23:15:34,248 [INFO] ThirdParty:1030 - CMSIS Pack Vendor :STMicroelectronics FP-ATR-SIGFOX1 3.2.0
2023-09-03 23:15:34,248 [INFO] ThirdParty:1030 - CMSIS Pack Vendor :STMicroelectronics HAL Drivers 0.0.0
2023-09-03 23:15:34,248 [INFO] ThirdParty:1030 - CMSIS Pack Vendor :STMicroelectronics MBEDTLS 2.16.2
2023-09-03 23:15:34,248 [INFO] ThirdParty:1030 - CMSIS Pack Vendor :emotas I-CUBE-CANOPEN 1.3.0
2023-09-03 23:15:34,248 [INFO] ThirdParty:1030 - CMSIS Pack Vendor :STMicroelectronics X-CUBE-FREERTOS 1.1.0
2023-09-03 23:15:34,248 [INFO] ThirdParty:1030 - CMSIS Pack Vendor :STMicroelectronics X-CUBE-TOUCHGFX 4.22.0
2023-09-03 23:15:34,248 [INFO] ThirdParty:1030 - CMSIS Pack Vendor :STMicroelectronics X-CUBE-NFC7 1.0.1
2023-09-03 23:15:34,248 [INFO] ThirdParty:1030 - CMSIS Pack Vendor :STMicroelectronics MBEDTLS 2.14.1
2023-09-03 23:15:34,248 [INFO] ThirdParty:1030 - CMSIS Pack Vendor :STMicroelectronics X-CUBE-EEPRMA1 4.1.0
2023-09-03 23:15:34,248 [INFO] ThirdParty:1030 - CMSIS Pack Vendor :portGmbH I-Cube-SoM-uGOAL 1.1.0
2023-09-03 23:15:34,248 [INFO] ThirdParty:1030 - CMSIS Pack Vendor :STMicroelectronics X-CUBE-ALS 1.0.1
2023-09-03 23:15:34,248 [INFO] ThirdParty:1030 - CMSIS Pack Vendor :STMicroelectronics ThreadX 1.0.0
2023-09-03 23:15:34,248 [INFO] ThirdParty:1030 - CMSIS Pack Vendor :STMicroelectronics X-CUBE-AZRTOS-WB 1.1.0
2023-09-03 23:15:34,248 [INFO] ThirdParty:1030 - CMSIS Pack Vendor :STMicroelectronics X-CUBE-AZRTOS-WL 2.0.0
2023-09-03 23:15:34,248 [INFO] ThirdParty:1030 - CMSIS Pack Vendor :SEGGER I-CUBE-embOS 1.3.1
2023-09-03 23:15:34,249 [INFO] ThirdParty:1030 - CMSIS Pack Vendor :STMicroelectronics USB_DEVICE 1.0.0
2023-09-03 23:15:34,249 [INFO] ThirdParty:1030 - CMSIS Pack Vendor :STMicroelectronics X-CUBE-AI 8.1.0
2023-09-03 23:15:34,249 [INFO] ThirdParty:1030 - CMSIS Pack Vendor :STMicroelectronics X-CUBE-AZRTOS-L4 2.0.0
2023-09-03 23:15:34,249 [INFO] ThirdParty:1030 - CMSIS Pack Vendor :STMicroelectronics ThreadX 0.0.2
2023-09-03 23:15:34,249 [INFO] ThirdParty:1030 - CMSIS Pack Vendor :WES I-CUBE-Cesium 1.3.0
2023-09-03 23:15:34,249 [INFO] ThirdParty:1030 - CMSIS Pack Vendor :STMicroelectronics FP-ATR-ASTRA1 2.0.0
2023-09-03 23:15:34,249 [INFO] ThirdParty:1030 - CMSIS Pack Vendor :STMicroelectronics lwIP 2.1.2
2023-09-03 23:15:34,249 [INFO] ThirdParty:1030 - CMSIS Pack Vendor :STMicroelectronics X-CUBE-SFXS2LP1 4.0.0
2023-09-03 23:15:34,249 [INFO] ThirdParty:1030 - CMSIS Pack Vendor :STMicroelectronics X-CUBE-BLE2 3.3.0
2023-09-03 23:15:34,249 [INFO] ThirdParty:1030 - CMSIS Pack Vendor :STMicroelectronics PDM2PCM 3.2.0
2023-09-03 23:15:34,249 [INFO] ThirdParty:841 - exiting critical section [change project]
2023-09-03 23:15:34,604 [INFO] PinOutPanel:1499 - setPackage(No Configuration,No Configuration)
2023-09-03 23:15:34,606 [INFO] PinOutPanel:1499 - setPackage(STM32F767ZITx,LQFP144)
2023-09-03 23:15:35,019 [INFO] UtilMem:75 - Before build in PCC Used Memory: 541585208 Bytes (1073741824)
2023-09-03 23:15:35,676 [INFO] UtilMem:75 - After build in PCC Used Memory: 609663488 Bytes (1073741824)
2023-09-03 23:15:35,704 [INFO] IPUIPlugin:80 - create IPUIPlugin
2023-09-03 23:15:35,704 [INFO] IPUIPlugin:80 - create IPUIPlugin
2023-09-03 23:15:35,704 [INFO] IPUIPlugin:80 - create IPUIPlugin
2023-09-03 23:15:35,704 [INFO] IPUIPlugin:80 - create IPUIPlugin
2023-09-03 23:15:35,704 [INFO] IPUIPlugin:80 - create IPUIPlugin
2023-09-03 23:15:35,704 [INFO] IPUIPlugin:80 - create IPUIPlugin
2023-09-03 23:15:35,705 [INFO] IPUIPlugin:80 - create IPUIPlugin
2023-09-03 23:15:35,705 [INFO] IPUIPlugin:80 - create IPUIPlugin
2023-09-03 23:15:35,705 [INFO] IPUIPlugin:80 - create IPUIPlugin
2023-09-03 23:15:35,705 [INFO] IPUIPlugin:80 - create IPUIPlugin
2023-09-03 23:15:35,705 [INFO] IPUIPlugin:80 - create IPUIPlugin
2023-09-03 23:15:35,705 [INFO] IPUIPlugin:80 - create IPUIPlugin
2023-09-03 23:15:35,705 [INFO] IPUIPlugin:80 - create IPUIPlugin
2023-09-03 23:15:35,705 [INFO] IPUIPlugin:80 - create IPUIPlugin
2023-09-03 23:15:35,705 [INFO] IPUIPlugin:80 - create IPUIPlugin
2023-09-03 23:15:35,705 [INFO] IPUIPlugin:80 - create IPUIPlugin
2023-09-03 23:15:35,706 [INFO] IPUIPlugin:80 - create IPUIPlugin
2023-09-03 23:15:35,706 [INFO] IPUIPlugin:80 - create IPUIPlugin
2023-09-03 23:15:35,706 [INFO] IPUIPlugin:80 - create IPUIPlugin
2023-09-03 23:15:35,706 [INFO] IPUIPlugin:80 - create IPUIPlugin
2023-09-03 23:15:35,706 [INFO] IPUIPlugin:80 - create IPUIPlugin
2023-09-03 23:15:35,706 [INFO] IPUIPlugin:80 - create IPUIPlugin
2023-09-03 23:15:35,706 [INFO] IPUIPlugin:80 - create IPUIPlugin
2023-09-03 23:15:35,706 [INFO] IPUIPlugin:80 - create IPUIPlugin
2023-09-03 23:15:35,706 [INFO] IPUIPlugin:80 - create IPUIPlugin
2023-09-03 23:15:35,706 [INFO] IPUIPlugin:80 - create IPUIPlugin
2023-09-03 23:15:35,706 [INFO] IPUIPlugin:80 - create IPUIPlugin
2023-09-03 23:15:35,706 [INFO] IPUIPlugin:80 - create IPUIPlugin
2023-09-03 23:15:35,706 [INFO] IPUIPlugin:80 - create IPUIPlugin
2023-09-03 23:15:35,707 [INFO] IPUIPlugin:80 - create IPUIPlugin
2023-09-03 23:15:35,707 [INFO] IPUIPlugin:80 - create IPUIPlugin
2023-09-03 23:15:35,707 [INFO] IPUIPlugin:80 - create IPUIPlugin
2023-09-03 23:15:35,707 [INFO] IPUIPlugin:80 - create IPUIPlugin
2023-09-03 23:15:35,707 [INFO] IPUIPlugin:80 - create IPUIPlugin
2023-09-03 23:15:35,707 [INFO] IPUIPlugin:80 - create IPUIPlugin
2023-09-03 23:15:35,707 [INFO] IPUIPlugin:80 - create IPUIPlugin
2023-09-03 23:15:35,707 [INFO] IPUIPlugin:80 - create IPUIPlugin
2023-09-03 23:15:35,707 [INFO] IPUIPlugin:80 - create IPUIPlugin
2023-09-03 23:15:35,708 [INFO] IPUIPlugin:80 - create IPUIPlugin
2023-09-03 23:15:35,708 [INFO] IPUIPlugin:80 - create IPUIPlugin
2023-09-03 23:15:35,708 [INFO] IPUIPlugin:80 - create IPUIPlugin
2023-09-03 23:15:35,709 [INFO] IPUIPlugin:80 - create IPUIPlugin
2023-09-03 23:15:35,709 [INFO] IPUIPlugin:80 - create IPUIPlugin
2023-09-03 23:15:35,709 [INFO] IPUIPlugin:80 - create IPUIPlugin
2023-09-03 23:15:35,709 [INFO] IPUIPlugin:80 - create IPUIPlugin
2023-09-03 23:15:35,709 [INFO] IPUIPlugin:80 - create IPUIPlugin
2023-09-03 23:15:35,709 [INFO] IPUIPlugin:80 - create IPUIPlugin
2023-09-03 23:15:35,709 [INFO] IPUIPlugin:80 - create IPUIPlugin
2023-09-03 23:15:35,710 [INFO] IPUIPlugin:80 - create IPUIPlugin
2023-09-03 23:15:35,710 [INFO] IPUIPlugin:80 - create IPUIPlugin
2023-09-03 23:15:35,710 [INFO] IPUIPlugin:80 - create IPUIPlugin
2023-09-03 23:15:35,710 [INFO] IPUIPlugin:80 - create IPUIPlugin
2023-09-03 23:15:35,710 [INFO] IPUIPlugin:80 - create IPUIPlugin
2023-09-03 23:15:35,710 [INFO] IPUIPlugin:80 - create IPUIPlugin
2023-09-03 23:15:35,710 [INFO] IPUIPlugin:80 - create IPUIPlugin
2023-09-03 23:15:35,710 [INFO] IPUIPlugin:80 - create IPUIPlugin
2023-09-03 23:15:35,711 [INFO] IPUIPlugin:80 - create IPUIPlugin
2023-09-03 23:15:35,711 [INFO] IPUIPlugin:80 - create IPUIPlugin
2023-09-03 23:15:35,711 [INFO] IPUIPlugin:80 - create IPUIPlugin
2023-09-03 23:15:35,711 [INFO] IPUIPlugin:80 - create IPUIPlugin
2023-09-03 23:15:35,711 [INFO] IPUIPlugin:80 - create IPUIPlugin
2023-09-03 23:15:35,711 [INFO] IPUIPlugin:80 - create IPUIPlugin
2023-09-03 23:15:35,711 [INFO] IPUIPlugin:80 - create IPUIPlugin
2023-09-03 23:15:35,712 [INFO] IPUIPlugin:80 - create IPUIPlugin
2023-09-03 23:15:35,712 [INFO] IPUIPlugin:80 - create IPUIPlugin
2023-09-03 23:15:35,712 [INFO] IPUIPlugin:80 - create IPUIPlugin
2023-09-03 23:15:35,713 [INFO] IPUIPlugin:80 - create IPUIPlugin
2023-09-03 23:15:35,713 [INFO] IPUIPlugin:80 - create IPUIPlugin
2023-09-03 23:15:35,713 [INFO] IPUIPlugin:80 - create IPUIPlugin
2023-09-03 23:15:35,713 [INFO] IPUIPlugin:80 - create IPUIPlugin
2023-09-03 23:15:35,713 [INFO] IPUIPlugin:80 - create IPUIPlugin
2023-09-03 23:15:35,713 [INFO] IPUIPlugin:80 - create IPUIPlugin
2023-09-03 23:15:35,713 [INFO] IPUIPlugin:80 - create IPUIPlugin
2023-09-03 23:15:35,715 [INFO] IPUIPlugin:80 - create IPUIPlugin
2023-09-03 23:15:35,715 [INFO] IPUIPlugin:80 - create IPUIPlugin
2023-09-03 23:15:35,715 [INFO] IPUIPlugin:80 - create IPUIPlugin
2023-09-03 23:15:35,715 [INFO] IPUIPlugin:80 - create IPUIPlugin
2023-09-03 23:15:35,716 [INFO] IPUIPlugin:80 - create IPUIPlugin
2023-09-03 23:15:35,716 [INFO] IPUIPlugin:80 - create IPUIPlugin
2023-09-03 23:15:35,799 [INFO] ApiDbMcu:507 - Load IP Config File for PDM2PCM
2023-09-03 23:15:35,988 [INFO] CADModel:165 - CPN selected for project levelSTM32F767ZIT6
2023-09-03 23:15:35,988 [INFO] CADModel:114 - Register for checkConnection events
2023-09-03 23:15:36,040 [INFO] OpenFileManager:328 - Restore cursor
