2023-09-19 00:07:22,854 [INFO] UtilMem:75 - End SaveConfig() Used Memory: 338240048 Bytes (1063256064)
2023-09-19 00:07:24,964 [INFO] UtilMem:75 - End SaveConfig() Used Memory: 368376760 Bytes (1063256064)
2023-09-19 00:07:25,243 [INFO] UtilMem:75 - End SaveConfig() Used Memory: 401406848 Bytes (1063256064)
2023-09-19 00:07:25,681 [INFO] BlockDiagram:2759 - set Specific Code input for plugin: TIM1_8F77
2023-09-19 00:07:25,681 [INFO] BlockDiagram:2759 - set Specific Code input for plugin: SYS
2023-09-19 00:07:25,681 [INFO] BlockDiagram:2759 - set Specific Code input for plugin: RCC
2023-09-19 00:07:25,681 [INFO] BlockDiagram:2759 - set Specific Code input for plugin: USB_OTG_FS
2023-09-19 00:07:25,681 [INFO] BlockDiagram:2759 - set Specific Code input for plugin: NVIC
2023-09-19 00:07:25,681 [INFO] BlockDiagram:2759 - set Specific Code input for plugin: USART
2023-09-19 00:07:25,682 [INFO] BlockDiagram:2759 - set Specific Code input for plugin: GPIO
2023-09-19 00:07:25,682 [INFO] BlockDiagram:2759 - set Specific Code input for plugin: ETH
2023-09-19 00:07:25,687 [INFO] CodeGenerator:799 - code generatio: config db path: C:\ST\STM32CubeIDE_1.13.0\STM32CubeIDE\plugins\com.st.stm32cube.common.mx_6.9.0.202307051724\\db\
2023-09-19 00:07:25,899 [INFO] CodeEngine:255 - oldGeneratedFile, C:\Users\User\STM32CubeIDE\MAD_Lab\Lab7_1\MXTmpFiles\license.tmp_save
2023-09-19 00:07:26,139 [INFO] CodeEngine:279 - Generated code: C:\Users\User\STM32CubeIDE\MAD_Lab\Lab7_1\MXTmpFiles\license.tmp
2023-09-19 00:07:26,304 [INFO] CodeEngine:255 - oldGeneratedFile, C:\Users\User\STM32CubeIDE\MAD_Lab\Lab7_1\MXTmpFiles\gpio.tmp_save
2023-09-19 00:07:26,434 [INFO] CodeEngine:279 - Generated code: C:\Users\User\STM32CubeIDE\MAD_Lab\Lab7_1\MXTmpFiles\gpio.tmp
2023-09-19 00:07:26,691 [ERROR] FilesUtils:157 - C:\Users\User\.stmcube\.STM32CUBEMX_PLUGIN6.9.0Repository.ser
2023-09-19 00:07:27,954 [WARN] IPConfigManager:2937 - Warning: the RefConfig PWREx_EnableUSBVoltageDetector is not available in your config.xml file
2023-09-19 00:07:27,975 [INFO] CodeEngine:255 - oldGeneratedFile, C:\Users\User\STM32CubeIDE\MAD_Lab\Lab7_1\MXTmpFiles\cortex.tmp_save
2023-09-19 00:07:28,041 [INFO] CodeEngine:279 - Generated code: C:\Users\User\STM32CubeIDE\MAD_Lab\Lab7_1\MXTmpFiles\cortex.tmp
2023-09-19 00:07:28,071 [INFO] CodeEngine:255 - oldGeneratedFile, C:\Users\User\STM32CubeIDE\MAD_Lab\Lab7_1\Core\Src\stm32f7xx_it.c_save
2023-09-19 00:07:28,177 [INFO] CodeEngine:279 - Generated code: C:\Users\User\STM32CubeIDE\MAD_Lab\Lab7_1\Core\Src\stm32f7xx_it.c
2023-09-19 00:07:28,188 [INFO] CodeEngine:255 - oldGeneratedFile, C:\Users\User\STM32CubeIDE\MAD_Lab\Lab7_1\Core\Inc\stm32f7xx_it.h_save
2023-09-19 00:07:28,226 [INFO] CodeEngine:279 - Generated code: C:\Users\User\STM32CubeIDE\MAD_Lab\Lab7_1\Core\Inc\stm32f7xx_it.h
2023-09-19 00:07:28,248 [INFO] CodeEngine:255 - oldGeneratedFile, C:\Users\User\STM32CubeIDE\MAD_Lab\Lab7_1\Core\Src\stm32f7xx_hal_msp.c_save
2023-09-19 00:07:28,338 [INFO] CodeEngine:279 - Generated code: C:\Users\User\STM32CubeIDE\MAD_Lab\Lab7_1\Core\Src\stm32f7xx_hal_msp.c
2023-09-19 00:07:28,350 [INFO] CodeEngine:255 - oldGeneratedFile, C:\Users\User\STM32CubeIDE\MAD_Lab\Lab7_1\MXTmpFiles\system.tmp_save
2023-09-19 00:07:28,386 [INFO] CodeEngine:279 - Generated code: C:\Users\User\STM32CubeIDE\MAD_Lab\Lab7_1\MXTmpFiles\system.tmp
2023-09-19 00:07:28,406 [INFO] CodeEngine:311 - oldGeneratedFile, C:\Users\User\STM32CubeIDE\MAD_Lab\Lab7_1\Core\Inc\stm32f7xx_hal_conf.h_save
2023-09-19 00:07:28,465 [INFO] CodeEngine:335 - Generated code: C:\Users\User\STM32CubeIDE\MAD_Lab\Lab7_1\Core\Inc\stm32f7xx_hal_conf.h
2023-09-19 00:07:28,481 [WARN] IPConfigManager:3431 - IP not found : TIM
2023-09-19 00:07:28,481 [WARN] IPConfigManager:3431 - IP not found : USB_OTG
2023-09-19 00:07:28,482 [WARN] CodeGenerator:3760 - IP not found : null
2023-09-19 00:07:28,482 [WARN] CodeGenerator:3760 - IP not found : null
2023-09-19 00:07:28,498 [INFO] CodeEngine:255 - oldGeneratedFile, C:\Users\User\STM32CubeIDE\MAD_Lab\Lab7_1\Core\Inc\main.h_save
2023-09-19 00:07:28,547 [INFO] CodeEngine:279 - Generated code: C:\Users\User\STM32CubeIDE\MAD_Lab\Lab7_1\Core\Inc\main.h
2023-09-19 00:07:28,562 [INFO] CodeEngine:255 - oldGeneratedFile, C:\Users\User\STM32CubeIDE\MAD_Lab\Lab7_1\Core\Src\main.c_save
2023-09-19 00:07:28,640 [INFO] CodeEngine:279 - Generated code: C:\Users\User\STM32CubeIDE\MAD_Lab\Lab7_1\Core\Src\main.c
2023-09-19 00:07:29,225 [INFO] ProjectBuilder:3064 - Time for Copy HAL[1] : 302mS.
2023-09-19 00:07:29,229 [INFO] ProjectBuilder:4404 - Project Generator version: 4.1.0
2023-09-19 00:07:29,342 [INFO] ConfigFileManager:1457 - The Die is : DIE451
2023-09-19 00:07:31,880 [INFO] ProjectBuilder:4626 - Time for Generating toolchain IDE Files: 2650mS.
2023-09-19 00:07:31,881 [INFO] ProjectBuilder:2935 - Time for Copy CMSIS : 1mS.
2023-09-19 00:07:31,883 [INFO] ProjectBuilder:2935 - Time for Copy CMSIS : 0mS.
2023-09-19 22:25:43,839 [INFO] Activator:176 - 


2023-09-19 22:25:43,841 [INFO] Activator:177 - !SESSION log4j initialized
2023-09-19 22:25:50,392 [INFO] LogOutputStream:77 - [STDOUT_REDIRECT] 
2023-09-19 22:25:57,112 [INFO] ApplicationProperties:184 - Using Application install path: C:\ST\STM32CubeIDE_1.13.0\STM32CubeIDE\plugins\com.st.stm32cube.common.mx_6.9.0.202307051724
2023-09-19 22:25:57,133 [INFO] DbMcusXml:78 - Set database path to: C:\ST\STM32CubeIDE_1.13.0\STM32CubeIDE\plugins\com.st.stm32cube.common.mx_6.9.0.202307051724\\db\/mcu/
2023-09-19 22:25:57,133 [INFO] ApiDb:274 - Set plugin database path to: C:\ST\STM32CubeIDE_1.13.0\STM32CubeIDE\plugins\com.st.stm32cube.common.mx_6.9.0.202307051724\\db\/plugins/boardmanager/
2023-09-19 22:25:57,134 [WARN] ApiDb:259 - Overriding images path with different value:  => C:\ST\STM32CubeIDE_1.13.0\STM32CubeIDE\plugins\com.st.stm32cube.common.mx_6.9.0.202307051724\\db\/plugins/mcufinder/images/
2023-09-19 22:25:57,158 [INFO] ApiDb:250 - Set database path to: C:\Users\User\.stmcufinder\plugins\mcufinder//mcu/
2023-09-19 22:25:57,159 [INFO] DbMcusAds:125 - Set database path to: C:\Users\User\.stmcufinder\plugins\mcufinder//mcu/
2023-09-19 22:25:57,160 [INFO] CrossReferenceDbSqlite:203 - Set database path to: C:\Users\User\.stmcufinder\plugins\mcufinder//mcu/cs/
2023-09-19 22:25:57,296 [INFO] RulesReader:64 - Compatibility file has been processed (293 Rules)
2023-09-19 22:25:57,430 [INFO] DbMcusXml:78 - Set database path to: C:\ST\STM32CubeIDE_1.13.0\STM32CubeIDE\plugins\com.st.stm32cube.common.mx_6.9.0.202307051724\\db\/mcu/
2023-09-19 22:25:57,431 [INFO] ApiDb:274 - Set plugin database path to: C:\ST\STM32CubeIDE_1.13.0\STM32CubeIDE\plugins\com.st.stm32cube.common.mx_6.9.0.202307051724\\db\/plugins/boardmanager/
2023-09-19 22:25:57,431 [INFO] ApiDb:261 - Set plugin images path to: C:\ST\STM32CubeIDE_1.13.0\STM32CubeIDE\plugins\com.st.stm32cube.common.mx_6.9.0.202307051724\\db\/plugins/mcufinder/images/
2023-09-19 22:25:57,431 [WARN] DbFile:41 - Overriding database path with different value: C:\Users\User\.stmcufinder\plugins\mcufinder/ => C:\Users\User\.stmcufinder\plugins\mcufinder
2023-09-19 22:25:57,431 [INFO] ApiDb:250 - Set database path to: C:\Users\User\.stmcufinder\plugins\mcufinder//mcu/
2023-09-19 22:25:57,431 [WARN] DbFile:41 - Overriding database path with different value: C:\Users\User\.stmcufinder\plugins\mcufinder/ => C:\Users\User\.stmcufinder\plugins\mcufinder
2023-09-19 22:25:57,431 [INFO] DbMcusAds:125 - Set database path to: C:\Users\User\.stmcufinder\plugins\mcufinder//mcu/
2023-09-19 22:25:57,431 [WARN] DbFile:41 - Overriding database path with different value: C:\Users\User\.stmcufinder\plugins\mcufinder/ => C:\Users\User\.stmcufinder\plugins\mcufinder
2023-09-19 22:25:57,431 [WARN] DbFile:41 - Overriding database path with different value: C:\Users\User\.stmcufinder\plugins\mcufinder/ => C:\Users\User\.stmcufinder\plugins\mcufinder
2023-09-19 22:25:57,433 [INFO] CrossReferenceDbSqlite:203 - Set database path to: C:\Users\User\.stmcufinder\plugins\mcufinder//mcu/cs/
2023-09-19 22:25:57,574 [INFO] MainPanel:262 - HeapMemory: 268435456
2023-09-19 22:25:57,673 [INFO] DbMcusXml:78 - Set database path to: C:\ST\STM32CubeIDE_1.13.0\STM32CubeIDE\plugins\com.st.stm32cube.common.mx_6.9.0.202307051724\\db\/mcu/
2023-09-19 22:25:57,673 [INFO] ApiDb:274 - Set plugin database path to: C:\ST\STM32CubeIDE_1.13.0\STM32CubeIDE\plugins\com.st.stm32cube.common.mx_6.9.0.202307051724\\db\/plugins/boardmanager/
2023-09-19 22:25:57,673 [INFO] ApiDb:261 - Set plugin images path to: C:\ST\STM32CubeIDE_1.13.0\STM32CubeIDE\plugins\com.st.stm32cube.common.mx_6.9.0.202307051724\\db\/plugins/mcufinder/images/
2023-09-19 22:25:57,674 [WARN] DbFile:41 - Overriding database path with different value: C:\Users\User\.stmcufinder\plugins\mcufinder/ => C:\Users\User\.stmcufinder\plugins\mcufinder
2023-09-19 22:25:57,674 [INFO] ApiDb:250 - Set database path to: C:\Users\User\.stmcufinder\plugins\mcufinder//mcu/
2023-09-19 22:25:57,674 [WARN] DbFile:41 - Overriding database path with different value: C:\Users\User\.stmcufinder\plugins\mcufinder/ => C:\Users\User\.stmcufinder\plugins\mcufinder
2023-09-19 22:25:57,674 [INFO] DbMcusAds:125 - Set database path to: C:\Users\User\.stmcufinder\plugins\mcufinder//mcu/
2023-09-19 22:25:57,674 [WARN] DbFile:41 - Overriding database path with different value: C:\Users\User\.stmcufinder\plugins\mcufinder/ => C:\Users\User\.stmcufinder\plugins\mcufinder
2023-09-19 22:25:57,674 [WARN] DbFile:41 - Overriding database path with different value: C:\Users\User\.stmcufinder\plugins\mcufinder/ => C:\Users\User\.stmcufinder\plugins\mcufinder
2023-09-19 22:25:57,674 [INFO] CrossReferenceDbSqlite:203 - Set database path to: C:\Users\User\.stmcufinder\plugins\mcufinder//mcu/cs/
2023-09-19 22:25:57,700 [INFO] ApplicationProperties:184 - Using Application install path: C:\ST\STM32CubeIDE_1.13.0\STM32CubeIDE\plugins\com.st.stm32cube.common.mx_6.9.0.202307051724
2023-09-19 22:25:57,702 [INFO] PluginManage:196 - Search for loadable plugins [exclusion list=, ]
2023-09-19 22:25:57,704 [INFO] PluginManage:310 - Check plugin analytics
2023-09-19 22:25:58,017 [INFO] AnalyticsPlugin:253 - Accepted Software Licenses: 
2023-09-19 22:25:58,017 [INFO] AnalyticsPlugin:255 - Accepted CMSIS Pack Licenses: 
2023-09-19 22:25:58,018 [INFO] AnalyticsPlugin:257 - Accepted Firmware Licenses: FW.F7.1.17.0
2023-09-19 22:25:58,024 [INFO] PluginManage:359 - Loaded plugin analytics (category:tool,tabindex:-1)
2023-09-19 22:25:58,024 [INFO] PluginManage:310 - Check plugin cadmodel
2023-09-19 22:25:58,043 [INFO] CADModel:105 - Init CAD model plugin
2023-09-19 22:25:58,043 [INFO] PluginManage:359 - Loaded plugin cadmodel (category:power,tabindex:5)
2023-09-19 22:25:58,043 [INFO] PluginManage:310 - Check plugin clock
2023-09-19 22:25:58,064 [INFO] PluginManage:359 - Loaded plugin clock (category:base,tabindex:2)
2023-09-19 22:25:58,065 [INFO] PluginManage:310 - Check plugin ddr
2023-09-19 22:25:58,067 [INFO] PluginManage:359 - Loaded plugin ddr (category:tool,tabindex:6)
2023-09-19 22:25:58,068 [INFO] PluginManage:310 - Check plugin filemanager
2023-09-19 22:25:58,235 [INFO] PluginManage:359 - Loaded plugin filemanager (category:base,tabindex:10)
2023-09-19 22:25:58,235 [INFO] PluginManage:310 - Check plugin ipmanager
2023-09-19 22:25:58,247 [INFO] PluginManage:359 - Loaded plugin ipmanager (category:base,tabindex:5)
2023-09-19 22:25:58,247 [INFO] PluginManage:310 - Check plugin lpbam
2023-09-19 22:25:58,262 [INFO] PluginManage:359 - Loaded plugin lpbam (category:base,tabindex:0)
2023-09-19 22:25:58,262 [INFO] PluginManage:310 - Check plugin memorymap
2023-09-19 22:25:58,288 [INFO] PluginManage:359 - Loaded plugin memorymap (category:base,tabindex:4)
2023-09-19 22:25:58,288 [INFO] PluginManage:310 - Check plugin pinoutandconfiguration
2023-09-19 22:25:58,305 [INFO] PluginManage:359 - Loaded plugin pinoutandconfiguration (category:base,tabindex:1)
2023-09-19 22:25:58,305 [INFO] PluginManage:310 - Check plugin pinoutconfig
2023-09-19 22:25:58,437 [WARN] SupportedApi:132 - Cannot load RTOS API schema: s4s-elt-must-match.1: The content of 'definitions' must match (annotation?, (simpleType | complexType)?, (unique | key | keyref)*)). A problem was found starting at: attribute.
2023-09-19 22:25:58,625 [INFO] PluginManage:359 - Loaded plugin pinoutconfig (category:base,tabindex:0)
2023-09-19 22:25:58,625 [INFO] PluginManage:310 - Check plugin power
2023-09-19 22:25:58,707 [INFO] PluginManage:359 - Loaded plugin power (category:power,tabindex:4)
2023-09-19 22:25:58,707 [INFO] PluginManage:310 - Check plugin projectmanager
2023-09-19 22:25:58,732 [INFO] PluginManage:359 - Loaded plugin projectmanager (category:projectmanager,tabindex:3)
2023-09-19 22:25:58,732 [INFO] PluginManage:310 - Check plugin thirdparty
2023-09-19 22:25:59,030 [INFO] PluginManage:359 - Loaded plugin thirdparty (category:base,tabindex:-1)
2023-09-19 22:25:59,030 [INFO] PluginManage:310 - Check plugin tools
2023-09-19 22:25:59,030 [WARN] IntegrityCheckThread:84 - waiting for thirdparty lock release [integrity check]
2023-09-19 22:25:59,031 [INFO] IntegrityCheckThread:86 - entering critical section [integrity check]
2023-09-19 22:25:59,031 [INFO] ThirdPartyUpdaterWithRetryManager:70 - Updater plugin not ready yet. [1/15]
2023-09-19 22:25:59,064 [INFO] PluginManage:359 - Loaded plugin tools (category:base,tabindex:7)
2023-09-19 22:25:59,065 [INFO] PluginManage:310 - Check plugin tutovideos
2023-09-19 22:25:59,264 [INFO] PluginManage:359 - Loaded plugin tutovideos (category:base,tabindex:-1)
2023-09-19 22:25:59,264 [INFO] PluginManage:310 - Check plugin updater
2023-09-19 22:25:59,280 [INFO] PluginManage:359 - Loaded plugin updater (category:base,tabindex:12)
2023-09-19 22:25:59,280 [INFO] PluginManage:310 - Check plugin userauth
2023-09-19 22:25:59,286 [INFO] UserAuth:113 - Init User Auth plugin
2023-09-19 22:25:59,286 [INFO] PluginManage:359 - Loaded plugin userauth (category:base,tabindex:14)
2023-09-19 22:25:59,290 [INFO] PluginManage:283 - PluginManage : Loaded plugins [17]
2023-09-19 22:25:59,610 [INFO] PinOutPanel:1499 - setPackage(No Configuration,No Configuration)
2023-09-19 22:25:59,766 [INFO] CADModel:165 - CPN selected for project level
2023-09-19 22:25:59,766 [INFO] CADModel:114 - Register for checkConnection events
2023-09-19 22:25:59,790 [INFO] IPUIPlugin:80 - create IPUIPlugin
2023-09-19 22:25:59,790 [INFO] PluginManager:220 - loadIPPluginJar : add adc
2023-09-19 22:25:59,824 [INFO] IPUIPlugin:80 - create IPUIPlugin
2023-09-19 22:25:59,824 [INFO] PluginManager:220 - loadIPPluginJar : add aes
2023-09-19 22:25:59,852 [INFO] IPUIPlugin:80 - create IPUIPlugin
2023-09-19 22:25:59,853 [INFO] PluginManager:220 - loadIPPluginJar : add can
2023-09-19 22:25:59,873 [INFO] IPUIPlugin:80 - create IPUIPlugin
2023-09-19 22:25:59,875 [INFO] PluginManager:220 - loadIPPluginJar : add comp
2023-09-19 22:25:59,909 [INFO] IPUIPlugin:80 - create IPUIPlugin
2023-09-19 22:25:59,909 [INFO] PluginManager:220 - loadIPPluginJar : add cryp
2023-09-19 22:25:59,940 [INFO] IPUIPlugin:80 - create IPUIPlugin
2023-09-19 22:25:59,940 [INFO] PluginManager:220 - loadIPPluginJar : add dfsdm
2023-09-19 22:25:59,954 [INFO] IPUIPlugin:80 - create IPUIPlugin
2023-09-19 22:25:59,955 [INFO] PluginManager:220 - loadIPPluginJar : add dma
2023-09-19 22:26:00,000 [INFO] IPUIPlugin:80 - create IPUIPlugin
2023-09-19 22:26:00,000 [INFO] PluginManager:220 - loadIPPluginJar : add dma3
2023-09-19 22:26:00,023 [INFO] IPUIPlugin:80 - create IPUIPlugin
2023-09-19 22:26:00,023 [INFO] PluginManager:220 - loadIPPluginJar : add fatfs
2023-09-19 22:26:00,070 [INFO] IPUIPlugin:80 - create IPUIPlugin
2023-09-19 22:26:00,071 [INFO] PluginManager:220 - loadIPPluginJar : add fmc
2023-09-19 22:26:00,086 [INFO] IPUIPlugin:80 - create IPUIPlugin
2023-09-19 22:26:00,087 [INFO] PluginManager:220 - loadIPPluginJar : add freertos
2023-09-19 22:26:00,105 [INFO] IPUIPlugin:80 - create IPUIPlugin
2023-09-19 22:26:00,105 [INFO] PluginManager:220 - loadIPPluginJar : add genericplugin
2023-09-19 22:26:00,196 [INFO] IPUIPlugin:80 - create IPUIPlugin
2023-09-19 22:26:00,197 [INFO] PluginManager:220 - loadIPPluginJar : add gfxmmu
2023-09-19 22:26:00,344 [INFO] IPUIPlugin:80 - create IPUIPlugin
2023-09-19 22:26:00,344 [INFO] PluginManager:220 - loadIPPluginJar : add gic
2023-09-19 22:26:00,358 [INFO] IPUIPlugin:80 - create IPUIPlugin
2023-09-19 22:26:00,358 [INFO] PluginManager:220 - loadIPPluginJar : add gpio
2023-09-19 22:26:00,454 [INFO] IPUIPlugin:80 - create IPUIPlugin
2023-09-19 22:26:00,454 [INFO] PluginManager:220 - loadIPPluginJar : add gtzc
2023-09-19 22:26:00,489 [INFO] IPUIPlugin:80 - create IPUIPlugin
2023-09-19 22:26:00,489 [INFO] PluginManager:220 - loadIPPluginJar : add hash
2023-09-19 22:26:00,558 [INFO] IPUIPlugin:80 - create IPUIPlugin
2023-09-19 22:26:00,558 [INFO] PluginManager:220 - loadIPPluginJar : add i2c
2023-09-19 22:26:00,607 [INFO] IPUIPlugin:80 - create IPUIPlugin
2023-09-19 22:26:00,607 [INFO] PluginManager:220 - loadIPPluginJar : add i2s
2023-09-19 22:26:00,639 [INFO] IPUIPlugin:80 - create IPUIPlugin
2023-09-19 22:26:00,639 [INFO] PluginManager:220 - loadIPPluginJar : add i3c
2023-09-19 22:26:00,733 [INFO] IPUIPlugin:80 - create IPUIPlugin
2023-09-19 22:26:00,733 [INFO] PluginManager:220 - loadIPPluginJar : add ipddr
2023-09-19 22:26:00,793 [INFO] IPUIPlugin:80 - create IPUIPlugin
2023-09-19 22:26:00,793 [INFO] PluginManager:220 - loadIPPluginJar : add linkedlist
2023-09-19 22:26:00,824 [INFO] IPUIPlugin:80 - create IPUIPlugin
2023-09-19 22:26:00,825 [INFO] PluginManager:220 - loadIPPluginJar : add lorawan
2023-09-19 22:26:00,859 [INFO] IPUIPlugin:80 - create IPUIPlugin
2023-09-19 22:26:00,859 [INFO] PluginManager:220 - loadIPPluginJar : add ltdc
2023-09-19 22:26:00,875 [INFO] IPUIPlugin:80 - create IPUIPlugin
2023-09-19 22:26:00,876 [INFO] PluginManager:220 - loadIPPluginJar : add mdma
2023-09-19 22:26:00,886 [INFO] IPUIPlugin:80 - create IPUIPlugin
2023-09-19 22:26:00,886 [INFO] PluginManager:220 - loadIPPluginJar : add nvic
2023-09-19 22:26:00,919 [INFO] IPUIPlugin:80 - create IPUIPlugin
2023-09-19 22:26:00,920 [INFO] PluginManager:220 - loadIPPluginJar : add opamp
2023-09-19 22:26:00,981 [INFO] IPUIPlugin:80 - create IPUIPlugin
2023-09-19 22:26:00,981 [INFO] PluginManager:220 - loadIPPluginJar : add openamp
2023-09-19 22:26:01,023 [INFO] IPUIPlugin:80 - create IPUIPlugin
2023-09-19 22:26:01,023 [INFO] PluginManager:220 - loadIPPluginJar : add pdm2pcm
2023-09-19 22:26:01,033 [INFO] IPUIPlugin:80 - create IPUIPlugin
2023-09-19 22:26:01,034 [INFO] PluginManager:220 - loadIPPluginJar : add plateformsettings
2023-09-19 22:26:01,053 [INFO] IPUIPlugin:80 - create IPUIPlugin
2023-09-19 22:26:01,053 [INFO] PluginManager:220 - loadIPPluginJar : add quadspi
2023-09-19 22:26:01,063 [INFO] IPUIPlugin:80 - create IPUIPlugin
2023-09-19 22:26:01,063 [INFO] PluginManager:220 - loadIPPluginJar : add resmgrutility
2023-09-19 22:26:01,107 [INFO] IPUIPlugin:80 - create IPUIPlugin
2023-09-19 22:26:01,107 [INFO] PluginManager:220 - loadIPPluginJar : add sai
2023-09-19 22:26:01,140 [INFO] IPUIPlugin:80 - create IPUIPlugin
2023-09-19 22:26:01,140 [INFO] PluginManager:220 - loadIPPluginJar : add spi
2023-09-19 22:26:01,195 [INFO] IPUIPlugin:80 - create IPUIPlugin
2023-09-19 22:26:01,197 [INFO] PluginManager:220 - loadIPPluginJar : add stm32_wpan
2023-09-19 22:26:01,213 [INFO] IPUIPlugin:80 - create IPUIPlugin
2023-09-19 22:26:01,213 [INFO] PluginManager:220 - loadIPPluginJar : add tim
2023-09-19 22:26:01,257 [INFO] IPUIPlugin:80 - create IPUIPlugin
2023-09-19 22:26:01,257 [INFO] PluginManager:220 - loadIPPluginJar : add touchsensing
2023-09-19 22:26:01,278 [INFO] IPUIPlugin:80 - create IPUIPlugin
2023-09-19 22:26:01,278 [INFO] PluginManager:220 - loadIPPluginJar : add tracer_emb
2023-09-19 22:26:01,294 [INFO] IPUIPlugin:80 - create IPUIPlugin
2023-09-19 22:26:01,294 [INFO] PluginManager:220 - loadIPPluginJar : add ts
2023-09-19 22:26:01,314 [INFO] IPUIPlugin:80 - create IPUIPlugin
2023-09-19 22:26:01,314 [INFO] PluginManager:220 - loadIPPluginJar : add tsc
2023-09-19 22:26:01,331 [INFO] IPUIPlugin:80 - create IPUIPlugin
2023-09-19 22:26:01,331 [INFO] PluginManager:220 - loadIPPluginJar : add ucpd
2023-09-19 22:26:01,361 [INFO] IPUIPlugin:80 - create IPUIPlugin
2023-09-19 22:26:01,361 [INFO] PluginManager:220 - loadIPPluginJar : add usart
2023-09-19 22:26:01,394 [INFO] IPUIPlugin:80 - create IPUIPlugin
2023-09-19 22:26:01,394 [INFO] PluginManager:220 - loadIPPluginJar : add usbx
2023-09-19 22:26:01,541 [INFO] CADModel:165 - CPN selected for project level
2023-09-19 22:26:01,541 [INFO] CADModel:114 - Register for checkConnection events
2023-09-19 22:26:01,541 [FATAL] Updater:308 - Updater called before beeing initialized
2023-09-19 22:26:01,541 [ERROR] CADModel:125 - Updater not yet initialized, retry later 
2023-09-19 22:26:01,798 [INFO] CADModel:165 - CPN selected for project level
2023-09-19 22:26:01,798 [INFO] CADModel:114 - Register for checkConnection events
2023-09-19 22:26:01,799 [FATAL] Updater:308 - Updater called before beeing initialized
2023-09-19 22:26:01,799 [ERROR] CADModel:125 - Updater not yet initialized, retry later 
2023-09-19 22:26:01,802 [FATAL] Updater:308 - Updater called before beeing initialized
2023-09-19 22:26:02,038 [INFO] ThirdPartyUpdaterWithRetryManager:70 - Updater plugin not ready yet. [2/15]
2023-09-19 22:26:02,038 [FATAL] Updater:308 - Updater called before beeing initialized
2023-09-19 22:26:02,047 [INFO] DbMcusAds:53 - JSON generation date=Tue Mar 07 15:50:55 ICT 2023 (1678179055114)
2023-09-19 22:26:02,047 [FATAL] Updater:308 - Updater called before beeing initialized
2023-09-19 22:26:02,092 [WARN] DetailPanel:346 - Failed to get advertising image, set to default
2023-09-19 22:26:02,240 [FATAL] Updater:308 - Updater called before beeing initialized
2023-09-19 22:26:02,243 [FATAL] Updater:308 - Updater called before beeing initialized
2023-09-19 22:26:02,243 [FATAL] Updater:308 - Updater called before beeing initialized
2023-09-19 22:26:02,243 [WARN] DetailPanel:346 - Failed to get advertising image, set to default
2023-09-19 22:26:02,247 [FATAL] Updater:308 - Updater called before beeing initialized
2023-09-19 22:26:02,320 [ERROR] Updater:1120 - MainUpdater not yet initialized. External WinMGr cannot be set.
2023-09-19 22:26:02,328 [INFO] Updater:1056 - Updater Version found : 6.9.0
2023-09-19 22:26:02,345 [INFO] ApplicationProperties:184 - Using Application install path: C:\ST\STM32CubeIDE_1.13.0\STM32CubeIDE\plugins\com.st.stm32cube.common.mx_6.9.0.202307051724
2023-09-19 22:26:02,588 [INFO] MainUpdater:2868 - connection check result : 10
2023-09-19 22:26:02,589 [INFO] MainUpdater:3562 - Updater definition file requires update
2023-09-19 22:26:02,591 [INFO] MainUpdater:285 - Updater Check For Update Now.
2023-09-19 22:26:02,591 [INFO] MicroXplorer:498 - Change Database Version : DB.6.0.90
2023-09-19 22:26:02,604 [INFO] McuFinderGlobals:63 - Set McuFinder mode to 2 (CubeIDE integrated)
2023-09-19 22:26:04,454 [INFO] ServerAccessManage:473 - Download File updaters.zip
2023-09-19 22:26:04,536 [INFO] FileExtend:240 - Unzip File : updaters.zip
2023-09-19 22:26:04,536 [INFO] FileExtend:255 - Standard Zip Deflate
2023-09-19 22:26:05,062 [WARN] MainUpdater:1189 - Updater busy. Cannot search thirdparties
2023-09-19 22:26:05,063 [INFO] ThirdPartyUpdaterWithRetryManager:96 - Updater plugin is busy. [1/15]
2023-09-19 22:26:06,123 [INFO] ServerAccessManage:473 - Download File PacksControlFlags.xml
2023-09-19 22:26:07,098 [INFO] ServerAccessManage:473 - Download File cubemx.pidx
2023-09-19 22:26:07,218 [INFO] LoadServerUpdatesThread:373 - End of LoadServerUpdate Thread
2023-09-19 22:26:07,427 [INFO] CheckServerUpdateThread:120 - End of CheckServer Thread
2023-09-19 22:26:08,349 [WARN] PackLoader:240 - Cannot read IP mode file for STMicroelectronics.X-CUBE-SMBUS.2.1.0
2023-09-19 22:26:08,407 [WARN] PackLoader:240 - Cannot read IP mode file for STMicroelectronics.X-CUBE-AZRTOS-F7.1.1.0
2023-09-19 22:26:08,440 [WARN] PackLoader:240 - Cannot read IP mode file for STMicroelectronics.FP-SNS-MOTENV1.4.3.2
2023-09-19 22:26:08,455 [WARN] PackLoader:240 - Cannot read IP mode file for STMicroelectronics.FP-SNS-FLIGHT1.5.0.1
2023-09-19 22:26:08,476 [WARN] PackLoader:240 - Cannot read IP mode file for STMicroelectronics.X-CUBE-BLE1.6.2.4
2023-09-19 22:26:08,497 [WARN] PackLoader:240 - Cannot read IP mode file for STMicroelectronics.FP-SNS-FLIGHT1.5.0.2
2023-09-19 22:26:08,522 [WARN] PackLoader:240 - Cannot read IP mode file for STMicroelectronics.X-CUBE-DISPLAY.3.0.0
2023-09-19 22:26:08,543 [WARN] PackLoader:240 - Cannot read IP mode file for STMicroelectronics.X-CUBE-BLE1.7.0.0
2023-09-19 22:26:08,564 [WARN] PackLoader:240 - Cannot read IP mode file for emotas.I-CUBE-CANOPEN.1.3.0
2023-09-19 22:26:08,601 [WARN] PackLoader:240 - Cannot read IP mode file for STMicroelectronics.X-CUBE-TOUCHGFX.4.22.0
2023-09-19 22:26:08,615 [WARN] PackLoader:240 - Cannot read IP mode file for STMicroelectronics.FP-SNS-SMARTAG2.1.2.0
2023-09-19 22:26:08,639 [INFO] LogOutputStream:77 - [STDOUT_REDIRECT] 1 : Invalid condition id : UX_CORESTACK_Condition cause : null
2023-09-19 22:26:08,640 [INFO] LogOutputStream:77 - [STDOUT_REDIRECT] 1 : Invalid condition id : UX_CORESTACK_Condition cause : null
2023-09-19 22:26:08,641 [INFO] LogOutputStream:77 - [STDOUT_REDIRECT] 1 : Invalid condition id : UX_CORESTACK_Condition cause : null
2023-09-19 22:26:08,643 [INFO] LogOutputStream:77 - [STDOUT_REDIRECT] 1 : Invalid condition id : UX_CORESTACK_Condition cause : null
2023-09-19 22:26:08,644 [INFO] LogOutputStream:77 - [STDOUT_REDIRECT] 1 : Invalid condition id : UX_CORESTACK_Condition cause : null
2023-09-19 22:26:08,649 [WARN] PackLoader:240 - Cannot read IP mode file for STMicroelectronics.X-CUBE-AZRTOS-WL.2.0.0
2023-09-19 22:26:08,668 [WARN] PackLoader:240 - Cannot read IP mode file for WES.I-CUBE-Cesium.1.3.0
2023-09-19 22:26:08,681 [WARN] PackLoader:240 - Cannot read IP mode file for STMicroelectronics.X-CUBE-BLE2.3.3.0
2023-09-19 22:26:08,697 [WARN] PackLoader:240 - Cannot read IP mode file for STMicroelectronics.X-CUBE-ALGOBUILD.1.3.0
2023-09-19 22:26:08,737 [WARN] PackLoader:240 - Cannot read IP mode file for STMicroelectronics.X-CUBE-AZRTOS-G0.1.1.0
2023-09-19 22:26:08,763 [WARN] PackLoader:240 - Cannot read IP mode file for STMicroelectronics.X-CUBE-NFC4.3.0.0
2023-09-19 22:26:08,790 [WARN] PackLoader:240 - Cannot read IP mode file for STMicroelectronics.FP-ATR-SIGFOX1.3.2.0
2023-09-19 22:26:08,868 [WARN] PackLoader:240 - Cannot read IP mode file for SEGGER.I-CUBE-embOS.1.3.1
2023-09-19 22:26:08,938 [WARN] PackLoader:240 - Cannot read IP mode file for STMicroelectronics.X-CUBE-GNSS1.6.0.0
2023-09-19 22:26:08,981 [WARN] PackLoader:240 - Cannot read IP mode file for STMicroelectronics.X-CUBE-AZRTOS-F4.1.1.0
2023-09-19 22:26:08,997 [WARN] PackLoader:240 - Cannot read IP mode file for wolfSSL.I-CUBE-wolfSSL.5.6.3
2023-09-19 22:26:09,035 [WARN] PackLoader:240 - Cannot read IP mode file for STMicroelectronics.X-CUBE-AZRTOS-L5.2.0.0
2023-09-19 22:26:09,166 [WARN] PackLoader:240 - Cannot read IP mode file for STMicroelectronics.X-CUBE-MEMS1.9.6.0
2023-09-19 22:26:09,542 [WARN] PackLoader:240 - Cannot read IP mode file for STMicroelectronics.X-CUBE-BLEMGR.2.0.0
2023-09-19 22:26:09,588 [WARN] ConditionMgr:438 - getConditionDescription Invalid condition id : UX DEVICE CLASS RTOS Condition cause : null
2023-09-19 22:26:09,588 [WARN] ConditionMgr:438 - getConditionDescription Invalid condition id : UX DEVICE CLASS RTOS Condition cause : null
2023-09-19 22:26:09,595 [WARN] PackLoader:240 - Cannot read IP mode file for STMicroelectronics.X-CUBE-AZRTOS-H7.3.1.0
2023-09-19 22:26:09,598 [WARN] ConditionMgr:1039 - genDependencies : Invalid condition id : UX DEVICE CLASS RTOS Condition cause : null
2023-09-19 22:26:09,598 [WARN] ConditionMgr:1039 - genDependencies : Invalid condition id : UX DEVICE CLASS RTOS Condition cause : null
2023-09-19 22:26:09,613 [WARN] ConditionMgr:1039 - genDependencies : Invalid condition id : UX DEVICE CLASS RTOS Condition cause : null
2023-09-19 22:26:09,615 [WARN] ConditionMgr:1039 - genDependencies : Invalid condition id : UX DEVICE CLASS RTOS Condition cause : null
2023-09-19 22:26:09,616 [WARN] ConditionMgr:1039 - genDependencies : Invalid condition id : UX DEVICE CLASS RTOS Condition cause : null
2023-09-19 22:26:09,642 [WARN] PackLoader:240 - Cannot read IP mode file for STMicroelectronics.X-CUBE-NFC7.1.0.1
2023-09-19 22:26:09,676 [WARN] PackLoader:240 - Cannot read IP mode file for STMicroelectronics.X-CUBE-NFC6.3.0.0
2023-09-19 22:26:09,712 [WARN] PackLoader:240 - Cannot read IP mode file for STMicroelectronics.X-CUBE-EEPRMA1.4.1.0
2023-09-19 22:26:09,727 [WARN] PackLoader:240 - Cannot read IP mode file for STMicroelectronics.X-CUBE-AI.8.1.0
2023-09-19 22:26:09,786 [WARN] ConditionMgr:438 - getConditionDescription Invalid condition id : LAN8742 Phy interface Condition cause : null
2023-09-19 22:26:09,787 [WARN] PackLoader:240 - Cannot read IP mode file for STMicroelectronics.X-CUBE-AZRTOS-L4.2.0.0
2023-09-19 22:26:09,789 [WARN] ConditionMgr:1039 - genDependencies : Invalid condition id : LAN8742 Phy interface Condition cause : null
2023-09-19 22:26:09,789 [WARN] ConditionMgr:1039 - genDependencies : Invalid condition id : LAN8742 Phy interface Condition cause : null
2023-09-19 22:26:09,793 [WARN] ConditionMgr:1039 - genDependencies : Invalid condition id : LAN8742 Phy interface Condition cause : null
2023-09-19 22:26:09,816 [WARN] PackLoader:240 - Cannot read IP mode file for STMicroelectronics.X-CUBE-SFXS2LP1.4.0.0
2023-09-19 22:26:09,841 [WARN] PackLoader:240 - Cannot read IP mode file for STMicroelectronics.X-CUBE-ISPU.1.1.0
2023-09-19 22:26:09,873 [WARN] ConditionMgr:438 - getConditionDescription Invalid condition id : UX DEVICE CLASS RTOS Condition cause : null
2023-09-19 22:26:09,873 [WARN] ConditionMgr:438 - getConditionDescription Invalid condition id : UX DEVICE CLASS RTOS Condition cause : null
2023-09-19 22:26:09,878 [WARN] PackLoader:240 - Cannot read IP mode file for STMicroelectronics.X-CUBE-AZRTOS-WB.2.0.0
2023-09-19 22:26:09,880 [WARN] ConditionMgr:1039 - genDependencies : Invalid condition id : UX DEVICE CLASS RTOS Condition cause : null
2023-09-19 22:26:09,880 [WARN] ConditionMgr:1039 - genDependencies : Invalid condition id : UX DEVICE CLASS RTOS Condition cause : null
2023-09-19 22:26:09,881 [WARN] ConditionMgr:1039 - genDependencies : Invalid condition id : UX DEVICE CLASS RTOS Condition cause : null
2023-09-19 22:26:09,882 [WARN] ConditionMgr:1039 - genDependencies : Invalid condition id : UX DEVICE CLASS RTOS Condition cause : null
2023-09-19 22:26:09,882 [WARN] ConditionMgr:1039 - genDependencies : Invalid condition id : UX DEVICE CLASS RTOS Condition cause : null
2023-09-19 22:26:09,898 [WARN] PackLoader:240 - Cannot read IP mode file for STMicroelectronics.X-CUBE-FREERTOS.1.0.1
2023-09-19 22:26:09,944 [WARN] PackLoader:240 - Cannot read IP mode file for STMicroelectronics.X-CUBE-AZRTOS-L5.1.1.0
2023-09-19 22:26:09,962 [WARN] PackLoader:240 - Cannot read IP mode file for STMicroelectronics.X-CUBE-AI.8.0.1
2023-09-19 22:26:09,991 [WARN] PackLoader:240 - Cannot read IP mode file for STMicroelectronics.X-CUBE-SUBG2.5.0.0
2023-09-19 22:26:10,033 [WARN] PackLoader:240 - Cannot read IP mode file for STMicroelectronics.X-CUBE-TOF1.3.3.1
2023-09-19 22:26:10,091 [WARN] PackLoader:240 - Cannot read IP mode file for STMicroelectronics.X-CUBE-AZRTOS-G4.2.0.0
2023-09-19 22:26:10,120 [WARN] PackLoader:240 - Cannot read IP mode file for STMicroelectronics.X-CUBE-TOF1.3.3.0
2023-09-19 22:26:10,183 [WARN] PackLoader:240 - Cannot read IP mode file for STMicroelectronics.X-CUBE-FREERTOS.1.1.0
2023-09-19 22:26:10,200 [WARN] PackLoader:240 - Cannot read IP mode file for portGmbH.I-Cube-SoM-uGOAL.1.1.0
2023-09-19 22:26:10,212 [WARN] PackLoader:240 - Cannot read IP mode file for STMicroelectronics.X-CUBE-ALS.1.0.1
2023-09-19 22:26:10,243 [WARN] PackLoader:240 - Cannot read IP mode file for STMicroelectronics.X-CUBE-AZRTOS-WB.1.1.0
2023-09-19 22:26:10,256 [WARN] PackLoader:240 - Cannot read IP mode file for STMicroelectronics.FP-ATR-ASTRA1.2.0.0
2023-09-19 22:26:10,259 [INFO] ThirdParty:978 - Integrity check success = true
2023-09-19 22:26:10,260 [INFO] IntegrityCheckThread:100 - exiting critical section [integrity check]
2023-09-19 22:26:10,260 [INFO] IntegrityCheckThread:103 - End integrity checks thread
2023-09-19 22:26:24,349 [ERROR] LogOutputStream:75 - [STDERR_REDIRECT] SLF4J: Failed to load class "org.slf4j.impl.StaticLoggerBinder".
2023-09-19 22:26:24,351 [ERROR] LogOutputStream:75 - [STDERR_REDIRECT] SLF4J: Defaulting to no-operation (NOP) logger implementation
2023-09-19 22:26:24,354 [ERROR] LogOutputStream:75 - [STDERR_REDIRECT] SLF4J: See http://www.slf4j.org/codes.html#StaticLoggerBinder for further details.
