2023-09-29 00:18:23,038 [ERROR] ConfigurationRetriever:142 - IOException on connection: Connection reset
2023-09-29 01:24:06,069 [INFO] Activator:176 - 


2023-09-29 01:24:06,071 [INFO] Activator:177 - !SESSION log4j initialized
2023-09-29 01:24:12,192 [INFO] LogOutputStream:77 - [STDOUT_REDIRECT] 
2023-09-29 01:24:20,401 [INFO] ApplicationProperties:184 - Using Application install path: C:\ST\STM32CubeIDE_1.13.0\STM32CubeIDE\plugins\com.st.stm32cube.common.mx_6.9.0.202307051724
2023-09-29 01:24:20,427 [INFO] DbMcusXml:78 - Set database path to: C:\ST\STM32CubeIDE_1.13.0\STM32CubeIDE\plugins\com.st.stm32cube.common.mx_6.9.0.202307051724\\db\/mcu/
2023-09-29 01:24:20,427 [INFO] ApiDb:274 - Set plugin database path to: C:\ST\STM32CubeIDE_1.13.0\STM32CubeIDE\plugins\com.st.stm32cube.common.mx_6.9.0.202307051724\\db\/plugins/boardmanager/
2023-09-29 01:24:20,427 [WARN] ApiDb:259 - Overriding images path with different value:  => C:\ST\STM32CubeIDE_1.13.0\STM32CubeIDE\plugins\com.st.stm32cube.common.mx_6.9.0.202307051724\\db\/plugins/mcufinder/images/
2023-09-29 01:24:20,442 [INFO] ApiDb:250 - Set database path to: C:\Users\User\.stmcufinder\plugins\mcufinder//mcu/
2023-09-29 01:24:20,443 [INFO] DbMcusAds:125 - Set database path to: C:\Users\User\.stmcufinder\plugins\mcufinder//mcu/
2023-09-29 01:24:20,445 [INFO] CrossReferenceDbSqlite:203 - Set database path to: C:\Users\User\.stmcufinder\plugins\mcufinder//mcu/cs/
2023-09-29 01:24:20,580 [INFO] RulesReader:64 - Compatibility file has been processed (293 Rules)
2023-09-29 01:24:20,707 [INFO] DbMcusXml:78 - Set database path to: C:\ST\STM32CubeIDE_1.13.0\STM32CubeIDE\plugins\com.st.stm32cube.common.mx_6.9.0.202307051724\\db\/mcu/
2023-09-29 01:24:20,707 [INFO] ApiDb:274 - Set plugin database path to: C:\ST\STM32CubeIDE_1.13.0\STM32CubeIDE\plugins\com.st.stm32cube.common.mx_6.9.0.202307051724\\db\/plugins/boardmanager/
2023-09-29 01:24:20,708 [INFO] ApiDb:261 - Set plugin images path to: C:\ST\STM32CubeIDE_1.13.0\STM32CubeIDE\plugins\com.st.stm32cube.common.mx_6.9.0.202307051724\\db\/plugins/mcufinder/images/
2023-09-29 01:24:20,708 [WARN] DbFile:41 - Overriding database path with different value: C:\Users\User\.stmcufinder\plugins\mcufinder/ => C:\Users\User\.stmcufinder\plugins\mcufinder
2023-09-29 01:24:20,708 [INFO] ApiDb:250 - Set database path to: C:\Users\User\.stmcufinder\plugins\mcufinder//mcu/
2023-09-29 01:24:20,708 [WARN] DbFile:41 - Overriding database path with different value: C:\Users\User\.stmcufinder\plugins\mcufinder/ => C:\Users\User\.stmcufinder\plugins\mcufinder
2023-09-29 01:24:20,708 [INFO] DbMcusAds:125 - Set database path to: C:\Users\User\.stmcufinder\plugins\mcufinder//mcu/
2023-09-29 01:24:20,708 [WARN] DbFile:41 - Overriding database path with different value: C:\Users\User\.stmcufinder\plugins\mcufinder/ => C:\Users\User\.stmcufinder\plugins\mcufinder
2023-09-29 01:24:20,708 [WARN] DbFile:41 - Overriding database path with different value: C:\Users\User\.stmcufinder\plugins\mcufinder/ => C:\Users\User\.stmcufinder\plugins\mcufinder
2023-09-29 01:24:20,709 [INFO] CrossReferenceDbSqlite:203 - Set database path to: C:\Users\User\.stmcufinder\plugins\mcufinder//mcu/cs/
2023-09-29 01:24:20,831 [INFO] MainPanel:262 - HeapMemory: 268435456
2023-09-29 01:24:20,932 [INFO] DbMcusXml:78 - Set database path to: C:\ST\STM32CubeIDE_1.13.0\STM32CubeIDE\plugins\com.st.stm32cube.common.mx_6.9.0.202307051724\\db\/mcu/
2023-09-29 01:24:20,932 [INFO] ApiDb:274 - Set plugin database path to: C:\ST\STM32CubeIDE_1.13.0\STM32CubeIDE\plugins\com.st.stm32cube.common.mx_6.9.0.202307051724\\db\/plugins/boardmanager/
2023-09-29 01:24:20,932 [INFO] ApiDb:261 - Set plugin images path to: C:\ST\STM32CubeIDE_1.13.0\STM32CubeIDE\plugins\com.st.stm32cube.common.mx_6.9.0.202307051724\\db\/plugins/mcufinder/images/
2023-09-29 01:24:20,933 [WARN] DbFile:41 - Overriding database path with different value: C:\Users\User\.stmcufinder\plugins\mcufinder/ => C:\Users\User\.stmcufinder\plugins\mcufinder
2023-09-29 01:24:20,933 [INFO] ApiDb:250 - Set database path to: C:\Users\User\.stmcufinder\plugins\mcufinder//mcu/
2023-09-29 01:24:20,933 [WARN] DbFile:41 - Overriding database path with different value: C:\Users\User\.stmcufinder\plugins\mcufinder/ => C:\Users\User\.stmcufinder\plugins\mcufinder
2023-09-29 01:24:20,933 [INFO] DbMcusAds:125 - Set database path to: C:\Users\User\.stmcufinder\plugins\mcufinder//mcu/
2023-09-29 01:24:20,933 [WARN] DbFile:41 - Overriding database path with different value: C:\Users\User\.stmcufinder\plugins\mcufinder/ => C:\Users\User\.stmcufinder\plugins\mcufinder
2023-09-29 01:24:20,933 [WARN] DbFile:41 - Overriding database path with different value: C:\Users\User\.stmcufinder\plugins\mcufinder/ => C:\Users\User\.stmcufinder\plugins\mcufinder
2023-09-29 01:24:20,933 [INFO] CrossReferenceDbSqlite:203 - Set database path to: C:\Users\User\.stmcufinder\plugins\mcufinder//mcu/cs/
2023-09-29 01:24:20,951 [INFO] ApplicationProperties:184 - Using Application install path: C:\ST\STM32CubeIDE_1.13.0\STM32CubeIDE\plugins\com.st.stm32cube.common.mx_6.9.0.202307051724
2023-09-29 01:24:20,952 [INFO] PluginManage:196 - Search for loadable plugins [exclusion list=, ]
2023-09-29 01:24:20,953 [INFO] PluginManage:310 - Check plugin analytics
2023-09-29 01:24:21,212 [INFO] AnalyticsPlugin:253 - Accepted Software Licenses: 
2023-09-29 01:24:21,212 [INFO] AnalyticsPlugin:255 - Accepted CMSIS Pack Licenses: 
2023-09-29 01:24:21,214 [INFO] AnalyticsPlugin:257 - Accepted Firmware Licenses: FW.F7.1.17.0,FW.F4.1.27.0
2023-09-29 01:24:21,222 [INFO] PluginManage:359 - Loaded plugin analytics (category:tool,tabindex:-1)
2023-09-29 01:24:21,223 [INFO] PluginManage:310 - Check plugin cadmodel
2023-09-29 01:24:21,240 [INFO] CADModel:105 - Init CAD model plugin
2023-09-29 01:24:21,240 [INFO] PluginManage:359 - Loaded plugin cadmodel (category:power,tabindex:5)
2023-09-29 01:24:21,240 [INFO] PluginManage:310 - Check plugin clock
2023-09-29 01:24:21,265 [INFO] PluginManage:359 - Loaded plugin clock (category:base,tabindex:2)
2023-09-29 01:24:21,265 [INFO] PluginManage:310 - Check plugin ddr
2023-09-29 01:24:21,269 [INFO] PluginManage:359 - Loaded plugin ddr (category:tool,tabindex:6)
2023-09-29 01:24:21,269 [INFO] PluginManage:310 - Check plugin filemanager
2023-09-29 01:24:21,411 [INFO] PluginManage:359 - Loaded plugin filemanager (category:base,tabindex:10)
2023-09-29 01:24:21,411 [INFO] PluginManage:310 - Check plugin ipmanager
2023-09-29 01:24:21,421 [INFO] PluginManage:359 - Loaded plugin ipmanager (category:base,tabindex:5)
2023-09-29 01:24:21,421 [INFO] PluginManage:310 - Check plugin lpbam
2023-09-29 01:24:21,444 [INFO] PluginManage:359 - Loaded plugin lpbam (category:base,tabindex:0)
2023-09-29 01:24:21,445 [INFO] PluginManage:310 - Check plugin memorymap
2023-09-29 01:24:21,476 [INFO] PluginManage:359 - Loaded plugin memorymap (category:base,tabindex:4)
2023-09-29 01:24:21,476 [INFO] PluginManage:310 - Check plugin pinoutandconfiguration
2023-09-29 01:24:21,492 [INFO] PluginManage:359 - Loaded plugin pinoutandconfiguration (category:base,tabindex:1)
2023-09-29 01:24:21,492 [INFO] PluginManage:310 - Check plugin pinoutconfig
2023-09-29 01:24:21,625 [WARN] SupportedApi:132 - Cannot load RTOS API schema: s4s-elt-must-match.1: The content of 'definitions' must match (annotation?, (simpleType | complexType)?, (unique | key | keyref)*)). A problem was found starting at: attribute.
2023-09-29 01:24:21,839 [INFO] PluginManage:359 - Loaded plugin pinoutconfig (category:base,tabindex:0)
2023-09-29 01:24:21,839 [INFO] PluginManage:310 - Check plugin power
2023-09-29 01:24:21,861 [INFO] PluginManage:359 - Loaded plugin power (category:power,tabindex:4)
2023-09-29 01:24:21,862 [INFO] PluginManage:310 - Check plugin projectmanager
2023-09-29 01:24:21,880 [INFO] PluginManage:359 - Loaded plugin projectmanager (category:projectmanager,tabindex:3)
2023-09-29 01:24:21,881 [INFO] PluginManage:310 - Check plugin thirdparty
2023-09-29 01:24:22,208 [INFO] PluginManage:359 - Loaded plugin thirdparty (category:base,tabindex:-1)
2023-09-29 01:24:22,208 [INFO] PluginManage:310 - Check plugin tools
2023-09-29 01:24:22,208 [WARN] IntegrityCheckThread:84 - waiting for thirdparty lock release [integrity check]
2023-09-29 01:24:22,209 [INFO] IntegrityCheckThread:86 - entering critical section [integrity check]
2023-09-29 01:24:22,209 [INFO] ThirdPartyUpdaterWithRetryManager:70 - Updater plugin not ready yet. [1/15]
2023-09-29 01:24:22,237 [INFO] PluginManage:359 - Loaded plugin tools (category:base,tabindex:7)
2023-09-29 01:24:22,237 [INFO] PluginManage:310 - Check plugin tutovideos
2023-09-29 01:24:22,530 [INFO] PluginManage:359 - Loaded plugin tutovideos (category:base,tabindex:-1)
2023-09-29 01:24:22,530 [INFO] PluginManage:310 - Check plugin updater
2023-09-29 01:24:22,554 [INFO] PluginManage:359 - Loaded plugin updater (category:base,tabindex:12)
2023-09-29 01:24:22,554 [INFO] PluginManage:310 - Check plugin userauth
2023-09-29 01:24:22,568 [INFO] UserAuth:113 - Init User Auth plugin
2023-09-29 01:24:22,568 [INFO] PluginManage:359 - Loaded plugin userauth (category:base,tabindex:14)
2023-09-29 01:24:22,569 [INFO] PluginManage:283 - PluginManage : Loaded plugins [17]
2023-09-29 01:24:22,993 [INFO] PinOutPanel:1499 - setPackage(No Configuration,No Configuration)
2023-09-29 01:24:23,207 [INFO] CADModel:165 - CPN selected for project level
2023-09-29 01:24:23,207 [INFO] CADModel:114 - Register for checkConnection events
2023-09-29 01:24:23,251 [INFO] IPUIPlugin:80 - create IPUIPlugin
2023-09-29 01:24:23,252 [INFO] PluginManager:220 - loadIPPluginJar : add adc
2023-09-29 01:24:23,290 [INFO] IPUIPlugin:80 - create IPUIPlugin
2023-09-29 01:24:23,290 [INFO] PluginManager:220 - loadIPPluginJar : add aes
2023-09-29 01:24:23,331 [INFO] IPUIPlugin:80 - create IPUIPlugin
2023-09-29 01:24:23,332 [INFO] PluginManager:220 - loadIPPluginJar : add can
2023-09-29 01:24:23,357 [INFO] IPUIPlugin:80 - create IPUIPlugin
2023-09-29 01:24:23,357 [INFO] PluginManager:220 - loadIPPluginJar : add comp
2023-09-29 01:24:23,391 [INFO] IPUIPlugin:80 - create IPUIPlugin
2023-09-29 01:24:23,391 [INFO] PluginManager:220 - loadIPPluginJar : add cryp
2023-09-29 01:24:23,426 [INFO] IPUIPlugin:80 - create IPUIPlugin
2023-09-29 01:24:23,427 [INFO] PluginManager:220 - loadIPPluginJar : add dfsdm
2023-09-29 01:24:23,445 [INFO] IPUIPlugin:80 - create IPUIPlugin
2023-09-29 01:24:23,446 [INFO] PluginManager:220 - loadIPPluginJar : add dma
2023-09-29 01:24:23,501 [INFO] IPUIPlugin:80 - create IPUIPlugin
2023-09-29 01:24:23,501 [INFO] PluginManager:220 - loadIPPluginJar : add dma3
2023-09-29 01:24:23,525 [INFO] IPUIPlugin:80 - create IPUIPlugin
2023-09-29 01:24:23,525 [INFO] PluginManager:220 - loadIPPluginJar : add fatfs
2023-09-29 01:24:23,581 [INFO] IPUIPlugin:80 - create IPUIPlugin
2023-09-29 01:24:23,581 [INFO] PluginManager:220 - loadIPPluginJar : add fmc
2023-09-29 01:24:23,594 [INFO] IPUIPlugin:80 - create IPUIPlugin
2023-09-29 01:24:23,595 [INFO] PluginManager:220 - loadIPPluginJar : add freertos
2023-09-29 01:24:23,616 [INFO] IPUIPlugin:80 - create IPUIPlugin
2023-09-29 01:24:23,617 [INFO] PluginManager:220 - loadIPPluginJar : add genericplugin
2023-09-29 01:24:23,711 [INFO] IPUIPlugin:80 - create IPUIPlugin
2023-09-29 01:24:23,711 [INFO] PluginManager:220 - loadIPPluginJar : add gfxmmu
2023-09-29 01:24:23,844 [INFO] IPUIPlugin:80 - create IPUIPlugin
2023-09-29 01:24:23,845 [INFO] PluginManager:220 - loadIPPluginJar : add gic
2023-09-29 01:24:23,856 [INFO] IPUIPlugin:80 - create IPUIPlugin
2023-09-29 01:24:23,857 [INFO] PluginManager:220 - loadIPPluginJar : add gpio
2023-09-29 01:24:23,952 [INFO] IPUIPlugin:80 - create IPUIPlugin
2023-09-29 01:24:23,952 [INFO] PluginManager:220 - loadIPPluginJar : add gtzc
2023-09-29 01:24:23,987 [INFO] IPUIPlugin:80 - create IPUIPlugin
2023-09-29 01:24:23,987 [INFO] PluginManager:220 - loadIPPluginJar : add hash
2023-09-29 01:24:24,045 [INFO] IPUIPlugin:80 - create IPUIPlugin
2023-09-29 01:24:24,045 [INFO] PluginManager:220 - loadIPPluginJar : add i2c
2023-09-29 01:24:24,089 [INFO] IPUIPlugin:80 - create IPUIPlugin
2023-09-29 01:24:24,089 [INFO] PluginManager:220 - loadIPPluginJar : add i2s
2023-09-29 01:24:24,127 [INFO] IPUIPlugin:80 - create IPUIPlugin
2023-09-29 01:24:24,127 [INFO] PluginManager:220 - loadIPPluginJar : add i3c
2023-09-29 01:24:24,223 [INFO] IPUIPlugin:80 - create IPUIPlugin
2023-09-29 01:24:24,223 [INFO] PluginManager:220 - loadIPPluginJar : add ipddr
2023-09-29 01:24:24,317 [INFO] IPUIPlugin:80 - create IPUIPlugin
2023-09-29 01:24:24,319 [INFO] PluginManager:220 - loadIPPluginJar : add linkedlist
2023-09-29 01:24:24,355 [INFO] IPUIPlugin:80 - create IPUIPlugin
2023-09-29 01:24:24,355 [INFO] PluginManager:220 - loadIPPluginJar : add lorawan
2023-09-29 01:24:24,392 [INFO] IPUIPlugin:80 - create IPUIPlugin
2023-09-29 01:24:24,393 [INFO] PluginManager:220 - loadIPPluginJar : add ltdc
2023-09-29 01:24:24,414 [INFO] IPUIPlugin:80 - create IPUIPlugin
2023-09-29 01:24:24,414 [INFO] PluginManager:220 - loadIPPluginJar : add mdma
2023-09-29 01:24:24,431 [INFO] IPUIPlugin:80 - create IPUIPlugin
2023-09-29 01:24:24,431 [INFO] PluginManager:220 - loadIPPluginJar : add nvic
2023-09-29 01:24:24,481 [INFO] IPUIPlugin:80 - create IPUIPlugin
2023-09-29 01:24:24,481 [INFO] PluginManager:220 - loadIPPluginJar : add opamp
2023-09-29 01:24:24,577 [INFO] IPUIPlugin:80 - create IPUIPlugin
2023-09-29 01:24:24,578 [INFO] PluginManager:220 - loadIPPluginJar : add openamp
2023-09-29 01:24:24,629 [INFO] IPUIPlugin:80 - create IPUIPlugin
2023-09-29 01:24:24,630 [INFO] PluginManager:220 - loadIPPluginJar : add pdm2pcm
2023-09-29 01:24:24,647 [INFO] IPUIPlugin:80 - create IPUIPlugin
2023-09-29 01:24:24,652 [INFO] PluginManager:220 - loadIPPluginJar : add plateformsettings
2023-09-29 01:24:24,677 [INFO] IPUIPlugin:80 - create IPUIPlugin
2023-09-29 01:24:24,677 [INFO] PluginManager:220 - loadIPPluginJar : add quadspi
2023-09-29 01:24:24,689 [INFO] IPUIPlugin:80 - create IPUIPlugin
2023-09-29 01:24:24,690 [INFO] PluginManager:220 - loadIPPluginJar : add resmgrutility
2023-09-29 01:24:24,735 [INFO] IPUIPlugin:80 - create IPUIPlugin
2023-09-29 01:24:24,735 [INFO] PluginManager:220 - loadIPPluginJar : add sai
2023-09-29 01:24:24,770 [INFO] IPUIPlugin:80 - create IPUIPlugin
2023-09-29 01:24:24,770 [INFO] PluginManager:220 - loadIPPluginJar : add spi
2023-09-29 01:24:24,825 [INFO] IPUIPlugin:80 - create IPUIPlugin
2023-09-29 01:24:24,825 [INFO] PluginManager:220 - loadIPPluginJar : add stm32_wpan
2023-09-29 01:24:24,849 [INFO] IPUIPlugin:80 - create IPUIPlugin
2023-09-29 01:24:24,849 [INFO] PluginManager:220 - loadIPPluginJar : add tim
2023-09-29 01:24:24,902 [INFO] IPUIPlugin:80 - create IPUIPlugin
2023-09-29 01:24:24,902 [INFO] PluginManager:220 - loadIPPluginJar : add touchsensing
2023-09-29 01:24:24,926 [INFO] IPUIPlugin:80 - create IPUIPlugin
2023-09-29 01:24:24,926 [INFO] PluginManager:220 - loadIPPluginJar : add tracer_emb
2023-09-29 01:24:24,949 [INFO] IPUIPlugin:80 - create IPUIPlugin
2023-09-29 01:24:24,949 [INFO] PluginManager:220 - loadIPPluginJar : add ts
2023-09-29 01:24:24,972 [INFO] IPUIPlugin:80 - create IPUIPlugin
2023-09-29 01:24:24,972 [INFO] PluginManager:220 - loadIPPluginJar : add tsc
2023-09-29 01:24:24,996 [INFO] IPUIPlugin:80 - create IPUIPlugin
2023-09-29 01:24:24,996 [INFO] PluginManager:220 - loadIPPluginJar : add ucpd
2023-09-29 01:24:25,027 [INFO] IPUIPlugin:80 - create IPUIPlugin
2023-09-29 01:24:25,027 [INFO] PluginManager:220 - loadIPPluginJar : add usart
2023-09-29 01:24:25,076 [INFO] IPUIPlugin:80 - create IPUIPlugin
2023-09-29 01:24:25,076 [INFO] PluginManager:220 - loadIPPluginJar : add usbx
2023-09-29 01:24:25,213 [INFO] ThirdPartyUpdaterWithRetryManager:70 - Updater plugin not ready yet. [2/15]
2023-09-29 01:24:25,231 [INFO] CADModel:165 - CPN selected for project level
2023-09-29 01:24:25,232 [INFO] CADModel:114 - Register for checkConnection events
2023-09-29 01:24:25,232 [FATAL] Updater:308 - Updater called before beeing initialized
2023-09-29 01:24:25,232 [ERROR] CADModel:125 - Updater not yet initialized, retry later 
2023-09-29 01:24:25,423 [INFO] CADModel:165 - CPN selected for project level
2023-09-29 01:24:25,423 [INFO] CADModel:114 - Register for checkConnection events
2023-09-29 01:24:25,424 [FATAL] Updater:308 - Updater called before beeing initialized
2023-09-29 01:24:25,424 [ERROR] CADModel:125 - Updater not yet initialized, retry later 
2023-09-29 01:24:25,428 [FATAL] Updater:308 - Updater called before beeing initialized
2023-09-29 01:24:25,597 [FATAL] Updater:308 - Updater called before beeing initialized
2023-09-29 01:24:25,621 [INFO] DbMcusAds:53 - JSON generation date=Tue Mar 07 15:50:55 ICT 2023 (1678179055114)
2023-09-29 01:24:25,621 [FATAL] Updater:308 - Updater called before beeing initialized
2023-09-29 01:24:25,675 [WARN] DetailPanel:346 - Failed to get advertising image, set to default
2023-09-29 01:24:26,009 [FATAL] Updater:308 - Updater called before beeing initialized
2023-09-29 01:24:26,038 [FATAL] Updater:308 - Updater called before beeing initialized
2023-09-29 01:24:26,038 [FATAL] Updater:308 - Updater called before beeing initialized
2023-09-29 01:24:26,038 [WARN] DetailPanel:346 - Failed to get advertising image, set to default
2023-09-29 01:24:26,055 [FATAL] Updater:308 - Updater called before beeing initialized
2023-09-29 01:24:26,160 [ERROR] Updater:1120 - MainUpdater not yet initialized. External WinMGr cannot be set.
2023-09-29 01:24:26,171 [INFO] Updater:1056 - Updater Version found : 6.9.0
2023-09-29 01:24:26,191 [INFO] ApplicationProperties:184 - Using Application install path: C:\ST\STM32CubeIDE_1.13.0\STM32CubeIDE\plugins\com.st.stm32cube.common.mx_6.9.0.202307051724
2023-09-29 01:24:26,401 [INFO] MainUpdater:2868 - connection check result : 10
2023-09-29 01:24:26,402 [INFO] MainUpdater:285 - Updater Check For Update Now.
2023-09-29 01:24:26,402 [INFO] MicroXplorer:498 - Change Database Version : DB.6.0.90
2023-09-29 01:24:26,417 [INFO] McuFinderGlobals:63 - Set McuFinder mode to 2 (CubeIDE integrated)
2023-09-29 01:24:26,618 [INFO] CheckServerUpdateThread:120 - End of CheckServer Thread
2023-09-29 01:24:28,548 [WARN] PackLoader:240 - Cannot read IP mode file for STMicroelectronics.X-CUBE-SMBUS.2.1.0
2023-09-29 01:24:28,604 [WARN] PackLoader:240 - Cannot read IP mode file for STMicroelectronics.X-CUBE-AZRTOS-F7.1.1.0
2023-09-29 01:24:28,629 [WARN] PackLoader:240 - Cannot read IP mode file for STMicroelectronics.FP-SNS-MOTENV1.4.3.2
2023-09-29 01:24:28,648 [WARN] PackLoader:240 - Cannot read IP mode file for STMicroelectronics.FP-SNS-FLIGHT1.5.0.1
2023-09-29 01:24:28,666 [WARN] PackLoader:240 - Cannot read IP mode file for STMicroelectronics.X-CUBE-BLE1.6.2.4
2023-09-29 01:24:28,679 [WARN] PackLoader:240 - Cannot read IP mode file for STMicroelectronics.FP-SNS-FLIGHT1.5.0.2
2023-09-29 01:24:28,711 [WARN] PackLoader:240 - Cannot read IP mode file for STMicroelectronics.X-CUBE-DISPLAY.3.0.0
2023-09-29 01:24:28,729 [WARN] PackLoader:240 - Cannot read IP mode file for STMicroelectronics.X-CUBE-BLE1.7.0.0
2023-09-29 01:24:28,748 [WARN] PackLoader:240 - Cannot read IP mode file for emotas.I-CUBE-CANOPEN.1.3.0
2023-09-29 01:24:28,768 [WARN] PackLoader:240 - Cannot read IP mode file for STMicroelectronics.X-CUBE-TOUCHGFX.4.22.0
2023-09-29 01:24:28,781 [WARN] PackLoader:240 - Cannot read IP mode file for STMicroelectronics.FP-SNS-SMARTAG2.1.2.0
2023-09-29 01:24:28,814 [INFO] LogOutputStream:77 - [STDOUT_REDIRECT] 1 : Invalid condition id : UX_CORESTACK_Condition cause : null
2023-09-29 01:24:28,815 [INFO] LogOutputStream:77 - [STDOUT_REDIRECT] 1 : Invalid condition id : UX_CORESTACK_Condition cause : null
2023-09-29 01:24:28,817 [INFO] LogOutputStream:77 - [STDOUT_REDIRECT] 1 : Invalid condition id : UX_CORESTACK_Condition cause : null
2023-09-29 01:24:28,820 [INFO] LogOutputStream:77 - [STDOUT_REDIRECT] 1 : Invalid condition id : UX_CORESTACK_Condition cause : null
2023-09-29 01:24:28,822 [INFO] LogOutputStream:77 - [STDOUT_REDIRECT] 1 : Invalid condition id : UX_CORESTACK_Condition cause : null
2023-09-29 01:24:28,825 [WARN] PackLoader:240 - Cannot read IP mode file for STMicroelectronics.X-CUBE-AZRTOS-WL.2.0.0
2023-09-29 01:24:28,844 [WARN] PackLoader:240 - Cannot read IP mode file for WES.I-CUBE-Cesium.1.3.0
2023-09-29 01:24:28,857 [WARN] PackLoader:240 - Cannot read IP mode file for STMicroelectronics.X-CUBE-BLE2.3.3.0
2023-09-29 01:24:28,875 [WARN] PackLoader:240 - Cannot read IP mode file for STMicroelectronics.X-CUBE-ALGOBUILD.1.3.0
2023-09-29 01:24:28,910 [WARN] PackLoader:240 - Cannot read IP mode file for STMicroelectronics.X-CUBE-AZRTOS-G0.1.1.0
2023-09-29 01:24:28,950 [WARN] PackLoader:240 - Cannot read IP mode file for STMicroelectronics.X-CUBE-NFC4.3.0.0
2023-09-29 01:24:28,969 [WARN] PackLoader:240 - Cannot read IP mode file for STMicroelectronics.FP-ATR-SIGFOX1.3.2.0
2023-09-29 01:24:29,103 [WARN] PackLoader:240 - Cannot read IP mode file for SEGGER.I-CUBE-embOS.1.3.1
2023-09-29 01:24:29,174 [WARN] PackLoader:240 - Cannot read IP mode file for STMicroelectronics.X-CUBE-GNSS1.6.0.0
2023-09-29 01:24:29,203 [WARN] PackLoader:240 - Cannot read IP mode file for STMicroelectronics.X-CUBE-AZRTOS-F4.1.1.0
2023-09-29 01:24:29,222 [WARN] PackLoader:240 - Cannot read IP mode file for wolfSSL.I-CUBE-wolfSSL.5.6.3
2023-09-29 01:24:29,253 [WARN] PackLoader:240 - Cannot read IP mode file for STMicroelectronics.X-CUBE-AZRTOS-L5.2.0.0
2023-09-29 01:24:29,342 [WARN] PackLoader:240 - Cannot read IP mode file for STMicroelectronics.X-CUBE-MEMS1.9.6.0
2023-09-29 01:24:29,676 [WARN] PackLoader:240 - Cannot read IP mode file for STMicroelectronics.X-CUBE-BLEMGR.2.0.0
2023-09-29 01:24:29,701 [WARN] ConditionMgr:438 - getConditionDescription Invalid condition id : UX DEVICE CLASS RTOS Condition cause : null
2023-09-29 01:24:29,702 [WARN] ConditionMgr:438 - getConditionDescription Invalid condition id : UX DEVICE CLASS RTOS Condition cause : null
2023-09-29 01:24:29,704 [WARN] PackLoader:240 - Cannot read IP mode file for STMicroelectronics.X-CUBE-AZRTOS-H7.3.1.0
2023-09-29 01:24:29,705 [WARN] ConditionMgr:1039 - genDependencies : Invalid condition id : UX DEVICE CLASS RTOS Condition cause : null
2023-09-29 01:24:29,705 [WARN] ConditionMgr:1039 - genDependencies : Invalid condition id : UX DEVICE CLASS RTOS Condition cause : null
2023-09-29 01:24:29,706 [WARN] ConditionMgr:1039 - genDependencies : Invalid condition id : UX DEVICE CLASS RTOS Condition cause : null
2023-09-29 01:24:29,706 [WARN] ConditionMgr:1039 - genDependencies : Invalid condition id : UX DEVICE CLASS RTOS Condition cause : null
2023-09-29 01:24:29,707 [WARN] ConditionMgr:1039 - genDependencies : Invalid condition id : UX DEVICE CLASS RTOS Condition cause : null
2023-09-29 01:24:29,722 [WARN] PackLoader:240 - Cannot read IP mode file for STMicroelectronics.X-CUBE-NFC7.1.0.1
2023-09-29 01:24:29,737 [WARN] PackLoader:240 - Cannot read IP mode file for STMicroelectronics.X-CUBE-NFC6.3.0.0
2023-09-29 01:24:29,753 [WARN] PackLoader:240 - Cannot read IP mode file for STMicroelectronics.X-CUBE-EEPRMA1.4.1.0
2023-09-29 01:24:29,767 [WARN] PackLoader:240 - Cannot read IP mode file for STMicroelectronics.X-CUBE-AI.8.1.0
2023-09-29 01:24:29,820 [WARN] ConditionMgr:438 - getConditionDescription Invalid condition id : LAN8742 Phy interface Condition cause : null
2023-09-29 01:24:29,821 [WARN] PackLoader:240 - Cannot read IP mode file for STMicroelectronics.X-CUBE-AZRTOS-L4.2.0.0
2023-09-29 01:24:29,822 [WARN] ConditionMgr:1039 - genDependencies : Invalid condition id : LAN8742 Phy interface Condition cause : null
2023-09-29 01:24:29,822 [WARN] ConditionMgr:1039 - genDependencies : Invalid condition id : LAN8742 Phy interface Condition cause : null
2023-09-29 01:24:29,823 [WARN] ConditionMgr:1039 - genDependencies : Invalid condition id : LAN8742 Phy interface Condition cause : null
2023-09-29 01:24:29,853 [WARN] PackLoader:240 - Cannot read IP mode file for STMicroelectronics.X-CUBE-SFXS2LP1.4.0.0
2023-09-29 01:24:29,879 [WARN] PackLoader:240 - Cannot read IP mode file for STMicroelectronics.X-CUBE-ISPU.1.1.0
2023-09-29 01:24:29,907 [WARN] ConditionMgr:438 - getConditionDescription Invalid condition id : UX DEVICE CLASS RTOS Condition cause : null
2023-09-29 01:24:29,908 [WARN] ConditionMgr:438 - getConditionDescription Invalid condition id : UX DEVICE CLASS RTOS Condition cause : null
2023-09-29 01:24:29,909 [WARN] PackLoader:240 - Cannot read IP mode file for STMicroelectronics.X-CUBE-AZRTOS-WB.2.0.0
2023-09-29 01:24:29,909 [WARN] ConditionMgr:1039 - genDependencies : Invalid condition id : UX DEVICE CLASS RTOS Condition cause : null
2023-09-29 01:24:29,910 [WARN] ConditionMgr:1039 - genDependencies : Invalid condition id : UX DEVICE CLASS RTOS Condition cause : null
2023-09-29 01:24:29,910 [WARN] ConditionMgr:1039 - genDependencies : Invalid condition id : UX DEVICE CLASS RTOS Condition cause : null
2023-09-29 01:24:29,910 [WARN] ConditionMgr:1039 - genDependencies : Invalid condition id : UX DEVICE CLASS RTOS Condition cause : null
2023-09-29 01:24:29,910 [WARN] ConditionMgr:1039 - genDependencies : Invalid condition id : UX DEVICE CLASS RTOS Condition cause : null
2023-09-29 01:24:29,927 [WARN] PackLoader:240 - Cannot read IP mode file for STMicroelectronics.X-CUBE-FREERTOS.1.0.1
2023-09-29 01:24:29,956 [WARN] PackLoader:240 - Cannot read IP mode file for STMicroelectronics.X-CUBE-AZRTOS-L5.1.1.0
2023-09-29 01:24:29,975 [WARN] PackLoader:240 - Cannot read IP mode file for STMicroelectronics.X-CUBE-AI.8.0.1
2023-09-29 01:24:29,996 [WARN] PackLoader:240 - Cannot read IP mode file for STMicroelectronics.X-CUBE-SUBG2.5.0.0
2023-09-29 01:24:30,018 [WARN] PackLoader:240 - Cannot read IP mode file for STMicroelectronics.X-CUBE-TOF1.3.3.1
2023-09-29 01:24:30,062 [WARN] PackLoader:240 - Cannot read IP mode file for STMicroelectronics.X-CUBE-AZRTOS-G4.2.0.0
2023-09-29 01:24:30,080 [WARN] PackLoader:240 - Cannot read IP mode file for STMicroelectronics.X-CUBE-TOF1.3.3.0
2023-09-29 01:24:30,097 [WARN] PackLoader:240 - Cannot read IP mode file for STMicroelectronics.X-CUBE-FREERTOS.1.1.0
2023-09-29 01:24:30,113 [WARN] PackLoader:240 - Cannot read IP mode file for portGmbH.I-Cube-SoM-uGOAL.1.1.0
2023-09-29 01:24:30,127 [WARN] PackLoader:240 - Cannot read IP mode file for STMicroelectronics.X-CUBE-ALS.1.0.1
2023-09-29 01:24:30,175 [WARN] PackLoader:240 - Cannot read IP mode file for STMicroelectronics.X-CUBE-AZRTOS-WB.1.1.0
2023-09-29 01:24:30,191 [WARN] PackLoader:240 - Cannot read IP mode file for STMicroelectronics.FP-ATR-ASTRA1.2.0.0
2023-09-29 01:24:30,192 [INFO] ThirdParty:978 - Integrity check success = true
2023-09-29 01:24:30,192 [INFO] IntegrityCheckThread:100 - exiting critical section [integrity check]
2023-09-29 01:24:30,192 [INFO] IntegrityCheckThread:103 - End integrity checks thread
2023-09-29 01:24:48,280 [ERROR] LogOutputStream:75 - [STDERR_REDIRECT] SLF4J: Failed to load class "org.slf4j.impl.StaticLoggerBinder".
2023-09-29 01:24:48,281 [ERROR] LogOutputStream:75 - [STDERR_REDIRECT] SLF4J: Defaulting to no-operation (NOP) logger implementation
2023-09-29 01:24:48,281 [ERROR] LogOutputStream:75 - [STDERR_REDIRECT] SLF4J: See http://www.slf4j.org/codes.html#StaticLoggerBinder for further details.
2023-09-29 15:01:54,942 [INFO] Activator:176 - 


2023-09-29 15:01:54,945 [INFO] Activator:177 - !SESSION log4j initialized
2023-09-29 15:02:03,159 [INFO] LogOutputStream:77 - [STDOUT_REDIRECT] 
2023-09-29 15:02:14,628 [INFO] ApplicationProperties:184 - Using Application install path: C:\ST\STM32CubeIDE_1.13.0\STM32CubeIDE\plugins\com.st.stm32cube.common.mx_6.9.0.202307051724
2023-09-29 15:02:14,649 [INFO] DbMcusXml:78 - Set database path to: C:\ST\STM32CubeIDE_1.13.0\STM32CubeIDE\plugins\com.st.stm32cube.common.mx_6.9.0.202307051724\\db\/mcu/
2023-09-29 15:02:14,650 [INFO] ApiDb:274 - Set plugin database path to: C:\ST\STM32CubeIDE_1.13.0\STM32CubeIDE\plugins\com.st.stm32cube.common.mx_6.9.0.202307051724\\db\/plugins/boardmanager/
2023-09-29 15:02:14,650 [WARN] ApiDb:259 - Overriding images path with different value:  => C:\ST\STM32CubeIDE_1.13.0\STM32CubeIDE\plugins\com.st.stm32cube.common.mx_6.9.0.202307051724\\db\/plugins/mcufinder/images/
2023-09-29 15:02:14,664 [INFO] ApiDb:250 - Set database path to: C:\Users\User\.stmcufinder\plugins\mcufinder//mcu/
2023-09-29 15:02:14,665 [INFO] DbMcusAds:125 - Set database path to: C:\Users\User\.stmcufinder\plugins\mcufinder//mcu/
2023-09-29 15:02:14,683 [INFO] CrossReferenceDbSqlite:203 - Set database path to: C:\Users\User\.stmcufinder\plugins\mcufinder//mcu/cs/
2023-09-29 15:02:14,833 [INFO] RulesReader:64 - Compatibility file has been processed (293 Rules)
2023-09-29 15:02:14,941 [INFO] DbMcusXml:78 - Set database path to: C:\ST\STM32CubeIDE_1.13.0\STM32CubeIDE\plugins\com.st.stm32cube.common.mx_6.9.0.202307051724\\db\/mcu/
2023-09-29 15:02:14,941 [INFO] ApiDb:274 - Set plugin database path to: C:\ST\STM32CubeIDE_1.13.0\STM32CubeIDE\plugins\com.st.stm32cube.common.mx_6.9.0.202307051724\\db\/plugins/boardmanager/
2023-09-29 15:02:14,941 [INFO] ApiDb:261 - Set plugin images path to: C:\ST\STM32CubeIDE_1.13.0\STM32CubeIDE\plugins\com.st.stm32cube.common.mx_6.9.0.202307051724\\db\/plugins/mcufinder/images/
2023-09-29 15:02:14,942 [WARN] DbFile:41 - Overriding database path with different value: C:\Users\User\.stmcufinder\plugins\mcufinder/ => C:\Users\User\.stmcufinder\plugins\mcufinder
2023-09-29 15:02:14,942 [INFO] ApiDb:250 - Set database path to: C:\Users\User\.stmcufinder\plugins\mcufinder//mcu/
2023-09-29 15:02:14,942 [WARN] DbFile:41 - Overriding database path with different value: C:\Users\User\.stmcufinder\plugins\mcufinder/ => C:\Users\User\.stmcufinder\plugins\mcufinder
2023-09-29 15:02:14,942 [INFO] DbMcusAds:125 - Set database path to: C:\Users\User\.stmcufinder\plugins\mcufinder//mcu/
2023-09-29 15:02:14,942 [WARN] DbFile:41 - Overriding database path with different value: C:\Users\User\.stmcufinder\plugins\mcufinder/ => C:\Users\User\.stmcufinder\plugins\mcufinder
2023-09-29 15:02:14,942 [WARN] DbFile:41 - Overriding database path with different value: C:\Users\User\.stmcufinder\plugins\mcufinder/ => C:\Users\User\.stmcufinder\plugins\mcufinder
2023-09-29 15:02:14,943 [INFO] CrossReferenceDbSqlite:203 - Set database path to: C:\Users\User\.stmcufinder\plugins\mcufinder//mcu/cs/
2023-09-29 15:02:15,045 [INFO] MainPanel:262 - HeapMemory: 268435456
2023-09-29 15:02:15,153 [INFO] DbMcusXml:78 - Set database path to: C:\ST\STM32CubeIDE_1.13.0\STM32CubeIDE\plugins\com.st.stm32cube.common.mx_6.9.0.202307051724\\db\/mcu/
2023-09-29 15:02:15,153 [INFO] ApiDb:274 - Set plugin database path to: C:\ST\STM32CubeIDE_1.13.0\STM32CubeIDE\plugins\com.st.stm32cube.common.mx_6.9.0.202307051724\\db\/plugins/boardmanager/
2023-09-29 15:02:15,153 [INFO] ApiDb:261 - Set plugin images path to: C:\ST\STM32CubeIDE_1.13.0\STM32CubeIDE\plugins\com.st.stm32cube.common.mx_6.9.0.202307051724\\db\/plugins/mcufinder/images/
2023-09-29 15:02:15,154 [WARN] DbFile:41 - Overriding database path with different value: C:\Users\User\.stmcufinder\plugins\mcufinder/ => C:\Users\User\.stmcufinder\plugins\mcufinder
2023-09-29 15:02:15,154 [INFO] ApiDb:250 - Set database path to: C:\Users\User\.stmcufinder\plugins\mcufinder//mcu/
2023-09-29 15:02:15,154 [WARN] DbFile:41 - Overriding database path with different value: C:\Users\User\.stmcufinder\plugins\mcufinder/ => C:\Users\User\.stmcufinder\plugins\mcufinder
2023-09-29 15:02:15,154 [INFO] DbMcusAds:125 - Set database path to: C:\Users\User\.stmcufinder\plugins\mcufinder//mcu/
2023-09-29 15:02:15,154 [WARN] DbFile:41 - Overriding database path with different value: C:\Users\User\.stmcufinder\plugins\mcufinder/ => C:\Users\User\.stmcufinder\plugins\mcufinder
2023-09-29 15:02:15,154 [WARN] DbFile:41 - Overriding database path with different value: C:\Users\User\.stmcufinder\plugins\mcufinder/ => C:\Users\User\.stmcufinder\plugins\mcufinder
2023-09-29 15:02:15,154 [INFO] CrossReferenceDbSqlite:203 - Set database path to: C:\Users\User\.stmcufinder\plugins\mcufinder//mcu/cs/
2023-09-29 15:02:15,181 [INFO] ApplicationProperties:184 - Using Application install path: C:\ST\STM32CubeIDE_1.13.0\STM32CubeIDE\plugins\com.st.stm32cube.common.mx_6.9.0.202307051724
2023-09-29 15:02:15,183 [INFO] PluginManage:196 - Search for loadable plugins [exclusion list=, ]
2023-09-29 15:02:15,185 [INFO] PluginManage:310 - Check plugin analytics
2023-09-29 15:02:15,399 [INFO] AnalyticsPlugin:253 - Accepted Software Licenses: 
2023-09-29 15:02:15,400 [INFO] AnalyticsPlugin:255 - Accepted CMSIS Pack Licenses: 
2023-09-29 15:02:15,400 [INFO] AnalyticsPlugin:257 - Accepted Firmware Licenses: FW.F7.1.17.0,FW.F4.1.27.0
2023-09-29 15:02:15,403 [INFO] PluginManage:359 - Loaded plugin analytics (category:tool,tabindex:-1)
2023-09-29 15:02:15,404 [INFO] PluginManage:310 - Check plugin cadmodel
2023-09-29 15:02:15,422 [INFO] CADModel:105 - Init CAD model plugin
2023-09-29 15:02:15,422 [INFO] PluginManage:359 - Loaded plugin cadmodel (category:power,tabindex:5)
2023-09-29 15:02:15,422 [INFO] PluginManage:310 - Check plugin clock
2023-09-29 15:02:15,445 [INFO] PluginManage:359 - Loaded plugin clock (category:base,tabindex:2)
2023-09-29 15:02:15,445 [INFO] PluginManage:310 - Check plugin ddr
2023-09-29 15:02:15,448 [INFO] PluginManage:359 - Loaded plugin ddr (category:tool,tabindex:6)
2023-09-29 15:02:15,448 [INFO] PluginManage:310 - Check plugin filemanager
2023-09-29 15:02:15,605 [INFO] PluginManage:359 - Loaded plugin filemanager (category:base,tabindex:10)
2023-09-29 15:02:15,605 [INFO] PluginManage:310 - Check plugin ipmanager
2023-09-29 15:02:15,616 [INFO] PluginManage:359 - Loaded plugin ipmanager (category:base,tabindex:5)
2023-09-29 15:02:15,617 [INFO] PluginManage:310 - Check plugin lpbam
2023-09-29 15:02:15,638 [INFO] PluginManage:359 - Loaded plugin lpbam (category:base,tabindex:0)
2023-09-29 15:02:15,638 [INFO] PluginManage:310 - Check plugin memorymap
2023-09-29 15:02:15,667 [INFO] PluginManage:359 - Loaded plugin memorymap (category:base,tabindex:4)
2023-09-29 15:02:15,667 [INFO] PluginManage:310 - Check plugin pinoutandconfiguration
2023-09-29 15:02:15,726 [INFO] PluginManage:359 - Loaded plugin pinoutandconfiguration (category:base,tabindex:1)
2023-09-29 15:02:15,727 [INFO] PluginManage:310 - Check plugin pinoutconfig
2023-09-29 15:02:15,851 [WARN] SupportedApi:132 - Cannot load RTOS API schema: s4s-elt-must-match.1: The content of 'definitions' must match (annotation?, (simpleType | complexType)?, (unique | key | keyref)*)). A problem was found starting at: attribute.
2023-09-29 15:02:16,050 [INFO] PluginManage:359 - Loaded plugin pinoutconfig (category:base,tabindex:0)
2023-09-29 15:02:16,050 [INFO] PluginManage:310 - Check plugin power
2023-09-29 15:02:16,079 [INFO] PluginManage:359 - Loaded plugin power (category:power,tabindex:4)
2023-09-29 15:02:16,079 [INFO] PluginManage:310 - Check plugin projectmanager
2023-09-29 15:02:16,095 [INFO] PluginManage:359 - Loaded plugin projectmanager (category:projectmanager,tabindex:3)
2023-09-29 15:02:16,095 [INFO] PluginManage:310 - Check plugin thirdparty
2023-09-29 15:02:16,602 [INFO] PluginManage:359 - Loaded plugin thirdparty (category:base,tabindex:-1)
2023-09-29 15:02:16,602 [WARN] IntegrityCheckThread:84 - waiting for thirdparty lock release [integrity check]
2023-09-29 15:02:16,602 [INFO] PluginManage:310 - Check plugin tools
2023-09-29 15:02:16,603 [INFO] IntegrityCheckThread:86 - entering critical section [integrity check]
2023-09-29 15:02:16,603 [INFO] ThirdPartyUpdaterWithRetryManager:70 - Updater plugin not ready yet. [1/15]
2023-09-29 15:02:16,640 [INFO] PluginManage:359 - Loaded plugin tools (category:base,tabindex:7)
2023-09-29 15:02:16,640 [INFO] PluginManage:310 - Check plugin tutovideos
2023-09-29 15:02:16,943 [INFO] PluginManage:359 - Loaded plugin tutovideos (category:base,tabindex:-1)
2023-09-29 15:02:16,943 [INFO] PluginManage:310 - Check plugin updater
2023-09-29 15:02:16,955 [INFO] PluginManage:359 - Loaded plugin updater (category:base,tabindex:12)
2023-09-29 15:02:16,956 [INFO] PluginManage:310 - Check plugin userauth
2023-09-29 15:02:16,962 [INFO] UserAuth:113 - Init User Auth plugin
2023-09-29 15:02:16,962 [INFO] PluginManage:359 - Loaded plugin userauth (category:base,tabindex:14)
2023-09-29 15:02:16,963 [INFO] PluginManage:283 - PluginManage : Loaded plugins [17]
2023-09-29 15:02:17,235 [INFO] PinOutPanel:1499 - setPackage(No Configuration,No Configuration)
2023-09-29 15:02:17,371 [INFO] CADModel:165 - CPN selected for project level
2023-09-29 15:02:17,372 [INFO] CADModel:114 - Register for checkConnection events
2023-09-29 15:02:17,409 [INFO] IPUIPlugin:80 - create IPUIPlugin
2023-09-29 15:02:17,409 [INFO] PluginManager:220 - loadIPPluginJar : add adc
2023-09-29 15:02:17,448 [INFO] IPUIPlugin:80 - create IPUIPlugin
2023-09-29 15:02:17,448 [INFO] PluginManager:220 - loadIPPluginJar : add aes
2023-09-29 15:02:17,492 [INFO] IPUIPlugin:80 - create IPUIPlugin
2023-09-29 15:02:17,492 [INFO] PluginManager:220 - loadIPPluginJar : add can
2023-09-29 15:02:17,517 [INFO] IPUIPlugin:80 - create IPUIPlugin
2023-09-29 15:02:17,517 [INFO] PluginManager:220 - loadIPPluginJar : add comp
2023-09-29 15:02:17,553 [INFO] IPUIPlugin:80 - create IPUIPlugin
2023-09-29 15:02:17,554 [INFO] PluginManager:220 - loadIPPluginJar : add cryp
2023-09-29 15:02:17,589 [INFO] IPUIPlugin:80 - create IPUIPlugin
2023-09-29 15:02:17,589 [INFO] PluginManager:220 - loadIPPluginJar : add dfsdm
2023-09-29 15:02:17,608 [INFO] IPUIPlugin:80 - create IPUIPlugin
2023-09-29 15:02:17,609 [INFO] PluginManager:220 - loadIPPluginJar : add dma
2023-09-29 15:02:17,653 [INFO] IPUIPlugin:80 - create IPUIPlugin
2023-09-29 15:02:17,654 [INFO] PluginManager:220 - loadIPPluginJar : add dma3
2023-09-29 15:02:17,676 [INFO] IPUIPlugin:80 - create IPUIPlugin
2023-09-29 15:02:17,676 [INFO] PluginManager:220 - loadIPPluginJar : add fatfs
2023-09-29 15:02:17,733 [INFO] IPUIPlugin:80 - create IPUIPlugin
2023-09-29 15:02:17,733 [INFO] PluginManager:220 - loadIPPluginJar : add fmc
2023-09-29 15:02:17,753 [INFO] IPUIPlugin:80 - create IPUIPlugin
2023-09-29 15:02:17,753 [INFO] PluginManager:220 - loadIPPluginJar : add freertos
2023-09-29 15:02:17,775 [INFO] IPUIPlugin:80 - create IPUIPlugin
2023-09-29 15:02:17,775 [INFO] PluginManager:220 - loadIPPluginJar : add genericplugin
2023-09-29 15:02:17,876 [INFO] IPUIPlugin:80 - create IPUIPlugin
2023-09-29 15:02:17,876 [INFO] PluginManager:220 - loadIPPluginJar : add gfxmmu
2023-09-29 15:02:18,019 [INFO] IPUIPlugin:80 - create IPUIPlugin
2023-09-29 15:02:18,019 [INFO] PluginManager:220 - loadIPPluginJar : add gic
2023-09-29 15:02:18,033 [INFO] IPUIPlugin:80 - create IPUIPlugin
2023-09-29 15:02:18,034 [INFO] PluginManager:220 - loadIPPluginJar : add gpio
2023-09-29 15:02:18,137 [INFO] IPUIPlugin:80 - create IPUIPlugin
2023-09-29 15:02:18,137 [INFO] PluginManager:220 - loadIPPluginJar : add gtzc
2023-09-29 15:02:18,172 [INFO] IPUIPlugin:80 - create IPUIPlugin
2023-09-29 15:02:18,172 [INFO] PluginManager:220 - loadIPPluginJar : add hash
2023-09-29 15:02:18,242 [INFO] IPUIPlugin:80 - create IPUIPlugin
2023-09-29 15:02:18,242 [INFO] PluginManager:220 - loadIPPluginJar : add i2c
2023-09-29 15:02:18,287 [INFO] IPUIPlugin:80 - create IPUIPlugin
2023-09-29 15:02:18,287 [INFO] PluginManager:220 - loadIPPluginJar : add i2s
2023-09-29 15:02:18,337 [INFO] IPUIPlugin:80 - create IPUIPlugin
2023-09-29 15:02:18,337 [INFO] PluginManager:220 - loadIPPluginJar : add i3c
2023-09-29 15:02:18,453 [INFO] IPUIPlugin:80 - create IPUIPlugin
2023-09-29 15:02:18,453 [INFO] PluginManager:220 - loadIPPluginJar : add ipddr
2023-09-29 15:02:18,617 [INFO] IPUIPlugin:80 - create IPUIPlugin
2023-09-29 15:02:18,617 [INFO] PluginManager:220 - loadIPPluginJar : add linkedlist
2023-09-29 15:02:18,658 [INFO] IPUIPlugin:80 - create IPUIPlugin
2023-09-29 15:02:18,659 [INFO] PluginManager:220 - loadIPPluginJar : add lorawan
2023-09-29 15:02:18,695 [INFO] IPUIPlugin:80 - create IPUIPlugin
2023-09-29 15:02:18,695 [INFO] PluginManager:220 - loadIPPluginJar : add ltdc
2023-09-29 15:02:18,715 [INFO] IPUIPlugin:80 - create IPUIPlugin
2023-09-29 15:02:18,715 [INFO] PluginManager:220 - loadIPPluginJar : add mdma
2023-09-29 15:02:18,729 [INFO] IPUIPlugin:80 - create IPUIPlugin
2023-09-29 15:02:18,730 [INFO] PluginManager:220 - loadIPPluginJar : add nvic
2023-09-29 15:02:18,768 [INFO] IPUIPlugin:80 - create IPUIPlugin
2023-09-29 15:02:18,768 [INFO] PluginManager:220 - loadIPPluginJar : add opamp
2023-09-29 15:02:18,913 [INFO] IPUIPlugin:80 - create IPUIPlugin
2023-09-29 15:02:18,914 [INFO] PluginManager:220 - loadIPPluginJar : add openamp
2023-09-29 15:02:18,970 [INFO] IPUIPlugin:80 - create IPUIPlugin
2023-09-29 15:02:18,971 [INFO] PluginManager:220 - loadIPPluginJar : add pdm2pcm
2023-09-29 15:02:18,992 [INFO] IPUIPlugin:80 - create IPUIPlugin
2023-09-29 15:02:18,995 [INFO] PluginManager:220 - loadIPPluginJar : add plateformsettings
2023-09-29 15:02:19,028 [INFO] IPUIPlugin:80 - create IPUIPlugin
2023-09-29 15:02:19,028 [INFO] PluginManager:220 - loadIPPluginJar : add quadspi
2023-09-29 15:02:19,046 [INFO] IPUIPlugin:80 - create IPUIPlugin
2023-09-29 15:02:19,046 [INFO] PluginManager:220 - loadIPPluginJar : add resmgrutility
2023-09-29 15:02:19,104 [INFO] IPUIPlugin:80 - create IPUIPlugin
2023-09-29 15:02:19,104 [INFO] PluginManager:220 - loadIPPluginJar : add sai
2023-09-29 15:02:19,145 [INFO] IPUIPlugin:80 - create IPUIPlugin
2023-09-29 15:02:19,145 [INFO] PluginManager:220 - loadIPPluginJar : add spi
2023-09-29 15:02:19,250 [INFO] IPUIPlugin:80 - create IPUIPlugin
2023-09-29 15:02:19,251 [INFO] PluginManager:220 - loadIPPluginJar : add stm32_wpan
2023-09-29 15:02:19,284 [INFO] IPUIPlugin:80 - create IPUIPlugin
2023-09-29 15:02:19,284 [INFO] PluginManager:220 - loadIPPluginJar : add tim
2023-09-29 15:02:19,345 [INFO] IPUIPlugin:80 - create IPUIPlugin
2023-09-29 15:02:19,345 [INFO] PluginManager:220 - loadIPPluginJar : add touchsensing
2023-09-29 15:02:19,373 [INFO] IPUIPlugin:80 - create IPUIPlugin
2023-09-29 15:02:19,374 [INFO] PluginManager:220 - loadIPPluginJar : add tracer_emb
2023-09-29 15:02:19,403 [INFO] IPUIPlugin:80 - create IPUIPlugin
2023-09-29 15:02:19,405 [INFO] PluginManager:220 - loadIPPluginJar : add ts
2023-09-29 15:02:19,432 [INFO] IPUIPlugin:80 - create IPUIPlugin
2023-09-29 15:02:19,432 [INFO] PluginManager:220 - loadIPPluginJar : add tsc
2023-09-29 15:02:19,456 [INFO] IPUIPlugin:80 - create IPUIPlugin
2023-09-29 15:02:19,456 [INFO] PluginManager:220 - loadIPPluginJar : add ucpd
2023-09-29 15:02:19,506 [INFO] IPUIPlugin:80 - create IPUIPlugin
2023-09-29 15:02:19,506 [INFO] PluginManager:220 - loadIPPluginJar : add usart
2023-09-29 15:02:19,555 [INFO] IPUIPlugin:80 - create IPUIPlugin
2023-09-29 15:02:19,556 [INFO] PluginManager:220 - loadIPPluginJar : add usbx
2023-09-29 15:02:19,605 [INFO] ThirdPartyUpdaterWithRetryManager:70 - Updater plugin not ready yet. [2/15]
2023-09-29 15:02:19,690 [INFO] CADModel:165 - CPN selected for project level
2023-09-29 15:02:19,690 [INFO] CADModel:114 - Register for checkConnection events
2023-09-29 15:02:19,691 [FATAL] Updater:308 - Updater called before beeing initialized
2023-09-29 15:02:19,691 [ERROR] CADModel:125 - Updater not yet initialized, retry later 
2023-09-29 15:02:19,887 [INFO] CADModel:165 - CPN selected for project level
2023-09-29 15:02:19,887 [INFO] CADModel:114 - Register for checkConnection events
2023-09-29 15:02:19,887 [FATAL] Updater:308 - Updater called before beeing initialized
2023-09-29 15:02:19,887 [ERROR] CADModel:125 - Updater not yet initialized, retry later 
2023-09-29 15:02:19,892 [FATAL] Updater:308 - Updater called before beeing initialized
2023-09-29 15:02:20,029 [FATAL] Updater:308 - Updater called before beeing initialized
2023-09-29 15:02:20,043 [INFO] DbMcusAds:53 - JSON generation date=Tue Mar 07 15:50:55 ICT 2023 (1678179055114)
2023-09-29 15:02:20,043 [FATAL] Updater:308 - Updater called before beeing initialized
2023-09-29 15:02:20,088 [WARN] DetailPanel:346 - Failed to get advertising image, set to default
2023-09-29 15:02:20,211 [FATAL] Updater:308 - Updater called before beeing initialized
2023-09-29 15:02:20,214 [FATAL] Updater:308 - Updater called before beeing initialized
2023-09-29 15:02:20,214 [FATAL] Updater:308 - Updater called before beeing initialized
2023-09-29 15:02:20,214 [WARN] DetailPanel:346 - Failed to get advertising image, set to default
2023-09-29 15:02:20,218 [FATAL] Updater:308 - Updater called before beeing initialized
2023-09-29 15:02:20,323 [ERROR] Updater:1120 - MainUpdater not yet initialized. External WinMGr cannot be set.
2023-09-29 15:02:20,333 [INFO] Updater:1056 - Updater Version found : 6.9.0
2023-09-29 15:02:20,352 [INFO] ApplicationProperties:184 - Using Application install path: C:\ST\STM32CubeIDE_1.13.0\STM32CubeIDE\plugins\com.st.stm32cube.common.mx_6.9.0.202307051724
2023-09-29 15:02:20,410 [ERROR] ConfigurationRetriever:142 - IOException on connection: Read timed out
2023-09-29 15:02:20,554 [INFO] MainUpdater:2868 - connection check result : 10
2023-09-29 15:02:20,554 [INFO] MainUpdater:285 - Updater Check For Update Now.
2023-09-29 15:02:20,555 [INFO] MicroXplorer:498 - Change Database Version : DB.6.0.90
2023-09-29 15:02:20,569 [INFO] McuFinderGlobals:63 - Set McuFinder mode to 2 (CubeIDE integrated)
2023-09-29 15:02:20,768 [INFO] CheckServerUpdateThread:120 - End of CheckServer Thread
2023-09-29 15:02:22,827 [WARN] PackLoader:240 - Cannot read IP mode file for STMicroelectronics.X-CUBE-SMBUS.2.1.0
2023-09-29 15:02:22,905 [WARN] PackLoader:240 - Cannot read IP mode file for STMicroelectronics.X-CUBE-AZRTOS-F7.1.1.0
2023-09-29 15:02:22,929 [WARN] PackLoader:240 - Cannot read IP mode file for STMicroelectronics.FP-SNS-MOTENV1.4.3.2
2023-09-29 15:02:22,950 [WARN] PackLoader:240 - Cannot read IP mode file for STMicroelectronics.FP-SNS-FLIGHT1.5.0.1
2023-09-29 15:02:22,968 [WARN] PackLoader:240 - Cannot read IP mode file for STMicroelectronics.X-CUBE-BLE1.6.2.4
2023-09-29 15:02:22,983 [WARN] PackLoader:240 - Cannot read IP mode file for STMicroelectronics.FP-SNS-FLIGHT1.5.0.2
2023-09-29 15:02:23,002 [WARN] PackLoader:240 - Cannot read IP mode file for STMicroelectronics.X-CUBE-DISPLAY.3.0.0
2023-09-29 15:02:23,028 [WARN] PackLoader:240 - Cannot read IP mode file for STMicroelectronics.X-CUBE-BLE1.7.0.0
2023-09-29 15:02:23,041 [WARN] PackLoader:240 - Cannot read IP mode file for emotas.I-CUBE-CANOPEN.1.3.0
2023-09-29 15:02:23,057 [WARN] PackLoader:240 - Cannot read IP mode file for STMicroelectronics.X-CUBE-TOUCHGFX.4.22.0
2023-09-29 15:02:23,071 [WARN] PackLoader:240 - Cannot read IP mode file for STMicroelectronics.FP-SNS-SMARTAG2.1.2.0
2023-09-29 15:02:23,094 [INFO] LogOutputStream:77 - [STDOUT_REDIRECT] 1 : Invalid condition id : UX_CORESTACK_Condition cause : null
2023-09-29 15:02:23,095 [INFO] LogOutputStream:77 - [STDOUT_REDIRECT] 1 : Invalid condition id : UX_CORESTACK_Condition cause : null
2023-09-29 15:02:23,096 [INFO] LogOutputStream:77 - [STDOUT_REDIRECT] 1 : Invalid condition id : UX_CORESTACK_Condition cause : null
2023-09-29 15:02:23,097 [INFO] LogOutputStream:77 - [STDOUT_REDIRECT] 1 : Invalid condition id : UX_CORESTACK_Condition cause : null
2023-09-29 15:02:23,097 [INFO] LogOutputStream:77 - [STDOUT_REDIRECT] 1 : Invalid condition id : UX_CORESTACK_Condition cause : null
2023-09-29 15:02:23,100 [WARN] PackLoader:240 - Cannot read IP mode file for STMicroelectronics.X-CUBE-AZRTOS-WL.2.0.0
2023-09-29 15:02:23,118 [WARN] PackLoader:240 - Cannot read IP mode file for WES.I-CUBE-Cesium.1.3.0
2023-09-29 15:02:23,130 [WARN] PackLoader:240 - Cannot read IP mode file for STMicroelectronics.X-CUBE-BLE2.3.3.0
2023-09-29 15:02:23,144 [WARN] PackLoader:240 - Cannot read IP mode file for STMicroelectronics.X-CUBE-ALGOBUILD.1.3.0
2023-09-29 15:02:23,191 [WARN] PackLoader:240 - Cannot read IP mode file for STMicroelectronics.X-CUBE-AZRTOS-G0.1.1.0
2023-09-29 15:02:23,221 [WARN] PackLoader:240 - Cannot read IP mode file for STMicroelectronics.X-CUBE-NFC4.3.0.0
2023-09-29 15:02:23,236 [WARN] PackLoader:240 - Cannot read IP mode file for STMicroelectronics.FP-ATR-SIGFOX1.3.2.0
2023-09-29 15:02:23,299 [WARN] PackLoader:240 - Cannot read IP mode file for SEGGER.I-CUBE-embOS.1.3.1
2023-09-29 15:02:23,369 [WARN] PackLoader:240 - Cannot read IP mode file for STMicroelectronics.X-CUBE-GNSS1.6.0.0
2023-09-29 15:02:23,403 [WARN] PackLoader:240 - Cannot read IP mode file for STMicroelectronics.X-CUBE-AZRTOS-F4.1.1.0
2023-09-29 15:02:23,421 [WARN] PackLoader:240 - Cannot read IP mode file for wolfSSL.I-CUBE-wolfSSL.5.6.3
2023-09-29 15:02:23,452 [WARN] PackLoader:240 - Cannot read IP mode file for STMicroelectronics.X-CUBE-AZRTOS-L5.2.0.0
2023-09-29 15:02:23,500 [WARN] PackLoader:240 - Cannot read IP mode file for STMicroelectronics.X-CUBE-MEMS1.9.6.0
2023-09-29 15:02:23,719 [WARN] PackLoader:240 - Cannot read IP mode file for STMicroelectronics.X-CUBE-BLEMGR.2.0.0
2023-09-29 15:02:23,752 [WARN] ConditionMgr:438 - getConditionDescription Invalid condition id : UX DEVICE CLASS RTOS Condition cause : null
2023-09-29 15:02:23,752 [WARN] ConditionMgr:438 - getConditionDescription Invalid condition id : UX DEVICE CLASS RTOS Condition cause : null
2023-09-29 15:02:23,755 [WARN] PackLoader:240 - Cannot read IP mode file for STMicroelectronics.X-CUBE-AZRTOS-H7.3.1.0
2023-09-29 15:02:23,756 [WARN] ConditionMgr:1039 - genDependencies : Invalid condition id : UX DEVICE CLASS RTOS Condition cause : null
2023-09-29 15:02:23,757 [WARN] ConditionMgr:1039 - genDependencies : Invalid condition id : UX DEVICE CLASS RTOS Condition cause : null
2023-09-29 15:02:23,757 [WARN] ConditionMgr:1039 - genDependencies : Invalid condition id : UX DEVICE CLASS RTOS Condition cause : null
2023-09-29 15:02:23,758 [WARN] ConditionMgr:1039 - genDependencies : Invalid condition id : UX DEVICE CLASS RTOS Condition cause : null
2023-09-29 15:02:23,758 [WARN] ConditionMgr:1039 - genDependencies : Invalid condition id : UX DEVICE CLASS RTOS Condition cause : null
2023-09-29 15:02:23,771 [WARN] PackLoader:240 - Cannot read IP mode file for STMicroelectronics.X-CUBE-NFC7.1.0.1
2023-09-29 15:02:23,788 [WARN] PackLoader:240 - Cannot read IP mode file for STMicroelectronics.X-CUBE-NFC6.3.0.0
2023-09-29 15:02:23,803 [WARN] PackLoader:240 - Cannot read IP mode file for STMicroelectronics.X-CUBE-EEPRMA1.4.1.0
2023-09-29 15:02:23,817 [WARN] PackLoader:240 - Cannot read IP mode file for STMicroelectronics.X-CUBE-AI.8.1.0
2023-09-29 15:02:23,849 [WARN] ConditionMgr:438 - getConditionDescription Invalid condition id : LAN8742 Phy interface Condition cause : null
2023-09-29 15:02:23,850 [WARN] PackLoader:240 - Cannot read IP mode file for STMicroelectronics.X-CUBE-AZRTOS-L4.2.0.0
2023-09-29 15:02:23,851 [WARN] ConditionMgr:1039 - genDependencies : Invalid condition id : LAN8742 Phy interface Condition cause : null
2023-09-29 15:02:23,851 [WARN] ConditionMgr:1039 - genDependencies : Invalid condition id : LAN8742 Phy interface Condition cause : null
2023-09-29 15:02:23,851 [WARN] ConditionMgr:1039 - genDependencies : Invalid condition id : LAN8742 Phy interface Condition cause : null
2023-09-29 15:02:23,866 [WARN] PackLoader:240 - Cannot read IP mode file for STMicroelectronics.X-CUBE-SFXS2LP1.4.0.0
2023-09-29 15:02:23,879 [WARN] PackLoader:240 - Cannot read IP mode file for STMicroelectronics.X-CUBE-ISPU.1.1.0
2023-09-29 15:02:23,900 [WARN] ConditionMgr:438 - getConditionDescription Invalid condition id : UX DEVICE CLASS RTOS Condition cause : null
2023-09-29 15:02:23,901 [WARN] ConditionMgr:438 - getConditionDescription Invalid condition id : UX DEVICE CLASS RTOS Condition cause : null
2023-09-29 15:02:23,902 [WARN] PackLoader:240 - Cannot read IP mode file for STMicroelectronics.X-CUBE-AZRTOS-WB.2.0.0
2023-09-29 15:02:23,903 [WARN] ConditionMgr:1039 - genDependencies : Invalid condition id : UX DEVICE CLASS RTOS Condition cause : null
2023-09-29 15:02:23,903 [WARN] ConditionMgr:1039 - genDependencies : Invalid condition id : UX DEVICE CLASS RTOS Condition cause : null
2023-09-29 15:02:23,903 [WARN] ConditionMgr:1039 - genDependencies : Invalid condition id : UX DEVICE CLASS RTOS Condition cause : null
2023-09-29 15:02:23,903 [WARN] ConditionMgr:1039 - genDependencies : Invalid condition id : UX DEVICE CLASS RTOS Condition cause : null
2023-09-29 15:02:23,903 [WARN] ConditionMgr:1039 - genDependencies : Invalid condition id : UX DEVICE CLASS RTOS Condition cause : null
2023-09-29 15:02:23,923 [WARN] PackLoader:240 - Cannot read IP mode file for STMicroelectronics.X-CUBE-FREERTOS.1.0.1
2023-09-29 15:02:23,949 [WARN] PackLoader:240 - Cannot read IP mode file for STMicroelectronics.X-CUBE-AZRTOS-L5.1.1.0
2023-09-29 15:02:23,961 [WARN] PackLoader:240 - Cannot read IP mode file for STMicroelectronics.X-CUBE-AI.8.0.1
2023-09-29 15:02:23,987 [WARN] PackLoader:240 - Cannot read IP mode file for STMicroelectronics.X-CUBE-SUBG2.5.0.0
2023-09-29 15:02:24,010 [WARN] PackLoader:240 - Cannot read IP mode file for STMicroelectronics.X-CUBE-TOF1.3.3.1
2023-09-29 15:02:24,044 [WARN] PackLoader:240 - Cannot read IP mode file for STMicroelectronics.X-CUBE-AZRTOS-G4.2.0.0
2023-09-29 15:02:24,063 [WARN] PackLoader:240 - Cannot read IP mode file for STMicroelectronics.X-CUBE-TOF1.3.3.0
2023-09-29 15:02:24,084 [WARN] PackLoader:240 - Cannot read IP mode file for STMicroelectronics.X-CUBE-FREERTOS.1.1.0
2023-09-29 15:02:24,102 [WARN] PackLoader:240 - Cannot read IP mode file for portGmbH.I-Cube-SoM-uGOAL.1.1.0
2023-09-29 15:02:24,120 [WARN] PackLoader:240 - Cannot read IP mode file for STMicroelectronics.X-CUBE-ALS.1.0.1
2023-09-29 15:02:24,141 [WARN] PackLoader:240 - Cannot read IP mode file for STMicroelectronics.X-CUBE-AZRTOS-WB.1.1.0
2023-09-29 15:02:24,155 [WARN] PackLoader:240 - Cannot read IP mode file for STMicroelectronics.FP-ATR-ASTRA1.2.0.0
2023-09-29 15:02:24,155 [INFO] ThirdParty:978 - Integrity check success = true
2023-09-29 15:02:24,156 [INFO] IntegrityCheckThread:100 - exiting critical section [integrity check]
2023-09-29 15:02:24,156 [INFO] IntegrityCheckThread:103 - End integrity checks thread
2023-09-29 15:02:41,866 [ERROR] LogOutputStream:75 - [STDERR_REDIRECT] SLF4J: Failed to load class "org.slf4j.impl.StaticLoggerBinder".
2023-09-29 15:02:41,867 [ERROR] LogOutputStream:75 - [STDERR_REDIRECT] SLF4J: Defaulting to no-operation (NOP) logger implementation
2023-09-29 15:02:41,868 [ERROR] LogOutputStream:75 - [STDERR_REDIRECT] SLF4J: See http://www.slf4j.org/codes.html#StaticLoggerBinder for further details.
2023-09-29 15:11:00,452 [INFO] McuFinderGlobals:63 - Set McuFinder mode to 2 (CubeIDE integrated)
2023-09-29 15:11:00,487 [INFO] MainUpdater:2868 - connection check result : 10
2023-09-29 15:11:00,496 [INFO] MainUpdater:2868 - connection check result : 10
2023-09-29 15:11:00,698 [INFO] MicroXplorer:468 - Change Database Path : 
2023-09-29 15:11:00,717 [INFO] MicroXplorer:498 - Change Database Version : DB.6.0.90
2023-09-29 15:11:00,723 [WARN] ThirdParty:871 - waiting for thirdparty lock release [close project]
2023-09-29 15:11:00,723 [INFO] ThirdParty:873 - entering critical section [close project]
2023-09-29 15:11:00,728 [INFO] ThirdParty:883 - exiting critical section [close project]
2023-09-29 15:11:00,731 [INFO] PinOutPanel:1499 - setPackage(No Configuration,No Configuration)
2023-09-29 15:11:00,744 [INFO] UtilMem:75 - Begin LoadConfig() Used Memory: 779477936 Bytes (927989760)
2023-09-29 15:11:00,746 [INFO] MicroXplorer:468 - Change Database Path : 
2023-09-29 15:11:00,746 [INFO] MicroXplorer:498 - Change Database Version : DB.6.0.90
2023-09-29 15:11:00,746 [INFO] OpenFileManager:308 - Change cursor
2023-09-29 15:11:00,812 [INFO] Mcu:1946 - Initializing MCU STM32F407V(E-G)Tx STM32F407VGTx STM32F407VGT6
2023-09-29 15:11:03,019 [INFO] Context:659 - Trying to add GPIOservice into a context  which must be forbidden
2023-09-29 15:11:03,889 [INFO] RtosManager:555 - Registered RTOS mode: class=CMSIS, group=RTOS, mode=CMSIS_V1, owner=FREERTOS
2023-09-29 15:11:03,889 [INFO] RtosManager:555 - Registered RTOS mode: class=CMSIS, group=RTOS2, mode=CMSIS_V2, owner=FREERTOS
2023-09-29 15:11:03,889 [INFO] RtosManager:555 - Registered RTOS mode: class=RTOS, group=Core, mode=CMSIS_V1, owner=FREERTOS
2023-09-29 15:11:03,889 [INFO] RtosManager:555 - Registered RTOS mode: class=RTOS, group=Core, mode=CMSIS_V2, owner=FREERTOS
2023-09-29 15:11:03,890 [WARN] ModelIntegratedComponent:184 - Missing modes for component STMicroelectronics:FreeRTOS:0.0.1:STMicroelectronics:RTOS:FreeRTOS:Core:::10.2.0:
2023-09-29 15:11:03,924 [WARN] ModelIntegratedComponent:63 - No mode defined for component null
2023-09-29 15:11:03,924 [WARN] ModelIntegratedComponent:63 - No mode defined for component null
2023-09-29 15:11:03,924 [WARN] ModelIntegratedComponent:63 - No mode defined for component null
2023-09-29 15:11:03,924 [WARN] ModelIntegratedComponent:63 - No mode defined for component null
2023-09-29 15:11:03,924 [WARN] ModelIntegratedComponent:63 - No mode defined for component null
2023-09-29 15:11:03,924 [WARN] ModelIntegratedComponent:63 - No mode defined for component null
2023-09-29 15:11:03,924 [WARN] ModelIntegratedComponent:63 - No mode defined for component null
2023-09-29 15:11:03,924 [WARN] ModelIntegratedComponent:63 - No mode defined for component null
2023-09-29 15:11:03,924 [WARN] ModelIntegratedComponent:63 - No mode defined for component null
2023-09-29 15:11:03,924 [WARN] ModelIntegratedComponent:63 - No mode defined for component null
2023-09-29 15:11:03,924 [WARN] ModelIntegratedComponent:63 - No mode defined for component null
2023-09-29 15:11:03,924 [WARN] ModelIntegratedComponent:63 - No mode defined for component null
2023-09-29 15:11:03,924 [WARN] ModelIntegratedComponent:63 - No mode defined for component null
2023-09-29 15:11:03,925 [WARN] ModelIntegratedComponent:63 - No mode defined for component null
2023-09-29 15:11:03,925 [WARN] ModelIntegratedComponent:63 - No mode defined for component null
2023-09-29 15:11:03,925 [WARN] ModelIntegratedComponent:63 - No mode defined for component null
2023-09-29 15:11:03,925 [WARN] ModelIntegratedComponent:63 - No mode defined for component null
2023-09-29 15:11:03,925 [WARN] ModelIntegratedComponent:63 - No mode defined for component null
2023-09-29 15:11:03,925 [WARN] ModelIntegratedComponent:63 - No mode defined for component null
2023-09-29 15:11:03,925 [WARN] ModelIntegratedComponent:63 - No mode defined for component null
2023-09-29 15:11:03,925 [WARN] ModelIntegratedComponent:63 - No mode defined for component null
2023-09-29 15:11:03,925 [WARN] ModelIntegratedComponent:63 - No mode defined for component null
2023-09-29 15:11:03,925 [WARN] ModelIntegratedComponent:63 - No mode defined for component null
2023-09-29 15:11:03,925 [WARN] ModelIntegratedComponent:63 - No mode defined for component null
2023-09-29 15:11:03,925 [WARN] ModelIntegratedComponent:63 - No mode defined for component null
2023-09-29 15:11:03,925 [WARN] ModelIntegratedComponent:63 - No mode defined for component null
2023-09-29 15:11:03,925 [WARN] ModelIntegratedComponent:63 - No mode defined for component null
2023-09-29 15:11:03,926 [WARN] ModelIntegratedComponent:63 - No mode defined for component null
2023-09-29 15:11:03,926 [WARN] ModelIntegratedComponent:63 - No mode defined for component null
2023-09-29 15:11:03,926 [WARN] ModelIntegratedComponent:63 - No mode defined for component null
2023-09-29 15:11:03,926 [WARN] ModelIntegratedComponent:63 - No mode defined for component null
2023-09-29 15:11:03,926 [WARN] ModelIntegratedComponent:63 - No mode defined for component null
2023-09-29 15:11:03,926 [WARN] ModelIntegratedComponent:63 - No mode defined for component null
2023-09-29 15:11:03,964 [INFO] ThirdPartyModel:298 - Start build external matchings
2023-09-29 15:11:04,279 [INFO] ThirdPartyModel:316 - End build external matchings
2023-09-29 15:11:04,300 [INFO] ImportTextPane:194 - (OptionalMessage_ERROR) IP (RCC) : Parameter (RTCHSEDivFreq_Value) has invalid value (4000000)
2023-09-29 15:11:04,684 [INFO] UtilMem:75 - End LoadConfig() Used Memory: 748681384 Bytes (1073741824)
2023-09-29 15:11:05,146 [INFO] ApiDb:581 - Connected to CubeFinder SQLite database (C:\Users\User\.stmcufinder\plugins\mcufinder\mcu\cube-finder-db.db)
2023-09-29 15:11:05,262 [INFO] ApiDb:668 - CubeFinder database Data Model version=2.1
2023-09-29 15:11:05,262 [INFO] ApiDb:669 - CubeFinder database Configuration version=3.0.37
2023-09-29 15:11:05,262 [INFO] ApiDb:670 - CubeFinder database generation date=2023-08-09 (1691586011)
2023-09-29 15:11:05,262 [INFO] ApiDb:671 - CubeFinder database FW Pack versions=[FP-ATR-ASTRA1_V2.0.0, FP-SNS-FLIGHT1_V5.0.1, FP-SNS-FLIGHT1_V5.0.2, FP-SNS-MOTENV1_V4.3.1, FP-SNS-MOTENV1_V4.3.2, STM32Cube_FW_C0_V1.1.0, STM32Cube_FW_F4_V1.27.1, STM32Cube_FW_F7_V1.17.0, STM32Cube_FW_G0_V1.6.1, STM32Cube_FW_G4_V1.5.1, STM32Cube_FW_H5_V0.5.1, STM32Cube_FW_H5_V1.1.0, STM32Cube_FW_H7_V1.11.0, STM32Cube_FW_L0_V1.12.2, STM32Cube_FW_L5_V1.5.0, STM32Cube_FW_U5_V1.3.0, STM32Cube_FW_U5_V1.3.0RC4, STM32Cube_FW_WBA_V1.0.0RC1, STM32Cube_FW_WBA_V1.1.0, STM32Cube_FW_WBA_V1.1.0RC1, STM32Cube_FW_WB_V1.15.0RC1, STM32Cube_FW_WB_V1.16.0, STM32Cube_FW_WB_V1.16.0RC2, STM32Cube_FW_WB_V1.17.0, STM32Cube_FW_WL_V1.3.0, X-CUBE-ALGOBUILD_V1.3.0, X-CUBE-ALS_V1.0.1, X-CUBE-AZRTOS-F4_V1.1.0, X-CUBE-AZRTOS-F7_V1.1.0, X-CUBE-AZRTOS-G0_V1.1.0, X-CUBE-AZRTOS-G4_V2.0.0, X-CUBE-AZRTOS-H7_V3.1.0, X-CUBE-AZRTOS-L4_V1.0.0, X-CUBE-AZRTOS-L4_V2.0.0, X-CUBE-AZRTOS-L5_V1.1.0, X-CUBE-AZRTOS-WB_V1.1.0, X-CUBE-AZRTOS-WL_V2.0.0, X-CUBE-BLE1_V7.0.0, X-CUBE-BLE2_V3.3.0, X-CUBE-BLEMGR_V2.0.0, X-CUBE-EEPRMA1_V4.1.0, X-CUBE-FREERTOS_V1.1.0, X-CUBE-GNSS1_V6.0.0, X-CUBE-MEMS1_V9.1.0, X-CUBE-MEMS1_V9.4.0, X-CUBE-MEMS1_V9.6.0, X-CUBE-NFC4_V3.0.0, X-CUBE-NFC7_V1.0.0, X-CUBE-SFXS2LP1_V4.0.0, X-CUBE-SUBG2_V5.0.0, X-CUBE-TOF1_V3.3.1]
2023-09-29 15:11:08,239 [INFO] ApiDb:240 - Found 323 in-development CPN: [B-G473E-ZEST1S, B-WB1M-WPAN1, B-WL5M-SUBG1, NUCLEO-C031C6, NUCLEO-H503RB, NUCLEO-H563ZI, NUCLEO-U545RE-Q, NUCLEO-U5A5ZJ-Q, NUCLEO-WBA52CG, STEVAL-PROTEUS1, STEVAL-SMARTAG2, STEVAL-STWINBX1, STM320518-EVAL, STM32C0116-DK, STM32C011D6Y3TR, STM32C011D6Y6TR, STM32C011F4P3, STM32C011F4P6, STM32C011F4U3, STM32C011F4U6TR, STM32C011F6P3, STM32C011F6P6, STM32C011F6U3, STM32C011F6U6TR, STM32C011J4M3, STM32C011J4M6, STM32C011J6M3, STM32C011J6M6, STM32C0316-DK, STM32C031C4T3, STM32C031C4T6, STM32C031C4U3, STM32C031C4U6, STM32C031C6T3, STM32C031C6T6, STM32C031C6U3, STM32C031C6U6, STM32C031F4P3, STM32C031F4P6, STM32C031F6P3, STM32C031F6P6, STM32C031G4U3, STM32C031G4U6, STM32C031G6U3, STM32C031G6U6, STM32C031K4T3, STM32C031K4T6, STM32C031K4U3, STM32C031K4U6, STM32C031K6T3, STM32C031K6T6, STM32C031K6U3, STM32C031K6U6, STM32G071K8TXN, STM32G071K8UXN, STM32G081GBU6N, STM32G081KBT6N, STM32G081KBUXN, STM32G0B1CCT6N, STM32G0B1KCT6, STM32G0B1NEY6TR, STM32G0B1RCT6N, STM32G0C1CCT6, STM32G0C1CCT6N, STM32G0C1CCU6N, STM32G0C1CET6N, STM32G0C1CEU6N, STM32G0C1KCT6, STM32G0C1NEY6TR, STM32G0C1RCI6N, STM32G0C1RCT6N, STM32G0C1REI6N, STM32G0C1RET6N, STM32G0C1VCI6, STM32G0C1VEI6, STM32G471CCT6, STM32G471CCU6, STM32G471CET3, STM32G471CET6, STM32G471CEU3, STM32G471CEU6, STM32G471MCT6, STM32G471MET3, STM32G471MET6, STM32G471MEY6TR, STM32G471QCT6, STM32G471QET3, STM32G471RCT6, STM32G471RET3, STM32G471RET6, STM32G471VCH6, STM32G471VCI6, STM32G471VCT6, STM32G471VEH3, STM32G471VEH6, STM32G471VEI3, STM32G471VEI6, STM32G471VET3, STM32G471VET6, STM32G474CCT6, STM32H503CBT6, STM32H503CBU6, STM32H503EBY6TR, STM32H503KBU6, STM32H503RBT6, STM32H562AGI6, STM32H562AII6, STM32H562IGK6, STM32H562IGT6, STM32H562IIK6, STM32H562IIT6, STM32H562RGT6, STM32H562RGV6, STM32H562RIT6, STM32H562RIV6, STM32H562VGT6, STM32H562VIT6, STM32H562ZGT6, STM32H562ZIT6, STM32H563AGI6, STM32H563AII3Q, STM32H563AII6, STM32H563IGK6, STM32H563IGT6, STM32H563IIK3Q, STM32H563IIK6, STM32H563IIT3Q, STM32H563IIT6, STM32H563MIY3QTR, STM32H563RGT6, STM32H563RGV6, STM32H563RIT6, STM32H563RIV6, STM32H563VGT6, STM32H563VIT3Q, STM32H563VIT6, STM32H563ZGT6, STM32H563ZIT3Q, STM32H563ZIT6, STM32H573AII3Q, STM32H573AII6, STM32H573I-DK, STM32H573IIK3Q, STM32H573IIK6, STM32H573IIT3Q, STM32H573IIT6, STM32H573MIY3QTR, STM32H573RIT6, STM32H573RIV6, STM32H573VIT3Q, STM32H573VIT6, STM32H573ZIT3Q, STM32H573ZIT6, STM32L4R5QGI6STR, STM32MP131AAE3, STM32MP131AAF3, STM32MP131AAG3, STM32MP131CAE3, STM32MP131CAF3, STM32MP131CAG3, STM32MP131DAE7, STM32MP131DAF7, STM32MP131DAG7, STM32MP131FAE7, STM32MP131FAF7, STM32MP131FAG7, STM32MP133AAE3, STM32MP133AAF3, STM32MP133AAG3, STM32MP133CAE3, STM32MP133CAF3, STM32MP133CAG3, STM32MP133DAE7, STM32MP133DAF7, STM32MP133DAG7, STM32MP133FAE7, STM32MP133FAF7, STM32MP133FAG7, STM32MP135AAE3, STM32MP135AAF3, STM32MP135AAG3, STM32MP135CAE3, STM32MP135CAF3, STM32MP135CAG3, STM32MP135DAE7, STM32MP135DAF7, STM32MP135DAG7, STM32MP135F-DK, STM32MP135FAE7, STM32MP135FAF7, STM32MP135FAF7T, STM32MP135FAF7U, STM32MP135FAG7, STM32U535CBT6, STM32U535CBT6Q, STM32U535CBU6, STM32U535CBU6Q, STM32U535CCT6, STM32U535CCT6Q, STM32U535CCU6, STM32U535CCU6Q, STM32U535CET6, STM32U535CET6Q, STM32U535CEU6, STM32U535CEU6Q, STM32U535JEY6QTR, STM32U535NCY6QTR, STM32U535NEY6QTR, STM32U535RBI6, STM32U535RBI6Q, STM32U535RBT6, STM32U535RBT6Q, STM32U535RCI6, STM32U535RCI6Q, STM32U535RCT6, STM32U535RCT6Q, STM32U535REI6, STM32U535REI6Q, STM32U535RET6, STM32U535RET6Q, STM32U535VCI6, STM32U535VCI6Q, STM32U535VCT6, STM32U535VCT6Q, STM32U535VEI6, STM32U535VEI6Q, STM32U535VET6, STM32U535VET6Q, STM32U545CET6, STM32U545CET6Q, STM32U545CEU6, STM32U545CEU6Q, STM32U545JEY6QTR, STM32U545NEY6QTR, STM32U545REI6, STM32U545REI6Q, STM32U545RET6, STM32U545RET6Q, STM32U545VEI6, STM32U545VEI6Q, STM32U545VET6, STM32U545VET6Q, STM32U595AIH6, STM32U595AIH6Q, STM32U595AJH6, STM32U595AJH6Q, STM32U595QII6, STM32U595QII6Q, STM32U595QJI6, STM32U595QJI6Q, STM32U595RIT6, STM32U595RIT6Q, STM32U595RJT6, STM32U595RJT6Q, STM32U595VIT6, STM32U595VIT6Q, STM32U595VJT6, STM32U595VJT6Q, STM32U595ZIT6, STM32U595ZIT6Q, STM32U595ZIY6QTR, STM32U595ZJT6, STM32U595ZJT6Q, STM32U595ZJY6QTR, STM32U599BJY6QTR, STM32U599NIH6Q, STM32U599NJH6Q, STM32U599VIT6Q, STM32U599VJT6, STM32U599VJT6Q, STM32U599ZIT6Q, STM32U599ZIY6QTR, STM32U599ZJT6Q, STM32U599ZJY6QTR, STM32U5A5AJH6, STM32U5A5AJH6Q, STM32U5A5QJI6, STM32U5A5QJI6Q, STM32U5A5RJT6, STM32U5A5RJT6Q, STM32U5A5VJT6, STM32U5A5VJT6Q, STM32U5A5ZJT6, STM32U5A5ZJT6Q, STM32U5A5ZJY6QTR, STM32U5A9BJY6QTR, STM32U5A9J-DK, STM32U5A9NJH6Q, STM32U5A9VJT6Q, STM32U5A9ZJT6Q, STM32U5A9ZJY6QTR, STM32U5F7VIT6, STM32U5F7VIT6Q, STM32U5F7VJT6, STM32U5F7VJT6Q, STM32U5F9BJY6QTR, STM32U5F9NJH6Q, STM32U5F9VIT6Q, STM32U5F9VJT6Q, STM32U5F9ZIJ6QTR, STM32U5F9ZIT6Q, STM32U5F9ZJJ6QTR, STM32U5F9ZJT6Q, STM32U5G7VJT6, STM32U5G7VJT6Q, STM32U5G9BJY6QTR, STM32U5G9J-DK1, STM32U5G9J-DK2, STM32U5G9NJH6Q, STM32U5G9VJT6Q, STM32U5G9ZJJ6QTR, STM32U5G9ZJT6Q, STM32WB1MMCH6, STM32WBA52CEU6, STM32WBA52CEU6T, STM32WBA52CGU6, STM32WBA52CGU6T, STM32WBA52KEU6, STM32WBA52KEU6T, STM32WBA52KGU6, STM32WBA52KGU6T, STM32WL5MOCH6, STM32WL5MOCH6TR]
2023-09-29 15:11:08,242 [INFO] DbMcus:217 - Found 3848 MCUs, 3848 are supported
2023-09-29 15:11:08,252 [INFO] ApiDb:423 - Load user favorites file C:\Users\User/.stm32cubeide/favorites.mcus.txt: 1 item(s)
2023-09-29 15:11:08,253 [INFO] ApiDb:427 - User favorites MCUs=[STM32F767ZIT6]
2023-09-29 15:11:08,253 [INFO] DbMcus:223 - Set 1 / 1 favorites MCUs
2023-09-29 15:11:08,732 [WARN] ThirdParty:833 - waiting for thirdparty lock release [change project]
2023-09-29 15:11:08,732 [INFO] ThirdParty:835 - entering critical section [change project]
2023-09-29 15:11:08,733 [INFO] ThirdParty:1030 - CMSIS Pack Vendor :STMicroelectronics X-CUBE-ISPU 1.1.0
2023-09-29 15:11:08,733 [INFO] ThirdParty:1030 - CMSIS Pack Vendor :STMicroelectronics USBPD 4.1
2023-09-29 15:11:08,733 [INFO] ThirdParty:1030 - CMSIS Pack Vendor :STMicroelectronics X-CUBE-GNSS1 6.0.0
2023-09-29 15:11:08,733 [INFO] ThirdParty:1030 - CMSIS Pack Vendor :STMicroelectronics USB_HOST 2.0.0
2023-09-29 15:11:08,733 [INFO] ThirdParty:1030 - CMSIS Pack Vendor :STMicroelectronics X-CUBE-AZRTOS-F4 1.1.0
2023-09-29 15:11:08,733 [INFO] ThirdParty:1030 - CMSIS Pack Vendor :STMicroelectronics LIBJPEG 8.0.0
2023-09-29 15:11:08,733 [INFO] ThirdParty:1030 - CMSIS Pack Vendor :wolfSSL I-CUBE-wolfSSL 5.6.3
2023-09-29 15:11:08,734 [INFO] ThirdParty:1030 - CMSIS Pack Vendor :STMicroelectronics X-CUBE-SMBUS 2.1.0
2023-09-29 15:11:08,734 [INFO] ThirdParty:1030 - CMSIS Pack Vendor :STMicroelectronics USB_DEVICE 3.0.0
2023-09-29 15:11:08,734 [INFO] ThirdParty:1030 - CMSIS Pack Vendor :STMicroelectronics X-CUBE-AZRTOS-WB 2.0.0
2023-09-29 15:11:08,734 [INFO] ThirdParty:1030 - CMSIS Pack Vendor :STMicroelectronics X-CUBE-FREERTOS 1.0.1
2023-09-29 15:11:08,734 [INFO] ThirdParty:1030 - CMSIS Pack Vendor :STMicroelectronics X-CUBE-AZRTOS-F7 1.1.0
2023-09-29 15:11:08,734 [INFO] ThirdParty:1030 - CMSIS Pack Vendor :STMicroelectronics X-CUBE-AZRTOS-L5 2.0.0
2023-09-29 15:11:08,734 [INFO] ThirdParty:1030 - CMSIS Pack Vendor :STMicroelectronics USB_DEVICE 2.0.0
2023-09-29 15:11:08,734 [INFO] ThirdParty:1030 - CMSIS Pack Vendor :STMicroelectronics X-CUBE-MEMS1 9.6.0
2023-09-29 15:11:08,734 [INFO] ThirdParty:1030 - CMSIS Pack Vendor :STMicroelectronics FP-SNS-MOTENV1 4.3.2
2023-09-29 15:11:08,734 [INFO] ThirdParty:1030 - CMSIS Pack Vendor :STMicroelectronics FP-SNS-FLIGHT1 5.0.1
2023-09-29 15:11:08,734 [INFO] ThirdParty:1030 - CMSIS Pack Vendor :STMicroelectronics X-CUBE-ALGOBUILD 1.3.0
2023-09-29 15:11:08,734 [INFO] ThirdParty:1030 - CMSIS Pack Vendor :STMicroelectronics X-CUBE-BLE1 6.2.4
2023-09-29 15:11:08,734 [INFO] ThirdParty:1030 - CMSIS Pack Vendor :STMicroelectronics X-CUBE-AZRTOS-L5 1.1.0
2023-09-29 15:11:08,735 [INFO] ThirdParty:1030 - CMSIS Pack Vendor :STMicroelectronics FreeRTOS 0.0.1
2023-09-29 15:11:08,735 [INFO] ThirdParty:1030 - CMSIS Pack Vendor :STMicroelectronics X-CUBE-AZRTOS-G0 1.1.0
2023-09-29 15:11:08,735 [INFO] ThirdParty:1030 - CMSIS Pack Vendor :STMicroelectronics X-CUBE-BLEMGR 2.0.0
2023-09-29 15:11:08,735 [INFO] ThirdParty:1030 - CMSIS Pack Vendor :STMicroelectronics X-CUBE-AI 8.0.1
2023-09-29 15:11:08,735 [INFO] ThirdParty:1030 - CMSIS Pack Vendor :STMicroelectronics X-CUBE-NFC4 3.0.0
2023-09-29 15:11:08,735 [INFO] ThirdParty:1030 - CMSIS Pack Vendor :STMicroelectronics X-CUBE-SUBG2 5.0.0
2023-09-29 15:11:08,735 [INFO] ThirdParty:1030 - CMSIS Pack Vendor :STMicroelectronics STM32_WPAN 1.0.0
2023-09-29 15:11:08,735 [INFO] ThirdParty:1030 - CMSIS Pack Vendor :STMicroelectronics lwIP 2.0.3
2023-09-29 15:11:08,735 [INFO] ThirdParty:1030 - CMSIS Pack Vendor :STMicroelectronics FP-SNS-FLIGHT1 5.0.2
2023-09-29 15:11:08,735 [INFO] ThirdParty:1030 - CMSIS Pack Vendor :STMicroelectronics USB_HOST 1.0.0
2023-09-29 15:11:08,735 [INFO] ThirdParty:1030 - CMSIS Pack Vendor :STMicroelectronics X-CUBE-TOF1 3.3.1
2023-09-29 15:11:08,735 [INFO] ThirdParty:1030 - CMSIS Pack Vendor :STMicroelectronics X-CUBE-AZRTOS-G4 2.0.0
2023-09-29 15:11:08,735 [INFO] ThirdParty:1030 - CMSIS Pack Vendor :STMicroelectronics PDM2PCM 3.1.0
2023-09-29 15:11:08,736 [INFO] ThirdParty:1030 - CMSIS Pack Vendor :STMicroelectronics X-CUBE-AZRTOS-H7 3.1.0
2023-09-29 15:11:08,736 [INFO] ThirdParty:1030 - CMSIS Pack Vendor :STMicroelectronics X-CUBE-TOF1 3.3.0
2023-09-29 15:11:08,736 [INFO] ThirdParty:1030 - CMSIS Pack Vendor :STMicroelectronics PDM2PCM 3.3.0
2023-09-29 15:11:08,736 [INFO] ThirdParty:1030 - CMSIS Pack Vendor :STMicroelectronics X-CUBE-DISPLAY 3.0.0
2023-09-29 15:11:08,736 [INFO] ThirdParty:1030 - CMSIS Pack Vendor :STMicroelectronics X-CUBE-BLE1 7.0.0
2023-09-29 15:11:08,736 [INFO] ThirdParty:1030 - CMSIS Pack Vendor :STMicroelectronics FP-ATR-SIGFOX1 3.2.0
2023-09-29 15:11:08,736 [INFO] ThirdParty:1030 - CMSIS Pack Vendor :STMicroelectronics HAL Drivers 0.0.0
2023-09-29 15:11:08,736 [INFO] ThirdParty:1030 - CMSIS Pack Vendor :STMicroelectronics MBEDTLS 2.16.2
2023-09-29 15:11:08,736 [INFO] ThirdParty:1030 - CMSIS Pack Vendor :emotas I-CUBE-CANOPEN 1.3.0
2023-09-29 15:11:08,736 [INFO] ThirdParty:1030 - CMSIS Pack Vendor :STMicroelectronics X-CUBE-FREERTOS 1.1.0
2023-09-29 15:11:08,736 [INFO] ThirdParty:1030 - CMSIS Pack Vendor :STMicroelectronics X-CUBE-TOUCHGFX 4.22.0
2023-09-29 15:11:08,736 [INFO] ThirdParty:1030 - CMSIS Pack Vendor :STMicroelectronics X-CUBE-NFC7 1.0.1
2023-09-29 15:11:08,736 [INFO] ThirdParty:1030 - CMSIS Pack Vendor :STMicroelectronics MBEDTLS 2.14.1
2023-09-29 15:11:08,736 [INFO] ThirdParty:1030 - CMSIS Pack Vendor :STMicroelectronics X-CUBE-NFC6 3.0.0
2023-09-29 15:11:08,736 [INFO] ThirdParty:1030 - CMSIS Pack Vendor :STMicroelectronics X-CUBE-EEPRMA1 4.1.0
2023-09-29 15:11:08,737 [INFO] ThirdParty:1030 - CMSIS Pack Vendor :portGmbH I-Cube-SoM-uGOAL 1.1.0
2023-09-29 15:11:08,737 [INFO] ThirdParty:1030 - CMSIS Pack Vendor :STMicroelectronics X-CUBE-ALS 1.0.1
2023-09-29 15:11:08,737 [INFO] ThirdParty:1030 - CMSIS Pack Vendor :STMicroelectronics ThreadX 1.0.0
2023-09-29 15:11:08,737 [INFO] ThirdParty:1030 - CMSIS Pack Vendor :STMicroelectronics FP-SNS-SMARTAG2 1.2.0
2023-09-29 15:11:08,737 [INFO] ThirdParty:1030 - CMSIS Pack Vendor :STMicroelectronics X-CUBE-AZRTOS-WB 1.1.0
2023-09-29 15:11:08,737 [INFO] ThirdParty:1030 - CMSIS Pack Vendor :STMicroelectronics X-CUBE-AZRTOS-WL 2.0.0
2023-09-29 15:11:08,737 [INFO] ThirdParty:1030 - CMSIS Pack Vendor :SEGGER I-CUBE-embOS 1.3.1
2023-09-29 15:11:08,737 [INFO] ThirdParty:1030 - CMSIS Pack Vendor :STMicroelectronics USB_DEVICE 1.0.0
2023-09-29 15:11:08,737 [INFO] ThirdParty:1030 - CMSIS Pack Vendor :STMicroelectronics X-CUBE-AI 8.1.0
2023-09-29 15:11:08,737 [INFO] ThirdParty:1030 - CMSIS Pack Vendor :STMicroelectronics X-CUBE-AZRTOS-L4 2.0.0
2023-09-29 15:11:08,737 [INFO] ThirdParty:1030 - CMSIS Pack Vendor :STMicroelectronics ThreadX 0.0.2
2023-09-29 15:11:08,737 [INFO] ThirdParty:1030 - CMSIS Pack Vendor :WES I-CUBE-Cesium 1.3.0
2023-09-29 15:11:08,737 [INFO] ThirdParty:1030 - CMSIS Pack Vendor :STMicroelectronics FP-ATR-ASTRA1 2.0.0
2023-09-29 15:11:08,737 [INFO] ThirdParty:1030 - CMSIS Pack Vendor :STMicroelectronics lwIP 2.1.2
2023-09-29 15:11:08,737 [INFO] ThirdParty:1030 - CMSIS Pack Vendor :STMicroelectronics X-CUBE-SFXS2LP1 4.0.0
2023-09-29 15:11:08,738 [INFO] ThirdParty:1030 - CMSIS Pack Vendor :STMicroelectronics X-CUBE-BLE2 3.3.0
2023-09-29 15:11:08,738 [INFO] ThirdParty:1030 - CMSIS Pack Vendor :STMicroelectronics PDM2PCM 3.2.0
2023-09-29 15:11:08,738 [INFO] ThirdParty:841 - exiting critical section [change project]
2023-09-29 15:11:09,301 [INFO] PinOutPanel:1499 - setPackage(No Configuration,No Configuration)
2023-09-29 15:11:09,302 [INFO] PinOutPanel:1499 - setPackage(STM32F407VGTx,LQFP100)
2023-09-29 15:11:09,995 [INFO] UtilMem:75 - Before build in PCC Used Memory: 635480744 Bytes (1073741824)
2023-09-29 15:11:11,074 [INFO] UtilMem:75 - After build in PCC Used Memory: 702693680 Bytes (1073741824)
2023-09-29 15:11:11,258 [INFO] ApiDbMcu:507 - Load IP Config File for USB_HOST
2023-09-29 15:11:11,260 [WARN] BspModel:444 - BSP dependency skipped because of component: name='IOExpander', api='Unknown'
2023-09-29 15:11:11,301 [INFO] IPUIPlugin:80 - create IPUIPlugin
2023-09-29 15:11:11,301 [INFO] IPUIPlugin:80 - create IPUIPlugin
2023-09-29 15:11:11,301 [INFO] IPUIPlugin:80 - create IPUIPlugin
2023-09-29 15:11:11,301 [INFO] IPUIPlugin:80 - create IPUIPlugin
2023-09-29 15:11:11,301 [INFO] IPUIPlugin:80 - create IPUIPlugin
2023-09-29 15:11:11,302 [INFO] IPUIPlugin:80 - create IPUIPlugin
2023-09-29 15:11:11,302 [INFO] IPUIPlugin:80 - create IPUIPlugin
2023-09-29 15:11:11,302 [INFO] IPUIPlugin:80 - create IPUIPlugin
2023-09-29 15:11:11,302 [INFO] IPUIPlugin:80 - create IPUIPlugin
2023-09-29 15:11:11,302 [INFO] IPUIPlugin:80 - create IPUIPlugin
2023-09-29 15:11:11,302 [INFO] IPUIPlugin:80 - create IPUIPlugin
2023-09-29 15:11:11,302 [INFO] IPUIPlugin:80 - create IPUIPlugin
2023-09-29 15:11:11,302 [INFO] IPUIPlugin:80 - create IPUIPlugin
2023-09-29 15:11:11,303 [INFO] IPUIPlugin:80 - create IPUIPlugin
2023-09-29 15:11:11,303 [INFO] IPUIPlugin:80 - create IPUIPlugin
2023-09-29 15:11:11,303 [INFO] IPUIPlugin:80 - create IPUIPlugin
2023-09-29 15:11:11,303 [INFO] IPUIPlugin:80 - create IPUIPlugin
2023-09-29 15:11:11,303 [INFO] IPUIPlugin:80 - create IPUIPlugin
2023-09-29 15:11:11,303 [INFO] IPUIPlugin:80 - create IPUIPlugin
2023-09-29 15:11:11,304 [INFO] IPUIPlugin:80 - create IPUIPlugin
2023-09-29 15:11:11,304 [INFO] IPUIPlugin:80 - create IPUIPlugin
2023-09-29 15:11:11,304 [INFO] IPUIPlugin:80 - create IPUIPlugin
2023-09-29 15:11:11,307 [INFO] IPUIPlugin:80 - create IPUIPlugin
2023-09-29 15:11:11,308 [INFO] IPUIPlugin:80 - create IPUIPlugin
2023-09-29 15:11:11,308 [INFO] IPUIPlugin:80 - create IPUIPlugin
2023-09-29 15:11:11,308 [INFO] IPUIPlugin:80 - create IPUIPlugin
2023-09-29 15:11:11,308 [INFO] IPUIPlugin:80 - create IPUIPlugin
2023-09-29 15:11:11,308 [INFO] IPUIPlugin:80 - create IPUIPlugin
2023-09-29 15:11:11,309 [INFO] IPUIPlugin:80 - create IPUIPlugin
2023-09-29 15:11:11,309 [INFO] IPUIPlugin:80 - create IPUIPlugin
2023-09-29 15:11:11,309 [INFO] IPUIPlugin:80 - create IPUIPlugin
2023-09-29 15:11:11,309 [INFO] IPUIPlugin:80 - create IPUIPlugin
2023-09-29 15:11:11,309 [INFO] IPUIPlugin:80 - create IPUIPlugin
2023-09-29 15:11:11,310 [INFO] IPUIPlugin:80 - create IPUIPlugin
2023-09-29 15:11:11,310 [INFO] IPUIPlugin:80 - create IPUIPlugin
2023-09-29 15:11:11,310 [INFO] IPUIPlugin:80 - create IPUIPlugin
2023-09-29 15:11:11,310 [INFO] IPUIPlugin:80 - create IPUIPlugin
2023-09-29 15:11:11,310 [INFO] IPUIPlugin:80 - create IPUIPlugin
2023-09-29 15:11:11,311 [INFO] IPUIPlugin:80 - create IPUIPlugin
2023-09-29 15:11:11,311 [INFO] IPUIPlugin:80 - create IPUIPlugin
2023-09-29 15:11:11,311 [INFO] IPUIPlugin:80 - create IPUIPlugin
2023-09-29 15:11:11,311 [INFO] IPUIPlugin:80 - create IPUIPlugin
2023-09-29 15:11:11,312 [INFO] IPUIPlugin:80 - create IPUIPlugin
2023-09-29 15:11:11,312 [INFO] IPUIPlugin:80 - create IPUIPlugin
2023-09-29 15:11:11,312 [INFO] IPUIPlugin:80 - create IPUIPlugin
2023-09-29 15:11:11,312 [INFO] IPUIPlugin:80 - create IPUIPlugin
2023-09-29 15:11:11,312 [INFO] IPUIPlugin:80 - create IPUIPlugin
2023-09-29 15:11:11,313 [INFO] IPUIPlugin:80 - create IPUIPlugin
2023-09-29 15:11:11,313 [INFO] IPUIPlugin:80 - create IPUIPlugin
2023-09-29 15:11:11,313 [INFO] IPUIPlugin:80 - create IPUIPlugin
2023-09-29 15:11:11,314 [INFO] IPUIPlugin:80 - create IPUIPlugin
2023-09-29 15:11:11,314 [INFO] IPUIPlugin:80 - create IPUIPlugin
2023-09-29 15:11:11,314 [INFO] IPUIPlugin:80 - create IPUIPlugin
2023-09-29 15:11:11,315 [INFO] IPUIPlugin:80 - create IPUIPlugin
2023-09-29 15:11:11,315 [INFO] IPUIPlugin:80 - create IPUIPlugin
2023-09-29 15:11:11,316 [INFO] IPUIPlugin:80 - create IPUIPlugin
2023-09-29 15:11:11,316 [INFO] IPUIPlugin:80 - create IPUIPlugin
2023-09-29 15:11:11,317 [INFO] IPUIPlugin:80 - create IPUIPlugin
2023-09-29 15:11:11,346 [INFO] ApiDbMcu:507 - Load IP Config File for PDM2PCM
2023-09-29 15:11:11,367 [WARN] IP:2114 - I2C_Coeff_DF not found: check if there is a RefParameter without a condition.
2023-09-29 15:11:11,367 [WARN] IP:2114 - Analog_Filter not found: check if there is a RefParameter without a condition.
2023-09-29 15:11:11,389 [INFO] I2sManager:658 - 9.6E7
2023-09-29 15:11:11,391 [INFO] I2sManager:195 - I2S Clock Value : 9.6E7
2023-09-29 15:11:11,392 [INFO] I2sManager:553 - AudioClock : 93750Divider : 2Odd : 0
2023-09-29 15:11:11,698 [INFO] CADModel:165 - CPN selected for project levelSTM32F407VGT6
2023-09-29 15:11:11,698 [INFO] CADModel:114 - Register for checkConnection events
2023-09-29 15:11:11,760 [INFO] OpenFileManager:328 - Restore cursor
2023-09-29 15:11:11,999 [WARN] IP:2114 - I2C_Coeff_DF not found: check if there is a RefParameter without a condition.
2023-09-29 15:11:11,999 [WARN] IP:2114 - Analog_Filter not found: check if there is a RefParameter without a condition.
2023-09-29 15:11:12,000 [WARN] IP:2114 - I2C_Coeff_DF not found: check if there is a RefParameter without a condition.
2023-09-29 15:11:12,000 [WARN] IP:2114 - Analog_Filter not found: check if there is a RefParameter without a condition.
2023-09-29 15:11:22,385 [WARN] IP:2114 - I2C_Coeff_DF not found: check if there is a RefParameter without a condition.
2023-09-29 15:11:22,385 [WARN] IP:2114 - Analog_Filter not found: check if there is a RefParameter without a condition.
2023-09-29 15:11:22,386 [WARN] IP:2114 - I2C_Coeff_DF not found: check if there is a RefParameter without a condition.
2023-09-29 15:11:22,386 [WARN] IP:2114 - Analog_Filter not found: check if there is a RefParameter without a condition.
2023-09-29 15:11:22,443 [INFO] I2sManager:658 - 9.6E7
2023-09-29 15:11:22,444 [INFO] I2sManager:195 - I2S Clock Value : 9.6E7
2023-09-29 15:11:22,444 [INFO] I2sManager:553 - AudioClock : 93750Divider : 2Odd : 0
2023-09-29 15:17:18,018 [ERROR] ConfigurationRetriever:142 - IOException on connection: Read timed out
