2023-09-07 15:20:07,306 [INFO] Activator:176 - 


2023-09-07 15:20:07,311 [INFO] Activator:177 - !SESSION log4j initialized
2023-09-07 15:20:12,477 [INFO] LogOutputStream:77 - [STDOUT_REDIRECT] 
2023-09-07 15:20:15,552 [INFO] ApplicationProperties:184 - Using Application install path: C:\ST\STM32CubeIDE_1.13.0\STM32CubeIDE\plugins\com.st.stm32cube.common.mx_6.9.0.202307051724
2023-09-07 15:20:15,570 [INFO] DbMcusXml:78 - Set database path to: C:\ST\STM32CubeIDE_1.13.0\STM32CubeIDE\plugins\com.st.stm32cube.common.mx_6.9.0.202307051724\\db\/mcu/
2023-09-07 15:20:15,570 [INFO] ApiDb:274 - Set plugin database path to: C:\ST\STM32CubeIDE_1.13.0\STM32CubeIDE\plugins\com.st.stm32cube.common.mx_6.9.0.202307051724\\db\/plugins/boardmanager/
2023-09-07 15:20:15,571 [WARN] ApiDb:259 - Overriding images path with different value:  => C:\ST\STM32CubeIDE_1.13.0\STM32CubeIDE\plugins\com.st.stm32cube.common.mx_6.9.0.202307051724\\db\/plugins/mcufinder/images/
2023-09-07 15:20:15,581 [INFO] ApiDb:250 - Set database path to: C:\Users\User\.stmcufinder\plugins\mcufinder//mcu/
2023-09-07 15:20:15,583 [INFO] DbMcusAds:125 - Set database path to: C:\Users\User\.stmcufinder\plugins\mcufinder//mcu/
2023-09-07 15:20:15,584 [INFO] CrossReferenceDbSqlite:203 - Set database path to: C:\Users\User\.stmcufinder\plugins\mcufinder//mcu/cs/
2023-09-07 15:20:15,675 [INFO] RulesReader:64 - Compatibility file has been processed (293 Rules)
2023-09-07 15:20:15,745 [INFO] DbMcusXml:78 - Set database path to: C:\ST\STM32CubeIDE_1.13.0\STM32CubeIDE\plugins\com.st.stm32cube.common.mx_6.9.0.202307051724\\db\/mcu/
2023-09-07 15:20:15,745 [INFO] ApiDb:274 - Set plugin database path to: C:\ST\STM32CubeIDE_1.13.0\STM32CubeIDE\plugins\com.st.stm32cube.common.mx_6.9.0.202307051724\\db\/plugins/boardmanager/
2023-09-07 15:20:15,745 [INFO] ApiDb:261 - Set plugin images path to: C:\ST\STM32CubeIDE_1.13.0\STM32CubeIDE\plugins\com.st.stm32cube.common.mx_6.9.0.202307051724\\db\/plugins/mcufinder/images/
2023-09-07 15:20:15,745 [WARN] DbFile:41 - Overriding database path with different value: C:\Users\User\.stmcufinder\plugins\mcufinder/ => C:\Users\User\.stmcufinder\plugins\mcufinder
2023-09-07 15:20:15,746 [INFO] ApiDb:250 - Set database path to: C:\Users\User\.stmcufinder\plugins\mcufinder//mcu/
2023-09-07 15:20:15,746 [WARN] DbFile:41 - Overriding database path with different value: C:\Users\User\.stmcufinder\plugins\mcufinder/ => C:\Users\User\.stmcufinder\plugins\mcufinder
2023-09-07 15:20:15,746 [INFO] DbMcusAds:125 - Set database path to: C:\Users\User\.stmcufinder\plugins\mcufinder//mcu/
2023-09-07 15:20:15,746 [WARN] DbFile:41 - Overriding database path with different value: C:\Users\User\.stmcufinder\plugins\mcufinder/ => C:\Users\User\.stmcufinder\plugins\mcufinder
2023-09-07 15:20:15,746 [WARN] DbFile:41 - Overriding database path with different value: C:\Users\User\.stmcufinder\plugins\mcufinder/ => C:\Users\User\.stmcufinder\plugins\mcufinder
2023-09-07 15:20:15,746 [INFO] CrossReferenceDbSqlite:203 - Set database path to: C:\Users\User\.stmcufinder\plugins\mcufinder//mcu/cs/
2023-09-07 15:20:15,824 [INFO] MainPanel:262 - HeapMemory: 268435456
2023-09-07 15:20:15,901 [INFO] DbMcusXml:78 - Set database path to: C:\ST\STM32CubeIDE_1.13.0\STM32CubeIDE\plugins\com.st.stm32cube.common.mx_6.9.0.202307051724\\db\/mcu/
2023-09-07 15:20:15,901 [INFO] ApiDb:274 - Set plugin database path to: C:\ST\STM32CubeIDE_1.13.0\STM32CubeIDE\plugins\com.st.stm32cube.common.mx_6.9.0.202307051724\\db\/plugins/boardmanager/
2023-09-07 15:20:15,901 [INFO] ApiDb:261 - Set plugin images path to: C:\ST\STM32CubeIDE_1.13.0\STM32CubeIDE\plugins\com.st.stm32cube.common.mx_6.9.0.202307051724\\db\/plugins/mcufinder/images/
2023-09-07 15:20:15,901 [WARN] DbFile:41 - Overriding database path with different value: C:\Users\User\.stmcufinder\plugins\mcufinder/ => C:\Users\User\.stmcufinder\plugins\mcufinder
2023-09-07 15:20:15,901 [INFO] ApiDb:250 - Set database path to: C:\Users\User\.stmcufinder\plugins\mcufinder//mcu/
2023-09-07 15:20:15,901 [WARN] DbFile:41 - Overriding database path with different value: C:\Users\User\.stmcufinder\plugins\mcufinder/ => C:\Users\User\.stmcufinder\plugins\mcufinder
2023-09-07 15:20:15,901 [INFO] DbMcusAds:125 - Set database path to: C:\Users\User\.stmcufinder\plugins\mcufinder//mcu/
2023-09-07 15:20:15,901 [WARN] DbFile:41 - Overriding database path with different value: C:\Users\User\.stmcufinder\plugins\mcufinder/ => C:\Users\User\.stmcufinder\plugins\mcufinder
2023-09-07 15:20:15,902 [WARN] DbFile:41 - Overriding database path with different value: C:\Users\User\.stmcufinder\plugins\mcufinder/ => C:\Users\User\.stmcufinder\plugins\mcufinder
2023-09-07 15:20:15,902 [INFO] CrossReferenceDbSqlite:203 - Set database path to: C:\Users\User\.stmcufinder\plugins\mcufinder//mcu/cs/
2023-09-07 15:20:15,918 [INFO] ApplicationProperties:184 - Using Application install path: C:\ST\STM32CubeIDE_1.13.0\STM32CubeIDE\plugins\com.st.stm32cube.common.mx_6.9.0.202307051724
2023-09-07 15:20:15,920 [INFO] PluginManage:196 - Search for loadable plugins [exclusion list=, ]
2023-09-07 15:20:15,921 [INFO] PluginManage:310 - Check plugin analytics
2023-09-07 15:20:16,037 [INFO] AnalyticsPlugin:253 - Accepted Software Licenses: 
2023-09-07 15:20:16,038 [INFO] AnalyticsPlugin:255 - Accepted CMSIS Pack Licenses: 
2023-09-07 15:20:16,038 [INFO] AnalyticsPlugin:257 - Accepted Firmware Licenses: FW.F7.1.17.0
2023-09-07 15:20:16,040 [INFO] PluginManage:359 - Loaded plugin analytics (category:tool,tabindex:-1)
2023-09-07 15:20:16,040 [INFO] PluginManage:310 - Check plugin cadmodel
2023-09-07 15:20:16,052 [INFO] CADModel:105 - Init CAD model plugin
2023-09-07 15:20:16,052 [INFO] PluginManage:359 - Loaded plugin cadmodel (category:power,tabindex:5)
2023-09-07 15:20:16,053 [INFO] PluginManage:310 - Check plugin clock
2023-09-07 15:20:16,068 [INFO] PluginManage:359 - Loaded plugin clock (category:base,tabindex:2)
2023-09-07 15:20:16,068 [INFO] PluginManage:310 - Check plugin ddr
2023-09-07 15:20:16,070 [INFO] PluginManage:359 - Loaded plugin ddr (category:tool,tabindex:6)
2023-09-07 15:20:16,070 [INFO] PluginManage:310 - Check plugin filemanager
2023-09-07 15:20:16,183 [INFO] PluginManage:359 - Loaded plugin filemanager (category:base,tabindex:10)
2023-09-07 15:20:16,183 [INFO] PluginManage:310 - Check plugin ipmanager
2023-09-07 15:20:16,190 [INFO] PluginManage:359 - Loaded plugin ipmanager (category:base,tabindex:5)
2023-09-07 15:20:16,190 [INFO] PluginManage:310 - Check plugin lpbam
2023-09-07 15:20:16,205 [INFO] PluginManage:359 - Loaded plugin lpbam (category:base,tabindex:0)
2023-09-07 15:20:16,205 [INFO] PluginManage:310 - Check plugin memorymap
2023-09-07 15:20:16,223 [INFO] PluginManage:359 - Loaded plugin memorymap (category:base,tabindex:4)
2023-09-07 15:20:16,224 [INFO] PluginManage:310 - Check plugin pinoutandconfiguration
2023-09-07 15:20:16,237 [INFO] PluginManage:359 - Loaded plugin pinoutandconfiguration (category:base,tabindex:1)
2023-09-07 15:20:16,237 [INFO] PluginManage:310 - Check plugin pinoutconfig
2023-09-07 15:20:16,404 [WARN] SupportedApi:132 - Cannot load RTOS API schema: s4s-elt-must-match.1: The content of 'definitions' must match (annotation?, (simpleType | complexType)?, (unique | key | keyref)*)). A problem was found starting at: attribute.
2023-09-07 15:20:16,625 [INFO] PluginManage:359 - Loaded plugin pinoutconfig (category:base,tabindex:0)
2023-09-07 15:20:16,625 [INFO] PluginManage:310 - Check plugin power
2023-09-07 15:20:16,644 [INFO] PluginManage:359 - Loaded plugin power (category:power,tabindex:4)
2023-09-07 15:20:16,644 [INFO] PluginManage:310 - Check plugin projectmanager
2023-09-07 15:20:16,656 [INFO] PluginManage:359 - Loaded plugin projectmanager (category:projectmanager,tabindex:3)
2023-09-07 15:20:16,656 [INFO] PluginManage:310 - Check plugin thirdparty
2023-09-07 15:20:16,871 [INFO] PluginManage:359 - Loaded plugin thirdparty (category:base,tabindex:-1)
2023-09-07 15:20:16,871 [INFO] PluginManage:310 - Check plugin tools
2023-09-07 15:20:16,871 [WARN] IntegrityCheckThread:84 - waiting for thirdparty lock release [integrity check]
2023-09-07 15:20:16,872 [INFO] IntegrityCheckThread:86 - entering critical section [integrity check]
2023-09-07 15:20:16,872 [INFO] ThirdPartyUpdaterWithRetryManager:70 - Updater plugin not ready yet. [1/15]
2023-09-07 15:20:16,895 [INFO] PluginManage:359 - Loaded plugin tools (category:base,tabindex:7)
2023-09-07 15:20:16,896 [INFO] PluginManage:310 - Check plugin tutovideos
2023-09-07 15:20:17,081 [INFO] PluginManage:359 - Loaded plugin tutovideos (category:base,tabindex:-1)
2023-09-07 15:20:17,081 [INFO] PluginManage:310 - Check plugin updater
2023-09-07 15:20:17,090 [INFO] PluginManage:359 - Loaded plugin updater (category:base,tabindex:12)
2023-09-07 15:20:17,090 [INFO] PluginManage:310 - Check plugin userauth
2023-09-07 15:20:17,095 [INFO] UserAuth:113 - Init User Auth plugin
2023-09-07 15:20:17,095 [INFO] PluginManage:359 - Loaded plugin userauth (category:base,tabindex:14)
2023-09-07 15:20:17,096 [INFO] PluginManage:283 - PluginManage : Loaded plugins [17]
2023-09-07 15:20:17,289 [INFO] PinOutPanel:1499 - setPackage(No Configuration,No Configuration)
2023-09-07 15:20:17,393 [INFO] CADModel:165 - CPN selected for project level
2023-09-07 15:20:17,394 [INFO] CADModel:114 - Register for checkConnection events
2023-09-07 15:20:17,423 [INFO] IPUIPlugin:80 - create IPUIPlugin
2023-09-07 15:20:17,423 [INFO] PluginManager:220 - loadIPPluginJar : add adc
2023-09-07 15:20:17,454 [INFO] IPUIPlugin:80 - create IPUIPlugin
2023-09-07 15:20:17,454 [INFO] PluginManager:220 - loadIPPluginJar : add aes
2023-09-07 15:20:17,485 [INFO] IPUIPlugin:80 - create IPUIPlugin
2023-09-07 15:20:17,485 [INFO] PluginManager:220 - loadIPPluginJar : add can
2023-09-07 15:20:17,505 [INFO] IPUIPlugin:80 - create IPUIPlugin
2023-09-07 15:20:17,505 [INFO] PluginManager:220 - loadIPPluginJar : add comp
2023-09-07 15:20:17,532 [INFO] IPUIPlugin:80 - create IPUIPlugin
2023-09-07 15:20:17,532 [INFO] PluginManager:220 - loadIPPluginJar : add cryp
2023-09-07 15:20:17,558 [INFO] IPUIPlugin:80 - create IPUIPlugin
2023-09-07 15:20:17,558 [INFO] PluginManager:220 - loadIPPluginJar : add dfsdm
2023-09-07 15:20:17,571 [INFO] IPUIPlugin:80 - create IPUIPlugin
2023-09-07 15:20:17,571 [INFO] PluginManager:220 - loadIPPluginJar : add dma
2023-09-07 15:20:17,606 [INFO] IPUIPlugin:80 - create IPUIPlugin
2023-09-07 15:20:17,606 [INFO] PluginManager:220 - loadIPPluginJar : add dma3
2023-09-07 15:20:17,621 [INFO] IPUIPlugin:80 - create IPUIPlugin
2023-09-07 15:20:17,621 [INFO] PluginManager:220 - loadIPPluginJar : add fatfs
2023-09-07 15:20:17,653 [INFO] IPUIPlugin:80 - create IPUIPlugin
2023-09-07 15:20:17,653 [INFO] PluginManager:220 - loadIPPluginJar : add fmc
2023-09-07 15:20:17,664 [INFO] IPUIPlugin:80 - create IPUIPlugin
2023-09-07 15:20:17,664 [INFO] PluginManager:220 - loadIPPluginJar : add freertos
2023-09-07 15:20:17,679 [INFO] IPUIPlugin:80 - create IPUIPlugin
2023-09-07 15:20:17,679 [INFO] PluginManager:220 - loadIPPluginJar : add genericplugin
2023-09-07 15:20:17,777 [INFO] IPUIPlugin:80 - create IPUIPlugin
2023-09-07 15:20:17,777 [INFO] PluginManager:220 - loadIPPluginJar : add gfxmmu
2023-09-07 15:20:17,866 [INFO] IPUIPlugin:80 - create IPUIPlugin
2023-09-07 15:20:17,867 [INFO] PluginManager:220 - loadIPPluginJar : add gic
2023-09-07 15:20:17,881 [INFO] IPUIPlugin:80 - create IPUIPlugin
2023-09-07 15:20:17,881 [INFO] PluginManager:220 - loadIPPluginJar : add gpio
2023-09-07 15:20:17,939 [INFO] IPUIPlugin:80 - create IPUIPlugin
2023-09-07 15:20:17,939 [INFO] PluginManager:220 - loadIPPluginJar : add gtzc
2023-09-07 15:20:17,960 [INFO] IPUIPlugin:80 - create IPUIPlugin
2023-09-07 15:20:17,961 [INFO] PluginManager:220 - loadIPPluginJar : add hash
2023-09-07 15:20:17,997 [INFO] IPUIPlugin:80 - create IPUIPlugin
2023-09-07 15:20:17,997 [INFO] PluginManager:220 - loadIPPluginJar : add i2c
2023-09-07 15:20:18,023 [INFO] IPUIPlugin:80 - create IPUIPlugin
2023-09-07 15:20:18,023 [INFO] PluginManager:220 - loadIPPluginJar : add i2s
2023-09-07 15:20:18,051 [INFO] IPUIPlugin:80 - create IPUIPlugin
2023-09-07 15:20:18,051 [INFO] PluginManager:220 - loadIPPluginJar : add i3c
2023-09-07 15:20:18,128 [INFO] IPUIPlugin:80 - create IPUIPlugin
2023-09-07 15:20:18,128 [INFO] PluginManager:220 - loadIPPluginJar : add ipddr
2023-09-07 15:20:18,197 [INFO] IPUIPlugin:80 - create IPUIPlugin
2023-09-07 15:20:18,197 [INFO] PluginManager:220 - loadIPPluginJar : add linkedlist
2023-09-07 15:20:18,222 [INFO] IPUIPlugin:80 - create IPUIPlugin
2023-09-07 15:20:18,222 [INFO] PluginManager:220 - loadIPPluginJar : add lorawan
2023-09-07 15:20:18,247 [INFO] IPUIPlugin:80 - create IPUIPlugin
2023-09-07 15:20:18,248 [INFO] PluginManager:220 - loadIPPluginJar : add ltdc
2023-09-07 15:20:18,259 [INFO] IPUIPlugin:80 - create IPUIPlugin
2023-09-07 15:20:18,259 [INFO] PluginManager:220 - loadIPPluginJar : add mdma
2023-09-07 15:20:18,269 [INFO] IPUIPlugin:80 - create IPUIPlugin
2023-09-07 15:20:18,269 [INFO] PluginManager:220 - loadIPPluginJar : add nvic
2023-09-07 15:20:18,295 [INFO] IPUIPlugin:80 - create IPUIPlugin
2023-09-07 15:20:18,295 [INFO] PluginManager:220 - loadIPPluginJar : add opamp
2023-09-07 15:20:18,334 [INFO] IPUIPlugin:80 - create IPUIPlugin
2023-09-07 15:20:18,334 [INFO] PluginManager:220 - loadIPPluginJar : add openamp
2023-09-07 15:20:18,362 [INFO] IPUIPlugin:80 - create IPUIPlugin
2023-09-07 15:20:18,362 [INFO] PluginManager:220 - loadIPPluginJar : add pdm2pcm
2023-09-07 15:20:18,374 [INFO] IPUIPlugin:80 - create IPUIPlugin
2023-09-07 15:20:18,376 [INFO] PluginManager:220 - loadIPPluginJar : add plateformsettings
2023-09-07 15:20:18,391 [INFO] IPUIPlugin:80 - create IPUIPlugin
2023-09-07 15:20:18,391 [INFO] PluginManager:220 - loadIPPluginJar : add quadspi
2023-09-07 15:20:18,400 [INFO] IPUIPlugin:80 - create IPUIPlugin
2023-09-07 15:20:18,401 [INFO] PluginManager:220 - loadIPPluginJar : add resmgrutility
2023-09-07 15:20:18,435 [INFO] IPUIPlugin:80 - create IPUIPlugin
2023-09-07 15:20:18,435 [INFO] PluginManager:220 - loadIPPluginJar : add sai
2023-09-07 15:20:18,465 [INFO] IPUIPlugin:80 - create IPUIPlugin
2023-09-07 15:20:18,465 [INFO] PluginManager:220 - loadIPPluginJar : add spi
2023-09-07 15:20:18,506 [INFO] IPUIPlugin:80 - create IPUIPlugin
2023-09-07 15:20:18,506 [INFO] PluginManager:220 - loadIPPluginJar : add stm32_wpan
2023-09-07 15:20:18,522 [INFO] IPUIPlugin:80 - create IPUIPlugin
2023-09-07 15:20:18,522 [INFO] PluginManager:220 - loadIPPluginJar : add tim
2023-09-07 15:20:18,557 [INFO] IPUIPlugin:80 - create IPUIPlugin
2023-09-07 15:20:18,558 [INFO] PluginManager:220 - loadIPPluginJar : add touchsensing
2023-09-07 15:20:18,573 [INFO] IPUIPlugin:80 - create IPUIPlugin
2023-09-07 15:20:18,573 [INFO] PluginManager:220 - loadIPPluginJar : add tracer_emb
2023-09-07 15:20:18,589 [INFO] IPUIPlugin:80 - create IPUIPlugin
2023-09-07 15:20:18,589 [INFO] PluginManager:220 - loadIPPluginJar : add ts
2023-09-07 15:20:18,604 [INFO] IPUIPlugin:80 - create IPUIPlugin
2023-09-07 15:20:18,604 [INFO] PluginManager:220 - loadIPPluginJar : add tsc
2023-09-07 15:20:18,621 [INFO] IPUIPlugin:80 - create IPUIPlugin
2023-09-07 15:20:18,622 [INFO] PluginManager:220 - loadIPPluginJar : add ucpd
2023-09-07 15:20:18,651 [INFO] IPUIPlugin:80 - create IPUIPlugin
2023-09-07 15:20:18,651 [INFO] PluginManager:220 - loadIPPluginJar : add usart
2023-09-07 15:20:18,682 [INFO] IPUIPlugin:80 - create IPUIPlugin
2023-09-07 15:20:18,682 [INFO] PluginManager:220 - loadIPPluginJar : add usbx
2023-09-07 15:20:18,797 [INFO] CADModel:165 - CPN selected for project level
2023-09-07 15:20:18,797 [INFO] CADModel:114 - Register for checkConnection events
2023-09-07 15:20:18,798 [FATAL] Updater:308 - Updater called before beeing initialized
2023-09-07 15:20:18,798 [ERROR] CADModel:125 - Updater not yet initialized, retry later 
2023-09-07 15:20:19,079 [INFO] CADModel:165 - CPN selected for project level
2023-09-07 15:20:19,079 [INFO] CADModel:114 - Register for checkConnection events
2023-09-07 15:20:19,080 [FATAL] Updater:308 - Updater called before beeing initialized
2023-09-07 15:20:19,080 [ERROR] CADModel:125 - Updater not yet initialized, retry later 
2023-09-07 15:20:19,082 [FATAL] Updater:308 - Updater called before beeing initialized
2023-09-07 15:20:19,167 [FATAL] Updater:308 - Updater called before beeing initialized
2023-09-07 15:20:19,175 [INFO] DbMcusAds:53 - JSON generation date=Tue Mar 07 15:50:55 ICT 2023 (1678179055114)
2023-09-07 15:20:19,176 [FATAL] Updater:308 - Updater called before beeing initialized
2023-09-07 15:20:19,204 [WARN] DetailPanel:346 - Failed to get advertising image, set to default
2023-09-07 15:20:19,277 [FATAL] Updater:308 - Updater called before beeing initialized
2023-09-07 15:20:19,278 [FATAL] Updater:308 - Updater called before beeing initialized
2023-09-07 15:20:19,278 [FATAL] Updater:308 - Updater called before beeing initialized
2023-09-07 15:20:19,279 [WARN] DetailPanel:346 - Failed to get advertising image, set to default
2023-09-07 15:20:19,279 [FATAL] Updater:308 - Updater called before beeing initialized
2023-09-07 15:20:19,322 [ERROR] Updater:1120 - MainUpdater not yet initialized. External WinMGr cannot be set.
2023-09-07 15:20:19,330 [INFO] Updater:1056 - Updater Version found : 6.9.0
2023-09-07 15:20:19,346 [INFO] ApplicationProperties:184 - Using Application install path: C:\ST\STM32CubeIDE_1.13.0\STM32CubeIDE\plugins\com.st.stm32cube.common.mx_6.9.0.202307051724
2023-09-07 15:20:19,448 [INFO] MainUpdater:2868 - connection check result : 10
2023-09-07 15:20:19,448 [INFO] MainUpdater:285 - Updater Check For Update Now.
2023-09-07 15:20:19,449 [INFO] MicroXplorer:498 - Change Database Version : DB.6.0.90
2023-09-07 15:20:19,459 [INFO] McuFinderGlobals:63 - Set McuFinder mode to 2 (CubeIDE integrated)
2023-09-07 15:20:19,611 [INFO] CheckServerUpdateThread:120 - End of CheckServer Thread
2023-09-07 15:20:20,012 [WARN] PackLoader:240 - Cannot read IP mode file for STMicroelectronics.X-CUBE-SMBUS.2.1.0
2023-09-07 15:20:20,043 [WARN] PackLoader:240 - Cannot read IP mode file for STMicroelectronics.X-CUBE-AZRTOS-F7.1.1.0
2023-09-07 15:20:20,056 [WARN] PackLoader:240 - Cannot read IP mode file for STMicroelectronics.FP-SNS-MOTENV1.4.3.2
2023-09-07 15:20:20,066 [WARN] PackLoader:240 - Cannot read IP mode file for STMicroelectronics.FP-SNS-FLIGHT1.5.0.1
2023-09-07 15:20:20,078 [WARN] PackLoader:240 - Cannot read IP mode file for STMicroelectronics.X-CUBE-BLE1.6.2.4
2023-09-07 15:20:20,089 [WARN] PackLoader:240 - Cannot read IP mode file for STMicroelectronics.FP-SNS-FLIGHT1.5.0.2
2023-09-07 15:20:20,100 [WARN] PackLoader:240 - Cannot read IP mode file for STMicroelectronics.X-CUBE-DISPLAY.3.0.0
2023-09-07 15:20:20,111 [WARN] PackLoader:240 - Cannot read IP mode file for STMicroelectronics.X-CUBE-BLE1.7.0.0
2023-09-07 15:20:20,121 [WARN] PackLoader:240 - Cannot read IP mode file for emotas.I-CUBE-CANOPEN.1.3.0
2023-09-07 15:20:20,132 [WARN] PackLoader:240 - Cannot read IP mode file for STMicroelectronics.X-CUBE-TOUCHGFX.4.22.0
2023-09-07 15:20:20,147 [INFO] LogOutputStream:77 - [STDOUT_REDIRECT] 1 : Invalid condition id : UX_CORESTACK_Condition cause : null
2023-09-07 15:20:20,148 [INFO] LogOutputStream:77 - [STDOUT_REDIRECT] 1 : Invalid condition id : UX_CORESTACK_Condition cause : null
2023-09-07 15:20:20,148 [INFO] LogOutputStream:77 - [STDOUT_REDIRECT] 1 : Invalid condition id : UX_CORESTACK_Condition cause : null
2023-09-07 15:20:20,149 [INFO] LogOutputStream:77 - [STDOUT_REDIRECT] 1 : Invalid condition id : UX_CORESTACK_Condition cause : null
2023-09-07 15:20:20,149 [INFO] LogOutputStream:77 - [STDOUT_REDIRECT] 1 : Invalid condition id : UX_CORESTACK_Condition cause : null
2023-09-07 15:20:20,151 [WARN] PackLoader:240 - Cannot read IP mode file for STMicroelectronics.X-CUBE-AZRTOS-WL.2.0.0
2023-09-07 15:20:20,162 [WARN] PackLoader:240 - Cannot read IP mode file for WES.I-CUBE-Cesium.1.3.0
2023-09-07 15:20:20,171 [WARN] PackLoader:240 - Cannot read IP mode file for STMicroelectronics.X-CUBE-BLE2.3.3.0
2023-09-07 15:20:20,181 [WARN] PackLoader:240 - Cannot read IP mode file for STMicroelectronics.X-CUBE-ALGOBUILD.1.3.0
2023-09-07 15:20:20,199 [WARN] PackLoader:240 - Cannot read IP mode file for STMicroelectronics.X-CUBE-AZRTOS-G0.1.1.0
2023-09-07 15:20:20,209 [WARN] PackLoader:240 - Cannot read IP mode file for STMicroelectronics.X-CUBE-NFC4.3.0.0
2023-09-07 15:20:20,218 [WARN] PackLoader:240 - Cannot read IP mode file for STMicroelectronics.FP-ATR-SIGFOX1.3.2.0
2023-09-07 15:20:20,248 [WARN] PackLoader:240 - Cannot read IP mode file for SEGGER.I-CUBE-embOS.1.3.1
2023-09-07 15:20:20,273 [WARN] PackLoader:240 - Cannot read IP mode file for STMicroelectronics.X-CUBE-GNSS1.6.0.0
2023-09-07 15:20:20,292 [WARN] PackLoader:240 - Cannot read IP mode file for STMicroelectronics.X-CUBE-AZRTOS-F4.1.1.0
2023-09-07 15:20:20,302 [WARN] PackLoader:240 - Cannot read IP mode file for wolfSSL.I-CUBE-wolfSSL.5.6.3
2023-09-07 15:20:20,319 [WARN] PackLoader:240 - Cannot read IP mode file for STMicroelectronics.X-CUBE-AZRTOS-L5.2.0.0
2023-09-07 15:20:20,347 [WARN] PackLoader:240 - Cannot read IP mode file for STMicroelectronics.X-CUBE-MEMS1.9.6.0
2023-09-07 15:20:20,518 [WARN] PackLoader:240 - Cannot read IP mode file for STMicroelectronics.X-CUBE-BLEMGR.2.0.0
2023-09-07 15:20:20,538 [WARN] ConditionMgr:438 - getConditionDescription Invalid condition id : UX DEVICE CLASS RTOS Condition cause : null
2023-09-07 15:20:20,538 [WARN] ConditionMgr:438 - getConditionDescription Invalid condition id : UX DEVICE CLASS RTOS Condition cause : null
2023-09-07 15:20:20,539 [WARN] PackLoader:240 - Cannot read IP mode file for STMicroelectronics.X-CUBE-AZRTOS-H7.3.1.0
2023-09-07 15:20:20,540 [WARN] ConditionMgr:1039 - genDependencies : Invalid condition id : UX DEVICE CLASS RTOS Condition cause : null
2023-09-07 15:20:20,540 [WARN] ConditionMgr:1039 - genDependencies : Invalid condition id : UX DEVICE CLASS RTOS Condition cause : null
2023-09-07 15:20:20,541 [WARN] ConditionMgr:1039 - genDependencies : Invalid condition id : UX DEVICE CLASS RTOS Condition cause : null
2023-09-07 15:20:20,541 [WARN] ConditionMgr:1039 - genDependencies : Invalid condition id : UX DEVICE CLASS RTOS Condition cause : null
2023-09-07 15:20:20,541 [WARN] ConditionMgr:1039 - genDependencies : Invalid condition id : UX DEVICE CLASS RTOS Condition cause : null
2023-09-07 15:20:20,550 [WARN] PackLoader:240 - Cannot read IP mode file for STMicroelectronics.X-CUBE-NFC7.1.0.1
2023-09-07 15:20:20,560 [WARN] PackLoader:240 - Cannot read IP mode file for STMicroelectronics.X-CUBE-EEPRMA1.4.1.0
2023-09-07 15:20:20,569 [WARN] PackLoader:240 - Cannot read IP mode file for STMicroelectronics.X-CUBE-AI.8.1.0
2023-09-07 15:20:20,587 [WARN] ConditionMgr:438 - getConditionDescription Invalid condition id : LAN8742 Phy interface Condition cause : null
2023-09-07 15:20:20,587 [WARN] PackLoader:240 - Cannot read IP mode file for STMicroelectronics.X-CUBE-AZRTOS-L4.2.0.0
2023-09-07 15:20:20,588 [WARN] ConditionMgr:1039 - genDependencies : Invalid condition id : LAN8742 Phy interface Condition cause : null
2023-09-07 15:20:20,588 [WARN] ConditionMgr:1039 - genDependencies : Invalid condition id : LAN8742 Phy interface Condition cause : null
2023-09-07 15:20:20,588 [WARN] ConditionMgr:1039 - genDependencies : Invalid condition id : LAN8742 Phy interface Condition cause : null
2023-09-07 15:20:20,599 [WARN] PackLoader:240 - Cannot read IP mode file for STMicroelectronics.X-CUBE-SFXS2LP1.4.0.0
2023-09-07 15:20:20,613 [WARN] PackLoader:240 - Cannot read IP mode file for STMicroelectronics.X-CUBE-ISPU.1.1.0
2023-09-07 15:20:20,630 [WARN] ConditionMgr:438 - getConditionDescription Invalid condition id : UX DEVICE CLASS RTOS Condition cause : null
2023-09-07 15:20:20,630 [WARN] ConditionMgr:438 - getConditionDescription Invalid condition id : UX DEVICE CLASS RTOS Condition cause : null
2023-09-07 15:20:20,631 [WARN] PackLoader:240 - Cannot read IP mode file for STMicroelectronics.X-CUBE-AZRTOS-WB.2.0.0
2023-09-07 15:20:20,631 [WARN] ConditionMgr:1039 - genDependencies : Invalid condition id : UX DEVICE CLASS RTOS Condition cause : null
2023-09-07 15:20:20,631 [WARN] ConditionMgr:1039 - genDependencies : Invalid condition id : UX DEVICE CLASS RTOS Condition cause : null
2023-09-07 15:20:20,631 [WARN] ConditionMgr:1039 - genDependencies : Invalid condition id : UX DEVICE CLASS RTOS Condition cause : null
2023-09-07 15:20:20,631 [WARN] ConditionMgr:1039 - genDependencies : Invalid condition id : UX DEVICE CLASS RTOS Condition cause : null
2023-09-07 15:20:20,632 [WARN] ConditionMgr:1039 - genDependencies : Invalid condition id : UX DEVICE CLASS RTOS Condition cause : null
2023-09-07 15:20:20,641 [WARN] PackLoader:240 - Cannot read IP mode file for STMicroelectronics.X-CUBE-FREERTOS.1.0.1
2023-09-07 15:20:20,661 [WARN] PackLoader:240 - Cannot read IP mode file for STMicroelectronics.X-CUBE-AZRTOS-L5.1.1.0
2023-09-07 15:20:20,670 [WARN] PackLoader:240 - Cannot read IP mode file for STMicroelectronics.X-CUBE-AI.8.0.1
2023-09-07 15:20:20,681 [WARN] PackLoader:240 - Cannot read IP mode file for STMicroelectronics.X-CUBE-SUBG2.5.0.0
2023-09-07 15:20:20,695 [WARN] PackLoader:240 - Cannot read IP mode file for STMicroelectronics.X-CUBE-TOF1.3.3.1
2023-09-07 15:20:20,715 [WARN] PackLoader:240 - Cannot read IP mode file for STMicroelectronics.X-CUBE-AZRTOS-G4.2.0.0
2023-09-07 15:20:20,728 [WARN] PackLoader:240 - Cannot read IP mode file for STMicroelectronics.X-CUBE-TOF1.3.3.0
2023-09-07 15:20:20,740 [WARN] PackLoader:240 - Cannot read IP mode file for STMicroelectronics.X-CUBE-FREERTOS.1.1.0
2023-09-07 15:20:20,750 [WARN] PackLoader:240 - Cannot read IP mode file for portGmbH.I-Cube-SoM-uGOAL.1.1.0
2023-09-07 15:20:20,759 [WARN] PackLoader:240 - Cannot read IP mode file for STMicroelectronics.X-CUBE-ALS.1.0.1
2023-09-07 15:20:20,774 [WARN] PackLoader:240 - Cannot read IP mode file for STMicroelectronics.X-CUBE-AZRTOS-WB.1.1.0
2023-09-07 15:20:20,783 [WARN] PackLoader:240 - Cannot read IP mode file for STMicroelectronics.FP-ATR-ASTRA1.2.0.0
2023-09-07 15:20:20,784 [INFO] ThirdParty:978 - Integrity check success = true
2023-09-07 15:20:20,784 [INFO] IntegrityCheckThread:100 - exiting critical section [integrity check]
2023-09-07 15:20:20,784 [INFO] IntegrityCheckThread:103 - End integrity checks thread
2023-09-07 15:20:40,525 [ERROR] LogOutputStream:75 - [STDERR_REDIRECT] SLF4J: Failed to load class "org.slf4j.impl.StaticLoggerBinder".
2023-09-07 15:20:40,525 [ERROR] LogOutputStream:75 - [STDERR_REDIRECT] SLF4J: Defaulting to no-operation (NOP) logger implementation
2023-09-07 15:20:40,526 [ERROR] LogOutputStream:75 - [STDERR_REDIRECT] SLF4J: See http://www.slf4j.org/codes.html#StaticLoggerBinder for further details.
2023-09-07 16:07:55,196 [INFO] McuFinderGlobals:63 - Set McuFinder mode to 2 (CubeIDE integrated)
2023-09-07 16:07:55,225 [INFO] MainUpdater:2868 - connection check result : 10
2023-09-07 16:07:55,231 [INFO] MainUpdater:2868 - connection check result : 10
2023-09-07 16:07:55,419 [INFO] MicroXplorer:468 - Change Database Path : 
2023-09-07 16:07:55,420 [INFO] MicroXplorer:498 - Change Database Version : DB.6.0.90
2023-09-07 16:07:55,426 [WARN] ThirdParty:871 - waiting for thirdparty lock release [close project]
2023-09-07 16:07:55,427 [INFO] ThirdParty:873 - entering critical section [close project]
2023-09-07 16:07:55,456 [INFO] ThirdParty:883 - exiting critical section [close project]
2023-09-07 16:07:55,466 [INFO] PinOutPanel:1499 - setPackage(No Configuration,No Configuration)
2023-09-07 16:07:55,486 [INFO] UtilMem:75 - Begin LoadConfig() Used Memory: 633450296 Bytes (846200832)
2023-09-07 16:07:55,491 [INFO] MicroXplorer:468 - Change Database Path : 
2023-09-07 16:07:55,491 [INFO] MicroXplorer:498 - Change Database Version : DB.6.0.90
2023-09-07 16:07:55,491 [INFO] OpenFileManager:308 - Change cursor
2023-09-07 16:07:55,579 [INFO] Mcu:1946 - Initializing MCU STM32F767ZITx STM32F767ZITx STM32F767ZIT6
2023-09-07 16:07:59,061 [INFO] Context:659 - Trying to add GPIOservice into a context  which must be forbidden
2023-09-07 16:07:59,894 [INFO] RtosManager:555 - Registered RTOS mode: class=CMSIS, group=RTOS, mode=CMSIS_V1, owner=FREERTOS
2023-09-07 16:07:59,894 [INFO] RtosManager:555 - Registered RTOS mode: class=CMSIS, group=RTOS2, mode=CMSIS_V2, owner=FREERTOS
2023-09-07 16:07:59,894 [INFO] RtosManager:555 - Registered RTOS mode: class=RTOS, group=Core, mode=CMSIS_V1, owner=FREERTOS
2023-09-07 16:07:59,894 [INFO] RtosManager:555 - Registered RTOS mode: class=RTOS, group=Core, mode=CMSIS_V2, owner=FREERTOS
2023-09-07 16:07:59,895 [WARN] ModelIntegratedComponent:184 - Missing modes for component STMicroelectronics:FreeRTOS:0.0.1:STMicroelectronics:RTOS:FreeRTOS:Core:::10.2.0:
2023-09-07 16:07:59,903 [WARN] ModelIntegratedComponent:63 - No mode defined for component null
2023-09-07 16:07:59,903 [WARN] ModelIntegratedComponent:63 - No mode defined for component null
2023-09-07 16:07:59,904 [WARN] ModelIntegratedComponent:63 - No mode defined for component null
2023-09-07 16:07:59,904 [WARN] ModelIntegratedComponent:63 - No mode defined for component null
2023-09-07 16:07:59,904 [WARN] ModelIntegratedComponent:63 - No mode defined for component null
2023-09-07 16:07:59,904 [WARN] ModelIntegratedComponent:63 - No mode defined for component null
2023-09-07 16:07:59,904 [WARN] ModelIntegratedComponent:63 - No mode defined for component null
2023-09-07 16:07:59,904 [WARN] ModelIntegratedComponent:63 - No mode defined for component null
2023-09-07 16:07:59,904 [WARN] ModelIntegratedComponent:63 - No mode defined for component null
2023-09-07 16:07:59,904 [WARN] ModelIntegratedComponent:63 - No mode defined for component null
2023-09-07 16:07:59,904 [WARN] ModelIntegratedComponent:63 - No mode defined for component null
2023-09-07 16:07:59,904 [WARN] ModelIntegratedComponent:63 - No mode defined for component null
2023-09-07 16:07:59,904 [WARN] ModelIntegratedComponent:63 - No mode defined for component null
2023-09-07 16:07:59,904 [WARN] ModelIntegratedComponent:63 - No mode defined for component null
2023-09-07 16:07:59,904 [WARN] ModelIntegratedComponent:63 - No mode defined for component null
2023-09-07 16:07:59,904 [WARN] ModelIntegratedComponent:63 - No mode defined for component null
2023-09-07 16:07:59,904 [WARN] ModelIntegratedComponent:63 - No mode defined for component null
2023-09-07 16:07:59,904 [WARN] ModelIntegratedComponent:63 - No mode defined for component null
2023-09-07 16:07:59,904 [WARN] ModelIntegratedComponent:63 - No mode defined for component null
2023-09-07 16:07:59,904 [WARN] ModelIntegratedComponent:63 - No mode defined for component null
2023-09-07 16:07:59,904 [WARN] ModelIntegratedComponent:63 - No mode defined for component null
2023-09-07 16:07:59,904 [WARN] ModelIntegratedComponent:63 - No mode defined for component null
2023-09-07 16:07:59,904 [WARN] ModelIntegratedComponent:63 - No mode defined for component null
2023-09-07 16:07:59,904 [WARN] ModelIntegratedComponent:63 - No mode defined for component null
2023-09-07 16:07:59,904 [WARN] ModelIntegratedComponent:63 - No mode defined for component null
2023-09-07 16:07:59,904 [WARN] ModelIntegratedComponent:63 - No mode defined for component null
2023-09-07 16:07:59,904 [WARN] ModelIntegratedComponent:63 - No mode defined for component null
2023-09-07 16:07:59,904 [WARN] ModelIntegratedComponent:63 - No mode defined for component null
2023-09-07 16:07:59,904 [WARN] ModelIntegratedComponent:63 - No mode defined for component null
2023-09-07 16:07:59,904 [WARN] ModelIntegratedComponent:63 - No mode defined for component null
2023-09-07 16:07:59,904 [WARN] ModelIntegratedComponent:63 - No mode defined for component null
2023-09-07 16:07:59,904 [WARN] ModelIntegratedComponent:63 - No mode defined for component null
2023-09-07 16:07:59,904 [WARN] ModelIntegratedComponent:63 - No mode defined for component null
2023-09-07 16:07:59,921 [INFO] ThirdPartyModel:298 - Start build external matchings
2023-09-07 16:08:00,151 [INFO] ThirdPartyModel:316 - End build external matchings
2023-09-07 16:08:00,620 [INFO] UtilMem:75 - End LoadConfig() Used Memory: 644199408 Bytes (1073741824)
2023-09-07 16:08:00,841 [INFO] ApiDb:581 - Connected to CubeFinder SQLite database (C:\Users\User\.stmcufinder\plugins\mcufinder\mcu\cube-finder-db.db)
2023-09-07 16:08:00,918 [INFO] ApiDb:668 - CubeFinder database Data Model version=2.1
2023-09-07 16:08:00,918 [INFO] ApiDb:669 - CubeFinder database Configuration version=3.0.37
2023-09-07 16:08:00,919 [INFO] ApiDb:670 - CubeFinder database generation date=2023-08-09 (1691586011)
2023-09-07 16:08:00,919 [INFO] ApiDb:671 - CubeFinder database FW Pack versions=[FP-ATR-ASTRA1_V2.0.0, FP-SNS-FLIGHT1_V5.0.1, FP-SNS-FLIGHT1_V5.0.2, FP-SNS-MOTENV1_V4.3.1, FP-SNS-MOTENV1_V4.3.2, STM32Cube_FW_C0_V1.1.0, STM32Cube_FW_F4_V1.27.1, STM32Cube_FW_F7_V1.17.0, STM32Cube_FW_G0_V1.6.1, STM32Cube_FW_G4_V1.5.1, STM32Cube_FW_H5_V0.5.1, STM32Cube_FW_H5_V1.1.0, STM32Cube_FW_H7_V1.11.0, STM32Cube_FW_L0_V1.12.2, STM32Cube_FW_L5_V1.5.0, STM32Cube_FW_U5_V1.3.0, STM32Cube_FW_U5_V1.3.0RC4, STM32Cube_FW_WBA_V1.0.0RC1, STM32Cube_FW_WBA_V1.1.0, STM32Cube_FW_WBA_V1.1.0RC1, STM32Cube_FW_WB_V1.15.0RC1, STM32Cube_FW_WB_V1.16.0, STM32Cube_FW_WB_V1.16.0RC2, STM32Cube_FW_WB_V1.17.0, STM32Cube_FW_WL_V1.3.0, X-CUBE-ALGOBUILD_V1.3.0, X-CUBE-ALS_V1.0.1, X-CUBE-AZRTOS-F4_V1.1.0, X-CUBE-AZRTOS-F7_V1.1.0, X-CUBE-AZRTOS-G0_V1.1.0, X-CUBE-AZRTOS-G4_V2.0.0, X-CUBE-AZRTOS-H7_V3.1.0, X-CUBE-AZRTOS-L4_V1.0.0, X-CUBE-AZRTOS-L4_V2.0.0, X-CUBE-AZRTOS-L5_V1.1.0, X-CUBE-AZRTOS-WB_V1.1.0, X-CUBE-AZRTOS-WL_V2.0.0, X-CUBE-BLE1_V7.0.0, X-CUBE-BLE2_V3.3.0, X-CUBE-BLEMGR_V2.0.0, X-CUBE-EEPRMA1_V4.1.0, X-CUBE-FREERTOS_V1.1.0, X-CUBE-GNSS1_V6.0.0, X-CUBE-MEMS1_V9.1.0, X-CUBE-MEMS1_V9.4.0, X-CUBE-MEMS1_V9.6.0, X-CUBE-NFC4_V3.0.0, X-CUBE-NFC7_V1.0.0, X-CUBE-SFXS2LP1_V4.0.0, X-CUBE-SUBG2_V5.0.0, X-CUBE-TOF1_V3.3.1]
2023-09-07 16:08:02,562 [INFO] ApiDb:240 - Found 323 in-development CPN: [B-G473E-ZEST1S, B-WB1M-WPAN1, B-WL5M-SUBG1, NUCLEO-C031C6, NUCLEO-H503RB, NUCLEO-H563ZI, NUCLEO-U545RE-Q, NUCLEO-U5A5ZJ-Q, NUCLEO-WBA52CG, STEVAL-PROTEUS1, STEVAL-SMARTAG2, STEVAL-STWINBX1, STM320518-EVAL, STM32C0116-DK, STM32C011D6Y3TR, STM32C011D6Y6TR, STM32C011F4P3, STM32C011F4P6, STM32C011F4U3, STM32C011F4U6TR, STM32C011F6P3, STM32C011F6P6, STM32C011F6U3, STM32C011F6U6TR, STM32C011J4M3, STM32C011J4M6, STM32C011J6M3, STM32C011J6M6, STM32C0316-DK, STM32C031C4T3, STM32C031C4T6, STM32C031C4U3, STM32C031C4U6, STM32C031C6T3, STM32C031C6T6, STM32C031C6U3, STM32C031C6U6, STM32C031F4P3, STM32C031F4P6, STM32C031F6P3, STM32C031F6P6, STM32C031G4U3, STM32C031G4U6, STM32C031G6U3, STM32C031G6U6, STM32C031K4T3, STM32C031K4T6, STM32C031K4U3, STM32C031K4U6, STM32C031K6T3, STM32C031K6T6, STM32C031K6U3, STM32C031K6U6, STM32G071K8TXN, STM32G071K8UXN, STM32G081GBU6N, STM32G081KBT6N, STM32G081KBUXN, STM32G0B1CCT6N, STM32G0B1KCT6, STM32G0B1NEY6TR, STM32G0B1RCT6N, STM32G0C1CCT6, STM32G0C1CCT6N, STM32G0C1CCU6N, STM32G0C1CET6N, STM32G0C1CEU6N, STM32G0C1KCT6, STM32G0C1NEY6TR, STM32G0C1RCI6N, STM32G0C1RCT6N, STM32G0C1REI6N, STM32G0C1RET6N, STM32G0C1VCI6, STM32G0C1VEI6, STM32G471CCT6, STM32G471CCU6, STM32G471CET3, STM32G471CET6, STM32G471CEU3, STM32G471CEU6, STM32G471MCT6, STM32G471MET3, STM32G471MET6, STM32G471MEY6TR, STM32G471QCT6, STM32G471QET3, STM32G471RCT6, STM32G471RET3, STM32G471RET6, STM32G471VCH6, STM32G471VCI6, STM32G471VCT6, STM32G471VEH3, STM32G471VEH6, STM32G471VEI3, STM32G471VEI6, STM32G471VET3, STM32G471VET6, STM32G474CCT6, STM32H503CBT6, STM32H503CBU6, STM32H503EBY6TR, STM32H503KBU6, STM32H503RBT6, STM32H562AGI6, STM32H562AII6, STM32H562IGK6, STM32H562IGT6, STM32H562IIK6, STM32H562IIT6, STM32H562RGT6, STM32H562RGV6, STM32H562RIT6, STM32H562RIV6, STM32H562VGT6, STM32H562VIT6, STM32H562ZGT6, STM32H562ZIT6, STM32H563AGI6, STM32H563AII3Q, STM32H563AII6, STM32H563IGK6, STM32H563IGT6, STM32H563IIK3Q, STM32H563IIK6, STM32H563IIT3Q, STM32H563IIT6, STM32H563MIY3QTR, STM32H563RGT6, STM32H563RGV6, STM32H563RIT6, STM32H563RIV6, STM32H563VGT6, STM32H563VIT3Q, STM32H563VIT6, STM32H563ZGT6, STM32H563ZIT3Q, STM32H563ZIT6, STM32H573AII3Q, STM32H573AII6, STM32H573I-DK, STM32H573IIK3Q, STM32H573IIK6, STM32H573IIT3Q, STM32H573IIT6, STM32H573MIY3QTR, STM32H573RIT6, STM32H573RIV6, STM32H573VIT3Q, STM32H573VIT6, STM32H573ZIT3Q, STM32H573ZIT6, STM32L4R5QGI6STR, STM32MP131AAE3, STM32MP131AAF3, STM32MP131AAG3, STM32MP131CAE3, STM32MP131CAF3, STM32MP131CAG3, STM32MP131DAE7, STM32MP131DAF7, STM32MP131DAG7, STM32MP131FAE7, STM32MP131FAF7, STM32MP131FAG7, STM32MP133AAE3, STM32MP133AAF3, STM32MP133AAG3, STM32MP133CAE3, STM32MP133CAF3, STM32MP133CAG3, STM32MP133DAE7, STM32MP133DAF7, STM32MP133DAG7, STM32MP133FAE7, STM32MP133FAF7, STM32MP133FAG7, STM32MP135AAE3, STM32MP135AAF3, STM32MP135AAG3, STM32MP135CAE3, STM32MP135CAF3, STM32MP135CAG3, STM32MP135DAE7, STM32MP135DAF7, STM32MP135DAG7, STM32MP135F-DK, STM32MP135FAE7, STM32MP135FAF7, STM32MP135FAF7T, STM32MP135FAF7U, STM32MP135FAG7, STM32U535CBT6, STM32U535CBT6Q, STM32U535CBU6, STM32U535CBU6Q, STM32U535CCT6, STM32U535CCT6Q, STM32U535CCU6, STM32U535CCU6Q, STM32U535CET6, STM32U535CET6Q, STM32U535CEU6, STM32U535CEU6Q, STM32U535JEY6QTR, STM32U535NCY6QTR, STM32U535NEY6QTR, STM32U535RBI6, STM32U535RBI6Q, STM32U535RBT6, STM32U535RBT6Q, STM32U535RCI6, STM32U535RCI6Q, STM32U535RCT6, STM32U535RCT6Q, STM32U535REI6, STM32U535REI6Q, STM32U535RET6, STM32U535RET6Q, STM32U535VCI6, STM32U535VCI6Q, STM32U535VCT6, STM32U535VCT6Q, STM32U535VEI6, STM32U535VEI6Q, STM32U535VET6, STM32U535VET6Q, STM32U545CET6, STM32U545CET6Q, STM32U545CEU6, STM32U545CEU6Q, STM32U545JEY6QTR, STM32U545NEY6QTR, STM32U545REI6, STM32U545REI6Q, STM32U545RET6, STM32U545RET6Q, STM32U545VEI6, STM32U545VEI6Q, STM32U545VET6, STM32U545VET6Q, STM32U595AIH6, STM32U595AIH6Q, STM32U595AJH6, STM32U595AJH6Q, STM32U595QII6, STM32U595QII6Q, STM32U595QJI6, STM32U595QJI6Q, STM32U595RIT6, STM32U595RIT6Q, STM32U595RJT6, STM32U595RJT6Q, STM32U595VIT6, STM32U595VIT6Q, STM32U595VJT6, STM32U595VJT6Q, STM32U595ZIT6, STM32U595ZIT6Q, STM32U595ZIY6QTR, STM32U595ZJT6, STM32U595ZJT6Q, STM32U595ZJY6QTR, STM32U599BJY6QTR, STM32U599NIH6Q, STM32U599NJH6Q, STM32U599VIT6Q, STM32U599VJT6, STM32U599VJT6Q, STM32U599ZIT6Q, STM32U599ZIY6QTR, STM32U599ZJT6Q, STM32U599ZJY6QTR, STM32U5A5AJH6, STM32U5A5AJH6Q, STM32U5A5QJI6, STM32U5A5QJI6Q, STM32U5A5RJT6, STM32U5A5RJT6Q, STM32U5A5VJT6, STM32U5A5VJT6Q, STM32U5A5ZJT6, STM32U5A5ZJT6Q, STM32U5A5ZJY6QTR, STM32U5A9BJY6QTR, STM32U5A9J-DK, STM32U5A9NJH6Q, STM32U5A9VJT6Q, STM32U5A9ZJT6Q, STM32U5A9ZJY6QTR, STM32U5F7VIT6, STM32U5F7VIT6Q, STM32U5F7VJT6, STM32U5F7VJT6Q, STM32U5F9BJY6QTR, STM32U5F9NJH6Q, STM32U5F9VIT6Q, STM32U5F9VJT6Q, STM32U5F9ZIJ6QTR, STM32U5F9ZIT6Q, STM32U5F9ZJJ6QTR, STM32U5F9ZJT6Q, STM32U5G7VJT6, STM32U5G7VJT6Q, STM32U5G9BJY6QTR, STM32U5G9J-DK1, STM32U5G9J-DK2, STM32U5G9NJH6Q, STM32U5G9VJT6Q, STM32U5G9ZJJ6QTR, STM32U5G9ZJT6Q, STM32WB1MMCH6, STM32WBA52CEU6, STM32WBA52CEU6T, STM32WBA52CGU6, STM32WBA52CGU6T, STM32WBA52KEU6, STM32WBA52KEU6T, STM32WBA52KGU6, STM32WBA52KGU6T, STM32WL5MOCH6, STM32WL5MOCH6TR]
2023-09-07 16:08:02,566 [INFO] DbMcus:217 - Found 3848 MCUs, 3848 are supported
2023-09-07 16:08:02,574 [INFO] ApiDb:423 - Load user favorites file C:\Users\User/.stm32cubeide/favorites.mcus.txt: 1 item(s)
2023-09-07 16:08:02,574 [INFO] ApiDb:427 - User favorites MCUs=[STM32F767ZIT6]
2023-09-07 16:08:02,574 [INFO] DbMcus:223 - Set 1 / 1 favorites MCUs
2023-09-07 16:08:02,840 [WARN] ThirdParty:833 - waiting for thirdparty lock release [change project]
2023-09-07 16:08:02,840 [INFO] ThirdParty:835 - entering critical section [change project]
2023-09-07 16:08:02,840 [INFO] ThirdParty:1030 - CMSIS Pack Vendor :STMicroelectronics X-CUBE-ISPU 1.1.0
2023-09-07 16:08:02,840 [INFO] ThirdParty:1030 - CMSIS Pack Vendor :STMicroelectronics USBPD 4.1
2023-09-07 16:08:02,840 [INFO] ThirdParty:1030 - CMSIS Pack Vendor :STMicroelectronics X-CUBE-GNSS1 6.0.0
2023-09-07 16:08:02,840 [INFO] ThirdParty:1030 - CMSIS Pack Vendor :STMicroelectronics USB_HOST 2.0.0
2023-09-07 16:08:02,840 [INFO] ThirdParty:1030 - CMSIS Pack Vendor :STMicroelectronics X-CUBE-AZRTOS-F4 1.1.0
2023-09-07 16:08:02,840 [INFO] ThirdParty:1030 - CMSIS Pack Vendor :STMicroelectronics LIBJPEG 8.0.0
2023-09-07 16:08:02,840 [INFO] ThirdParty:1030 - CMSIS Pack Vendor :wolfSSL I-CUBE-wolfSSL 5.6.3
2023-09-07 16:08:02,840 [INFO] ThirdParty:1030 - CMSIS Pack Vendor :STMicroelectronics X-CUBE-SMBUS 2.1.0
2023-09-07 16:08:02,840 [INFO] ThirdParty:1030 - CMSIS Pack Vendor :STMicroelectronics USB_DEVICE 3.0.0
2023-09-07 16:08:02,841 [INFO] ThirdParty:1030 - CMSIS Pack Vendor :STMicroelectronics X-CUBE-AZRTOS-WB 2.0.0
2023-09-07 16:08:02,841 [INFO] ThirdParty:1030 - CMSIS Pack Vendor :STMicroelectronics X-CUBE-FREERTOS 1.0.1
2023-09-07 16:08:02,841 [INFO] ThirdParty:1030 - CMSIS Pack Vendor :STMicroelectronics X-CUBE-AZRTOS-F7 1.1.0
2023-09-07 16:08:02,841 [INFO] ThirdParty:1030 - CMSIS Pack Vendor :STMicroelectronics X-CUBE-AZRTOS-L5 2.0.0
2023-09-07 16:08:02,841 [INFO] ThirdParty:1030 - CMSIS Pack Vendor :STMicroelectronics USB_DEVICE 2.0.0
2023-09-07 16:08:02,841 [INFO] ThirdParty:1030 - CMSIS Pack Vendor :STMicroelectronics X-CUBE-MEMS1 9.6.0
2023-09-07 16:08:02,841 [INFO] ThirdParty:1030 - CMSIS Pack Vendor :STMicroelectronics FP-SNS-MOTENV1 4.3.2
2023-09-07 16:08:02,841 [INFO] ThirdParty:1030 - CMSIS Pack Vendor :STMicroelectronics FP-SNS-FLIGHT1 5.0.1
2023-09-07 16:08:02,841 [INFO] ThirdParty:1030 - CMSIS Pack Vendor :STMicroelectronics X-CUBE-ALGOBUILD 1.3.0
2023-09-07 16:08:02,841 [INFO] ThirdParty:1030 - CMSIS Pack Vendor :STMicroelectronics X-CUBE-BLE1 6.2.4
2023-09-07 16:08:02,841 [INFO] ThirdParty:1030 - CMSIS Pack Vendor :STMicroelectronics X-CUBE-AZRTOS-L5 1.1.0
2023-09-07 16:08:02,841 [INFO] ThirdParty:1030 - CMSIS Pack Vendor :STMicroelectronics FreeRTOS 0.0.1
2023-09-07 16:08:02,841 [INFO] ThirdParty:1030 - CMSIS Pack Vendor :STMicroelectronics X-CUBE-AZRTOS-G0 1.1.0
2023-09-07 16:08:02,841 [INFO] ThirdParty:1030 - CMSIS Pack Vendor :STMicroelectronics X-CUBE-BLEMGR 2.0.0
2023-09-07 16:08:02,841 [INFO] ThirdParty:1030 - CMSIS Pack Vendor :STMicroelectronics X-CUBE-AI 8.0.1
2023-09-07 16:08:02,841 [INFO] ThirdParty:1030 - CMSIS Pack Vendor :STMicroelectronics X-CUBE-NFC4 3.0.0
2023-09-07 16:08:02,841 [INFO] ThirdParty:1030 - CMSIS Pack Vendor :STMicroelectronics X-CUBE-SUBG2 5.0.0
2023-09-07 16:08:02,841 [INFO] ThirdParty:1030 - CMSIS Pack Vendor :STMicroelectronics STM32_WPAN 1.0.0
2023-09-07 16:08:02,841 [INFO] ThirdParty:1030 - CMSIS Pack Vendor :STMicroelectronics lwIP 2.0.3
2023-09-07 16:08:02,841 [INFO] ThirdParty:1030 - CMSIS Pack Vendor :STMicroelectronics FP-SNS-FLIGHT1 5.0.2
2023-09-07 16:08:02,841 [INFO] ThirdParty:1030 - CMSIS Pack Vendor :STMicroelectronics USB_HOST 1.0.0
2023-09-07 16:08:02,841 [INFO] ThirdParty:1030 - CMSIS Pack Vendor :STMicroelectronics X-CUBE-TOF1 3.3.1
2023-09-07 16:08:02,841 [INFO] ThirdParty:1030 - CMSIS Pack Vendor :STMicroelectronics X-CUBE-AZRTOS-G4 2.0.0
2023-09-07 16:08:02,841 [INFO] ThirdParty:1030 - CMSIS Pack Vendor :STMicroelectronics PDM2PCM 3.1.0
2023-09-07 16:08:02,841 [INFO] ThirdParty:1030 - CMSIS Pack Vendor :STMicroelectronics X-CUBE-AZRTOS-H7 3.1.0
2023-09-07 16:08:02,841 [INFO] ThirdParty:1030 - CMSIS Pack Vendor :STMicroelectronics X-CUBE-TOF1 3.3.0
2023-09-07 16:08:02,841 [INFO] ThirdParty:1030 - CMSIS Pack Vendor :STMicroelectronics PDM2PCM 3.3.0
2023-09-07 16:08:02,841 [INFO] ThirdParty:1030 - CMSIS Pack Vendor :STMicroelectronics X-CUBE-DISPLAY 3.0.0
2023-09-07 16:08:02,841 [INFO] ThirdParty:1030 - CMSIS Pack Vendor :STMicroelectronics X-CUBE-BLE1 7.0.0
2023-09-07 16:08:02,841 [INFO] ThirdParty:1030 - CMSIS Pack Vendor :STMicroelectronics FP-ATR-SIGFOX1 3.2.0
2023-09-07 16:08:02,841 [INFO] ThirdParty:1030 - CMSIS Pack Vendor :STMicroelectronics HAL Drivers 0.0.0
2023-09-07 16:08:02,841 [INFO] ThirdParty:1030 - CMSIS Pack Vendor :STMicroelectronics MBEDTLS 2.16.2
2023-09-07 16:08:02,842 [INFO] ThirdParty:1030 - CMSIS Pack Vendor :emotas I-CUBE-CANOPEN 1.3.0
2023-09-07 16:08:02,842 [INFO] ThirdParty:1030 - CMSIS Pack Vendor :STMicroelectronics X-CUBE-FREERTOS 1.1.0
2023-09-07 16:08:02,842 [INFO] ThirdParty:1030 - CMSIS Pack Vendor :STMicroelectronics X-CUBE-TOUCHGFX 4.22.0
2023-09-07 16:08:02,842 [INFO] ThirdParty:1030 - CMSIS Pack Vendor :STMicroelectronics X-CUBE-NFC7 1.0.1
2023-09-07 16:08:02,842 [INFO] ThirdParty:1030 - CMSIS Pack Vendor :STMicroelectronics MBEDTLS 2.14.1
2023-09-07 16:08:02,842 [INFO] ThirdParty:1030 - CMSIS Pack Vendor :STMicroelectronics X-CUBE-EEPRMA1 4.1.0
2023-09-07 16:08:02,842 [INFO] ThirdParty:1030 - CMSIS Pack Vendor :portGmbH I-Cube-SoM-uGOAL 1.1.0
2023-09-07 16:08:02,842 [INFO] ThirdParty:1030 - CMSIS Pack Vendor :STMicroelectronics X-CUBE-ALS 1.0.1
2023-09-07 16:08:02,842 [INFO] ThirdParty:1030 - CMSIS Pack Vendor :STMicroelectronics ThreadX 1.0.0
2023-09-07 16:08:02,842 [INFO] ThirdParty:1030 - CMSIS Pack Vendor :STMicroelectronics X-CUBE-AZRTOS-WB 1.1.0
2023-09-07 16:08:02,842 [INFO] ThirdParty:1030 - CMSIS Pack Vendor :STMicroelectronics X-CUBE-AZRTOS-WL 2.0.0
2023-09-07 16:08:02,842 [INFO] ThirdParty:1030 - CMSIS Pack Vendor :SEGGER I-CUBE-embOS 1.3.1
2023-09-07 16:08:02,842 [INFO] ThirdParty:1030 - CMSIS Pack Vendor :STMicroelectronics USB_DEVICE 1.0.0
2023-09-07 16:08:02,842 [INFO] ThirdParty:1030 - CMSIS Pack Vendor :STMicroelectronics X-CUBE-AI 8.1.0
2023-09-07 16:08:02,842 [INFO] ThirdParty:1030 - CMSIS Pack Vendor :STMicroelectronics X-CUBE-AZRTOS-L4 2.0.0
2023-09-07 16:08:02,842 [INFO] ThirdParty:1030 - CMSIS Pack Vendor :STMicroelectronics ThreadX 0.0.2
2023-09-07 16:08:02,842 [INFO] ThirdParty:1030 - CMSIS Pack Vendor :WES I-CUBE-Cesium 1.3.0
2023-09-07 16:08:02,842 [INFO] ThirdParty:1030 - CMSIS Pack Vendor :STMicroelectronics FP-ATR-ASTRA1 2.0.0
2023-09-07 16:08:02,842 [INFO] ThirdParty:1030 - CMSIS Pack Vendor :STMicroelectronics lwIP 2.1.2
2023-09-07 16:08:02,844 [INFO] ThirdParty:1030 - CMSIS Pack Vendor :STMicroelectronics X-CUBE-SFXS2LP1 4.0.0
2023-09-07 16:08:02,844 [INFO] ThirdParty:1030 - CMSIS Pack Vendor :STMicroelectronics X-CUBE-BLE2 3.3.0
2023-09-07 16:08:02,844 [INFO] ThirdParty:1030 - CMSIS Pack Vendor :STMicroelectronics PDM2PCM 3.2.0
2023-09-07 16:08:02,845 [INFO] ThirdParty:841 - exiting critical section [change project]
2023-09-07 16:08:03,273 [INFO] PinOutPanel:1499 - setPackage(No Configuration,No Configuration)
2023-09-07 16:08:03,276 [INFO] PinOutPanel:1499 - setPackage(STM32F767ZITx,LQFP144)
2023-09-07 16:08:03,806 [INFO] UtilMem:75 - Before build in PCC Used Memory: 668652896 Bytes (1073741824)
2023-09-07 16:08:04,436 [INFO] UtilMem:75 - After build in PCC Used Memory: 762573456 Bytes (1073741824)
2023-09-07 16:08:04,456 [INFO] IPUIPlugin:80 - create IPUIPlugin
2023-09-07 16:08:04,456 [INFO] IPUIPlugin:80 - create IPUIPlugin
2023-09-07 16:08:04,456 [INFO] IPUIPlugin:80 - create IPUIPlugin
2023-09-07 16:08:04,457 [INFO] IPUIPlugin:80 - create IPUIPlugin
2023-09-07 16:08:04,457 [INFO] IPUIPlugin:80 - create IPUIPlugin
2023-09-07 16:08:04,457 [INFO] IPUIPlugin:80 - create IPUIPlugin
2023-09-07 16:08:04,457 [INFO] IPUIPlugin:80 - create IPUIPlugin
2023-09-07 16:08:04,457 [INFO] IPUIPlugin:80 - create IPUIPlugin
2023-09-07 16:08:04,457 [INFO] IPUIPlugin:80 - create IPUIPlugin
2023-09-07 16:08:04,457 [INFO] IPUIPlugin:80 - create IPUIPlugin
2023-09-07 16:08:04,457 [INFO] IPUIPlugin:80 - create IPUIPlugin
2023-09-07 16:08:04,458 [INFO] IPUIPlugin:80 - create IPUIPlugin
2023-09-07 16:08:04,458 [INFO] IPUIPlugin:80 - create IPUIPlugin
2023-09-07 16:08:04,458 [INFO] IPUIPlugin:80 - create IPUIPlugin
2023-09-07 16:08:04,458 [INFO] IPUIPlugin:80 - create IPUIPlugin
2023-09-07 16:08:04,458 [INFO] IPUIPlugin:80 - create IPUIPlugin
2023-09-07 16:08:04,459 [INFO] IPUIPlugin:80 - create IPUIPlugin
2023-09-07 16:08:04,459 [INFO] IPUIPlugin:80 - create IPUIPlugin
2023-09-07 16:08:04,459 [INFO] IPUIPlugin:80 - create IPUIPlugin
2023-09-07 16:08:04,459 [INFO] IPUIPlugin:80 - create IPUIPlugin
2023-09-07 16:08:04,459 [INFO] IPUIPlugin:80 - create IPUIPlugin
2023-09-07 16:08:04,459 [INFO] IPUIPlugin:80 - create IPUIPlugin
2023-09-07 16:08:04,459 [INFO] IPUIPlugin:80 - create IPUIPlugin
2023-09-07 16:08:04,460 [INFO] IPUIPlugin:80 - create IPUIPlugin
2023-09-07 16:08:04,460 [INFO] IPUIPlugin:80 - create IPUIPlugin
2023-09-07 16:08:04,460 [INFO] IPUIPlugin:80 - create IPUIPlugin
2023-09-07 16:08:04,460 [INFO] IPUIPlugin:80 - create IPUIPlugin
2023-09-07 16:08:04,460 [INFO] IPUIPlugin:80 - create IPUIPlugin
2023-09-07 16:08:04,460 [INFO] IPUIPlugin:80 - create IPUIPlugin
2023-09-07 16:08:04,460 [INFO] IPUIPlugin:80 - create IPUIPlugin
2023-09-07 16:08:04,460 [INFO] IPUIPlugin:80 - create IPUIPlugin
2023-09-07 16:08:04,460 [INFO] IPUIPlugin:80 - create IPUIPlugin
2023-09-07 16:08:04,460 [INFO] IPUIPlugin:80 - create IPUIPlugin
2023-09-07 16:08:04,460 [INFO] IPUIPlugin:80 - create IPUIPlugin
2023-09-07 16:08:04,461 [INFO] IPUIPlugin:80 - create IPUIPlugin
2023-09-07 16:08:04,461 [INFO] IPUIPlugin:80 - create IPUIPlugin
2023-09-07 16:08:04,461 [INFO] IPUIPlugin:80 - create IPUIPlugin
2023-09-07 16:08:04,461 [INFO] IPUIPlugin:80 - create IPUIPlugin
2023-09-07 16:08:04,461 [INFO] IPUIPlugin:80 - create IPUIPlugin
2023-09-07 16:08:04,462 [INFO] IPUIPlugin:80 - create IPUIPlugin
2023-09-07 16:08:04,462 [INFO] IPUIPlugin:80 - create IPUIPlugin
2023-09-07 16:08:04,462 [INFO] IPUIPlugin:80 - create IPUIPlugin
2023-09-07 16:08:04,462 [INFO] IPUIPlugin:80 - create IPUIPlugin
2023-09-07 16:08:04,462 [INFO] IPUIPlugin:80 - create IPUIPlugin
2023-09-07 16:08:04,462 [INFO] IPUIPlugin:80 - create IPUIPlugin
2023-09-07 16:08:04,462 [INFO] IPUIPlugin:80 - create IPUIPlugin
2023-09-07 16:08:04,463 [INFO] IPUIPlugin:80 - create IPUIPlugin
2023-09-07 16:08:04,463 [INFO] IPUIPlugin:80 - create IPUIPlugin
2023-09-07 16:08:04,463 [INFO] IPUIPlugin:80 - create IPUIPlugin
2023-09-07 16:08:04,463 [INFO] IPUIPlugin:80 - create IPUIPlugin
2023-09-07 16:08:04,463 [INFO] IPUIPlugin:80 - create IPUIPlugin
2023-09-07 16:08:04,463 [INFO] IPUIPlugin:80 - create IPUIPlugin
2023-09-07 16:08:04,463 [INFO] IPUIPlugin:80 - create IPUIPlugin
2023-09-07 16:08:04,463 [INFO] IPUIPlugin:80 - create IPUIPlugin
2023-09-07 16:08:04,464 [INFO] IPUIPlugin:80 - create IPUIPlugin
2023-09-07 16:08:04,464 [INFO] IPUIPlugin:80 - create IPUIPlugin
2023-09-07 16:08:04,464 [INFO] IPUIPlugin:80 - create IPUIPlugin
2023-09-07 16:08:04,464 [INFO] IPUIPlugin:80 - create IPUIPlugin
2023-09-07 16:08:04,464 [INFO] IPUIPlugin:80 - create IPUIPlugin
2023-09-07 16:08:04,464 [INFO] IPUIPlugin:80 - create IPUIPlugin
2023-09-07 16:08:04,464 [INFO] IPUIPlugin:80 - create IPUIPlugin
2023-09-07 16:08:04,464 [INFO] IPUIPlugin:80 - create IPUIPlugin
2023-09-07 16:08:04,465 [INFO] IPUIPlugin:80 - create IPUIPlugin
2023-09-07 16:08:04,465 [INFO] IPUIPlugin:80 - create IPUIPlugin
2023-09-07 16:08:04,465 [INFO] IPUIPlugin:80 - create IPUIPlugin
2023-09-07 16:08:04,465 [INFO] IPUIPlugin:80 - create IPUIPlugin
2023-09-07 16:08:04,465 [INFO] IPUIPlugin:80 - create IPUIPlugin
2023-09-07 16:08:04,465 [INFO] IPUIPlugin:80 - create IPUIPlugin
2023-09-07 16:08:04,466 [INFO] IPUIPlugin:80 - create IPUIPlugin
2023-09-07 16:08:04,466 [INFO] IPUIPlugin:80 - create IPUIPlugin
2023-09-07 16:08:04,466 [INFO] IPUIPlugin:80 - create IPUIPlugin
2023-09-07 16:08:04,466 [INFO] IPUIPlugin:80 - create IPUIPlugin
2023-09-07 16:08:04,467 [INFO] IPUIPlugin:80 - create IPUIPlugin
2023-09-07 16:08:04,467 [INFO] IPUIPlugin:80 - create IPUIPlugin
2023-09-07 16:08:04,467 [INFO] IPUIPlugin:80 - create IPUIPlugin
2023-09-07 16:08:04,467 [INFO] IPUIPlugin:80 - create IPUIPlugin
2023-09-07 16:08:04,468 [INFO] IPUIPlugin:80 - create IPUIPlugin
2023-09-07 16:08:04,468 [INFO] IPUIPlugin:80 - create IPUIPlugin
2023-09-07 16:08:04,468 [INFO] IPUIPlugin:80 - create IPUIPlugin
2023-09-07 16:08:04,549 [INFO] ApiDbMcu:507 - Load IP Config File for PDM2PCM
2023-09-07 16:08:04,771 [INFO] CADModel:165 - CPN selected for project levelSTM32F767ZIT6
2023-09-07 16:08:04,771 [INFO] CADModel:114 - Register for checkConnection events
2023-09-07 16:08:04,825 [INFO] OpenFileManager:328 - Restore cursor
2023-09-07 16:16:54,291 [INFO] NvicIntPanel:101 - NVIC parent = com.st.microxplorer.plugins.ip.nvic.MultiNvicIntPanel[,0,0,0x0,invalid,layout=javax.swing.BoxLayout,alignmentX=0.0,alignmentY=0.0,border=,flags=9,maximumSize=,minimumSize=,preferredSize=]
2023-09-07 16:17:13,487 [INFO] NvicIntPanel:101 - NVIC parent = com.st.microxplorer.plugins.ip.nvic.MultiNvicIntPanel[,0,0,0x0,invalid,layout=javax.swing.BoxLayout,alignmentX=0.0,alignmentY=0.0,border=,flags=9,maximumSize=,minimumSize=,preferredSize=]
2023-09-07 16:17:13,573 [INFO] NvicIntPanel:101 - NVIC parent = com.st.microxplorer.plugins.ip.nvic.MultiNvicIntPanel[,0,0,0x0,invalid,layout=javax.swing.BoxLayout,alignmentX=0.0,alignmentY=0.0,border=,flags=9,maximumSize=,minimumSize=,preferredSize=]
2023-09-07 16:17:30,059 [INFO] NvicIntPanel:101 - NVIC parent = com.st.microxplorer.plugins.ip.nvic.MultiNvicIntPanel[,0,0,0x0,invalid,layout=javax.swing.BoxLayout,alignmentX=0.0,alignmentY=0.0,border=,flags=9,maximumSize=,minimumSize=,preferredSize=]
2023-09-07 16:17:30,150 [INFO] NvicIntPanel:101 - NVIC parent = com.st.microxplorer.plugins.ip.nvic.MultiNvicIntPanel[,0,0,0x0,invalid,layout=javax.swing.BoxLayout,alignmentX=0.0,alignmentY=0.0,border=,flags=9,maximumSize=,minimumSize=,preferredSize=]
2023-09-07 17:47:27,545 [ERROR] ConfigurationRetriever:142 - IOException on connection: Connection reset
2023-09-07 19:41:00,361 [ERROR] ConfigurationRetriever:142 - IOException on connection: Read timed out
2023-09-07 20:17:21,537 [INFO] UtilMem:75 - End SaveConfig() Used Memory: 871043552 Bytes (1073741824)
2023-09-07 20:17:21,783 [INFO] UtilMem:75 - End SaveConfig() Used Memory: 585575328 Bytes (1073741824)
2023-09-07 20:17:22,214 [INFO] BlockDiagram:2759 - set Specific Code input for plugin: RCC
2023-09-07 20:17:22,214 [INFO] BlockDiagram:2759 - set Specific Code input for plugin: NVIC
2023-09-07 20:17:22,214 [INFO] BlockDiagram:2759 - set Specific Code input for plugin: USART
2023-09-07 20:17:22,214 [INFO] BlockDiagram:2759 - set Specific Code input for plugin: USART
2023-09-07 20:17:22,215 [INFO] BlockDiagram:2759 - set Specific Code input for plugin: GPIO
2023-09-07 20:17:22,217 [INFO] CodeGenerator:799 - code generatio: config db path: C:\ST\STM32CubeIDE_1.13.0\STM32CubeIDE\plugins\com.st.stm32cube.common.mx_6.9.0.202307051724\\db\
2023-09-07 20:17:22,420 [INFO] CodeEngine:255 - oldGeneratedFile, C:\Users\User\STM32CubeIDE\MAD_Lab\Special_Problem_1\MXTmpFiles\license.tmp_save
2023-09-07 20:17:22,861 [INFO] CodeEngine:279 - Generated code: C:\Users\User\STM32CubeIDE\MAD_Lab\Special_Problem_1\MXTmpFiles\license.tmp
2023-09-07 20:17:22,951 [INFO] CodeEngine:255 - oldGeneratedFile, C:\Users\User\STM32CubeIDE\MAD_Lab\Special_Problem_1\MXTmpFiles\gpio.tmp_save
2023-09-07 20:17:23,047 [INFO] CodeEngine:279 - Generated code: C:\Users\User\STM32CubeIDE\MAD_Lab\Special_Problem_1\MXTmpFiles\gpio.tmp
2023-09-07 20:17:23,171 [INFO] CodeEngine:255 - oldGeneratedFile, C:\Users\User\STM32CubeIDE\MAD_Lab\Special_Problem_1\MXTmpFiles\cortex.tmp_save
2023-09-07 20:17:23,247 [INFO] CodeEngine:279 - Generated code: C:\Users\User\STM32CubeIDE\MAD_Lab\Special_Problem_1\MXTmpFiles\cortex.tmp
2023-09-07 20:17:23,279 [INFO] CodeEngine:255 - oldGeneratedFile, C:\Users\User\STM32CubeIDE\MAD_Lab\Special_Problem_1\Core\Src\stm32f7xx_it.c_save
2023-09-07 20:17:23,393 [INFO] CodeEngine:279 - Generated code: C:\Users\User\STM32CubeIDE\MAD_Lab\Special_Problem_1\Core\Src\stm32f7xx_it.c
2023-09-07 20:17:23,410 [INFO] CodeEngine:255 - oldGeneratedFile, C:\Users\User\STM32CubeIDE\MAD_Lab\Special_Problem_1\Core\Inc\stm32f7xx_it.h_save
2023-09-07 20:17:23,464 [INFO] CodeEngine:279 - Generated code: C:\Users\User\STM32CubeIDE\MAD_Lab\Special_Problem_1\Core\Inc\stm32f7xx_it.h
2023-09-07 20:17:23,512 [INFO] CodeEngine:255 - oldGeneratedFile, C:\Users\User\STM32CubeIDE\MAD_Lab\Special_Problem_1\Core\Src\stm32f7xx_hal_msp.c_save
2023-09-07 20:17:23,616 [INFO] CodeEngine:279 - Generated code: C:\Users\User\STM32CubeIDE\MAD_Lab\Special_Problem_1\Core\Src\stm32f7xx_hal_msp.c
2023-09-07 20:17:23,632 [INFO] CodeEngine:255 - oldGeneratedFile, C:\Users\User\STM32CubeIDE\MAD_Lab\Special_Problem_1\MXTmpFiles\system.tmp_save
2023-09-07 20:17:23,679 [INFO] CodeEngine:279 - Generated code: C:\Users\User\STM32CubeIDE\MAD_Lab\Special_Problem_1\MXTmpFiles\system.tmp
2023-09-07 20:17:23,702 [INFO] CodeEngine:311 - oldGeneratedFile, C:\Users\User\STM32CubeIDE\MAD_Lab\Special_Problem_1\Core\Inc\stm32f7xx_hal_conf.h_save
2023-09-07 20:17:23,870 [INFO] CodeEngine:335 - Generated code: C:\Users\User\STM32CubeIDE\MAD_Lab\Special_Problem_1\Core\Inc\stm32f7xx_hal_conf.h
2023-09-07 20:17:23,921 [INFO] CodeEngine:255 - oldGeneratedFile, C:\Users\User\STM32CubeIDE\MAD_Lab\Special_Problem_1\Core\Inc\main.h_save
2023-09-07 20:17:23,999 [INFO] CodeEngine:279 - Generated code: C:\Users\User\STM32CubeIDE\MAD_Lab\Special_Problem_1\Core\Inc\main.h
2023-09-07 20:17:24,019 [INFO] CodeEngine:255 - oldGeneratedFile, C:\Users\User\STM32CubeIDE\MAD_Lab\Special_Problem_1\Core\Src\main.c_save
2023-09-07 20:17:24,123 [INFO] CodeEngine:279 - Generated code: C:\Users\User\STM32CubeIDE\MAD_Lab\Special_Problem_1\Core\Src\main.c
2023-09-07 20:17:25,324 [INFO] ProjectBuilder:3064 - Time for Copy HAL[1] : 422mS.
2023-09-07 20:17:25,429 [INFO] ProjectBuilder:4404 - Project Generator version: 4.1.0
2023-09-07 20:17:26,560 [INFO] ConfigFileManager:1457 - The Die is : DIE451
2023-09-07 20:17:26,578 [INFO] ApiDbMcu:507 - Load IP Config File for FATFS
2023-09-07 20:17:26,588 [INFO] ApiDbMcu:507 - Load IP Config File for FREERTOS
2023-09-07 20:17:26,596 [INFO] ApiDbMcu:507 - Load IP Config File for LIBJPEG
2023-09-07 20:17:26,606 [INFO] ApiDbMcu:507 - Load IP Config File for LWIP
2023-09-07 20:17:26,618 [INFO] ApiDbMcu:507 - Load IP Config File for MBEDTLS
2023-09-07 20:17:26,630 [INFO] ApiDbMcu:507 - Load IP Config File for USB_DEVICE
2023-09-07 20:17:26,639 [INFO] ApiDbMcu:507 - Load IP Config File for USB_HOST
2023-09-07 20:17:27,517 [INFO] LogOutputStream:77 - [STDOUT_REDIRECT] 
2023-09-07 20:17:29,083 [INFO] ProjectBuilder:4626 - Time for Generating toolchain IDE Files: 3654mS.
2023-09-07 20:17:29,084 [INFO] ProjectBuilder:2935 - Time for Copy CMSIS : 1mS.
2023-09-07 20:17:29,087 [INFO] ProjectBuilder:2935 - Time for Copy CMSIS : 0mS.
2023-09-07 21:28:42,294 [ERROR] ConfigurationRetriever:142 - IOException on connection: Connection reset
2023-09-07 22:52:33,906 [ERROR] ConfigurationRetriever:142 - IOException on connection: Connection reset
2023-09-07 22:58:44,136 [ERROR] AdobePublisher:162 - Exception while opening the connection: java.net.SocketTimeoutException: Read timed out
