2023-10-01 18:38:45,086 [INFO] Activator:176 - 


2023-10-01 18:38:45,091 [INFO] Activator:177 - !SESSION log4j initialized
2023-10-01 18:38:50,595 [INFO] LogOutputStream:77 - [STDOUT_REDIRECT] 
2023-10-01 18:38:51,003 [ERROR] ConfigurationRetriever:142 - IOException on connection: Connection reset
2023-10-01 18:38:57,373 [INFO] ApplicationProperties:184 - Using Application install path: C:\ST\STM32CubeIDE_1.13.0\STM32CubeIDE\plugins\com.st.stm32cube.common.mx_6.9.0.202307051724
2023-10-01 18:38:57,400 [INFO] DbMcusXml:78 - Set database path to: C:\ST\STM32CubeIDE_1.13.0\STM32CubeIDE\plugins\com.st.stm32cube.common.mx_6.9.0.202307051724\\db\/mcu/
2023-10-01 18:38:57,401 [INFO] ApiDb:274 - Set plugin database path to: C:\ST\STM32CubeIDE_1.13.0\STM32CubeIDE\plugins\com.st.stm32cube.common.mx_6.9.0.202307051724\\db\/plugins/boardmanager/
2023-10-01 18:38:57,401 [WARN] ApiDb:259 - Overriding images path with different value:  => C:\ST\STM32CubeIDE_1.13.0\STM32CubeIDE\plugins\com.st.stm32cube.common.mx_6.9.0.202307051724\\db\/plugins/mcufinder/images/
2023-10-01 18:38:57,416 [INFO] ApiDb:250 - Set database path to: C:\Users\User\.stmcufinder\plugins\mcufinder//mcu/
2023-10-01 18:38:57,418 [INFO] DbMcusAds:125 - Set database path to: C:\Users\User\.stmcufinder\plugins\mcufinder//mcu/
2023-10-01 18:38:57,420 [INFO] CrossReferenceDbSqlite:203 - Set database path to: C:\Users\User\.stmcufinder\plugins\mcufinder//mcu/cs/
2023-10-01 18:38:57,525 [INFO] RulesReader:64 - Compatibility file has been processed (293 Rules)
2023-10-01 18:38:57,641 [INFO] DbMcusXml:78 - Set database path to: C:\ST\STM32CubeIDE_1.13.0\STM32CubeIDE\plugins\com.st.stm32cube.common.mx_6.9.0.202307051724\\db\/mcu/
2023-10-01 18:38:57,641 [INFO] ApiDb:274 - Set plugin database path to: C:\ST\STM32CubeIDE_1.13.0\STM32CubeIDE\plugins\com.st.stm32cube.common.mx_6.9.0.202307051724\\db\/plugins/boardmanager/
2023-10-01 18:38:57,642 [INFO] ApiDb:261 - Set plugin images path to: C:\ST\STM32CubeIDE_1.13.0\STM32CubeIDE\plugins\com.st.stm32cube.common.mx_6.9.0.202307051724\\db\/plugins/mcufinder/images/
2023-10-01 18:38:57,642 [WARN] DbFile:41 - Overriding database path with different value: C:\Users\User\.stmcufinder\plugins\mcufinder/ => C:\Users\User\.stmcufinder\plugins\mcufinder
2023-10-01 18:38:57,642 [INFO] ApiDb:250 - Set database path to: C:\Users\User\.stmcufinder\plugins\mcufinder//mcu/
2023-10-01 18:38:57,642 [WARN] DbFile:41 - Overriding database path with different value: C:\Users\User\.stmcufinder\plugins\mcufinder/ => C:\Users\User\.stmcufinder\plugins\mcufinder
2023-10-01 18:38:57,642 [INFO] DbMcusAds:125 - Set database path to: C:\Users\User\.stmcufinder\plugins\mcufinder//mcu/
2023-10-01 18:38:57,642 [WARN] DbFile:41 - Overriding database path with different value: C:\Users\User\.stmcufinder\plugins\mcufinder/ => C:\Users\User\.stmcufinder\plugins\mcufinder
2023-10-01 18:38:57,642 [WARN] DbFile:41 - Overriding database path with different value: C:\Users\User\.stmcufinder\plugins\mcufinder/ => C:\Users\User\.stmcufinder\plugins\mcufinder
2023-10-01 18:38:57,642 [INFO] CrossReferenceDbSqlite:203 - Set database path to: C:\Users\User\.stmcufinder\plugins\mcufinder//mcu/cs/
2023-10-01 18:38:57,734 [INFO] MainPanel:262 - HeapMemory: 268435456
2023-10-01 18:38:57,886 [INFO] DbMcusXml:78 - Set database path to: C:\ST\STM32CubeIDE_1.13.0\STM32CubeIDE\plugins\com.st.stm32cube.common.mx_6.9.0.202307051724\\db\/mcu/
2023-10-01 18:38:57,886 [INFO] ApiDb:274 - Set plugin database path to: C:\ST\STM32CubeIDE_1.13.0\STM32CubeIDE\plugins\com.st.stm32cube.common.mx_6.9.0.202307051724\\db\/plugins/boardmanager/
2023-10-01 18:38:57,886 [INFO] ApiDb:261 - Set plugin images path to: C:\ST\STM32CubeIDE_1.13.0\STM32CubeIDE\plugins\com.st.stm32cube.common.mx_6.9.0.202307051724\\db\/plugins/mcufinder/images/
2023-10-01 18:38:57,887 [WARN] DbFile:41 - Overriding database path with different value: C:\Users\User\.stmcufinder\plugins\mcufinder/ => C:\Users\User\.stmcufinder\plugins\mcufinder
2023-10-01 18:38:57,887 [INFO] ApiDb:250 - Set database path to: C:\Users\User\.stmcufinder\plugins\mcufinder//mcu/
2023-10-01 18:38:57,887 [WARN] DbFile:41 - Overriding database path with different value: C:\Users\User\.stmcufinder\plugins\mcufinder/ => C:\Users\User\.stmcufinder\plugins\mcufinder
2023-10-01 18:38:57,887 [INFO] DbMcusAds:125 - Set database path to: C:\Users\User\.stmcufinder\plugins\mcufinder//mcu/
2023-10-01 18:38:57,887 [WARN] DbFile:41 - Overriding database path with different value: C:\Users\User\.stmcufinder\plugins\mcufinder/ => C:\Users\User\.stmcufinder\plugins\mcufinder
2023-10-01 18:38:57,887 [WARN] DbFile:41 - Overriding database path with different value: C:\Users\User\.stmcufinder\plugins\mcufinder/ => C:\Users\User\.stmcufinder\plugins\mcufinder
2023-10-01 18:38:57,887 [INFO] CrossReferenceDbSqlite:203 - Set database path to: C:\Users\User\.stmcufinder\plugins\mcufinder//mcu/cs/
2023-10-01 18:38:57,908 [INFO] ApplicationProperties:184 - Using Application install path: C:\ST\STM32CubeIDE_1.13.0\STM32CubeIDE\plugins\com.st.stm32cube.common.mx_6.9.0.202307051724
2023-10-01 18:38:57,909 [INFO] PluginManage:196 - Search for loadable plugins [exclusion list=, ]
2023-10-01 18:38:57,911 [INFO] PluginManage:310 - Check plugin analytics
2023-10-01 18:38:58,095 [INFO] AnalyticsPlugin:253 - Accepted Software Licenses: 
2023-10-01 18:38:58,095 [INFO] AnalyticsPlugin:255 - Accepted CMSIS Pack Licenses: 
2023-10-01 18:38:58,095 [INFO] AnalyticsPlugin:257 - Accepted Firmware Licenses: FW.F7.1.17.0,FW.F4.1.27.0
2023-10-01 18:38:58,098 [INFO] PluginManage:359 - Loaded plugin analytics (category:tool,tabindex:-1)
2023-10-01 18:38:58,098 [INFO] PluginManage:310 - Check plugin cadmodel
2023-10-01 18:38:58,110 [INFO] CADModel:105 - Init CAD model plugin
2023-10-01 18:38:58,110 [INFO] PluginManage:359 - Loaded plugin cadmodel (category:power,tabindex:5)
2023-10-01 18:38:58,110 [INFO] PluginManage:310 - Check plugin clock
2023-10-01 18:38:58,133 [INFO] PluginManage:359 - Loaded plugin clock (category:base,tabindex:2)
2023-10-01 18:38:58,133 [INFO] PluginManage:310 - Check plugin ddr
2023-10-01 18:38:58,136 [INFO] PluginManage:359 - Loaded plugin ddr (category:tool,tabindex:6)
2023-10-01 18:38:58,136 [INFO] PluginManage:310 - Check plugin filemanager
2023-10-01 18:38:58,275 [INFO] PluginManage:359 - Loaded plugin filemanager (category:base,tabindex:10)
2023-10-01 18:38:58,275 [INFO] PluginManage:310 - Check plugin ipmanager
2023-10-01 18:38:58,282 [INFO] PluginManage:359 - Loaded plugin ipmanager (category:base,tabindex:5)
2023-10-01 18:38:58,282 [INFO] PluginManage:310 - Check plugin lpbam
2023-10-01 18:38:58,294 [INFO] PluginManage:359 - Loaded plugin lpbam (category:base,tabindex:0)
2023-10-01 18:38:58,294 [INFO] PluginManage:310 - Check plugin memorymap
2023-10-01 18:38:58,311 [INFO] PluginManage:359 - Loaded plugin memorymap (category:base,tabindex:4)
2023-10-01 18:38:58,311 [INFO] PluginManage:310 - Check plugin pinoutandconfiguration
2023-10-01 18:38:58,324 [INFO] PluginManage:359 - Loaded plugin pinoutandconfiguration (category:base,tabindex:1)
2023-10-01 18:38:58,324 [INFO] PluginManage:310 - Check plugin pinoutconfig
2023-10-01 18:38:58,401 [WARN] SupportedApi:132 - Cannot load RTOS API schema: s4s-elt-must-match.1: The content of 'definitions' must match (annotation?, (simpleType | complexType)?, (unique | key | keyref)*)). A problem was found starting at: attribute.
2023-10-01 18:38:58,494 [INFO] PluginManage:359 - Loaded plugin pinoutconfig (category:base,tabindex:0)
2023-10-01 18:38:58,495 [INFO] PluginManage:310 - Check plugin power
2023-10-01 18:38:58,511 [INFO] PluginManage:359 - Loaded plugin power (category:power,tabindex:4)
2023-10-01 18:38:58,511 [INFO] PluginManage:310 - Check plugin projectmanager
2023-10-01 18:38:58,522 [INFO] PluginManage:359 - Loaded plugin projectmanager (category:projectmanager,tabindex:3)
2023-10-01 18:38:58,522 [INFO] PluginManage:310 - Check plugin thirdparty
2023-10-01 18:38:58,739 [INFO] PluginManage:359 - Loaded plugin thirdparty (category:base,tabindex:-1)
2023-10-01 18:38:58,739 [WARN] IntegrityCheckThread:84 - waiting for thirdparty lock release [integrity check]
2023-10-01 18:38:58,739 [INFO] PluginManage:310 - Check plugin tools
2023-10-01 18:38:58,739 [INFO] IntegrityCheckThread:86 - entering critical section [integrity check]
2023-10-01 18:38:58,739 [INFO] ThirdPartyUpdaterWithRetryManager:70 - Updater plugin not ready yet. [1/15]
2023-10-01 18:38:58,763 [INFO] PluginManage:359 - Loaded plugin tools (category:base,tabindex:7)
2023-10-01 18:38:58,763 [INFO] PluginManage:310 - Check plugin tutovideos
2023-10-01 18:38:58,917 [INFO] PluginManage:359 - Loaded plugin tutovideos (category:base,tabindex:-1)
2023-10-01 18:38:58,918 [INFO] PluginManage:310 - Check plugin updater
2023-10-01 18:38:58,928 [INFO] PluginManage:359 - Loaded plugin updater (category:base,tabindex:12)
2023-10-01 18:38:58,928 [INFO] PluginManage:310 - Check plugin userauth
2023-10-01 18:38:58,933 [INFO] UserAuth:113 - Init User Auth plugin
2023-10-01 18:38:58,933 [INFO] PluginManage:359 - Loaded plugin userauth (category:base,tabindex:14)
2023-10-01 18:38:58,933 [INFO] PluginManage:283 - PluginManage : Loaded plugins [17]
2023-10-01 18:38:59,136 [INFO] PinOutPanel:1499 - setPackage(No Configuration,No Configuration)
2023-10-01 18:38:59,230 [INFO] CADModel:165 - CPN selected for project level
2023-10-01 18:38:59,231 [INFO] CADModel:114 - Register for checkConnection events
2023-10-01 18:38:59,250 [INFO] IPUIPlugin:80 - create IPUIPlugin
2023-10-01 18:38:59,250 [INFO] PluginManager:220 - loadIPPluginJar : add adc
2023-10-01 18:38:59,273 [INFO] IPUIPlugin:80 - create IPUIPlugin
2023-10-01 18:38:59,274 [INFO] PluginManager:220 - loadIPPluginJar : add aes
2023-10-01 18:38:59,301 [INFO] IPUIPlugin:80 - create IPUIPlugin
2023-10-01 18:38:59,301 [INFO] PluginManager:220 - loadIPPluginJar : add can
2023-10-01 18:38:59,316 [INFO] IPUIPlugin:80 - create IPUIPlugin
2023-10-01 18:38:59,316 [INFO] PluginManager:220 - loadIPPluginJar : add comp
2023-10-01 18:38:59,337 [INFO] IPUIPlugin:80 - create IPUIPlugin
2023-10-01 18:38:59,337 [INFO] PluginManager:220 - loadIPPluginJar : add cryp
2023-10-01 18:38:59,357 [INFO] IPUIPlugin:80 - create IPUIPlugin
2023-10-01 18:38:59,358 [INFO] PluginManager:220 - loadIPPluginJar : add dfsdm
2023-10-01 18:38:59,367 [INFO] IPUIPlugin:80 - create IPUIPlugin
2023-10-01 18:38:59,367 [INFO] PluginManager:220 - loadIPPluginJar : add dma
2023-10-01 18:38:59,393 [INFO] IPUIPlugin:80 - create IPUIPlugin
2023-10-01 18:38:59,393 [INFO] PluginManager:220 - loadIPPluginJar : add dma3
2023-10-01 18:38:59,406 [INFO] IPUIPlugin:80 - create IPUIPlugin
2023-10-01 18:38:59,406 [INFO] PluginManager:220 - loadIPPluginJar : add fatfs
2023-10-01 18:38:59,435 [INFO] IPUIPlugin:80 - create IPUIPlugin
2023-10-01 18:38:59,435 [INFO] PluginManager:220 - loadIPPluginJar : add fmc
2023-10-01 18:38:59,446 [INFO] IPUIPlugin:80 - create IPUIPlugin
2023-10-01 18:38:59,446 [INFO] PluginManager:220 - loadIPPluginJar : add freertos
2023-10-01 18:38:59,459 [INFO] IPUIPlugin:80 - create IPUIPlugin
2023-10-01 18:38:59,459 [INFO] PluginManager:220 - loadIPPluginJar : add genericplugin
2023-10-01 18:38:59,512 [INFO] IPUIPlugin:80 - create IPUIPlugin
2023-10-01 18:38:59,512 [INFO] PluginManager:220 - loadIPPluginJar : add gfxmmu
2023-10-01 18:38:59,589 [INFO] IPUIPlugin:80 - create IPUIPlugin
2023-10-01 18:38:59,589 [INFO] PluginManager:220 - loadIPPluginJar : add gic
2023-10-01 18:38:59,598 [INFO] IPUIPlugin:80 - create IPUIPlugin
2023-10-01 18:38:59,598 [INFO] PluginManager:220 - loadIPPluginJar : add gpio
2023-10-01 18:38:59,654 [INFO] IPUIPlugin:80 - create IPUIPlugin
2023-10-01 18:38:59,654 [INFO] PluginManager:220 - loadIPPluginJar : add gtzc
2023-10-01 18:38:59,674 [INFO] IPUIPlugin:80 - create IPUIPlugin
2023-10-01 18:38:59,674 [INFO] PluginManager:220 - loadIPPluginJar : add hash
2023-10-01 18:38:59,707 [INFO] IPUIPlugin:80 - create IPUIPlugin
2023-10-01 18:38:59,707 [INFO] PluginManager:220 - loadIPPluginJar : add i2c
2023-10-01 18:38:59,731 [INFO] IPUIPlugin:80 - create IPUIPlugin
2023-10-01 18:38:59,731 [INFO] PluginManager:220 - loadIPPluginJar : add i2s
2023-10-01 18:38:59,757 [INFO] IPUIPlugin:80 - create IPUIPlugin
2023-10-01 18:38:59,757 [INFO] PluginManager:220 - loadIPPluginJar : add i3c
2023-10-01 18:38:59,817 [INFO] IPUIPlugin:80 - create IPUIPlugin
2023-10-01 18:38:59,817 [INFO] PluginManager:220 - loadIPPluginJar : add ipddr
2023-10-01 18:38:59,874 [INFO] IPUIPlugin:80 - create IPUIPlugin
2023-10-01 18:38:59,874 [INFO] PluginManager:220 - loadIPPluginJar : add linkedlist
2023-10-01 18:38:59,895 [INFO] IPUIPlugin:80 - create IPUIPlugin
2023-10-01 18:38:59,896 [INFO] PluginManager:220 - loadIPPluginJar : add lorawan
2023-10-01 18:38:59,917 [INFO] IPUIPlugin:80 - create IPUIPlugin
2023-10-01 18:38:59,917 [INFO] PluginManager:220 - loadIPPluginJar : add ltdc
2023-10-01 18:38:59,927 [INFO] IPUIPlugin:80 - create IPUIPlugin
2023-10-01 18:38:59,928 [INFO] PluginManager:220 - loadIPPluginJar : add mdma
2023-10-01 18:38:59,936 [INFO] IPUIPlugin:80 - create IPUIPlugin
2023-10-01 18:38:59,936 [INFO] PluginManager:220 - loadIPPluginJar : add nvic
2023-10-01 18:38:59,958 [INFO] IPUIPlugin:80 - create IPUIPlugin
2023-10-01 18:38:59,958 [INFO] PluginManager:220 - loadIPPluginJar : add opamp
2023-10-01 18:38:59,995 [INFO] IPUIPlugin:80 - create IPUIPlugin
2023-10-01 18:38:59,995 [INFO] PluginManager:220 - loadIPPluginJar : add openamp
2023-10-01 18:39:00,024 [INFO] IPUIPlugin:80 - create IPUIPlugin
2023-10-01 18:39:00,024 [INFO] PluginManager:220 - loadIPPluginJar : add pdm2pcm
2023-10-01 18:39:00,035 [INFO] IPUIPlugin:80 - create IPUIPlugin
2023-10-01 18:39:00,036 [INFO] PluginManager:220 - loadIPPluginJar : add plateformsettings
2023-10-01 18:39:00,052 [INFO] IPUIPlugin:80 - create IPUIPlugin
2023-10-01 18:39:00,053 [INFO] PluginManager:220 - loadIPPluginJar : add quadspi
2023-10-01 18:39:00,062 [INFO] IPUIPlugin:80 - create IPUIPlugin
2023-10-01 18:39:00,062 [INFO] PluginManager:220 - loadIPPluginJar : add resmgrutility
2023-10-01 18:39:00,095 [INFO] IPUIPlugin:80 - create IPUIPlugin
2023-10-01 18:39:00,095 [INFO] PluginManager:220 - loadIPPluginJar : add sai
2023-10-01 18:39:00,119 [INFO] IPUIPlugin:80 - create IPUIPlugin
2023-10-01 18:39:00,119 [INFO] PluginManager:220 - loadIPPluginJar : add spi
2023-10-01 18:39:00,154 [INFO] IPUIPlugin:80 - create IPUIPlugin
2023-10-01 18:39:00,154 [INFO] PluginManager:220 - loadIPPluginJar : add stm32_wpan
2023-10-01 18:39:00,169 [INFO] IPUIPlugin:80 - create IPUIPlugin
2023-10-01 18:39:00,169 [INFO] PluginManager:220 - loadIPPluginJar : add tim
2023-10-01 18:39:00,205 [INFO] IPUIPlugin:80 - create IPUIPlugin
2023-10-01 18:39:00,205 [INFO] PluginManager:220 - loadIPPluginJar : add touchsensing
2023-10-01 18:39:00,221 [INFO] IPUIPlugin:80 - create IPUIPlugin
2023-10-01 18:39:00,222 [INFO] PluginManager:220 - loadIPPluginJar : add tracer_emb
2023-10-01 18:39:00,238 [INFO] IPUIPlugin:80 - create IPUIPlugin
2023-10-01 18:39:00,238 [INFO] PluginManager:220 - loadIPPluginJar : add ts
2023-10-01 18:39:00,251 [INFO] IPUIPlugin:80 - create IPUIPlugin
2023-10-01 18:39:00,251 [INFO] PluginManager:220 - loadIPPluginJar : add tsc
2023-10-01 18:39:00,266 [INFO] IPUIPlugin:80 - create IPUIPlugin
2023-10-01 18:39:00,266 [INFO] PluginManager:220 - loadIPPluginJar : add ucpd
2023-10-01 18:39:00,294 [INFO] IPUIPlugin:80 - create IPUIPlugin
2023-10-01 18:39:00,294 [INFO] PluginManager:220 - loadIPPluginJar : add usart
2023-10-01 18:39:00,322 [INFO] IPUIPlugin:80 - create IPUIPlugin
2023-10-01 18:39:00,322 [INFO] PluginManager:220 - loadIPPluginJar : add usbx
2023-10-01 18:39:00,436 [INFO] CADModel:165 - CPN selected for project level
2023-10-01 18:39:00,437 [INFO] CADModel:114 - Register for checkConnection events
2023-10-01 18:39:00,437 [FATAL] Updater:308 - Updater called before beeing initialized
2023-10-01 18:39:00,437 [ERROR] CADModel:125 - Updater not yet initialized, retry later 
2023-10-01 18:39:00,558 [INFO] CADModel:165 - CPN selected for project level
2023-10-01 18:39:00,558 [INFO] CADModel:114 - Register for checkConnection events
2023-10-01 18:39:00,559 [FATAL] Updater:308 - Updater called before beeing initialized
2023-10-01 18:39:00,559 [ERROR] CADModel:125 - Updater not yet initialized, retry later 
2023-10-01 18:39:00,562 [FATAL] Updater:308 - Updater called before beeing initialized
2023-10-01 18:39:00,693 [FATAL] Updater:308 - Updater called before beeing initialized
2023-10-01 18:39:00,703 [INFO] DbMcusAds:53 - JSON generation date=Tue Mar 07 15:50:55 ICT 2023 (1678179055114)
2023-10-01 18:39:00,704 [FATAL] Updater:308 - Updater called before beeing initialized
2023-10-01 18:39:00,739 [WARN] DetailPanel:346 - Failed to get advertising image, set to default
2023-10-01 18:39:00,810 [FATAL] Updater:308 - Updater called before beeing initialized
2023-10-01 18:39:00,811 [FATAL] Updater:308 - Updater called before beeing initialized
2023-10-01 18:39:00,812 [FATAL] Updater:308 - Updater called before beeing initialized
2023-10-01 18:39:00,812 [WARN] DetailPanel:346 - Failed to get advertising image, set to default
2023-10-01 18:39:00,812 [FATAL] Updater:308 - Updater called before beeing initialized
2023-10-01 18:39:00,865 [ERROR] Updater:1120 - MainUpdater not yet initialized. External WinMGr cannot be set.
2023-10-01 18:39:00,873 [INFO] Updater:1056 - Updater Version found : 6.9.0
2023-10-01 18:39:00,887 [INFO] ApplicationProperties:184 - Using Application install path: C:\ST\STM32CubeIDE_1.13.0\STM32CubeIDE\plugins\com.st.stm32cube.common.mx_6.9.0.202307051724
2023-10-01 18:39:01,739 [INFO] ThirdPartyUpdaterWithRetryManager:70 - Updater plugin not ready yet. [2/15]
2023-10-01 18:39:01,948 [INFO] MainUpdater:2868 - connection check result : 10
2023-10-01 18:39:01,949 [INFO] MainUpdater:285 - Updater Check For Update Now.
2023-10-01 18:39:01,949 [INFO] MicroXplorer:498 - Change Database Version : DB.6.0.90
2023-10-01 18:39:01,961 [INFO] McuFinderGlobals:63 - Set McuFinder mode to 2 (CubeIDE integrated)
2023-10-01 18:39:02,125 [INFO] CheckServerUpdateThread:120 - End of CheckServer Thread
2023-10-01 18:39:04,876 [WARN] PackLoader:240 - Cannot read IP mode file for STMicroelectronics.X-CUBE-SMBUS.2.1.0
2023-10-01 18:39:04,918 [WARN] PackLoader:240 - Cannot read IP mode file for STMicroelectronics.X-CUBE-AZRTOS-F7.1.1.0
2023-10-01 18:39:05,056 [WARN] PackLoader:240 - Cannot read IP mode file for STMicroelectronics.FP-SNS-MOTENV1.4.3.2
2023-10-01 18:39:05,068 [WARN] PackLoader:240 - Cannot read IP mode file for STMicroelectronics.FP-SNS-FLIGHT1.5.0.1
2023-10-01 18:39:05,081 [WARN] PackLoader:240 - Cannot read IP mode file for STMicroelectronics.X-CUBE-BLE1.6.2.4
2023-10-01 18:39:05,090 [WARN] PackLoader:240 - Cannot read IP mode file for STMicroelectronics.FP-SNS-FLIGHT1.5.0.2
2023-10-01 18:39:05,102 [WARN] PackLoader:240 - Cannot read IP mode file for STMicroelectronics.X-CUBE-DISPLAY.3.0.0
2023-10-01 18:39:05,112 [WARN] PackLoader:240 - Cannot read IP mode file for STMicroelectronics.X-CUBE-BLE1.7.0.0
2023-10-01 18:39:05,122 [WARN] PackLoader:240 - Cannot read IP mode file for emotas.I-CUBE-CANOPEN.1.3.0
2023-10-01 18:39:05,132 [WARN] PackLoader:240 - Cannot read IP mode file for STMicroelectronics.X-CUBE-TOUCHGFX.4.22.0
2023-10-01 18:39:05,140 [WARN] PackLoader:240 - Cannot read IP mode file for STMicroelectronics.FP-SNS-SMARTAG2.1.2.0
2023-10-01 18:39:05,153 [INFO] LogOutputStream:77 - [STDOUT_REDIRECT] 1 : Invalid condition id : UX_CORESTACK_Condition cause : null
2023-10-01 18:39:05,153 [INFO] LogOutputStream:77 - [STDOUT_REDIRECT] 1 : Invalid condition id : UX_CORESTACK_Condition cause : null
2023-10-01 18:39:05,154 [INFO] LogOutputStream:77 - [STDOUT_REDIRECT] 1 : Invalid condition id : UX_CORESTACK_Condition cause : null
2023-10-01 18:39:05,154 [INFO] LogOutputStream:77 - [STDOUT_REDIRECT] 1 : Invalid condition id : UX_CORESTACK_Condition cause : null
2023-10-01 18:39:05,155 [INFO] LogOutputStream:77 - [STDOUT_REDIRECT] 1 : Invalid condition id : UX_CORESTACK_Condition cause : null
2023-10-01 18:39:05,157 [WARN] PackLoader:240 - Cannot read IP mode file for STMicroelectronics.X-CUBE-AZRTOS-WL.2.0.0
2023-10-01 18:39:05,169 [WARN] PackLoader:240 - Cannot read IP mode file for WES.I-CUBE-Cesium.1.3.0
2023-10-01 18:39:05,178 [WARN] PackLoader:240 - Cannot read IP mode file for STMicroelectronics.X-CUBE-BLE2.3.3.0
2023-10-01 18:39:05,187 [WARN] PackLoader:240 - Cannot read IP mode file for STMicroelectronics.X-CUBE-ALGOBUILD.1.3.0
2023-10-01 18:39:05,206 [WARN] PackLoader:240 - Cannot read IP mode file for STMicroelectronics.X-CUBE-AZRTOS-G0.1.1.0
2023-10-01 18:39:05,216 [WARN] PackLoader:240 - Cannot read IP mode file for STMicroelectronics.X-CUBE-NFC4.3.0.0
2023-10-01 18:39:05,230 [WARN] PackLoader:240 - Cannot read IP mode file for STMicroelectronics.FP-ATR-SIGFOX1.3.2.0
2023-10-01 18:39:05,261 [WARN] PackLoader:240 - Cannot read IP mode file for SEGGER.I-CUBE-embOS.1.3.1
2023-10-01 18:39:05,288 [WARN] PackLoader:240 - Cannot read IP mode file for STMicroelectronics.X-CUBE-GNSS1.6.0.0
2023-10-01 18:39:05,308 [WARN] PackLoader:240 - Cannot read IP mode file for STMicroelectronics.X-CUBE-AZRTOS-F4.1.1.0
2023-10-01 18:39:05,320 [WARN] PackLoader:240 - Cannot read IP mode file for wolfSSL.I-CUBE-wolfSSL.5.6.3
2023-10-01 18:39:05,341 [WARN] PackLoader:240 - Cannot read IP mode file for STMicroelectronics.X-CUBE-AZRTOS-L5.2.0.0
2023-10-01 18:39:05,373 [WARN] PackLoader:240 - Cannot read IP mode file for STMicroelectronics.X-CUBE-MEMS1.9.6.0
2023-10-01 18:39:05,489 [WARN] PackLoader:240 - Cannot read IP mode file for STMicroelectronics.X-CUBE-BLEMGR.2.0.0
2023-10-01 18:39:05,510 [WARN] ConditionMgr:438 - getConditionDescription Invalid condition id : UX DEVICE CLASS RTOS Condition cause : null
2023-10-01 18:39:05,510 [WARN] ConditionMgr:438 - getConditionDescription Invalid condition id : UX DEVICE CLASS RTOS Condition cause : null
2023-10-01 18:39:05,511 [WARN] PackLoader:240 - Cannot read IP mode file for STMicroelectronics.X-CUBE-AZRTOS-H7.3.1.0
2023-10-01 18:39:05,512 [WARN] ConditionMgr:1039 - genDependencies : Invalid condition id : UX DEVICE CLASS RTOS Condition cause : null
2023-10-01 18:39:05,512 [WARN] ConditionMgr:1039 - genDependencies : Invalid condition id : UX DEVICE CLASS RTOS Condition cause : null
2023-10-01 18:39:05,513 [WARN] ConditionMgr:1039 - genDependencies : Invalid condition id : UX DEVICE CLASS RTOS Condition cause : null
2023-10-01 18:39:05,513 [WARN] ConditionMgr:1039 - genDependencies : Invalid condition id : UX DEVICE CLASS RTOS Condition cause : null
2023-10-01 18:39:05,513 [WARN] ConditionMgr:1039 - genDependencies : Invalid condition id : UX DEVICE CLASS RTOS Condition cause : null
2023-10-01 18:39:05,526 [WARN] PackLoader:240 - Cannot read IP mode file for STMicroelectronics.X-CUBE-NFC7.1.0.1
2023-10-01 18:39:05,540 [WARN] PackLoader:240 - Cannot read IP mode file for STMicroelectronics.X-CUBE-NFC6.3.0.0
2023-10-01 18:39:05,554 [WARN] PackLoader:240 - Cannot read IP mode file for STMicroelectronics.X-CUBE-EEPRMA1.4.1.0
2023-10-01 18:39:05,564 [WARN] PackLoader:240 - Cannot read IP mode file for STMicroelectronics.X-CUBE-AI.8.1.0
2023-10-01 18:39:05,583 [WARN] ConditionMgr:438 - getConditionDescription Invalid condition id : LAN8742 Phy interface Condition cause : null
2023-10-01 18:39:05,583 [WARN] PackLoader:240 - Cannot read IP mode file for STMicroelectronics.X-CUBE-AZRTOS-L4.2.0.0
2023-10-01 18:39:05,584 [WARN] ConditionMgr:1039 - genDependencies : Invalid condition id : LAN8742 Phy interface Condition cause : null
2023-10-01 18:39:05,584 [WARN] ConditionMgr:1039 - genDependencies : Invalid condition id : LAN8742 Phy interface Condition cause : null
2023-10-01 18:39:05,584 [WARN] ConditionMgr:1039 - genDependencies : Invalid condition id : LAN8742 Phy interface Condition cause : null
2023-10-01 18:39:05,599 [WARN] PackLoader:240 - Cannot read IP mode file for STMicroelectronics.X-CUBE-SFXS2LP1.4.0.0
2023-10-01 18:39:05,609 [WARN] PackLoader:240 - Cannot read IP mode file for STMicroelectronics.X-CUBE-ISPU.1.1.0
2023-10-01 18:39:05,626 [WARN] ConditionMgr:438 - getConditionDescription Invalid condition id : UX DEVICE CLASS RTOS Condition cause : null
2023-10-01 18:39:05,627 [WARN] ConditionMgr:438 - getConditionDescription Invalid condition id : UX DEVICE CLASS RTOS Condition cause : null
2023-10-01 18:39:05,628 [WARN] PackLoader:240 - Cannot read IP mode file for STMicroelectronics.X-CUBE-AZRTOS-WB.2.0.0
2023-10-01 18:39:05,628 [WARN] ConditionMgr:1039 - genDependencies : Invalid condition id : UX DEVICE CLASS RTOS Condition cause : null
2023-10-01 18:39:05,628 [WARN] ConditionMgr:1039 - genDependencies : Invalid condition id : UX DEVICE CLASS RTOS Condition cause : null
2023-10-01 18:39:05,628 [WARN] ConditionMgr:1039 - genDependencies : Invalid condition id : UX DEVICE CLASS RTOS Condition cause : null
2023-10-01 18:39:05,628 [WARN] ConditionMgr:1039 - genDependencies : Invalid condition id : UX DEVICE CLASS RTOS Condition cause : null
2023-10-01 18:39:05,628 [WARN] ConditionMgr:1039 - genDependencies : Invalid condition id : UX DEVICE CLASS RTOS Condition cause : null
2023-10-01 18:39:05,639 [WARN] PackLoader:240 - Cannot read IP mode file for STMicroelectronics.X-CUBE-FREERTOS.1.0.1
2023-10-01 18:39:05,656 [WARN] PackLoader:240 - Cannot read IP mode file for STMicroelectronics.X-CUBE-AZRTOS-L5.1.1.0
2023-10-01 18:39:05,666 [WARN] PackLoader:240 - Cannot read IP mode file for STMicroelectronics.X-CUBE-AI.8.0.1
2023-10-01 18:39:05,682 [WARN] PackLoader:240 - Cannot read IP mode file for STMicroelectronics.X-CUBE-SUBG2.5.0.0
2023-10-01 18:39:05,700 [WARN] PackLoader:240 - Cannot read IP mode file for STMicroelectronics.X-CUBE-TOF1.3.3.1
2023-10-01 18:39:05,719 [WARN] PackLoader:240 - Cannot read IP mode file for STMicroelectronics.X-CUBE-AZRTOS-G4.2.0.0
2023-10-01 18:39:05,735 [WARN] PackLoader:240 - Cannot read IP mode file for STMicroelectronics.X-CUBE-TOF1.3.3.0
2023-10-01 18:39:05,747 [WARN] PackLoader:240 - Cannot read IP mode file for STMicroelectronics.X-CUBE-FREERTOS.1.1.0
2023-10-01 18:39:05,758 [WARN] PackLoader:240 - Cannot read IP mode file for portGmbH.I-Cube-SoM-uGOAL.1.1.0
2023-10-01 18:39:05,768 [WARN] PackLoader:240 - Cannot read IP mode file for STMicroelectronics.X-CUBE-ALS.1.0.1
2023-10-01 18:39:05,783 [WARN] PackLoader:240 - Cannot read IP mode file for STMicroelectronics.X-CUBE-AZRTOS-WB.1.1.0
2023-10-01 18:39:05,793 [WARN] PackLoader:240 - Cannot read IP mode file for STMicroelectronics.FP-ATR-ASTRA1.2.0.0
2023-10-01 18:39:05,795 [INFO] ThirdParty:978 - Integrity check success = true
2023-10-01 18:39:05,795 [INFO] IntegrityCheckThread:100 - exiting critical section [integrity check]
2023-10-01 18:39:05,795 [INFO] IntegrityCheckThread:103 - End integrity checks thread
2023-10-01 18:39:22,986 [ERROR] LogOutputStream:75 - [STDERR_REDIRECT] SLF4J: Failed to load class "org.slf4j.impl.StaticLoggerBinder".
2023-10-01 18:39:22,986 [ERROR] LogOutputStream:75 - [STDERR_REDIRECT] SLF4J: Defaulting to no-operation (NOP) logger implementation
2023-10-01 18:39:22,987 [ERROR] LogOutputStream:75 - [STDERR_REDIRECT] SLF4J: See http://www.slf4j.org/codes.html#StaticLoggerBinder for further details.
