2023-09-25 18:27:46,638 [INFO] Activator:176 - 


2023-09-25 18:27:46,646 [INFO] Activator:177 - !SESSION log4j initialized
2023-09-25 18:27:54,355 [INFO] LogOutputStream:77 - [STDOUT_REDIRECT] 
2023-09-25 18:27:54,660 [ERROR] ConfigurationRetriever:142 - IOException on connection: sw-center.st.com
2023-09-25 18:27:54,660 [ERROR] ConfigurationRetriever:142 - IOException on connection: sw-center.st.com
2023-09-25 18:27:54,668 [ERROR] ConfigurationRetriever:142 - IOException on connection: sw-center.st.com
2023-09-25 18:28:08,179 [INFO] ApplicationProperties:184 - Using Application install path: C:\ST\STM32CubeIDE_1.13.0\STM32CubeIDE\plugins\com.st.stm32cube.common.mx_6.9.0.202307051724
2023-09-25 18:28:08,208 [INFO] DbMcusXml:78 - Set database path to: C:\ST\STM32CubeIDE_1.13.0\STM32CubeIDE\plugins\com.st.stm32cube.common.mx_6.9.0.202307051724\\db\/mcu/
2023-09-25 18:28:08,209 [INFO] ApiDb:274 - Set plugin database path to: C:\ST\STM32CubeIDE_1.13.0\STM32CubeIDE\plugins\com.st.stm32cube.common.mx_6.9.0.202307051724\\db\/plugins/boardmanager/
2023-09-25 18:28:08,209 [WARN] ApiDb:259 - Overriding images path with different value:  => C:\ST\STM32CubeIDE_1.13.0\STM32CubeIDE\plugins\com.st.stm32cube.common.mx_6.9.0.202307051724\\db\/plugins/mcufinder/images/
2023-09-25 18:28:08,229 [INFO] ApiDb:250 - Set database path to: C:\Users\User\.stmcufinder\plugins\mcufinder//mcu/
2023-09-25 18:28:08,232 [INFO] DbMcusAds:125 - Set database path to: C:\Users\User\.stmcufinder\plugins\mcufinder//mcu/
2023-09-25 18:28:08,235 [INFO] CrossReferenceDbSqlite:203 - Set database path to: C:\Users\User\.stmcufinder\plugins\mcufinder//mcu/cs/
2023-09-25 18:28:08,429 [INFO] RulesReader:64 - Compatibility file has been processed (293 Rules)
2023-09-25 18:28:08,558 [INFO] DbMcusXml:78 - Set database path to: C:\ST\STM32CubeIDE_1.13.0\STM32CubeIDE\plugins\com.st.stm32cube.common.mx_6.9.0.202307051724\\db\/mcu/
2023-09-25 18:28:08,559 [INFO] ApiDb:274 - Set plugin database path to: C:\ST\STM32CubeIDE_1.13.0\STM32CubeIDE\plugins\com.st.stm32cube.common.mx_6.9.0.202307051724\\db\/plugins/boardmanager/
2023-09-25 18:28:08,559 [INFO] ApiDb:261 - Set plugin images path to: C:\ST\STM32CubeIDE_1.13.0\STM32CubeIDE\plugins\com.st.stm32cube.common.mx_6.9.0.202307051724\\db\/plugins/mcufinder/images/
2023-09-25 18:28:08,559 [WARN] DbFile:41 - Overriding database path with different value: C:\Users\User\.stmcufinder\plugins\mcufinder/ => C:\Users\User\.stmcufinder\plugins\mcufinder
2023-09-25 18:28:08,559 [INFO] ApiDb:250 - Set database path to: C:\Users\User\.stmcufinder\plugins\mcufinder//mcu/
2023-09-25 18:28:08,559 [WARN] DbFile:41 - Overriding database path with different value: C:\Users\User\.stmcufinder\plugins\mcufinder/ => C:\Users\User\.stmcufinder\plugins\mcufinder
2023-09-25 18:28:08,559 [INFO] DbMcusAds:125 - Set database path to: C:\Users\User\.stmcufinder\plugins\mcufinder//mcu/
2023-09-25 18:28:08,560 [WARN] DbFile:41 - Overriding database path with different value: C:\Users\User\.stmcufinder\plugins\mcufinder/ => C:\Users\User\.stmcufinder\plugins\mcufinder
2023-09-25 18:28:08,560 [WARN] DbFile:41 - Overriding database path with different value: C:\Users\User\.stmcufinder\plugins\mcufinder/ => C:\Users\User\.stmcufinder\plugins\mcufinder
2023-09-25 18:28:08,560 [INFO] CrossReferenceDbSqlite:203 - Set database path to: C:\Users\User\.stmcufinder\plugins\mcufinder//mcu/cs/
2023-09-25 18:28:08,695 [INFO] MainPanel:262 - HeapMemory: 268435456
2023-09-25 18:28:08,825 [INFO] DbMcusXml:78 - Set database path to: C:\ST\STM32CubeIDE_1.13.0\STM32CubeIDE\plugins\com.st.stm32cube.common.mx_6.9.0.202307051724\\db\/mcu/
2023-09-25 18:28:08,825 [INFO] ApiDb:274 - Set plugin database path to: C:\ST\STM32CubeIDE_1.13.0\STM32CubeIDE\plugins\com.st.stm32cube.common.mx_6.9.0.202307051724\\db\/plugins/boardmanager/
2023-09-25 18:28:08,826 [INFO] ApiDb:261 - Set plugin images path to: C:\ST\STM32CubeIDE_1.13.0\STM32CubeIDE\plugins\com.st.stm32cube.common.mx_6.9.0.202307051724\\db\/plugins/mcufinder/images/
2023-09-25 18:28:08,829 [WARN] DbFile:41 - Overriding database path with different value: C:\Users\User\.stmcufinder\plugins\mcufinder/ => C:\Users\User\.stmcufinder\plugins\mcufinder
2023-09-25 18:28:08,829 [INFO] ApiDb:250 - Set database path to: C:\Users\User\.stmcufinder\plugins\mcufinder//mcu/
2023-09-25 18:28:08,829 [WARN] DbFile:41 - Overriding database path with different value: C:\Users\User\.stmcufinder\plugins\mcufinder/ => C:\Users\User\.stmcufinder\plugins\mcufinder
2023-09-25 18:28:08,829 [INFO] DbMcusAds:125 - Set database path to: C:\Users\User\.stmcufinder\plugins\mcufinder//mcu/
2023-09-25 18:28:08,830 [WARN] DbFile:41 - Overriding database path with different value: C:\Users\User\.stmcufinder\plugins\mcufinder/ => C:\Users\User\.stmcufinder\plugins\mcufinder
2023-09-25 18:28:08,830 [WARN] DbFile:41 - Overriding database path with different value: C:\Users\User\.stmcufinder\plugins\mcufinder/ => C:\Users\User\.stmcufinder\plugins\mcufinder
2023-09-25 18:28:08,830 [INFO] CrossReferenceDbSqlite:203 - Set database path to: C:\Users\User\.stmcufinder\plugins\mcufinder//mcu/cs/
2023-09-25 18:28:08,856 [INFO] ApplicationProperties:184 - Using Application install path: C:\ST\STM32CubeIDE_1.13.0\STM32CubeIDE\plugins\com.st.stm32cube.common.mx_6.9.0.202307051724
2023-09-25 18:28:08,858 [INFO] PluginManage:196 - Search for loadable plugins [exclusion list=, ]
2023-09-25 18:28:08,860 [INFO] PluginManage:310 - Check plugin analytics
2023-09-25 18:28:09,056 [INFO] AnalyticsPlugin:253 - Accepted Software Licenses: 
2023-09-25 18:28:09,056 [INFO] AnalyticsPlugin:255 - Accepted CMSIS Pack Licenses: 
2023-09-25 18:28:09,057 [INFO] AnalyticsPlugin:257 - Accepted Firmware Licenses: FW.F7.1.17.0,FW.F4.1.27.0
2023-09-25 18:28:09,059 [INFO] PluginManage:359 - Loaded plugin analytics (category:tool,tabindex:-1)
2023-09-25 18:28:09,061 [INFO] PluginManage:310 - Check plugin cadmodel
2023-09-25 18:28:09,060 [ERROR] ConfigurationRetriever:142 - IOException on connection: sw-center.st.com
2023-09-25 18:28:09,061 [ERROR] ConfigurationRetriever:142 - IOException on connection: sw-center.st.com
2023-09-25 18:28:09,062 [ERROR] ConfigurationRetriever:142 - IOException on connection: sw-center.st.com
2023-09-25 18:28:09,140 [INFO] CADModel:105 - Init CAD model plugin
2023-09-25 18:28:09,141 [INFO] PluginManage:359 - Loaded plugin cadmodel (category:power,tabindex:5)
2023-09-25 18:28:09,141 [INFO] PluginManage:310 - Check plugin clock
2023-09-25 18:28:09,170 [INFO] PluginManage:359 - Loaded plugin clock (category:base,tabindex:2)
2023-09-25 18:28:09,170 [INFO] PluginManage:310 - Check plugin ddr
2023-09-25 18:28:09,174 [INFO] PluginManage:359 - Loaded plugin ddr (category:tool,tabindex:6)
2023-09-25 18:28:09,174 [INFO] PluginManage:310 - Check plugin filemanager
2023-09-25 18:28:09,363 [INFO] PluginManage:359 - Loaded plugin filemanager (category:base,tabindex:10)
2023-09-25 18:28:09,364 [INFO] PluginManage:310 - Check plugin ipmanager
2023-09-25 18:28:09,381 [INFO] PluginManage:359 - Loaded plugin ipmanager (category:base,tabindex:5)
2023-09-25 18:28:09,381 [INFO] PluginManage:310 - Check plugin lpbam
2023-09-25 18:28:09,447 [INFO] PluginManage:359 - Loaded plugin lpbam (category:base,tabindex:0)
2023-09-25 18:28:09,447 [INFO] PluginManage:310 - Check plugin memorymap
2023-09-25 18:28:09,528 [INFO] PluginManage:359 - Loaded plugin memorymap (category:base,tabindex:4)
2023-09-25 18:28:09,528 [INFO] PluginManage:310 - Check plugin pinoutandconfiguration
2023-09-25 18:28:09,611 [INFO] PluginManage:359 - Loaded plugin pinoutandconfiguration (category:base,tabindex:1)
2023-09-25 18:28:09,611 [INFO] PluginManage:310 - Check plugin pinoutconfig
2023-09-25 18:28:10,082 [WARN] SupportedApi:132 - Cannot load RTOS API schema: s4s-elt-must-match.1: The content of 'definitions' must match (annotation?, (simpleType | complexType)?, (unique | key | keyref)*)). A problem was found starting at: attribute.
2023-09-25 18:28:10,920 [INFO] PluginManage:359 - Loaded plugin pinoutconfig (category:base,tabindex:0)
2023-09-25 18:28:10,920 [INFO] PluginManage:310 - Check plugin power
2023-09-25 18:28:11,008 [INFO] PluginManage:359 - Loaded plugin power (category:power,tabindex:4)
2023-09-25 18:28:11,008 [INFO] PluginManage:310 - Check plugin projectmanager
2023-09-25 18:28:11,096 [INFO] PluginManage:359 - Loaded plugin projectmanager (category:projectmanager,tabindex:3)
2023-09-25 18:28:11,096 [INFO] PluginManage:310 - Check plugin thirdparty
2023-09-25 18:28:12,407 [INFO] PluginManage:359 - Loaded plugin thirdparty (category:base,tabindex:-1)
2023-09-25 18:28:12,407 [INFO] PluginManage:310 - Check plugin tools
2023-09-25 18:28:12,415 [WARN] IntegrityCheckThread:84 - waiting for thirdparty lock release [integrity check]
2023-09-25 18:28:12,423 [INFO] IntegrityCheckThread:86 - entering critical section [integrity check]
2023-09-25 18:28:12,423 [INFO] ThirdPartyUpdaterWithRetryManager:70 - Updater plugin not ready yet. [1/15]
2023-09-25 18:28:12,511 [INFO] PluginManage:359 - Loaded plugin tools (category:base,tabindex:7)
2023-09-25 18:28:12,511 [INFO] PluginManage:310 - Check plugin tutovideos
2023-09-25 18:28:13,218 [INFO] PluginManage:359 - Loaded plugin tutovideos (category:base,tabindex:-1)
2023-09-25 18:28:13,218 [INFO] PluginManage:310 - Check plugin updater
2023-09-25 18:28:13,258 [INFO] PluginManage:359 - Loaded plugin updater (category:base,tabindex:12)
2023-09-25 18:28:13,258 [INFO] PluginManage:310 - Check plugin userauth
2023-09-25 18:28:13,282 [INFO] UserAuth:113 - Init User Auth plugin
2023-09-25 18:28:13,282 [INFO] PluginManage:359 - Loaded plugin userauth (category:base,tabindex:14)
2023-09-25 18:28:13,282 [INFO] PluginManage:283 - PluginManage : Loaded plugins [17]
2023-09-25 18:28:14,154 [INFO] PinOutPanel:1499 - setPackage(No Configuration,No Configuration)
2023-09-25 18:28:14,604 [INFO] CADModel:165 - CPN selected for project level
2023-09-25 18:28:14,604 [INFO] CADModel:114 - Register for checkConnection events
2023-09-25 18:28:14,709 [INFO] IPUIPlugin:80 - create IPUIPlugin
2023-09-25 18:28:14,709 [INFO] PluginManager:220 - loadIPPluginJar : add adc
2023-09-25 18:28:14,853 [INFO] IPUIPlugin:80 - create IPUIPlugin
2023-09-25 18:28:14,853 [INFO] PluginManager:220 - loadIPPluginJar : add aes
2023-09-25 18:28:14,975 [INFO] IPUIPlugin:80 - create IPUIPlugin
2023-09-25 18:28:14,975 [INFO] PluginManager:220 - loadIPPluginJar : add can
2023-09-25 18:28:15,048 [INFO] IPUIPlugin:80 - create IPUIPlugin
2023-09-25 18:28:15,048 [INFO] PluginManager:220 - loadIPPluginJar : add comp
2023-09-25 18:28:15,152 [INFO] IPUIPlugin:80 - create IPUIPlugin
2023-09-25 18:28:15,152 [INFO] PluginManager:220 - loadIPPluginJar : add cryp
2023-09-25 18:28:15,248 [INFO] IPUIPlugin:80 - create IPUIPlugin
2023-09-25 18:28:15,248 [INFO] PluginManager:220 - loadIPPluginJar : add dfsdm
2023-09-25 18:28:15,288 [INFO] IPUIPlugin:80 - create IPUIPlugin
2023-09-25 18:28:15,288 [INFO] PluginManager:220 - loadIPPluginJar : add dma
2023-09-25 18:28:15,408 [INFO] IPUIPlugin:80 - create IPUIPlugin
2023-09-25 18:28:15,408 [INFO] PluginManager:220 - loadIPPluginJar : add dma3
2023-09-25 18:28:15,440 [INFO] ThirdPartyUpdaterWithRetryManager:70 - Updater plugin not ready yet. [2/15]
2023-09-25 18:28:15,464 [INFO] IPUIPlugin:80 - create IPUIPlugin
2023-09-25 18:28:15,464 [INFO] PluginManager:220 - loadIPPluginJar : add fatfs
2023-09-25 18:28:15,585 [INFO] IPUIPlugin:80 - create IPUIPlugin
2023-09-25 18:28:15,585 [INFO] PluginManager:220 - loadIPPluginJar : add fmc
2023-09-25 18:28:15,617 [INFO] IPUIPlugin:80 - create IPUIPlugin
2023-09-25 18:28:15,617 [INFO] PluginManager:220 - loadIPPluginJar : add freertos
2023-09-25 18:28:15,668 [INFO] IPUIPlugin:80 - create IPUIPlugin
2023-09-25 18:28:15,668 [INFO] PluginManager:220 - loadIPPluginJar : add genericplugin
2023-09-25 18:28:15,923 [INFO] IPUIPlugin:80 - create IPUIPlugin
2023-09-25 18:28:15,923 [INFO] PluginManager:220 - loadIPPluginJar : add gfxmmu
2023-09-25 18:28:16,253 [INFO] IPUIPlugin:80 - create IPUIPlugin
2023-09-25 18:28:16,253 [INFO] PluginManager:220 - loadIPPluginJar : add gic
2023-09-25 18:28:16,285 [INFO] IPUIPlugin:80 - create IPUIPlugin
2023-09-25 18:28:16,285 [INFO] PluginManager:220 - loadIPPluginJar : add gpio
2023-09-25 18:28:16,619 [INFO] IPUIPlugin:80 - create IPUIPlugin
2023-09-25 18:28:16,619 [INFO] PluginManager:220 - loadIPPluginJar : add gtzc
2023-09-25 18:28:16,967 [INFO] IPUIPlugin:80 - create IPUIPlugin
2023-09-25 18:28:16,967 [INFO] PluginManager:220 - loadIPPluginJar : add hash
2023-09-25 18:28:17,082 [INFO] IPUIPlugin:80 - create IPUIPlugin
2023-09-25 18:28:17,082 [INFO] PluginManager:220 - loadIPPluginJar : add i2c
2023-09-25 18:28:17,214 [INFO] IPUIPlugin:80 - create IPUIPlugin
2023-09-25 18:28:17,214 [INFO] PluginManager:220 - loadIPPluginJar : add i2s
2023-09-25 18:28:17,287 [INFO] IPUIPlugin:80 - create IPUIPlugin
2023-09-25 18:28:17,287 [INFO] PluginManager:220 - loadIPPluginJar : add i3c
2023-09-25 18:28:17,793 [INFO] IPUIPlugin:80 - create IPUIPlugin
2023-09-25 18:28:17,793 [INFO] PluginManager:220 - loadIPPluginJar : add ipddr
2023-09-25 18:28:18,023 [INFO] IPUIPlugin:80 - create IPUIPlugin
2023-09-25 18:28:18,023 [INFO] PluginManager:220 - loadIPPluginJar : add linkedlist
2023-09-25 18:28:18,089 [INFO] IPUIPlugin:80 - create IPUIPlugin
2023-09-25 18:28:18,089 [INFO] PluginManager:220 - loadIPPluginJar : add lorawan
2023-09-25 18:28:18,154 [INFO] IPUIPlugin:80 - create IPUIPlugin
2023-09-25 18:28:18,154 [INFO] PluginManager:220 - loadIPPluginJar : add ltdc
2023-09-25 18:28:18,251 [INFO] IPUIPlugin:80 - create IPUIPlugin
2023-09-25 18:28:18,251 [INFO] PluginManager:220 - loadIPPluginJar : add mdma
2023-09-25 18:28:18,349 [INFO] IPUIPlugin:80 - create IPUIPlugin
2023-09-25 18:28:18,349 [INFO] PluginManager:220 - loadIPPluginJar : add nvic
2023-09-25 18:28:18,519 [INFO] ThirdPartyUpdaterWithRetryManager:70 - Updater plugin not ready yet. [3/15]
2023-09-25 18:28:18,544 [INFO] IPUIPlugin:80 - create IPUIPlugin
2023-09-25 18:28:18,544 [INFO] PluginManager:220 - loadIPPluginJar : add opamp
2023-09-25 18:28:18,659 [INFO] IPUIPlugin:80 - create IPUIPlugin
2023-09-25 18:28:18,659 [INFO] PluginManager:220 - loadIPPluginJar : add openamp
2023-09-25 18:28:18,731 [INFO] IPUIPlugin:80 - create IPUIPlugin
2023-09-25 18:28:18,731 [INFO] PluginManager:220 - loadIPPluginJar : add pdm2pcm
2023-09-25 18:28:18,755 [INFO] IPUIPlugin:80 - create IPUIPlugin
2023-09-25 18:28:18,764 [INFO] PluginManager:220 - loadIPPluginJar : add plateformsettings
2023-09-25 18:28:18,804 [INFO] IPUIPlugin:80 - create IPUIPlugin
2023-09-25 18:28:18,804 [INFO] PluginManager:220 - loadIPPluginJar : add quadspi
2023-09-25 18:28:18,837 [INFO] IPUIPlugin:80 - create IPUIPlugin
2023-09-25 18:28:18,837 [INFO] PluginManager:220 - loadIPPluginJar : add resmgrutility
2023-09-25 18:28:18,919 [INFO] IPUIPlugin:80 - create IPUIPlugin
2023-09-25 18:28:18,919 [INFO] PluginManager:220 - loadIPPluginJar : add sai
2023-09-25 18:28:18,976 [INFO] IPUIPlugin:80 - create IPUIPlugin
2023-09-25 18:28:18,976 [INFO] PluginManager:220 - loadIPPluginJar : add spi
2023-09-25 18:28:19,344 [INFO] IPUIPlugin:80 - create IPUIPlugin
2023-09-25 18:28:19,344 [INFO] PluginManager:220 - loadIPPluginJar : add stm32_wpan
2023-09-25 18:28:19,532 [INFO] IPUIPlugin:80 - create IPUIPlugin
2023-09-25 18:28:19,532 [INFO] PluginManager:220 - loadIPPluginJar : add tim
2023-09-25 18:28:19,994 [INFO] IPUIPlugin:80 - create IPUIPlugin
2023-09-25 18:28:19,994 [INFO] PluginManager:220 - loadIPPluginJar : add touchsensing
2023-09-25 18:28:20,043 [INFO] IPUIPlugin:80 - create IPUIPlugin
2023-09-25 18:28:20,043 [INFO] PluginManager:220 - loadIPPluginJar : add tracer_emb
2023-09-25 18:28:20,100 [INFO] IPUIPlugin:80 - create IPUIPlugin
2023-09-25 18:28:20,100 [INFO] PluginManager:220 - loadIPPluginJar : add ts
2023-09-25 18:28:20,158 [INFO] IPUIPlugin:80 - create IPUIPlugin
2023-09-25 18:28:20,166 [INFO] PluginManager:220 - loadIPPluginJar : add tsc
2023-09-25 18:28:20,222 [INFO] IPUIPlugin:80 - create IPUIPlugin
2023-09-25 18:28:20,222 [INFO] PluginManager:220 - loadIPPluginJar : add ucpd
2023-09-25 18:28:20,337 [INFO] IPUIPlugin:80 - create IPUIPlugin
2023-09-25 18:28:20,337 [INFO] PluginManager:220 - loadIPPluginJar : add usart
2023-09-25 18:28:20,484 [INFO] IPUIPlugin:80 - create IPUIPlugin
2023-09-25 18:28:20,484 [INFO] PluginManager:220 - loadIPPluginJar : add usbx
2023-09-25 18:28:20,748 [INFO] CADModel:165 - CPN selected for project level
2023-09-25 18:28:20,748 [INFO] CADModel:114 - Register for checkConnection events
2023-09-25 18:28:20,756 [FATAL] Updater:308 - Updater called before beeing initialized
2023-09-25 18:28:20,756 [ERROR] CADModel:125 - Updater not yet initialized, retry later 
2023-09-25 18:28:21,232 [INFO] CADModel:165 - CPN selected for project level
2023-09-25 18:28:21,232 [INFO] CADModel:114 - Register for checkConnection events
2023-09-25 18:28:21,232 [FATAL] Updater:308 - Updater called before beeing initialized
2023-09-25 18:28:21,232 [ERROR] CADModel:125 - Updater not yet initialized, retry later 
2023-09-25 18:28:21,248 [FATAL] Updater:308 - Updater called before beeing initialized
2023-09-25 18:28:21,542 [INFO] ThirdPartyUpdaterWithRetryManager:70 - Updater plugin not ready yet. [4/15]
2023-09-25 18:28:21,732 [FATAL] Updater:308 - Updater called before beeing initialized
2023-09-25 18:28:21,764 [INFO] DbMcusAds:53 - JSON generation date=Tue Mar 07 15:50:55 ICT 2023 (1678179055114)
2023-09-25 18:28:21,764 [FATAL] Updater:308 - Updater called before beeing initialized
2023-09-25 18:28:21,903 [WARN] DetailPanel:346 - Failed to get advertising image, set to default
2023-09-25 18:28:22,596 [FATAL] Updater:308 - Updater called before beeing initialized
2023-09-25 18:28:22,604 [FATAL] Updater:308 - Updater called before beeing initialized
2023-09-25 18:28:22,604 [FATAL] Updater:308 - Updater called before beeing initialized
2023-09-25 18:28:22,604 [WARN] DetailPanel:346 - Failed to get advertising image, set to default
2023-09-25 18:28:22,604 [FATAL] Updater:308 - Updater called before beeing initialized
2023-09-25 18:28:22,917 [ERROR] Updater:1120 - MainUpdater not yet initialized. External WinMGr cannot be set.
2023-09-25 18:28:22,942 [INFO] Updater:1056 - Updater Version found : 6.9.0
2023-09-25 18:28:22,983 [INFO] ApplicationProperties:184 - Using Application install path: C:\ST\STM32CubeIDE_1.13.0\STM32CubeIDE\plugins\com.st.stm32cube.common.mx_6.9.0.202307051724
2023-09-25 18:28:23,425 [ERROR] ServerAccessManage:1146 - Warning during Server Connection :  Unknown host sw-center.st.com
2023-09-25 18:28:23,441 [INFO] MainUpdater:2868 - connection check result : 22
2023-09-25 18:28:23,441 [INFO] MainUpdater:285 - Updater Check For Update Now.
2023-09-25 18:28:23,441 [INFO] MicroXplorer:498 - Change Database Version : DB.6.0.90
2023-09-25 18:28:23,505 [INFO] McuFinderGlobals:63 - Set McuFinder mode to 2 (CubeIDE integrated)
2023-09-25 18:28:23,933 [INFO] CheckServerUpdateThread:120 - End of CheckServer Thread
2023-09-25 18:28:25,897 [WARN] PackLoader:240 - Cannot read IP mode file for STMicroelectronics.X-CUBE-SMBUS.2.1.0
2023-09-25 18:28:26,115 [WARN] PackLoader:240 - Cannot read IP mode file for STMicroelectronics.X-CUBE-AZRTOS-F7.1.1.0
2023-09-25 18:28:26,203 [WARN] PackLoader:240 - Cannot read IP mode file for STMicroelectronics.FP-SNS-MOTENV1.4.3.2
2023-09-25 18:28:26,252 [WARN] PackLoader:240 - Cannot read IP mode file for STMicroelectronics.FP-SNS-FLIGHT1.5.0.1
2023-09-25 18:28:26,292 [WARN] PackLoader:240 - Cannot read IP mode file for STMicroelectronics.X-CUBE-BLE1.6.2.4
2023-09-25 18:28:26,324 [WARN] PackLoader:240 - Cannot read IP mode file for STMicroelectronics.FP-SNS-FLIGHT1.5.0.2
2023-09-25 18:28:26,381 [WARN] PackLoader:240 - Cannot read IP mode file for STMicroelectronics.X-CUBE-DISPLAY.3.0.0
2023-09-25 18:28:26,445 [WARN] PackLoader:240 - Cannot read IP mode file for STMicroelectronics.X-CUBE-BLE1.7.0.0
2023-09-25 18:28:26,485 [WARN] PackLoader:240 - Cannot read IP mode file for emotas.I-CUBE-CANOPEN.1.3.0
2023-09-25 18:28:26,542 [WARN] PackLoader:240 - Cannot read IP mode file for STMicroelectronics.X-CUBE-TOUCHGFX.4.22.0
2023-09-25 18:28:26,582 [WARN] PackLoader:240 - Cannot read IP mode file for STMicroelectronics.FP-SNS-SMARTAG2.1.2.0
2023-09-25 18:28:26,665 [INFO] LogOutputStream:77 - [STDOUT_REDIRECT] 1 : Invalid condition id : UX_CORESTACK_Condition cause : null
2023-09-25 18:28:26,665 [INFO] LogOutputStream:77 - [STDOUT_REDIRECT] 1 : Invalid condition id : UX_CORESTACK_Condition cause : null
2023-09-25 18:28:26,674 [INFO] LogOutputStream:77 - [STDOUT_REDIRECT] 1 : Invalid condition id : UX_CORESTACK_Condition cause : null
2023-09-25 18:28:26,674 [INFO] LogOutputStream:77 - [STDOUT_REDIRECT] 1 : Invalid condition id : UX_CORESTACK_Condition cause : null
2023-09-25 18:28:26,681 [INFO] LogOutputStream:77 - [STDOUT_REDIRECT] 1 : Invalid condition id : UX_CORESTACK_Condition cause : null
2023-09-25 18:28:26,690 [WARN] PackLoader:240 - Cannot read IP mode file for STMicroelectronics.X-CUBE-AZRTOS-WL.2.0.0
2023-09-25 18:28:26,738 [WARN] PackLoader:240 - Cannot read IP mode file for WES.I-CUBE-Cesium.1.3.0
2023-09-25 18:28:26,779 [WARN] PackLoader:240 - Cannot read IP mode file for STMicroelectronics.X-CUBE-BLE2.3.3.0
2023-09-25 18:28:26,828 [WARN] PackLoader:240 - Cannot read IP mode file for STMicroelectronics.X-CUBE-ALGOBUILD.1.3.0
2023-09-25 18:28:26,951 [WARN] PackLoader:240 - Cannot read IP mode file for STMicroelectronics.X-CUBE-AZRTOS-G0.1.1.0
2023-09-25 18:28:26,999 [WARN] PackLoader:240 - Cannot read IP mode file for STMicroelectronics.X-CUBE-NFC4.3.0.0
2023-09-25 18:28:27,039 [WARN] PackLoader:240 - Cannot read IP mode file for STMicroelectronics.FP-ATR-SIGFOX1.3.2.0
2023-09-25 18:28:27,240 [WARN] PackLoader:240 - Cannot read IP mode file for SEGGER.I-CUBE-embOS.1.3.1
2023-09-25 18:28:27,482 [WARN] PackLoader:240 - Cannot read IP mode file for STMicroelectronics.X-CUBE-GNSS1.6.0.0
2023-09-25 18:28:27,561 [WARN] PackLoader:240 - Cannot read IP mode file for STMicroelectronics.X-CUBE-AZRTOS-F4.1.1.0
2023-09-25 18:28:27,609 [WARN] PackLoader:240 - Cannot read IP mode file for wolfSSL.I-CUBE-wolfSSL.5.6.3
2023-09-25 18:28:27,737 [WARN] PackLoader:240 - Cannot read IP mode file for STMicroelectronics.X-CUBE-AZRTOS-L5.2.0.0
2023-09-25 18:28:27,900 [WARN] PackLoader:240 - Cannot read IP mode file for STMicroelectronics.X-CUBE-MEMS1.9.6.0
2023-09-25 18:28:28,603 [WARN] PackLoader:240 - Cannot read IP mode file for STMicroelectronics.X-CUBE-BLEMGR.2.0.0
2023-09-25 18:28:28,668 [WARN] ConditionMgr:438 - getConditionDescription Invalid condition id : UX DEVICE CLASS RTOS Condition cause : null
2023-09-25 18:28:28,668 [WARN] ConditionMgr:438 - getConditionDescription Invalid condition id : UX DEVICE CLASS RTOS Condition cause : null
2023-09-25 18:28:28,683 [WARN] PackLoader:240 - Cannot read IP mode file for STMicroelectronics.X-CUBE-AZRTOS-H7.3.1.0
2023-09-25 18:28:28,684 [WARN] ConditionMgr:1039 - genDependencies : Invalid condition id : UX DEVICE CLASS RTOS Condition cause : null
2023-09-25 18:28:28,684 [WARN] ConditionMgr:1039 - genDependencies : Invalid condition id : UX DEVICE CLASS RTOS Condition cause : null
2023-09-25 18:28:28,684 [WARN] ConditionMgr:1039 - genDependencies : Invalid condition id : UX DEVICE CLASS RTOS Condition cause : null
2023-09-25 18:28:28,684 [WARN] ConditionMgr:1039 - genDependencies : Invalid condition id : UX DEVICE CLASS RTOS Condition cause : null
2023-09-25 18:28:28,684 [WARN] ConditionMgr:1039 - genDependencies : Invalid condition id : UX DEVICE CLASS RTOS Condition cause : null
2023-09-25 18:28:28,724 [WARN] PackLoader:240 - Cannot read IP mode file for STMicroelectronics.X-CUBE-NFC7.1.0.1
2023-09-25 18:28:28,756 [WARN] PackLoader:240 - Cannot read IP mode file for STMicroelectronics.X-CUBE-NFC6.3.0.0
2023-09-25 18:28:28,796 [WARN] PackLoader:240 - Cannot read IP mode file for STMicroelectronics.X-CUBE-EEPRMA1.4.1.0
2023-09-25 18:28:28,829 [WARN] PackLoader:240 - Cannot read IP mode file for STMicroelectronics.X-CUBE-AI.8.1.0
2023-09-25 18:28:28,903 [WARN] ConditionMgr:438 - getConditionDescription Invalid condition id : LAN8742 Phy interface Condition cause : null
2023-09-25 18:28:28,903 [WARN] PackLoader:240 - Cannot read IP mode file for STMicroelectronics.X-CUBE-AZRTOS-L4.2.0.0
2023-09-25 18:28:28,911 [WARN] ConditionMgr:1039 - genDependencies : Invalid condition id : LAN8742 Phy interface Condition cause : null
2023-09-25 18:28:28,911 [WARN] ConditionMgr:1039 - genDependencies : Invalid condition id : LAN8742 Phy interface Condition cause : null
2023-09-25 18:28:28,911 [WARN] ConditionMgr:1039 - genDependencies : Invalid condition id : LAN8742 Phy interface Condition cause : null
2023-09-25 18:28:28,960 [WARN] PackLoader:240 - Cannot read IP mode file for STMicroelectronics.X-CUBE-SFXS2LP1.4.0.0
2023-09-25 18:28:29,001 [WARN] PackLoader:240 - Cannot read IP mode file for STMicroelectronics.X-CUBE-ISPU.1.1.0
2023-09-25 18:28:29,042 [WARN] ConditionMgr:438 - getConditionDescription Invalid condition id : UX DEVICE CLASS RTOS Condition cause : null
2023-09-25 18:28:29,042 [WARN] ConditionMgr:438 - getConditionDescription Invalid condition id : UX DEVICE CLASS RTOS Condition cause : null
2023-09-25 18:28:29,042 [WARN] PackLoader:240 - Cannot read IP mode file for STMicroelectronics.X-CUBE-AZRTOS-WB.2.0.0
2023-09-25 18:28:29,042 [WARN] ConditionMgr:1039 - genDependencies : Invalid condition id : UX DEVICE CLASS RTOS Condition cause : null
2023-09-25 18:28:29,042 [WARN] ConditionMgr:1039 - genDependencies : Invalid condition id : UX DEVICE CLASS RTOS Condition cause : null
2023-09-25 18:28:29,050 [WARN] ConditionMgr:1039 - genDependencies : Invalid condition id : UX DEVICE CLASS RTOS Condition cause : null
2023-09-25 18:28:29,050 [WARN] ConditionMgr:1039 - genDependencies : Invalid condition id : UX DEVICE CLASS RTOS Condition cause : null
2023-09-25 18:28:29,050 [WARN] ConditionMgr:1039 - genDependencies : Invalid condition id : UX DEVICE CLASS RTOS Condition cause : null
2023-09-25 18:28:29,083 [WARN] PackLoader:240 - Cannot read IP mode file for STMicroelectronics.X-CUBE-FREERTOS.1.0.1
2023-09-25 18:28:29,202 [WARN] PackLoader:240 - Cannot read IP mode file for STMicroelectronics.X-CUBE-AZRTOS-L5.1.1.0
2023-09-25 18:28:29,234 [WARN] PackLoader:240 - Cannot read IP mode file for STMicroelectronics.X-CUBE-AI.8.0.1
2023-09-25 18:28:29,290 [WARN] PackLoader:240 - Cannot read IP mode file for STMicroelectronics.X-CUBE-SUBG2.5.0.0
2023-09-25 18:28:29,378 [WARN] PackLoader:240 - Cannot read IP mode file for STMicroelectronics.X-CUBE-TOF1.3.3.1
2023-09-25 18:28:29,459 [WARN] PackLoader:240 - Cannot read IP mode file for STMicroelectronics.X-CUBE-AZRTOS-G4.2.0.0
2023-09-25 18:28:29,523 [WARN] PackLoader:240 - Cannot read IP mode file for STMicroelectronics.X-CUBE-TOF1.3.3.0
2023-09-25 18:28:29,571 [WARN] PackLoader:240 - Cannot read IP mode file for STMicroelectronics.X-CUBE-FREERTOS.1.1.0
2023-09-25 18:28:29,603 [WARN] PackLoader:240 - Cannot read IP mode file for portGmbH.I-Cube-SoM-uGOAL.1.1.0
2023-09-25 18:28:29,635 [WARN] PackLoader:240 - Cannot read IP mode file for STMicroelectronics.X-CUBE-ALS.1.0.1
2023-09-25 18:28:29,700 [WARN] PackLoader:240 - Cannot read IP mode file for STMicroelectronics.X-CUBE-AZRTOS-WB.1.1.0
2023-09-25 18:28:29,732 [WARN] PackLoader:240 - Cannot read IP mode file for STMicroelectronics.FP-ATR-ASTRA1.2.0.0
2023-09-25 18:28:29,732 [INFO] ThirdParty:978 - Integrity check success = true
2023-09-25 18:28:29,732 [INFO] IntegrityCheckThread:100 - exiting critical section [integrity check]
2023-09-25 18:28:29,732 [INFO] IntegrityCheckThread:103 - End integrity checks thread
2023-09-25 18:28:48,239 [ERROR] LogOutputStream:75 - [STDERR_REDIRECT] SLF4J: Failed to load class "org.slf4j.impl.StaticLoggerBinder".
2023-09-25 18:28:48,239 [ERROR] LogOutputStream:75 - [STDERR_REDIRECT] SLF4J: Defaulting to no-operation (NOP) logger implementation
2023-09-25 18:28:48,248 [ERROR] LogOutputStream:75 - [STDERR_REDIRECT] SLF4J: See http://www.slf4j.org/codes.html#StaticLoggerBinder for further details.
