2023-09-14 19:05:27,775 [INFO] Activator:176 - 


2023-09-14 19:05:27,780 [INFO] Activator:177 - !SESSION log4j initialized
2023-09-14 19:05:32,299 [INFO] LogOutputStream:77 - [STDOUT_REDIRECT] 
2023-09-14 19:05:32,548 [ERROR] ConfigurationRetriever:142 - IOException on connection: sw-center.st.com
2023-09-14 19:05:32,549 [ERROR] ConfigurationRetriever:142 - IOException on connection: sw-center.st.com
2023-09-14 19:05:32,550 [ERROR] ConfigurationRetriever:142 - IOException on connection: sw-center.st.com
2023-09-14 19:05:36,126 [INFO] ApplicationProperties:184 - Using Application install path: C:\ST\STM32CubeIDE_1.13.0\STM32CubeIDE\plugins\com.st.stm32cube.common.mx_6.9.0.202307051724
2023-09-14 19:05:36,144 [INFO] DbMcusXml:78 - Set database path to: C:\ST\STM32CubeIDE_1.13.0\STM32CubeIDE\plugins\com.st.stm32cube.common.mx_6.9.0.202307051724\\db\/mcu/
2023-09-14 19:05:36,144 [INFO] ApiDb:274 - Set plugin database path to: C:\ST\STM32CubeIDE_1.13.0\STM32CubeIDE\plugins\com.st.stm32cube.common.mx_6.9.0.202307051724\\db\/plugins/boardmanager/
2023-09-14 19:05:36,144 [WARN] ApiDb:259 - Overriding images path with different value:  => C:\ST\STM32CubeIDE_1.13.0\STM32CubeIDE\plugins\com.st.stm32cube.common.mx_6.9.0.202307051724\\db\/plugins/mcufinder/images/
2023-09-14 19:05:36,156 [INFO] ApiDb:250 - Set database path to: C:\Users\User\.stmcufinder\plugins\mcufinder//mcu/
2023-09-14 19:05:36,158 [INFO] DbMcusAds:125 - Set database path to: C:\Users\User\.stmcufinder\plugins\mcufinder//mcu/
2023-09-14 19:05:36,159 [INFO] CrossReferenceDbSqlite:203 - Set database path to: C:\Users\User\.stmcufinder\plugins\mcufinder//mcu/cs/
2023-09-14 19:05:36,259 [INFO] RulesReader:64 - Compatibility file has been processed (293 Rules)
2023-09-14 19:05:36,336 [INFO] DbMcusXml:78 - Set database path to: C:\ST\STM32CubeIDE_1.13.0\STM32CubeIDE\plugins\com.st.stm32cube.common.mx_6.9.0.202307051724\\db\/mcu/
2023-09-14 19:05:36,336 [INFO] ApiDb:274 - Set plugin database path to: C:\ST\STM32CubeIDE_1.13.0\STM32CubeIDE\plugins\com.st.stm32cube.common.mx_6.9.0.202307051724\\db\/plugins/boardmanager/
2023-09-14 19:05:36,336 [INFO] ApiDb:261 - Set plugin images path to: C:\ST\STM32CubeIDE_1.13.0\STM32CubeIDE\plugins\com.st.stm32cube.common.mx_6.9.0.202307051724\\db\/plugins/mcufinder/images/
2023-09-14 19:05:36,336 [WARN] DbFile:41 - Overriding database path with different value: C:\Users\User\.stmcufinder\plugins\mcufinder/ => C:\Users\User\.stmcufinder\plugins\mcufinder
2023-09-14 19:05:36,336 [INFO] ApiDb:250 - Set database path to: C:\Users\User\.stmcufinder\plugins\mcufinder//mcu/
2023-09-14 19:05:36,336 [WARN] DbFile:41 - Overriding database path with different value: C:\Users\User\.stmcufinder\plugins\mcufinder/ => C:\Users\User\.stmcufinder\plugins\mcufinder
2023-09-14 19:05:36,336 [INFO] DbMcusAds:125 - Set database path to: C:\Users\User\.stmcufinder\plugins\mcufinder//mcu/
2023-09-14 19:05:36,336 [WARN] DbFile:41 - Overriding database path with different value: C:\Users\User\.stmcufinder\plugins\mcufinder/ => C:\Users\User\.stmcufinder\plugins\mcufinder
2023-09-14 19:05:36,337 [WARN] DbFile:41 - Overriding database path with different value: C:\Users\User\.stmcufinder\plugins\mcufinder/ => C:\Users\User\.stmcufinder\plugins\mcufinder
2023-09-14 19:05:36,337 [INFO] CrossReferenceDbSqlite:203 - Set database path to: C:\Users\User\.stmcufinder\plugins\mcufinder//mcu/cs/
2023-09-14 19:05:36,414 [INFO] MainPanel:262 - HeapMemory: 268435456
2023-09-14 19:05:36,521 [INFO] DbMcusXml:78 - Set database path to: C:\ST\STM32CubeIDE_1.13.0\STM32CubeIDE\plugins\com.st.stm32cube.common.mx_6.9.0.202307051724\\db\/mcu/
2023-09-14 19:05:36,521 [INFO] ApiDb:274 - Set plugin database path to: C:\ST\STM32CubeIDE_1.13.0\STM32CubeIDE\plugins\com.st.stm32cube.common.mx_6.9.0.202307051724\\db\/plugins/boardmanager/
2023-09-14 19:05:36,522 [INFO] ApiDb:261 - Set plugin images path to: C:\ST\STM32CubeIDE_1.13.0\STM32CubeIDE\plugins\com.st.stm32cube.common.mx_6.9.0.202307051724\\db\/plugins/mcufinder/images/
2023-09-14 19:05:36,523 [WARN] DbFile:41 - Overriding database path with different value: C:\Users\User\.stmcufinder\plugins\mcufinder/ => C:\Users\User\.stmcufinder\plugins\mcufinder
2023-09-14 19:05:36,523 [INFO] ApiDb:250 - Set database path to: C:\Users\User\.stmcufinder\plugins\mcufinder//mcu/
2023-09-14 19:05:36,523 [WARN] DbFile:41 - Overriding database path with different value: C:\Users\User\.stmcufinder\plugins\mcufinder/ => C:\Users\User\.stmcufinder\plugins\mcufinder
2023-09-14 19:05:36,523 [INFO] DbMcusAds:125 - Set database path to: C:\Users\User\.stmcufinder\plugins\mcufinder//mcu/
2023-09-14 19:05:36,523 [WARN] DbFile:41 - Overriding database path with different value: C:\Users\User\.stmcufinder\plugins\mcufinder/ => C:\Users\User\.stmcufinder\plugins\mcufinder
2023-09-14 19:05:36,523 [WARN] DbFile:41 - Overriding database path with different value: C:\Users\User\.stmcufinder\plugins\mcufinder/ => C:\Users\User\.stmcufinder\plugins\mcufinder
2023-09-14 19:05:36,523 [INFO] CrossReferenceDbSqlite:203 - Set database path to: C:\Users\User\.stmcufinder\plugins\mcufinder//mcu/cs/
2023-09-14 19:05:36,546 [INFO] ApplicationProperties:184 - Using Application install path: C:\ST\STM32CubeIDE_1.13.0\STM32CubeIDE\plugins\com.st.stm32cube.common.mx_6.9.0.202307051724
2023-09-14 19:05:36,548 [INFO] PluginManage:196 - Search for loadable plugins [exclusion list=, ]
2023-09-14 19:05:36,551 [INFO] PluginManage:310 - Check plugin analytics
2023-09-14 19:05:36,705 [INFO] AnalyticsPlugin:253 - Accepted Software Licenses: 
2023-09-14 19:05:36,705 [INFO] AnalyticsPlugin:255 - Accepted CMSIS Pack Licenses: 
2023-09-14 19:05:36,706 [INFO] AnalyticsPlugin:257 - Accepted Firmware Licenses: FW.F7.1.17.0
2023-09-14 19:05:36,708 [INFO] PluginManage:359 - Loaded plugin analytics (category:tool,tabindex:-1)
2023-09-14 19:05:36,709 [INFO] PluginManage:310 - Check plugin cadmodel
2023-09-14 19:05:36,709 [ERROR] ConfigurationRetriever:142 - IOException on connection: sw-center.st.com
2023-09-14 19:05:36,710 [ERROR] ConfigurationRetriever:142 - IOException on connection: sw-center.st.com
2023-09-14 19:05:36,710 [ERROR] ConfigurationRetriever:142 - IOException on connection: sw-center.st.com
2023-09-14 19:05:36,724 [INFO] CADModel:105 - Init CAD model plugin
2023-09-14 19:05:36,724 [INFO] PluginManage:359 - Loaded plugin cadmodel (category:power,tabindex:5)
2023-09-14 19:05:36,724 [INFO] PluginManage:310 - Check plugin clock
2023-09-14 19:05:36,742 [INFO] PluginManage:359 - Loaded plugin clock (category:base,tabindex:2)
2023-09-14 19:05:36,742 [INFO] PluginManage:310 - Check plugin ddr
2023-09-14 19:05:36,745 [INFO] PluginManage:359 - Loaded plugin ddr (category:tool,tabindex:6)
2023-09-14 19:05:36,745 [INFO] PluginManage:310 - Check plugin filemanager
2023-09-14 19:05:36,868 [INFO] PluginManage:359 - Loaded plugin filemanager (category:base,tabindex:10)
2023-09-14 19:05:36,868 [INFO] PluginManage:310 - Check plugin ipmanager
2023-09-14 19:05:36,875 [INFO] PluginManage:359 - Loaded plugin ipmanager (category:base,tabindex:5)
2023-09-14 19:05:36,875 [INFO] PluginManage:310 - Check plugin lpbam
2023-09-14 19:05:36,888 [INFO] PluginManage:359 - Loaded plugin lpbam (category:base,tabindex:0)
2023-09-14 19:05:36,888 [INFO] PluginManage:310 - Check plugin memorymap
2023-09-14 19:05:36,906 [INFO] PluginManage:359 - Loaded plugin memorymap (category:base,tabindex:4)
2023-09-14 19:05:36,906 [INFO] PluginManage:310 - Check plugin pinoutandconfiguration
2023-09-14 19:05:36,918 [INFO] PluginManage:359 - Loaded plugin pinoutandconfiguration (category:base,tabindex:1)
2023-09-14 19:05:36,919 [INFO] PluginManage:310 - Check plugin pinoutconfig
2023-09-14 19:05:36,999 [WARN] SupportedApi:132 - Cannot load RTOS API schema: s4s-elt-must-match.1: The content of 'definitions' must match (annotation?, (simpleType | complexType)?, (unique | key | keyref)*)). A problem was found starting at: attribute.
2023-09-14 19:05:37,117 [INFO] PluginManage:359 - Loaded plugin pinoutconfig (category:base,tabindex:0)
2023-09-14 19:05:37,117 [INFO] PluginManage:310 - Check plugin power
2023-09-14 19:05:37,136 [INFO] PluginManage:359 - Loaded plugin power (category:power,tabindex:4)
2023-09-14 19:05:37,136 [INFO] PluginManage:310 - Check plugin projectmanager
2023-09-14 19:05:37,148 [INFO] PluginManage:359 - Loaded plugin projectmanager (category:projectmanager,tabindex:3)
2023-09-14 19:05:37,148 [INFO] PluginManage:310 - Check plugin thirdparty
2023-09-14 19:05:37,372 [INFO] PluginManage:359 - Loaded plugin thirdparty (category:base,tabindex:-1)
2023-09-14 19:05:37,372 [WARN] IntegrityCheckThread:84 - waiting for thirdparty lock release [integrity check]
2023-09-14 19:05:37,372 [INFO] PluginManage:310 - Check plugin tools
2023-09-14 19:05:37,372 [INFO] IntegrityCheckThread:86 - entering critical section [integrity check]
2023-09-14 19:05:37,373 [INFO] ThirdPartyUpdaterWithRetryManager:70 - Updater plugin not ready yet. [1/15]
2023-09-14 19:05:37,396 [INFO] PluginManage:359 - Loaded plugin tools (category:base,tabindex:7)
2023-09-14 19:05:37,396 [INFO] PluginManage:310 - Check plugin tutovideos
2023-09-14 19:05:37,551 [INFO] PluginManage:359 - Loaded plugin tutovideos (category:base,tabindex:-1)
2023-09-14 19:05:37,552 [INFO] PluginManage:310 - Check plugin updater
2023-09-14 19:05:37,561 [INFO] PluginManage:359 - Loaded plugin updater (category:base,tabindex:12)
2023-09-14 19:05:37,562 [INFO] PluginManage:310 - Check plugin userauth
2023-09-14 19:05:37,566 [INFO] UserAuth:113 - Init User Auth plugin
2023-09-14 19:05:37,566 [INFO] PluginManage:359 - Loaded plugin userauth (category:base,tabindex:14)
2023-09-14 19:05:37,567 [INFO] PluginManage:283 - PluginManage : Loaded plugins [17]
2023-09-14 19:05:37,772 [INFO] PinOutPanel:1499 - setPackage(No Configuration,No Configuration)
2023-09-14 19:05:37,864 [INFO] CADModel:165 - CPN selected for project level
2023-09-14 19:05:37,864 [INFO] CADModel:114 - Register for checkConnection events
2023-09-14 19:05:37,885 [INFO] IPUIPlugin:80 - create IPUIPlugin
2023-09-14 19:05:37,885 [INFO] PluginManager:220 - loadIPPluginJar : add adc
2023-09-14 19:05:37,912 [INFO] IPUIPlugin:80 - create IPUIPlugin
2023-09-14 19:05:37,912 [INFO] PluginManager:220 - loadIPPluginJar : add aes
2023-09-14 19:05:37,941 [INFO] IPUIPlugin:80 - create IPUIPlugin
2023-09-14 19:05:37,941 [INFO] PluginManager:220 - loadIPPluginJar : add can
2023-09-14 19:05:37,958 [INFO] IPUIPlugin:80 - create IPUIPlugin
2023-09-14 19:05:37,958 [INFO] PluginManager:220 - loadIPPluginJar : add comp
2023-09-14 19:05:37,979 [INFO] IPUIPlugin:80 - create IPUIPlugin
2023-09-14 19:05:37,980 [INFO] PluginManager:220 - loadIPPluginJar : add cryp
2023-09-14 19:05:38,000 [INFO] IPUIPlugin:80 - create IPUIPlugin
2023-09-14 19:05:38,000 [INFO] PluginManager:220 - loadIPPluginJar : add dfsdm
2023-09-14 19:05:38,010 [INFO] IPUIPlugin:80 - create IPUIPlugin
2023-09-14 19:05:38,011 [INFO] PluginManager:220 - loadIPPluginJar : add dma
2023-09-14 19:05:38,039 [INFO] IPUIPlugin:80 - create IPUIPlugin
2023-09-14 19:05:38,039 [INFO] PluginManager:220 - loadIPPluginJar : add dma3
2023-09-14 19:05:38,053 [INFO] IPUIPlugin:80 - create IPUIPlugin
2023-09-14 19:05:38,053 [INFO] PluginManager:220 - loadIPPluginJar : add fatfs
2023-09-14 19:05:38,084 [INFO] IPUIPlugin:80 - create IPUIPlugin
2023-09-14 19:05:38,084 [INFO] PluginManager:220 - loadIPPluginJar : add fmc
2023-09-14 19:05:38,096 [INFO] IPUIPlugin:80 - create IPUIPlugin
2023-09-14 19:05:38,097 [INFO] PluginManager:220 - loadIPPluginJar : add freertos
2023-09-14 19:05:38,111 [INFO] IPUIPlugin:80 - create IPUIPlugin
2023-09-14 19:05:38,112 [INFO] PluginManager:220 - loadIPPluginJar : add genericplugin
2023-09-14 19:05:38,170 [INFO] IPUIPlugin:80 - create IPUIPlugin
2023-09-14 19:05:38,170 [INFO] PluginManager:220 - loadIPPluginJar : add gfxmmu
2023-09-14 19:05:38,255 [INFO] IPUIPlugin:80 - create IPUIPlugin
2023-09-14 19:05:38,255 [INFO] PluginManager:220 - loadIPPluginJar : add gic
2023-09-14 19:05:38,264 [INFO] IPUIPlugin:80 - create IPUIPlugin
2023-09-14 19:05:38,264 [INFO] PluginManager:220 - loadIPPluginJar : add gpio
2023-09-14 19:05:38,326 [INFO] IPUIPlugin:80 - create IPUIPlugin
2023-09-14 19:05:38,326 [INFO] PluginManager:220 - loadIPPluginJar : add gtzc
2023-09-14 19:05:38,347 [INFO] IPUIPlugin:80 - create IPUIPlugin
2023-09-14 19:05:38,347 [INFO] PluginManager:220 - loadIPPluginJar : add hash
2023-09-14 19:05:38,381 [INFO] IPUIPlugin:80 - create IPUIPlugin
2023-09-14 19:05:38,381 [INFO] PluginManager:220 - loadIPPluginJar : add i2c
2023-09-14 19:05:38,407 [INFO] IPUIPlugin:80 - create IPUIPlugin
2023-09-14 19:05:38,407 [INFO] PluginManager:220 - loadIPPluginJar : add i2s
2023-09-14 19:05:38,433 [INFO] IPUIPlugin:80 - create IPUIPlugin
2023-09-14 19:05:38,433 [INFO] PluginManager:220 - loadIPPluginJar : add i3c
2023-09-14 19:05:38,500 [INFO] IPUIPlugin:80 - create IPUIPlugin
2023-09-14 19:05:38,500 [INFO] PluginManager:220 - loadIPPluginJar : add ipddr
2023-09-14 19:05:38,560 [INFO] IPUIPlugin:80 - create IPUIPlugin
2023-09-14 19:05:38,560 [INFO] PluginManager:220 - loadIPPluginJar : add linkedlist
2023-09-14 19:05:38,584 [INFO] IPUIPlugin:80 - create IPUIPlugin
2023-09-14 19:05:38,584 [INFO] PluginManager:220 - loadIPPluginJar : add lorawan
2023-09-14 19:05:38,607 [INFO] IPUIPlugin:80 - create IPUIPlugin
2023-09-14 19:05:38,608 [INFO] PluginManager:220 - loadIPPluginJar : add ltdc
2023-09-14 19:05:38,620 [INFO] IPUIPlugin:80 - create IPUIPlugin
2023-09-14 19:05:38,620 [INFO] PluginManager:220 - loadIPPluginJar : add mdma
2023-09-14 19:05:38,630 [INFO] IPUIPlugin:80 - create IPUIPlugin
2023-09-14 19:05:38,630 [INFO] PluginManager:220 - loadIPPluginJar : add nvic
2023-09-14 19:05:38,659 [INFO] IPUIPlugin:80 - create IPUIPlugin
2023-09-14 19:05:38,659 [INFO] PluginManager:220 - loadIPPluginJar : add opamp
2023-09-14 19:05:38,699 [INFO] IPUIPlugin:80 - create IPUIPlugin
2023-09-14 19:05:38,699 [INFO] PluginManager:220 - loadIPPluginJar : add openamp
2023-09-14 19:05:38,737 [INFO] IPUIPlugin:80 - create IPUIPlugin
2023-09-14 19:05:38,737 [INFO] PluginManager:220 - loadIPPluginJar : add pdm2pcm
2023-09-14 19:05:38,748 [INFO] IPUIPlugin:80 - create IPUIPlugin
2023-09-14 19:05:38,749 [INFO] PluginManager:220 - loadIPPluginJar : add plateformsettings
2023-09-14 19:05:38,766 [INFO] IPUIPlugin:80 - create IPUIPlugin
2023-09-14 19:05:38,766 [INFO] PluginManager:220 - loadIPPluginJar : add quadspi
2023-09-14 19:05:38,776 [INFO] IPUIPlugin:80 - create IPUIPlugin
2023-09-14 19:05:38,776 [INFO] PluginManager:220 - loadIPPluginJar : add resmgrutility
2023-09-14 19:05:38,809 [INFO] IPUIPlugin:80 - create IPUIPlugin
2023-09-14 19:05:38,809 [INFO] PluginManager:220 - loadIPPluginJar : add sai
2023-09-14 19:05:38,837 [INFO] IPUIPlugin:80 - create IPUIPlugin
2023-09-14 19:05:38,837 [INFO] PluginManager:220 - loadIPPluginJar : add spi
2023-09-14 19:05:38,875 [INFO] IPUIPlugin:80 - create IPUIPlugin
2023-09-14 19:05:38,876 [INFO] PluginManager:220 - loadIPPluginJar : add stm32_wpan
2023-09-14 19:05:38,892 [INFO] IPUIPlugin:80 - create IPUIPlugin
2023-09-14 19:05:38,893 [INFO] PluginManager:220 - loadIPPluginJar : add tim
2023-09-14 19:05:38,930 [INFO] IPUIPlugin:80 - create IPUIPlugin
2023-09-14 19:05:38,931 [INFO] PluginManager:220 - loadIPPluginJar : add touchsensing
2023-09-14 19:05:38,947 [INFO] IPUIPlugin:80 - create IPUIPlugin
2023-09-14 19:05:38,948 [INFO] PluginManager:220 - loadIPPluginJar : add tracer_emb
2023-09-14 19:05:38,963 [INFO] IPUIPlugin:80 - create IPUIPlugin
2023-09-14 19:05:38,963 [INFO] PluginManager:220 - loadIPPluginJar : add ts
2023-09-14 19:05:38,978 [INFO] IPUIPlugin:80 - create IPUIPlugin
2023-09-14 19:05:38,979 [INFO] PluginManager:220 - loadIPPluginJar : add tsc
2023-09-14 19:05:38,993 [INFO] IPUIPlugin:80 - create IPUIPlugin
2023-09-14 19:05:38,993 [INFO] PluginManager:220 - loadIPPluginJar : add ucpd
2023-09-14 19:05:39,022 [INFO] IPUIPlugin:80 - create IPUIPlugin
2023-09-14 19:05:39,023 [INFO] PluginManager:220 - loadIPPluginJar : add usart
2023-09-14 19:05:39,051 [INFO] IPUIPlugin:80 - create IPUIPlugin
2023-09-14 19:05:39,051 [INFO] PluginManager:220 - loadIPPluginJar : add usbx
2023-09-14 19:05:39,160 [INFO] CADModel:165 - CPN selected for project level
2023-09-14 19:05:39,160 [INFO] CADModel:114 - Register for checkConnection events
2023-09-14 19:05:39,161 [FATAL] Updater:308 - Updater called before beeing initialized
2023-09-14 19:05:39,161 [ERROR] CADModel:125 - Updater not yet initialized, retry later 
2023-09-14 19:05:39,269 [INFO] CADModel:165 - CPN selected for project level
2023-09-14 19:05:39,269 [INFO] CADModel:114 - Register for checkConnection events
2023-09-14 19:05:39,269 [FATAL] Updater:308 - Updater called before beeing initialized
2023-09-14 19:05:39,269 [ERROR] CADModel:125 - Updater not yet initialized, retry later 
2023-09-14 19:05:39,272 [FATAL] Updater:308 - Updater called before beeing initialized
2023-09-14 19:05:39,349 [FATAL] Updater:308 - Updater called before beeing initialized
2023-09-14 19:05:39,359 [INFO] DbMcusAds:53 - JSON generation date=Tue Mar 07 15:50:55 ICT 2023 (1678179055114)
2023-09-14 19:05:39,359 [FATAL] Updater:308 - Updater called before beeing initialized
2023-09-14 19:05:39,394 [WARN] DetailPanel:346 - Failed to get advertising image, set to default
2023-09-14 19:05:39,478 [FATAL] Updater:308 - Updater called before beeing initialized
2023-09-14 19:05:39,484 [FATAL] Updater:308 - Updater called before beeing initialized
2023-09-14 19:05:39,485 [FATAL] Updater:308 - Updater called before beeing initialized
2023-09-14 19:05:39,485 [WARN] DetailPanel:346 - Failed to get advertising image, set to default
2023-09-14 19:05:39,499 [FATAL] Updater:308 - Updater called before beeing initialized
2023-09-14 19:05:39,559 [ERROR] Updater:1120 - MainUpdater not yet initialized. External WinMGr cannot be set.
2023-09-14 19:05:39,568 [INFO] Updater:1056 - Updater Version found : 6.9.0
2023-09-14 19:05:39,581 [INFO] ApplicationProperties:184 - Using Application install path: C:\ST\STM32CubeIDE_1.13.0\STM32CubeIDE\plugins\com.st.stm32cube.common.mx_6.9.0.202307051724
2023-09-14 19:05:39,668 [ERROR] ServerAccessManage:1146 - Warning during Server Connection :  Unknown host sw-center.st.com
2023-09-14 19:05:39,674 [INFO] MainUpdater:2868 - connection check result : 22
2023-09-14 19:05:39,676 [INFO] MainUpdater:285 - Updater Check For Update Now.
2023-09-14 19:05:39,676 [INFO] MicroXplorer:498 - Change Database Version : DB.6.0.90
2023-09-14 19:05:39,693 [INFO] McuFinderGlobals:63 - Set McuFinder mode to 2 (CubeIDE integrated)
2023-09-14 19:05:39,849 [INFO] CheckServerUpdateThread:120 - End of CheckServer Thread
2023-09-14 19:05:40,503 [WARN] PackLoader:240 - Cannot read IP mode file for STMicroelectronics.X-CUBE-SMBUS.2.1.0
2023-09-14 19:05:40,542 [WARN] PackLoader:240 - Cannot read IP mode file for STMicroelectronics.X-CUBE-AZRTOS-F7.1.1.0
2023-09-14 19:05:40,557 [WARN] PackLoader:240 - Cannot read IP mode file for STMicroelectronics.FP-SNS-MOTENV1.4.3.2
2023-09-14 19:05:40,567 [WARN] PackLoader:240 - Cannot read IP mode file for STMicroelectronics.FP-SNS-FLIGHT1.5.0.1
2023-09-14 19:05:40,583 [WARN] PackLoader:240 - Cannot read IP mode file for STMicroelectronics.X-CUBE-BLE1.6.2.4
2023-09-14 19:05:40,595 [WARN] PackLoader:240 - Cannot read IP mode file for STMicroelectronics.FP-SNS-FLIGHT1.5.0.2
2023-09-14 19:05:40,611 [WARN] PackLoader:240 - Cannot read IP mode file for STMicroelectronics.X-CUBE-DISPLAY.3.0.0
2023-09-14 19:05:40,627 [WARN] PackLoader:240 - Cannot read IP mode file for STMicroelectronics.X-CUBE-BLE1.7.0.0
2023-09-14 19:05:40,640 [WARN] PackLoader:240 - Cannot read IP mode file for emotas.I-CUBE-CANOPEN.1.3.0
2023-09-14 19:05:40,653 [WARN] PackLoader:240 - Cannot read IP mode file for STMicroelectronics.X-CUBE-TOUCHGFX.4.22.0
2023-09-14 19:05:40,663 [WARN] PackLoader:240 - Cannot read IP mode file for STMicroelectronics.FP-SNS-SMARTAG2.1.2.0
2023-09-14 19:05:40,678 [INFO] LogOutputStream:77 - [STDOUT_REDIRECT] 1 : Invalid condition id : UX_CORESTACK_Condition cause : null
2023-09-14 19:05:40,679 [INFO] LogOutputStream:77 - [STDOUT_REDIRECT] 1 : Invalid condition id : UX_CORESTACK_Condition cause : null
2023-09-14 19:05:40,679 [INFO] LogOutputStream:77 - [STDOUT_REDIRECT] 1 : Invalid condition id : UX_CORESTACK_Condition cause : null
2023-09-14 19:05:40,681 [INFO] LogOutputStream:77 - [STDOUT_REDIRECT] 1 : Invalid condition id : UX_CORESTACK_Condition cause : null
2023-09-14 19:05:40,683 [INFO] LogOutputStream:77 - [STDOUT_REDIRECT] 1 : Invalid condition id : UX_CORESTACK_Condition cause : null
2023-09-14 19:05:40,685 [WARN] PackLoader:240 - Cannot read IP mode file for STMicroelectronics.X-CUBE-AZRTOS-WL.2.0.0
2023-09-14 19:05:40,700 [WARN] PackLoader:240 - Cannot read IP mode file for WES.I-CUBE-Cesium.1.3.0
2023-09-14 19:05:40,710 [WARN] PackLoader:240 - Cannot read IP mode file for STMicroelectronics.X-CUBE-BLE2.3.3.0
2023-09-14 19:05:40,721 [WARN] PackLoader:240 - Cannot read IP mode file for STMicroelectronics.X-CUBE-ALGOBUILD.1.3.0
2023-09-14 19:05:40,740 [WARN] PackLoader:240 - Cannot read IP mode file for STMicroelectronics.X-CUBE-AZRTOS-G0.1.1.0
2023-09-14 19:05:40,750 [WARN] PackLoader:240 - Cannot read IP mode file for STMicroelectronics.X-CUBE-NFC4.3.0.0
2023-09-14 19:05:40,761 [WARN] PackLoader:240 - Cannot read IP mode file for STMicroelectronics.FP-ATR-SIGFOX1.3.2.0
2023-09-14 19:05:40,786 [WARN] PackLoader:240 - Cannot read IP mode file for SEGGER.I-CUBE-embOS.1.3.1
2023-09-14 19:05:40,824 [WARN] PackLoader:240 - Cannot read IP mode file for STMicroelectronics.X-CUBE-GNSS1.6.0.0
2023-09-14 19:05:40,843 [WARN] PackLoader:240 - Cannot read IP mode file for STMicroelectronics.X-CUBE-AZRTOS-F4.1.1.0
2023-09-14 19:05:40,853 [WARN] PackLoader:240 - Cannot read IP mode file for wolfSSL.I-CUBE-wolfSSL.5.6.3
2023-09-14 19:05:40,872 [WARN] PackLoader:240 - Cannot read IP mode file for STMicroelectronics.X-CUBE-AZRTOS-L5.2.0.0
2023-09-14 19:05:40,906 [WARN] PackLoader:240 - Cannot read IP mode file for STMicroelectronics.X-CUBE-MEMS1.9.6.0
2023-09-14 19:05:41,007 [WARN] PackLoader:240 - Cannot read IP mode file for STMicroelectronics.X-CUBE-BLEMGR.2.0.0
2023-09-14 19:05:41,047 [WARN] ConditionMgr:438 - getConditionDescription Invalid condition id : UX DEVICE CLASS RTOS Condition cause : null
2023-09-14 19:05:41,048 [WARN] ConditionMgr:438 - getConditionDescription Invalid condition id : UX DEVICE CLASS RTOS Condition cause : null
2023-09-14 19:05:41,050 [WARN] PackLoader:240 - Cannot read IP mode file for STMicroelectronics.X-CUBE-AZRTOS-H7.3.1.0
2023-09-14 19:05:41,051 [WARN] ConditionMgr:1039 - genDependencies : Invalid condition id : UX DEVICE CLASS RTOS Condition cause : null
2023-09-14 19:05:41,051 [WARN] ConditionMgr:1039 - genDependencies : Invalid condition id : UX DEVICE CLASS RTOS Condition cause : null
2023-09-14 19:05:41,051 [WARN] ConditionMgr:1039 - genDependencies : Invalid condition id : UX DEVICE CLASS RTOS Condition cause : null
2023-09-14 19:05:41,052 [WARN] ConditionMgr:1039 - genDependencies : Invalid condition id : UX DEVICE CLASS RTOS Condition cause : null
2023-09-14 19:05:41,052 [WARN] ConditionMgr:1039 - genDependencies : Invalid condition id : UX DEVICE CLASS RTOS Condition cause : null
2023-09-14 19:05:41,063 [WARN] PackLoader:240 - Cannot read IP mode file for STMicroelectronics.X-CUBE-NFC7.1.0.1
2023-09-14 19:05:41,075 [WARN] PackLoader:240 - Cannot read IP mode file for STMicroelectronics.X-CUBE-NFC6.3.0.0
2023-09-14 19:05:41,085 [WARN] PackLoader:240 - Cannot read IP mode file for STMicroelectronics.X-CUBE-EEPRMA1.4.1.0
2023-09-14 19:05:41,095 [WARN] PackLoader:240 - Cannot read IP mode file for STMicroelectronics.X-CUBE-AI.8.1.0
2023-09-14 19:05:41,114 [WARN] ConditionMgr:438 - getConditionDescription Invalid condition id : LAN8742 Phy interface Condition cause : null
2023-09-14 19:05:41,115 [WARN] PackLoader:240 - Cannot read IP mode file for STMicroelectronics.X-CUBE-AZRTOS-L4.2.0.0
2023-09-14 19:05:41,115 [WARN] ConditionMgr:1039 - genDependencies : Invalid condition id : LAN8742 Phy interface Condition cause : null
2023-09-14 19:05:41,116 [WARN] ConditionMgr:1039 - genDependencies : Invalid condition id : LAN8742 Phy interface Condition cause : null
2023-09-14 19:05:41,116 [WARN] ConditionMgr:1039 - genDependencies : Invalid condition id : LAN8742 Phy interface Condition cause : null
2023-09-14 19:05:41,127 [WARN] PackLoader:240 - Cannot read IP mode file for STMicroelectronics.X-CUBE-SFXS2LP1.4.0.0
2023-09-14 19:05:41,136 [WARN] PackLoader:240 - Cannot read IP mode file for STMicroelectronics.X-CUBE-ISPU.1.1.0
2023-09-14 19:05:41,152 [WARN] ConditionMgr:438 - getConditionDescription Invalid condition id : UX DEVICE CLASS RTOS Condition cause : null
2023-09-14 19:05:41,152 [WARN] ConditionMgr:438 - getConditionDescription Invalid condition id : UX DEVICE CLASS RTOS Condition cause : null
2023-09-14 19:05:41,153 [WARN] PackLoader:240 - Cannot read IP mode file for STMicroelectronics.X-CUBE-AZRTOS-WB.2.0.0
2023-09-14 19:05:41,153 [WARN] ConditionMgr:1039 - genDependencies : Invalid condition id : UX DEVICE CLASS RTOS Condition cause : null
2023-09-14 19:05:41,153 [WARN] ConditionMgr:1039 - genDependencies : Invalid condition id : UX DEVICE CLASS RTOS Condition cause : null
2023-09-14 19:05:41,154 [WARN] ConditionMgr:1039 - genDependencies : Invalid condition id : UX DEVICE CLASS RTOS Condition cause : null
2023-09-14 19:05:41,154 [WARN] ConditionMgr:1039 - genDependencies : Invalid condition id : UX DEVICE CLASS RTOS Condition cause : null
2023-09-14 19:05:41,154 [WARN] ConditionMgr:1039 - genDependencies : Invalid condition id : UX DEVICE CLASS RTOS Condition cause : null
2023-09-14 19:05:41,163 [WARN] PackLoader:240 - Cannot read IP mode file for STMicroelectronics.X-CUBE-FREERTOS.1.0.1
2023-09-14 19:05:41,179 [WARN] PackLoader:240 - Cannot read IP mode file for STMicroelectronics.X-CUBE-AZRTOS-L5.1.1.0
2023-09-14 19:05:41,189 [WARN] PackLoader:240 - Cannot read IP mode file for STMicroelectronics.X-CUBE-AI.8.0.1
2023-09-14 19:05:41,207 [WARN] PackLoader:240 - Cannot read IP mode file for STMicroelectronics.X-CUBE-SUBG2.5.0.0
2023-09-14 19:05:41,224 [WARN] PackLoader:240 - Cannot read IP mode file for STMicroelectronics.X-CUBE-TOF1.3.3.1
2023-09-14 19:05:41,251 [WARN] PackLoader:240 - Cannot read IP mode file for STMicroelectronics.X-CUBE-AZRTOS-G4.2.0.0
2023-09-14 19:05:41,268 [WARN] PackLoader:240 - Cannot read IP mode file for STMicroelectronics.X-CUBE-TOF1.3.3.0
2023-09-14 19:05:41,281 [WARN] PackLoader:240 - Cannot read IP mode file for STMicroelectronics.X-CUBE-FREERTOS.1.1.0
2023-09-14 19:05:41,294 [WARN] PackLoader:240 - Cannot read IP mode file for portGmbH.I-Cube-SoM-uGOAL.1.1.0
2023-09-14 19:05:41,305 [WARN] PackLoader:240 - Cannot read IP mode file for STMicroelectronics.X-CUBE-ALS.1.0.1
2023-09-14 19:05:41,324 [WARN] PackLoader:240 - Cannot read IP mode file for STMicroelectronics.X-CUBE-AZRTOS-WB.1.1.0
2023-09-14 19:05:41,336 [WARN] PackLoader:240 - Cannot read IP mode file for STMicroelectronics.FP-ATR-ASTRA1.2.0.0
2023-09-14 19:05:41,336 [INFO] ThirdParty:978 - Integrity check success = true
2023-09-14 19:05:41,337 [INFO] IntegrityCheckThread:100 - exiting critical section [integrity check]
2023-09-14 19:05:41,337 [INFO] IntegrityCheckThread:103 - End integrity checks thread
2023-09-14 19:06:00,297 [ERROR] LogOutputStream:75 - [STDERR_REDIRECT] SLF4J: Failed to load class "org.slf4j.impl.StaticLoggerBinder".
2023-09-14 19:06:00,297 [ERROR] LogOutputStream:75 - [STDERR_REDIRECT] SLF4J: Defaulting to no-operation (NOP) logger implementation
2023-09-14 19:06:00,298 [ERROR] LogOutputStream:75 - [STDERR_REDIRECT] SLF4J: See http://www.slf4j.org/codes.html#StaticLoggerBinder for further details.
