2023-09-10 22:18:06,897 [INFO] Activator:176 - 


2023-09-10 22:18:06,907 [INFO] Activator:177 - !SESSION log4j initialized
2023-09-10 22:18:12,684 [INFO] LogOutputStream:77 - [STDOUT_REDIRECT] 
2023-09-10 22:18:15,869 [INFO] ApplicationProperties:184 - Using Application install path: C:\ST\STM32CubeIDE_1.13.0\STM32CubeIDE\plugins\com.st.stm32cube.common.mx_6.9.0.202307051724
2023-09-10 22:18:15,885 [INFO] DbMcusXml:78 - Set database path to: C:\ST\STM32CubeIDE_1.13.0\STM32CubeIDE\plugins\com.st.stm32cube.common.mx_6.9.0.202307051724\\db\/mcu/
2023-09-10 22:18:15,885 [INFO] ApiDb:274 - Set plugin database path to: C:\ST\STM32CubeIDE_1.13.0\STM32CubeIDE\plugins\com.st.stm32cube.common.mx_6.9.0.202307051724\\db\/plugins/boardmanager/
2023-09-10 22:18:15,885 [WARN] ApiDb:259 - Overriding images path with different value:  => C:\ST\STM32CubeIDE_1.13.0\STM32CubeIDE\plugins\com.st.stm32cube.common.mx_6.9.0.202307051724\\db\/plugins/mcufinder/images/
2023-09-10 22:18:15,897 [INFO] ApiDb:250 - Set database path to: C:\Users\User\.stmcufinder\plugins\mcufinder//mcu/
2023-09-10 22:18:15,898 [INFO] DbMcusAds:125 - Set database path to: C:\Users\User\.stmcufinder\plugins\mcufinder//mcu/
2023-09-10 22:18:15,900 [INFO] CrossReferenceDbSqlite:203 - Set database path to: C:\Users\User\.stmcufinder\plugins\mcufinder//mcu/cs/
2023-09-10 22:18:15,994 [INFO] RulesReader:64 - Compatibility file has been processed (293 Rules)
2023-09-10 22:18:16,071 [INFO] DbMcusXml:78 - Set database path to: C:\ST\STM32CubeIDE_1.13.0\STM32CubeIDE\plugins\com.st.stm32cube.common.mx_6.9.0.202307051724\\db\/mcu/
2023-09-10 22:18:16,072 [INFO] ApiDb:274 - Set plugin database path to: C:\ST\STM32CubeIDE_1.13.0\STM32CubeIDE\plugins\com.st.stm32cube.common.mx_6.9.0.202307051724\\db\/plugins/boardmanager/
2023-09-10 22:18:16,072 [INFO] ApiDb:261 - Set plugin images path to: C:\ST\STM32CubeIDE_1.13.0\STM32CubeIDE\plugins\com.st.stm32cube.common.mx_6.9.0.202307051724\\db\/plugins/mcufinder/images/
2023-09-10 22:18:16,072 [WARN] DbFile:41 - Overriding database path with different value: C:\Users\User\.stmcufinder\plugins\mcufinder/ => C:\Users\User\.stmcufinder\plugins\mcufinder
2023-09-10 22:18:16,072 [INFO] ApiDb:250 - Set database path to: C:\Users\User\.stmcufinder\plugins\mcufinder//mcu/
2023-09-10 22:18:16,072 [WARN] DbFile:41 - Overriding database path with different value: C:\Users\User\.stmcufinder\plugins\mcufinder/ => C:\Users\User\.stmcufinder\plugins\mcufinder
2023-09-10 22:18:16,072 [INFO] DbMcusAds:125 - Set database path to: C:\Users\User\.stmcufinder\plugins\mcufinder//mcu/
2023-09-10 22:18:16,072 [WARN] DbFile:41 - Overriding database path with different value: C:\Users\User\.stmcufinder\plugins\mcufinder/ => C:\Users\User\.stmcufinder\plugins\mcufinder
2023-09-10 22:18:16,073 [WARN] DbFile:41 - Overriding database path with different value: C:\Users\User\.stmcufinder\plugins\mcufinder/ => C:\Users\User\.stmcufinder\plugins\mcufinder
2023-09-10 22:18:16,073 [INFO] CrossReferenceDbSqlite:203 - Set database path to: C:\Users\User\.stmcufinder\plugins\mcufinder//mcu/cs/
2023-09-10 22:18:16,142 [INFO] MainPanel:262 - HeapMemory: 268435456
2023-09-10 22:18:16,227 [INFO] DbMcusXml:78 - Set database path to: C:\ST\STM32CubeIDE_1.13.0\STM32CubeIDE\plugins\com.st.stm32cube.common.mx_6.9.0.202307051724\\db\/mcu/
2023-09-10 22:18:16,228 [INFO] ApiDb:274 - Set plugin database path to: C:\ST\STM32CubeIDE_1.13.0\STM32CubeIDE\plugins\com.st.stm32cube.common.mx_6.9.0.202307051724\\db\/plugins/boardmanager/
2023-09-10 22:18:16,228 [INFO] ApiDb:261 - Set plugin images path to: C:\ST\STM32CubeIDE_1.13.0\STM32CubeIDE\plugins\com.st.stm32cube.common.mx_6.9.0.202307051724\\db\/plugins/mcufinder/images/
2023-09-10 22:18:16,228 [WARN] DbFile:41 - Overriding database path with different value: C:\Users\User\.stmcufinder\plugins\mcufinder/ => C:\Users\User\.stmcufinder\plugins\mcufinder
2023-09-10 22:18:16,229 [INFO] ApiDb:250 - Set database path to: C:\Users\User\.stmcufinder\plugins\mcufinder//mcu/
2023-09-10 22:18:16,229 [WARN] DbFile:41 - Overriding database path with different value: C:\Users\User\.stmcufinder\plugins\mcufinder/ => C:\Users\User\.stmcufinder\plugins\mcufinder
2023-09-10 22:18:16,229 [INFO] DbMcusAds:125 - Set database path to: C:\Users\User\.stmcufinder\plugins\mcufinder//mcu/
2023-09-10 22:18:16,229 [WARN] DbFile:41 - Overriding database path with different value: C:\Users\User\.stmcufinder\plugins\mcufinder/ => C:\Users\User\.stmcufinder\plugins\mcufinder
2023-09-10 22:18:16,229 [WARN] DbFile:41 - Overriding database path with different value: C:\Users\User\.stmcufinder\plugins\mcufinder/ => C:\Users\User\.stmcufinder\plugins\mcufinder
2023-09-10 22:18:16,229 [INFO] CrossReferenceDbSqlite:203 - Set database path to: C:\Users\User\.stmcufinder\plugins\mcufinder//mcu/cs/
2023-09-10 22:18:16,244 [INFO] ApplicationProperties:184 - Using Application install path: C:\ST\STM32CubeIDE_1.13.0\STM32CubeIDE\plugins\com.st.stm32cube.common.mx_6.9.0.202307051724
2023-09-10 22:18:16,245 [INFO] PluginManage:196 - Search for loadable plugins [exclusion list=, ]
2023-09-10 22:18:16,247 [INFO] PluginManage:310 - Check plugin analytics
2023-09-10 22:18:16,373 [INFO] AnalyticsPlugin:253 - Accepted Software Licenses: 
2023-09-10 22:18:16,373 [INFO] AnalyticsPlugin:255 - Accepted CMSIS Pack Licenses: 
2023-09-10 22:18:16,373 [INFO] AnalyticsPlugin:257 - Accepted Firmware Licenses: FW.F7.1.17.0
2023-09-10 22:18:16,376 [INFO] PluginManage:359 - Loaded plugin analytics (category:tool,tabindex:-1)
2023-09-10 22:18:16,376 [INFO] PluginManage:310 - Check plugin cadmodel
2023-09-10 22:18:16,387 [INFO] CADModel:105 - Init CAD model plugin
2023-09-10 22:18:16,388 [INFO] PluginManage:359 - Loaded plugin cadmodel (category:power,tabindex:5)
2023-09-10 22:18:16,388 [INFO] PluginManage:310 - Check plugin clock
2023-09-10 22:18:16,403 [INFO] PluginManage:359 - Loaded plugin clock (category:base,tabindex:2)
2023-09-10 22:18:16,403 [INFO] PluginManage:310 - Check plugin ddr
2023-09-10 22:18:16,405 [INFO] PluginManage:359 - Loaded plugin ddr (category:tool,tabindex:6)
2023-09-10 22:18:16,405 [INFO] PluginManage:310 - Check plugin filemanager
2023-09-10 22:18:16,512 [INFO] PluginManage:359 - Loaded plugin filemanager (category:base,tabindex:10)
2023-09-10 22:18:16,512 [INFO] PluginManage:310 - Check plugin ipmanager
2023-09-10 22:18:16,520 [INFO] PluginManage:359 - Loaded plugin ipmanager (category:base,tabindex:5)
2023-09-10 22:18:16,521 [INFO] PluginManage:310 - Check plugin lpbam
2023-09-10 22:18:16,535 [INFO] PluginManage:359 - Loaded plugin lpbam (category:base,tabindex:0)
2023-09-10 22:18:16,535 [INFO] PluginManage:310 - Check plugin memorymap
2023-09-10 22:18:16,553 [INFO] PluginManage:359 - Loaded plugin memorymap (category:base,tabindex:4)
2023-09-10 22:18:16,553 [INFO] PluginManage:310 - Check plugin pinoutandconfiguration
2023-09-10 22:18:16,566 [INFO] PluginManage:359 - Loaded plugin pinoutandconfiguration (category:base,tabindex:1)
2023-09-10 22:18:16,567 [INFO] PluginManage:310 - Check plugin pinoutconfig
2023-09-10 22:18:16,649 [WARN] SupportedApi:132 - Cannot load RTOS API schema: s4s-elt-must-match.1: The content of 'definitions' must match (annotation?, (simpleType | complexType)?, (unique | key | keyref)*)). A problem was found starting at: attribute.
2023-09-10 22:18:16,755 [INFO] PluginManage:359 - Loaded plugin pinoutconfig (category:base,tabindex:0)
2023-09-10 22:18:16,755 [INFO] PluginManage:310 - Check plugin power
2023-09-10 22:18:16,777 [INFO] PluginManage:359 - Loaded plugin power (category:power,tabindex:4)
2023-09-10 22:18:16,777 [INFO] PluginManage:310 - Check plugin projectmanager
2023-09-10 22:18:16,790 [INFO] PluginManage:359 - Loaded plugin projectmanager (category:projectmanager,tabindex:3)
2023-09-10 22:18:16,790 [INFO] PluginManage:310 - Check plugin thirdparty
2023-09-10 22:18:17,005 [WARN] IntegrityCheckThread:84 - waiting for thirdparty lock release [integrity check]
2023-09-10 22:18:17,005 [INFO] IntegrityCheckThread:86 - entering critical section [integrity check]
2023-09-10 22:18:17,005 [INFO] PluginManage:359 - Loaded plugin thirdparty (category:base,tabindex:-1)
2023-09-10 22:18:17,005 [INFO] PluginManage:310 - Check plugin tools
2023-09-10 22:18:17,006 [INFO] ThirdPartyUpdaterWithRetryManager:70 - Updater plugin not ready yet. [1/15]
2023-09-10 22:18:17,029 [INFO] PluginManage:359 - Loaded plugin tools (category:base,tabindex:7)
2023-09-10 22:18:17,029 [INFO] PluginManage:310 - Check plugin tutovideos
2023-09-10 22:18:17,187 [INFO] PluginManage:359 - Loaded plugin tutovideos (category:base,tabindex:-1)
2023-09-10 22:18:17,187 [INFO] PluginManage:310 - Check plugin updater
2023-09-10 22:18:17,198 [INFO] PluginManage:359 - Loaded plugin updater (category:base,tabindex:12)
2023-09-10 22:18:17,198 [INFO] PluginManage:310 - Check plugin userauth
2023-09-10 22:18:17,203 [INFO] UserAuth:113 - Init User Auth plugin
2023-09-10 22:18:17,203 [INFO] PluginManage:359 - Loaded plugin userauth (category:base,tabindex:14)
2023-09-10 22:18:17,203 [INFO] PluginManage:283 - PluginManage : Loaded plugins [17]
2023-09-10 22:18:17,407 [INFO] PinOutPanel:1499 - setPackage(No Configuration,No Configuration)
2023-09-10 22:18:17,501 [INFO] CADModel:165 - CPN selected for project level
2023-09-10 22:18:17,501 [INFO] CADModel:114 - Register for checkConnection events
2023-09-10 22:18:17,521 [INFO] IPUIPlugin:80 - create IPUIPlugin
2023-09-10 22:18:17,521 [INFO] PluginManager:220 - loadIPPluginJar : add adc
2023-09-10 22:18:17,551 [INFO] IPUIPlugin:80 - create IPUIPlugin
2023-09-10 22:18:17,551 [INFO] PluginManager:220 - loadIPPluginJar : add aes
2023-09-10 22:18:17,589 [INFO] IPUIPlugin:80 - create IPUIPlugin
2023-09-10 22:18:17,589 [INFO] PluginManager:220 - loadIPPluginJar : add can
2023-09-10 22:18:17,609 [INFO] IPUIPlugin:80 - create IPUIPlugin
2023-09-10 22:18:17,609 [INFO] PluginManager:220 - loadIPPluginJar : add comp
2023-09-10 22:18:17,632 [INFO] IPUIPlugin:80 - create IPUIPlugin
2023-09-10 22:18:17,632 [INFO] PluginManager:220 - loadIPPluginJar : add cryp
2023-09-10 22:18:17,655 [INFO] IPUIPlugin:80 - create IPUIPlugin
2023-09-10 22:18:17,655 [INFO] PluginManager:220 - loadIPPluginJar : add dfsdm
2023-09-10 22:18:17,667 [INFO] IPUIPlugin:80 - create IPUIPlugin
2023-09-10 22:18:17,668 [INFO] PluginManager:220 - loadIPPluginJar : add dma
2023-09-10 22:18:17,706 [INFO] IPUIPlugin:80 - create IPUIPlugin
2023-09-10 22:18:17,706 [INFO] PluginManager:220 - loadIPPluginJar : add dma3
2023-09-10 22:18:17,720 [INFO] IPUIPlugin:80 - create IPUIPlugin
2023-09-10 22:18:17,720 [INFO] PluginManager:220 - loadIPPluginJar : add fatfs
2023-09-10 22:18:17,761 [INFO] IPUIPlugin:80 - create IPUIPlugin
2023-09-10 22:18:17,761 [INFO] PluginManager:220 - loadIPPluginJar : add fmc
2023-09-10 22:18:17,776 [INFO] IPUIPlugin:80 - create IPUIPlugin
2023-09-10 22:18:17,776 [INFO] PluginManager:220 - loadIPPluginJar : add freertos
2023-09-10 22:18:17,793 [INFO] IPUIPlugin:80 - create IPUIPlugin
2023-09-10 22:18:17,793 [INFO] PluginManager:220 - loadIPPluginJar : add genericplugin
2023-09-10 22:18:17,879 [INFO] IPUIPlugin:80 - create IPUIPlugin
2023-09-10 22:18:17,879 [INFO] PluginManager:220 - loadIPPluginJar : add gfxmmu
2023-09-10 22:18:17,981 [INFO] IPUIPlugin:80 - create IPUIPlugin
2023-09-10 22:18:17,981 [INFO] PluginManager:220 - loadIPPluginJar : add gic
2023-09-10 22:18:17,991 [INFO] IPUIPlugin:80 - create IPUIPlugin
2023-09-10 22:18:17,991 [INFO] PluginManager:220 - loadIPPluginJar : add gpio
2023-09-10 22:18:18,053 [INFO] IPUIPlugin:80 - create IPUIPlugin
2023-09-10 22:18:18,053 [INFO] PluginManager:220 - loadIPPluginJar : add gtzc
2023-09-10 22:18:18,079 [INFO] IPUIPlugin:80 - create IPUIPlugin
2023-09-10 22:18:18,080 [INFO] PluginManager:220 - loadIPPluginJar : add hash
2023-09-10 22:18:18,123 [INFO] IPUIPlugin:80 - create IPUIPlugin
2023-09-10 22:18:18,123 [INFO] PluginManager:220 - loadIPPluginJar : add i2c
2023-09-10 22:18:18,162 [INFO] IPUIPlugin:80 - create IPUIPlugin
2023-09-10 22:18:18,162 [INFO] PluginManager:220 - loadIPPluginJar : add i2s
2023-09-10 22:18:18,192 [INFO] IPUIPlugin:80 - create IPUIPlugin
2023-09-10 22:18:18,192 [INFO] PluginManager:220 - loadIPPluginJar : add i3c
2023-09-10 22:18:18,289 [INFO] IPUIPlugin:80 - create IPUIPlugin
2023-09-10 22:18:18,289 [INFO] PluginManager:220 - loadIPPluginJar : add ipddr
2023-09-10 22:18:18,385 [INFO] IPUIPlugin:80 - create IPUIPlugin
2023-09-10 22:18:18,385 [INFO] PluginManager:220 - loadIPPluginJar : add linkedlist
2023-09-10 22:18:18,423 [INFO] IPUIPlugin:80 - create IPUIPlugin
2023-09-10 22:18:18,423 [INFO] PluginManager:220 - loadIPPluginJar : add lorawan
2023-09-10 22:18:18,462 [INFO] IPUIPlugin:80 - create IPUIPlugin
2023-09-10 22:18:18,462 [INFO] PluginManager:220 - loadIPPluginJar : add ltdc
2023-09-10 22:18:18,477 [INFO] IPUIPlugin:80 - create IPUIPlugin
2023-09-10 22:18:18,477 [INFO] PluginManager:220 - loadIPPluginJar : add mdma
2023-09-10 22:18:18,489 [INFO] IPUIPlugin:80 - create IPUIPlugin
2023-09-10 22:18:18,489 [INFO] PluginManager:220 - loadIPPluginJar : add nvic
2023-09-10 22:18:18,521 [INFO] IPUIPlugin:80 - create IPUIPlugin
2023-09-10 22:18:18,521 [INFO] PluginManager:220 - loadIPPluginJar : add opamp
2023-09-10 22:18:18,576 [INFO] IPUIPlugin:80 - create IPUIPlugin
2023-09-10 22:18:18,577 [INFO] PluginManager:220 - loadIPPluginJar : add openamp
2023-09-10 22:18:18,610 [INFO] IPUIPlugin:80 - create IPUIPlugin
2023-09-10 22:18:18,611 [INFO] PluginManager:220 - loadIPPluginJar : add pdm2pcm
2023-09-10 22:18:18,622 [INFO] IPUIPlugin:80 - create IPUIPlugin
2023-09-10 22:18:18,624 [INFO] PluginManager:220 - loadIPPluginJar : add plateformsettings
2023-09-10 22:18:18,639 [INFO] IPUIPlugin:80 - create IPUIPlugin
2023-09-10 22:18:18,639 [INFO] PluginManager:220 - loadIPPluginJar : add quadspi
2023-09-10 22:18:18,650 [INFO] IPUIPlugin:80 - create IPUIPlugin
2023-09-10 22:18:18,650 [INFO] PluginManager:220 - loadIPPluginJar : add resmgrutility
2023-09-10 22:18:18,690 [INFO] IPUIPlugin:80 - create IPUIPlugin
2023-09-10 22:18:18,690 [INFO] PluginManager:220 - loadIPPluginJar : add sai
2023-09-10 22:18:18,724 [INFO] IPUIPlugin:80 - create IPUIPlugin
2023-09-10 22:18:18,724 [INFO] PluginManager:220 - loadIPPluginJar : add spi
2023-09-10 22:18:18,778 [INFO] IPUIPlugin:80 - create IPUIPlugin
2023-09-10 22:18:18,778 [INFO] PluginManager:220 - loadIPPluginJar : add stm32_wpan
2023-09-10 22:18:18,794 [INFO] IPUIPlugin:80 - create IPUIPlugin
2023-09-10 22:18:18,794 [INFO] PluginManager:220 - loadIPPluginJar : add tim
2023-09-10 22:18:18,846 [INFO] IPUIPlugin:80 - create IPUIPlugin
2023-09-10 22:18:18,846 [INFO] PluginManager:220 - loadIPPluginJar : add touchsensing
2023-09-10 22:18:18,866 [INFO] IPUIPlugin:80 - create IPUIPlugin
2023-09-10 22:18:18,866 [INFO] PluginManager:220 - loadIPPluginJar : add tracer_emb
2023-09-10 22:18:18,882 [INFO] IPUIPlugin:80 - create IPUIPlugin
2023-09-10 22:18:18,882 [INFO] PluginManager:220 - loadIPPluginJar : add ts
2023-09-10 22:18:18,901 [INFO] IPUIPlugin:80 - create IPUIPlugin
2023-09-10 22:18:18,901 [INFO] PluginManager:220 - loadIPPluginJar : add tsc
2023-09-10 22:18:18,918 [INFO] IPUIPlugin:80 - create IPUIPlugin
2023-09-10 22:18:18,918 [INFO] PluginManager:220 - loadIPPluginJar : add ucpd
2023-09-10 22:18:18,949 [INFO] IPUIPlugin:80 - create IPUIPlugin
2023-09-10 22:18:18,949 [INFO] PluginManager:220 - loadIPPluginJar : add usart
2023-09-10 22:18:18,980 [INFO] IPUIPlugin:80 - create IPUIPlugin
2023-09-10 22:18:18,980 [INFO] PluginManager:220 - loadIPPluginJar : add usbx
2023-09-10 22:18:19,096 [INFO] CADModel:165 - CPN selected for project level
2023-09-10 22:18:19,096 [INFO] CADModel:114 - Register for checkConnection events
2023-09-10 22:18:19,096 [FATAL] Updater:308 - Updater called before beeing initialized
2023-09-10 22:18:19,096 [ERROR] CADModel:125 - Updater not yet initialized, retry later 
2023-09-10 22:18:19,234 [INFO] CADModel:165 - CPN selected for project level
2023-09-10 22:18:19,234 [INFO] CADModel:114 - Register for checkConnection events
2023-09-10 22:18:19,234 [FATAL] Updater:308 - Updater called before beeing initialized
2023-09-10 22:18:19,234 [ERROR] CADModel:125 - Updater not yet initialized, retry later 
2023-09-10 22:18:19,238 [FATAL] Updater:308 - Updater called before beeing initialized
2023-09-10 22:18:19,328 [FATAL] Updater:308 - Updater called before beeing initialized
2023-09-10 22:18:19,335 [INFO] DbMcusAds:53 - JSON generation date=Tue Mar 07 15:50:55 ICT 2023 (1678179055114)
2023-09-10 22:18:19,336 [FATAL] Updater:308 - Updater called before beeing initialized
2023-09-10 22:18:19,365 [WARN] DetailPanel:346 - Failed to get advertising image, set to default
2023-09-10 22:18:19,438 [FATAL] Updater:308 - Updater called before beeing initialized
2023-09-10 22:18:19,440 [FATAL] Updater:308 - Updater called before beeing initialized
2023-09-10 22:18:19,440 [FATAL] Updater:308 - Updater called before beeing initialized
2023-09-10 22:18:19,440 [WARN] DetailPanel:346 - Failed to get advertising image, set to default
2023-09-10 22:18:19,440 [FATAL] Updater:308 - Updater called before beeing initialized
2023-09-10 22:18:19,487 [ERROR] Updater:1120 - MainUpdater not yet initialized. External WinMGr cannot be set.
2023-09-10 22:18:19,496 [INFO] Updater:1056 - Updater Version found : 6.9.0
2023-09-10 22:18:19,513 [INFO] ApplicationProperties:184 - Using Application install path: C:\ST\STM32CubeIDE_1.13.0\STM32CubeIDE\plugins\com.st.stm32cube.common.mx_6.9.0.202307051724
2023-09-10 22:18:19,619 [INFO] MainUpdater:2868 - connection check result : 10
2023-09-10 22:18:19,620 [INFO] MainUpdater:285 - Updater Check For Update Now.
2023-09-10 22:18:19,621 [INFO] MicroXplorer:498 - Change Database Version : DB.6.0.90
2023-09-10 22:18:19,635 [INFO] McuFinderGlobals:63 - Set McuFinder mode to 2 (CubeIDE integrated)
2023-09-10 22:18:19,795 [INFO] CheckServerUpdateThread:120 - End of CheckServer Thread
2023-09-10 22:18:20,188 [WARN] PackLoader:240 - Cannot read IP mode file for STMicroelectronics.X-CUBE-SMBUS.2.1.0
2023-09-10 22:18:20,223 [WARN] PackLoader:240 - Cannot read IP mode file for STMicroelectronics.X-CUBE-AZRTOS-F7.1.1.0
2023-09-10 22:18:20,238 [WARN] PackLoader:240 - Cannot read IP mode file for STMicroelectronics.FP-SNS-MOTENV1.4.3.2
2023-09-10 22:18:20,252 [WARN] PackLoader:240 - Cannot read IP mode file for STMicroelectronics.FP-SNS-FLIGHT1.5.0.1
2023-09-10 22:18:20,269 [WARN] PackLoader:240 - Cannot read IP mode file for STMicroelectronics.X-CUBE-BLE1.6.2.4
2023-09-10 22:18:20,278 [WARN] PackLoader:240 - Cannot read IP mode file for STMicroelectronics.FP-SNS-FLIGHT1.5.0.2
2023-09-10 22:18:20,295 [WARN] PackLoader:240 - Cannot read IP mode file for STMicroelectronics.X-CUBE-DISPLAY.3.0.0
2023-09-10 22:18:20,308 [WARN] PackLoader:240 - Cannot read IP mode file for STMicroelectronics.X-CUBE-BLE1.7.0.0
2023-09-10 22:18:20,321 [WARN] PackLoader:240 - Cannot read IP mode file for emotas.I-CUBE-CANOPEN.1.3.0
2023-09-10 22:18:20,334 [WARN] PackLoader:240 - Cannot read IP mode file for STMicroelectronics.X-CUBE-TOUCHGFX.4.22.0
2023-09-10 22:18:20,346 [WARN] PackLoader:240 - Cannot read IP mode file for STMicroelectronics.FP-SNS-SMARTAG2.1.2.0
2023-09-10 22:18:20,364 [INFO] LogOutputStream:77 - [STDOUT_REDIRECT] 1 : Invalid condition id : UX_CORESTACK_Condition cause : null
2023-09-10 22:18:20,364 [INFO] LogOutputStream:77 - [STDOUT_REDIRECT] 1 : Invalid condition id : UX_CORESTACK_Condition cause : null
2023-09-10 22:18:20,364 [INFO] LogOutputStream:77 - [STDOUT_REDIRECT] 1 : Invalid condition id : UX_CORESTACK_Condition cause : null
2023-09-10 22:18:20,365 [INFO] LogOutputStream:77 - [STDOUT_REDIRECT] 1 : Invalid condition id : UX_CORESTACK_Condition cause : null
2023-09-10 22:18:20,366 [INFO] LogOutputStream:77 - [STDOUT_REDIRECT] 1 : Invalid condition id : UX_CORESTACK_Condition cause : null
2023-09-10 22:18:20,367 [WARN] PackLoader:240 - Cannot read IP mode file for STMicroelectronics.X-CUBE-AZRTOS-WL.2.0.0
2023-09-10 22:18:20,380 [WARN] PackLoader:240 - Cannot read IP mode file for WES.I-CUBE-Cesium.1.3.0
2023-09-10 22:18:20,392 [WARN] PackLoader:240 - Cannot read IP mode file for STMicroelectronics.X-CUBE-BLE2.3.3.0
2023-09-10 22:18:20,403 [WARN] PackLoader:240 - Cannot read IP mode file for STMicroelectronics.X-CUBE-ALGOBUILD.1.3.0
2023-09-10 22:18:20,424 [WARN] PackLoader:240 - Cannot read IP mode file for STMicroelectronics.X-CUBE-AZRTOS-G0.1.1.0
2023-09-10 22:18:20,437 [WARN] PackLoader:240 - Cannot read IP mode file for STMicroelectronics.X-CUBE-NFC4.3.0.0
2023-09-10 22:18:20,450 [WARN] PackLoader:240 - Cannot read IP mode file for STMicroelectronics.FP-ATR-SIGFOX1.3.2.0
2023-09-10 22:18:20,480 [WARN] PackLoader:240 - Cannot read IP mode file for SEGGER.I-CUBE-embOS.1.3.1
2023-09-10 22:18:20,518 [WARN] PackLoader:240 - Cannot read IP mode file for STMicroelectronics.X-CUBE-GNSS1.6.0.0
2023-09-10 22:18:20,543 [WARN] PackLoader:240 - Cannot read IP mode file for STMicroelectronics.X-CUBE-AZRTOS-F4.1.1.0
2023-09-10 22:18:20,561 [WARN] PackLoader:240 - Cannot read IP mode file for wolfSSL.I-CUBE-wolfSSL.5.6.3
2023-09-10 22:18:20,582 [WARN] PackLoader:240 - Cannot read IP mode file for STMicroelectronics.X-CUBE-AZRTOS-L5.2.0.0
2023-09-10 22:18:20,619 [WARN] PackLoader:240 - Cannot read IP mode file for STMicroelectronics.X-CUBE-MEMS1.9.6.0
2023-09-10 22:18:20,736 [WARN] PackLoader:240 - Cannot read IP mode file for STMicroelectronics.X-CUBE-BLEMGR.2.0.0
2023-09-10 22:18:20,758 [WARN] ConditionMgr:438 - getConditionDescription Invalid condition id : UX DEVICE CLASS RTOS Condition cause : null
2023-09-10 22:18:20,758 [WARN] ConditionMgr:438 - getConditionDescription Invalid condition id : UX DEVICE CLASS RTOS Condition cause : null
2023-09-10 22:18:20,760 [WARN] PackLoader:240 - Cannot read IP mode file for STMicroelectronics.X-CUBE-AZRTOS-H7.3.1.0
2023-09-10 22:18:20,760 [WARN] ConditionMgr:1039 - genDependencies : Invalid condition id : UX DEVICE CLASS RTOS Condition cause : null
2023-09-10 22:18:20,760 [WARN] ConditionMgr:1039 - genDependencies : Invalid condition id : UX DEVICE CLASS RTOS Condition cause : null
2023-09-10 22:18:20,761 [WARN] ConditionMgr:1039 - genDependencies : Invalid condition id : UX DEVICE CLASS RTOS Condition cause : null
2023-09-10 22:18:20,761 [WARN] ConditionMgr:1039 - genDependencies : Invalid condition id : UX DEVICE CLASS RTOS Condition cause : null
2023-09-10 22:18:20,761 [WARN] ConditionMgr:1039 - genDependencies : Invalid condition id : UX DEVICE CLASS RTOS Condition cause : null
2023-09-10 22:18:20,773 [WARN] PackLoader:240 - Cannot read IP mode file for STMicroelectronics.X-CUBE-NFC7.1.0.1
2023-09-10 22:18:20,784 [WARN] PackLoader:240 - Cannot read IP mode file for STMicroelectronics.X-CUBE-NFC6.3.0.0
2023-09-10 22:18:20,797 [WARN] PackLoader:240 - Cannot read IP mode file for STMicroelectronics.X-CUBE-EEPRMA1.4.1.0
2023-09-10 22:18:20,808 [WARN] PackLoader:240 - Cannot read IP mode file for STMicroelectronics.X-CUBE-AI.8.1.0
2023-09-10 22:18:20,830 [WARN] ConditionMgr:438 - getConditionDescription Invalid condition id : LAN8742 Phy interface Condition cause : null
2023-09-10 22:18:20,831 [WARN] PackLoader:240 - Cannot read IP mode file for STMicroelectronics.X-CUBE-AZRTOS-L4.2.0.0
2023-09-10 22:18:20,831 [WARN] ConditionMgr:1039 - genDependencies : Invalid condition id : LAN8742 Phy interface Condition cause : null
2023-09-10 22:18:20,832 [WARN] ConditionMgr:1039 - genDependencies : Invalid condition id : LAN8742 Phy interface Condition cause : null
2023-09-10 22:18:20,832 [WARN] ConditionMgr:1039 - genDependencies : Invalid condition id : LAN8742 Phy interface Condition cause : null
2023-09-10 22:18:20,842 [WARN] PackLoader:240 - Cannot read IP mode file for STMicroelectronics.X-CUBE-SFXS2LP1.4.0.0
2023-09-10 22:18:20,851 [WARN] PackLoader:240 - Cannot read IP mode file for STMicroelectronics.X-CUBE-ISPU.1.1.0
2023-09-10 22:18:20,868 [WARN] ConditionMgr:438 - getConditionDescription Invalid condition id : UX DEVICE CLASS RTOS Condition cause : null
2023-09-10 22:18:20,868 [WARN] ConditionMgr:438 - getConditionDescription Invalid condition id : UX DEVICE CLASS RTOS Condition cause : null
2023-09-10 22:18:20,870 [WARN] PackLoader:240 - Cannot read IP mode file for STMicroelectronics.X-CUBE-AZRTOS-WB.2.0.0
2023-09-10 22:18:20,871 [WARN] ConditionMgr:1039 - genDependencies : Invalid condition id : UX DEVICE CLASS RTOS Condition cause : null
2023-09-10 22:18:20,871 [WARN] ConditionMgr:1039 - genDependencies : Invalid condition id : UX DEVICE CLASS RTOS Condition cause : null
2023-09-10 22:18:20,871 [WARN] ConditionMgr:1039 - genDependencies : Invalid condition id : UX DEVICE CLASS RTOS Condition cause : null
2023-09-10 22:18:20,871 [WARN] ConditionMgr:1039 - genDependencies : Invalid condition id : UX DEVICE CLASS RTOS Condition cause : null
2023-09-10 22:18:20,871 [WARN] ConditionMgr:1039 - genDependencies : Invalid condition id : UX DEVICE CLASS RTOS Condition cause : null
2023-09-10 22:18:20,882 [WARN] PackLoader:240 - Cannot read IP mode file for STMicroelectronics.X-CUBE-FREERTOS.1.0.1
2023-09-10 22:18:20,902 [WARN] PackLoader:240 - Cannot read IP mode file for STMicroelectronics.X-CUBE-AZRTOS-L5.1.1.0
2023-09-10 22:18:20,912 [WARN] PackLoader:240 - Cannot read IP mode file for STMicroelectronics.X-CUBE-AI.8.0.1
2023-09-10 22:18:20,926 [WARN] PackLoader:240 - Cannot read IP mode file for STMicroelectronics.X-CUBE-SUBG2.5.0.0
2023-09-10 22:18:20,942 [WARN] PackLoader:240 - Cannot read IP mode file for STMicroelectronics.X-CUBE-TOF1.3.3.1
2023-09-10 22:18:20,968 [WARN] PackLoader:240 - Cannot read IP mode file for STMicroelectronics.X-CUBE-AZRTOS-G4.2.0.0
2023-09-10 22:18:20,986 [WARN] PackLoader:240 - Cannot read IP mode file for STMicroelectronics.X-CUBE-TOF1.3.3.0
2023-09-10 22:18:20,999 [WARN] PackLoader:240 - Cannot read IP mode file for STMicroelectronics.X-CUBE-FREERTOS.1.1.0
2023-09-10 22:18:21,008 [WARN] PackLoader:240 - Cannot read IP mode file for portGmbH.I-Cube-SoM-uGOAL.1.1.0
2023-09-10 22:18:21,018 [WARN] PackLoader:240 - Cannot read IP mode file for STMicroelectronics.X-CUBE-ALS.1.0.1
2023-09-10 22:18:21,035 [WARN] PackLoader:240 - Cannot read IP mode file for STMicroelectronics.X-CUBE-AZRTOS-WB.1.1.0
2023-09-10 22:18:21,045 [WARN] PackLoader:240 - Cannot read IP mode file for STMicroelectronics.FP-ATR-ASTRA1.2.0.0
2023-09-10 22:18:21,046 [INFO] ThirdParty:978 - Integrity check success = true
2023-09-10 22:18:21,047 [INFO] IntegrityCheckThread:100 - exiting critical section [integrity check]
2023-09-10 22:18:21,047 [INFO] IntegrityCheckThread:103 - End integrity checks thread
2023-09-10 22:18:40,588 [ERROR] LogOutputStream:75 - [STDERR_REDIRECT] SLF4J: Failed to load class "org.slf4j.impl.StaticLoggerBinder".
2023-09-10 22:18:40,589 [ERROR] LogOutputStream:75 - [STDERR_REDIRECT] SLF4J: Defaulting to no-operation (NOP) logger implementation
2023-09-10 22:18:40,589 [ERROR] LogOutputStream:75 - [STDERR_REDIRECT] SLF4J: See http://www.slf4j.org/codes.html#StaticLoggerBinder for further details.
