2023-08-07 16:11:38,788 [INFO] Activator:176 - 


2023-08-07 16:11:38,794 [INFO] Activator:177 - !SESSION log4j initialized
2023-08-07 16:11:43,517 [INFO] LogOutputStream:77 - [STDOUT_REDIRECT] 
2023-08-07 16:11:45,125 [INFO] ApplicationProperties:184 - Using Application install path: C:\ST\STM32CubeIDE_1.13.0\STM32CubeIDE\plugins\com.st.stm32cube.common.mx_6.9.0.202307051724
2023-08-07 16:11:45,141 [INFO] DbMcusXml:78 - Set database path to: C:\ST\STM32CubeIDE_1.13.0\STM32CubeIDE\plugins\com.st.stm32cube.common.mx_6.9.0.202307051724\\db\/mcu/
2023-08-07 16:11:45,141 [INFO] ApiDb:274 - Set plugin database path to: C:\ST\STM32CubeIDE_1.13.0\STM32CubeIDE\plugins\com.st.stm32cube.common.mx_6.9.0.202307051724\\db\/plugins/boardmanager/
2023-08-07 16:11:45,142 [WARN] ApiDb:259 - Overriding images path with different value:  => C:\ST\STM32CubeIDE_1.13.0\STM32CubeIDE\plugins\com.st.stm32cube.common.mx_6.9.0.202307051724\\db\/plugins/mcufinder/images/
2023-08-07 16:11:45,153 [INFO] ApiDb:250 - Set database path to: C:\Users\User\.stmcufinder\plugins\mcufinder//mcu/
2023-08-07 16:11:45,154 [INFO] DbMcusAds:125 - Set database path to: C:\Users\User\.stmcufinder\plugins\mcufinder//mcu/
2023-08-07 16:11:45,156 [INFO] CrossReferenceDbSqlite:203 - Set database path to: C:\Users\User\.stmcufinder\plugins\mcufinder//mcu/cs/
2023-08-07 16:11:45,249 [INFO] RulesReader:64 - Compatibility file has been processed (293 Rules)
2023-08-07 16:11:45,322 [INFO] DbMcusXml:78 - Set database path to: C:\ST\STM32CubeIDE_1.13.0\STM32CubeIDE\plugins\com.st.stm32cube.common.mx_6.9.0.202307051724\\db\/mcu/
2023-08-07 16:11:45,322 [INFO] ApiDb:274 - Set plugin database path to: C:\ST\STM32CubeIDE_1.13.0\STM32CubeIDE\plugins\com.st.stm32cube.common.mx_6.9.0.202307051724\\db\/plugins/boardmanager/
2023-08-07 16:11:45,322 [INFO] ApiDb:261 - Set plugin images path to: C:\ST\STM32CubeIDE_1.13.0\STM32CubeIDE\plugins\com.st.stm32cube.common.mx_6.9.0.202307051724\\db\/plugins/mcufinder/images/
2023-08-07 16:11:45,322 [WARN] DbFile:41 - Overriding database path with different value: C:\Users\User\.stmcufinder\plugins\mcufinder/ => C:\Users\User\.stmcufinder\plugins\mcufinder
2023-08-07 16:11:45,322 [INFO] ApiDb:250 - Set database path to: C:\Users\User\.stmcufinder\plugins\mcufinder//mcu/
2023-08-07 16:11:45,322 [WARN] DbFile:41 - Overriding database path with different value: C:\Users\User\.stmcufinder\plugins\mcufinder/ => C:\Users\User\.stmcufinder\plugins\mcufinder
2023-08-07 16:11:45,322 [INFO] DbMcusAds:125 - Set database path to: C:\Users\User\.stmcufinder\plugins\mcufinder//mcu/
2023-08-07 16:11:45,322 [WARN] DbFile:41 - Overriding database path with different value: C:\Users\User\.stmcufinder\plugins\mcufinder/ => C:\Users\User\.stmcufinder\plugins\mcufinder
2023-08-07 16:11:45,322 [WARN] DbFile:41 - Overriding database path with different value: C:\Users\User\.stmcufinder\plugins\mcufinder/ => C:\Users\User\.stmcufinder\plugins\mcufinder
2023-08-07 16:11:45,322 [INFO] CrossReferenceDbSqlite:203 - Set database path to: C:\Users\User\.stmcufinder\plugins\mcufinder//mcu/cs/
2023-08-07 16:11:45,391 [INFO] MainPanel:262 - HeapMemory: 268435456
2023-08-07 16:11:45,473 [INFO] DbMcusXml:78 - Set database path to: C:\ST\STM32CubeIDE_1.13.0\STM32CubeIDE\plugins\com.st.stm32cube.common.mx_6.9.0.202307051724\\db\/mcu/
2023-08-07 16:11:45,473 [INFO] ApiDb:274 - Set plugin database path to: C:\ST\STM32CubeIDE_1.13.0\STM32CubeIDE\plugins\com.st.stm32cube.common.mx_6.9.0.202307051724\\db\/plugins/boardmanager/
2023-08-07 16:11:45,473 [INFO] ApiDb:261 - Set plugin images path to: C:\ST\STM32CubeIDE_1.13.0\STM32CubeIDE\plugins\com.st.stm32cube.common.mx_6.9.0.202307051724\\db\/plugins/mcufinder/images/
2023-08-07 16:11:45,474 [WARN] DbFile:41 - Overriding database path with different value: C:\Users\User\.stmcufinder\plugins\mcufinder/ => C:\Users\User\.stmcufinder\plugins\mcufinder
2023-08-07 16:11:45,474 [INFO] ApiDb:250 - Set database path to: C:\Users\User\.stmcufinder\plugins\mcufinder//mcu/
2023-08-07 16:11:45,474 [WARN] DbFile:41 - Overriding database path with different value: C:\Users\User\.stmcufinder\plugins\mcufinder/ => C:\Users\User\.stmcufinder\plugins\mcufinder
2023-08-07 16:11:45,474 [INFO] DbMcusAds:125 - Set database path to: C:\Users\User\.stmcufinder\plugins\mcufinder//mcu/
2023-08-07 16:11:45,474 [WARN] DbFile:41 - Overriding database path with different value: C:\Users\User\.stmcufinder\plugins\mcufinder/ => C:\Users\User\.stmcufinder\plugins\mcufinder
2023-08-07 16:11:45,475 [WARN] DbFile:41 - Overriding database path with different value: C:\Users\User\.stmcufinder\plugins\mcufinder/ => C:\Users\User\.stmcufinder\plugins\mcufinder
2023-08-07 16:11:45,475 [INFO] CrossReferenceDbSqlite:203 - Set database path to: C:\Users\User\.stmcufinder\plugins\mcufinder//mcu/cs/
2023-08-07 16:11:45,492 [INFO] ApplicationProperties:184 - Using Application install path: C:\ST\STM32CubeIDE_1.13.0\STM32CubeIDE\plugins\com.st.stm32cube.common.mx_6.9.0.202307051724
2023-08-07 16:11:45,493 [INFO] PluginManage:196 - Search for loadable plugins [exclusion list=, ]
2023-08-07 16:11:45,494 [INFO] PluginManage:310 - Check plugin analytics
2023-08-07 16:11:45,636 [INFO] AnalyticsPlugin:253 - Accepted Software Licenses: 
2023-08-07 16:11:45,637 [INFO] AnalyticsPlugin:255 - Accepted CMSIS Pack Licenses: 
2023-08-07 16:11:45,637 [INFO] AnalyticsPlugin:257 - Accepted Firmware Licenses: FW.F7.1.17.0
2023-08-07 16:11:45,641 [INFO] PluginManage:359 - Loaded plugin analytics (category:tool,tabindex:-1)
2023-08-07 16:11:45,642 [INFO] PluginManage:310 - Check plugin cadmodel
2023-08-07 16:11:45,654 [INFO] CADModel:105 - Init CAD model plugin
2023-08-07 16:11:45,655 [INFO] PluginManage:359 - Loaded plugin cadmodel (category:power,tabindex:5)
2023-08-07 16:11:45,655 [INFO] PluginManage:310 - Check plugin clock
2023-08-07 16:11:45,671 [INFO] PluginManage:359 - Loaded plugin clock (category:base,tabindex:2)
2023-08-07 16:11:45,671 [INFO] PluginManage:310 - Check plugin ddr
2023-08-07 16:11:45,673 [INFO] PluginManage:359 - Loaded plugin ddr (category:tool,tabindex:6)
2023-08-07 16:11:45,674 [INFO] PluginManage:310 - Check plugin filemanager
2023-08-07 16:11:45,798 [INFO] PluginManage:359 - Loaded plugin filemanager (category:base,tabindex:10)
2023-08-07 16:11:45,798 [INFO] PluginManage:310 - Check plugin ipmanager
2023-08-07 16:11:45,806 [INFO] PluginManage:359 - Loaded plugin ipmanager (category:base,tabindex:5)
2023-08-07 16:11:45,806 [INFO] PluginManage:310 - Check plugin lpbam
2023-08-07 16:11:45,823 [INFO] PluginManage:359 - Loaded plugin lpbam (category:base,tabindex:0)
2023-08-07 16:11:45,823 [INFO] PluginManage:310 - Check plugin memorymap
2023-08-07 16:11:45,845 [INFO] PluginManage:359 - Loaded plugin memorymap (category:base,tabindex:4)
2023-08-07 16:11:45,845 [INFO] PluginManage:310 - Check plugin pinoutandconfiguration
2023-08-07 16:11:45,861 [INFO] PluginManage:359 - Loaded plugin pinoutandconfiguration (category:base,tabindex:1)
2023-08-07 16:11:45,862 [INFO] PluginManage:310 - Check plugin pinoutconfig
2023-08-07 16:11:45,940 [WARN] SupportedApi:132 - Cannot load RTOS API schema: s4s-elt-must-match.1: The content of 'definitions' must match (annotation?, (simpleType | complexType)?, (unique | key | keyref)*)). A problem was found starting at: attribute.
2023-08-07 16:11:46,049 [INFO] PluginManage:359 - Loaded plugin pinoutconfig (category:base,tabindex:0)
2023-08-07 16:11:46,049 [INFO] PluginManage:310 - Check plugin power
2023-08-07 16:11:46,071 [INFO] PluginManage:359 - Loaded plugin power (category:power,tabindex:4)
2023-08-07 16:11:46,071 [INFO] PluginManage:310 - Check plugin projectmanager
2023-08-07 16:11:46,083 [INFO] PluginManage:359 - Loaded plugin projectmanager (category:projectmanager,tabindex:3)
2023-08-07 16:11:46,083 [INFO] PluginManage:310 - Check plugin thirdparty
2023-08-07 16:11:46,310 [INFO] PluginManage:359 - Loaded plugin thirdparty (category:base,tabindex:-1)
2023-08-07 16:11:46,310 [WARN] IntegrityCheckThread:84 - waiting for thirdparty lock release [integrity check]
2023-08-07 16:11:46,310 [INFO] PluginManage:310 - Check plugin tools
2023-08-07 16:11:46,310 [INFO] IntegrityCheckThread:86 - entering critical section [integrity check]
2023-08-07 16:11:46,311 [INFO] ThirdPartyUpdaterWithRetryManager:70 - Updater plugin not ready yet. [1/15]
2023-08-07 16:11:46,339 [INFO] PluginManage:359 - Loaded plugin tools (category:base,tabindex:7)
2023-08-07 16:11:46,339 [INFO] PluginManage:310 - Check plugin tutovideos
2023-08-07 16:11:46,525 [INFO] PluginManage:359 - Loaded plugin tutovideos (category:base,tabindex:-1)
2023-08-07 16:11:46,525 [INFO] PluginManage:310 - Check plugin updater
2023-08-07 16:11:46,537 [INFO] PluginManage:359 - Loaded plugin updater (category:base,tabindex:12)
2023-08-07 16:11:46,537 [INFO] PluginManage:310 - Check plugin userauth
2023-08-07 16:11:46,542 [INFO] UserAuth:113 - Init User Auth plugin
2023-08-07 16:11:46,542 [INFO] PluginManage:359 - Loaded plugin userauth (category:base,tabindex:14)
2023-08-07 16:11:46,543 [INFO] PluginManage:283 - PluginManage : Loaded plugins [17]
2023-08-07 16:11:46,761 [INFO] PinOutPanel:1499 - setPackage(No Configuration,No Configuration)
2023-08-07 16:11:46,890 [INFO] CADModel:165 - CPN selected for project level
2023-08-07 16:11:46,890 [INFO] CADModel:114 - Register for checkConnection events
2023-08-07 16:11:46,919 [INFO] IPUIPlugin:80 - create IPUIPlugin
2023-08-07 16:11:46,919 [INFO] PluginManager:220 - loadIPPluginJar : add adc
2023-08-07 16:11:46,964 [INFO] IPUIPlugin:80 - create IPUIPlugin
2023-08-07 16:11:46,964 [INFO] PluginManager:220 - loadIPPluginJar : add aes
2023-08-07 16:11:47,002 [INFO] IPUIPlugin:80 - create IPUIPlugin
2023-08-07 16:11:47,003 [INFO] PluginManager:220 - loadIPPluginJar : add can
2023-08-07 16:11:47,023 [INFO] IPUIPlugin:80 - create IPUIPlugin
2023-08-07 16:11:47,023 [INFO] PluginManager:220 - loadIPPluginJar : add comp
2023-08-07 16:11:47,047 [INFO] IPUIPlugin:80 - create IPUIPlugin
2023-08-07 16:11:47,048 [INFO] PluginManager:220 - loadIPPluginJar : add cryp
2023-08-07 16:11:47,071 [INFO] IPUIPlugin:80 - create IPUIPlugin
2023-08-07 16:11:47,071 [INFO] PluginManager:220 - loadIPPluginJar : add dfsdm
2023-08-07 16:11:47,084 [INFO] IPUIPlugin:80 - create IPUIPlugin
2023-08-07 16:11:47,085 [INFO] PluginManager:220 - loadIPPluginJar : add dma
2023-08-07 16:11:47,114 [INFO] IPUIPlugin:80 - create IPUIPlugin
2023-08-07 16:11:47,115 [INFO] PluginManager:220 - loadIPPluginJar : add dma3
2023-08-07 16:11:47,129 [INFO] IPUIPlugin:80 - create IPUIPlugin
2023-08-07 16:11:47,129 [INFO] PluginManager:220 - loadIPPluginJar : add fatfs
2023-08-07 16:11:47,163 [INFO] IPUIPlugin:80 - create IPUIPlugin
2023-08-07 16:11:47,163 [INFO] PluginManager:220 - loadIPPluginJar : add fmc
2023-08-07 16:11:47,178 [INFO] IPUIPlugin:80 - create IPUIPlugin
2023-08-07 16:11:47,178 [INFO] PluginManager:220 - loadIPPluginJar : add freertos
2023-08-07 16:11:47,194 [INFO] IPUIPlugin:80 - create IPUIPlugin
2023-08-07 16:11:47,194 [INFO] PluginManager:220 - loadIPPluginJar : add genericplugin
2023-08-07 16:11:47,262 [INFO] IPUIPlugin:80 - create IPUIPlugin
2023-08-07 16:11:47,263 [INFO] PluginManager:220 - loadIPPluginJar : add gfxmmu
2023-08-07 16:11:47,358 [INFO] IPUIPlugin:80 - create IPUIPlugin
2023-08-07 16:11:47,358 [INFO] PluginManager:220 - loadIPPluginJar : add gic
2023-08-07 16:11:47,369 [INFO] IPUIPlugin:80 - create IPUIPlugin
2023-08-07 16:11:47,369 [INFO] PluginManager:220 - loadIPPluginJar : add gpio
2023-08-07 16:11:47,434 [INFO] IPUIPlugin:80 - create IPUIPlugin
2023-08-07 16:11:47,435 [INFO] PluginManager:220 - loadIPPluginJar : add gtzc
2023-08-07 16:11:47,459 [INFO] IPUIPlugin:80 - create IPUIPlugin
2023-08-07 16:11:47,459 [INFO] PluginManager:220 - loadIPPluginJar : add hash
2023-08-07 16:11:47,499 [INFO] IPUIPlugin:80 - create IPUIPlugin
2023-08-07 16:11:47,499 [INFO] PluginManager:220 - loadIPPluginJar : add i2c
2023-08-07 16:11:47,534 [INFO] IPUIPlugin:80 - create IPUIPlugin
2023-08-07 16:11:47,534 [INFO] PluginManager:220 - loadIPPluginJar : add i2s
2023-08-07 16:11:47,569 [INFO] IPUIPlugin:80 - create IPUIPlugin
2023-08-07 16:11:47,569 [INFO] PluginManager:220 - loadIPPluginJar : add i3c
2023-08-07 16:11:47,644 [INFO] IPUIPlugin:80 - create IPUIPlugin
2023-08-07 16:11:47,645 [INFO] PluginManager:220 - loadIPPluginJar : add ipddr
2023-08-07 16:11:47,714 [INFO] IPUIPlugin:80 - create IPUIPlugin
2023-08-07 16:11:47,714 [INFO] PluginManager:220 - loadIPPluginJar : add linkedlist
2023-08-07 16:11:47,739 [INFO] IPUIPlugin:80 - create IPUIPlugin
2023-08-07 16:11:47,739 [INFO] PluginManager:220 - loadIPPluginJar : add lorawan
2023-08-07 16:11:47,762 [INFO] IPUIPlugin:80 - create IPUIPlugin
2023-08-07 16:11:47,762 [INFO] PluginManager:220 - loadIPPluginJar : add ltdc
2023-08-07 16:11:47,773 [INFO] IPUIPlugin:80 - create IPUIPlugin
2023-08-07 16:11:47,774 [INFO] PluginManager:220 - loadIPPluginJar : add mdma
2023-08-07 16:11:47,785 [INFO] IPUIPlugin:80 - create IPUIPlugin
2023-08-07 16:11:47,785 [INFO] PluginManager:220 - loadIPPluginJar : add nvic
2023-08-07 16:11:47,812 [INFO] IPUIPlugin:80 - create IPUIPlugin
2023-08-07 16:11:47,812 [INFO] PluginManager:220 - loadIPPluginJar : add opamp
2023-08-07 16:11:47,872 [INFO] IPUIPlugin:80 - create IPUIPlugin
2023-08-07 16:11:47,872 [INFO] PluginManager:220 - loadIPPluginJar : add openamp
2023-08-07 16:11:47,920 [INFO] IPUIPlugin:80 - create IPUIPlugin
2023-08-07 16:11:47,922 [INFO] PluginManager:220 - loadIPPluginJar : add pdm2pcm
2023-08-07 16:11:47,942 [INFO] IPUIPlugin:80 - create IPUIPlugin
2023-08-07 16:11:47,947 [INFO] PluginManager:220 - loadIPPluginJar : add plateformsettings
2023-08-07 16:11:47,973 [INFO] IPUIPlugin:80 - create IPUIPlugin
2023-08-07 16:11:47,973 [INFO] PluginManager:220 - loadIPPluginJar : add quadspi
2023-08-07 16:11:47,987 [INFO] IPUIPlugin:80 - create IPUIPlugin
2023-08-07 16:11:47,987 [INFO] PluginManager:220 - loadIPPluginJar : add resmgrutility
2023-08-07 16:11:48,034 [INFO] IPUIPlugin:80 - create IPUIPlugin
2023-08-07 16:11:48,034 [INFO] PluginManager:220 - loadIPPluginJar : add sai
2023-08-07 16:11:48,075 [INFO] IPUIPlugin:80 - create IPUIPlugin
2023-08-07 16:11:48,075 [INFO] PluginManager:220 - loadIPPluginJar : add spi
2023-08-07 16:11:48,119 [INFO] IPUIPlugin:80 - create IPUIPlugin
2023-08-07 16:11:48,120 [INFO] PluginManager:220 - loadIPPluginJar : add stm32_wpan
2023-08-07 16:11:48,137 [INFO] IPUIPlugin:80 - create IPUIPlugin
2023-08-07 16:11:48,137 [INFO] PluginManager:220 - loadIPPluginJar : add tim
2023-08-07 16:11:48,182 [INFO] IPUIPlugin:80 - create IPUIPlugin
2023-08-07 16:11:48,182 [INFO] PluginManager:220 - loadIPPluginJar : add touchsensing
2023-08-07 16:11:48,203 [INFO] IPUIPlugin:80 - create IPUIPlugin
2023-08-07 16:11:48,203 [INFO] PluginManager:220 - loadIPPluginJar : add tracer_emb
2023-08-07 16:11:48,225 [INFO] IPUIPlugin:80 - create IPUIPlugin
2023-08-07 16:11:48,225 [INFO] PluginManager:220 - loadIPPluginJar : add ts
2023-08-07 16:11:48,244 [INFO] IPUIPlugin:80 - create IPUIPlugin
2023-08-07 16:11:48,244 [INFO] PluginManager:220 - loadIPPluginJar : add tsc
2023-08-07 16:11:48,268 [INFO] IPUIPlugin:80 - create IPUIPlugin
2023-08-07 16:11:48,268 [INFO] PluginManager:220 - loadIPPluginJar : add ucpd
2023-08-07 16:11:48,317 [INFO] IPUIPlugin:80 - create IPUIPlugin
2023-08-07 16:11:48,317 [INFO] PluginManager:220 - loadIPPluginJar : add usart
2023-08-07 16:11:48,361 [INFO] IPUIPlugin:80 - create IPUIPlugin
2023-08-07 16:11:48,361 [INFO] PluginManager:220 - loadIPPluginJar : add usbx
2023-08-07 16:11:48,488 [INFO] CADModel:165 - CPN selected for project level
2023-08-07 16:11:48,488 [INFO] CADModel:114 - Register for checkConnection events
2023-08-07 16:11:48,489 [FATAL] Updater:308 - Updater called before beeing initialized
2023-08-07 16:11:48,489 [ERROR] CADModel:125 - Updater not yet initialized, retry later 
2023-08-07 16:11:48,614 [INFO] CADModel:165 - CPN selected for project level
2023-08-07 16:11:48,614 [INFO] CADModel:114 - Register for checkConnection events
2023-08-07 16:11:48,614 [FATAL] Updater:308 - Updater called before beeing initialized
2023-08-07 16:11:48,614 [ERROR] CADModel:125 - Updater not yet initialized, retry later 
2023-08-07 16:11:48,618 [FATAL] Updater:308 - Updater called before beeing initialized
2023-08-07 16:11:48,753 [FATAL] Updater:308 - Updater called before beeing initialized
2023-08-07 16:11:48,768 [INFO] DbMcusAds:53 - JSON generation date=Tue Mar 07 15:50:55 ICT 2023 (1678179055114)
2023-08-07 16:11:48,768 [FATAL] Updater:308 - Updater called before beeing initialized
2023-08-07 16:11:48,817 [WARN] DetailPanel:346 - Failed to get advertising image, set to default
2023-08-07 16:11:48,943 [FATAL] Updater:308 - Updater called before beeing initialized
2023-08-07 16:11:48,946 [FATAL] Updater:308 - Updater called before beeing initialized
2023-08-07 16:11:48,946 [FATAL] Updater:308 - Updater called before beeing initialized
2023-08-07 16:11:48,947 [WARN] DetailPanel:346 - Failed to get advertising image, set to default
2023-08-07 16:11:48,947 [FATAL] Updater:308 - Updater called before beeing initialized
2023-08-07 16:11:49,027 [ERROR] Updater:1120 - MainUpdater not yet initialized. External WinMGr cannot be set.
2023-08-07 16:11:49,038 [INFO] Updater:1056 - Updater Version found : 6.9.0
2023-08-07 16:11:49,059 [INFO] ApplicationProperties:184 - Using Application install path: C:\ST\STM32CubeIDE_1.13.0\STM32CubeIDE\plugins\com.st.stm32cube.common.mx_6.9.0.202307051724
2023-08-07 16:11:49,210 [INFO] MainUpdater:2868 - connection check result : 10
2023-08-07 16:11:49,211 [INFO] MainUpdater:3562 - Updater definition file requires update
2023-08-07 16:11:49,212 [INFO] MainUpdater:285 - Updater Check For Update Now.
2023-08-07 16:11:49,212 [INFO] MicroXplorer:498 - Change Database Version : DB.6.0.90
2023-08-07 16:11:49,232 [INFO] McuFinderGlobals:63 - Set McuFinder mode to 2 (CubeIDE integrated)
2023-08-07 16:11:49,232 [INFO] ServerAccessManage:473 - Download File updaters.zip
2023-08-07 16:11:49,289 [INFO] FileExtend:240 - Unzip File : updaters.zip
2023-08-07 16:11:49,290 [INFO] FileExtend:255 - Standard Zip Deflate
2023-08-07 16:11:49,312 [WARN] MainUpdater:1189 - Updater busy. Cannot search thirdparties
2023-08-07 16:11:49,313 [INFO] ThirdPartyUpdaterWithRetryManager:96 - Updater plugin is busy. [1/15]
2023-08-07 16:11:49,881 [INFO] ServerAccessManage:473 - Download File PacksControlFlags.xml
2023-08-07 16:11:50,048 [INFO] ServerAccessManage:473 - Download File cubemx.pidx
2023-08-07 16:11:50,167 [INFO] LoadServerUpdatesThread:373 - End of LoadServerUpdate Thread
2023-08-07 16:11:50,522 [INFO] CheckServerUpdateThread:120 - End of CheckServer Thread
2023-08-07 16:11:52,468 [WARN] PackLoader:240 - Cannot read IP mode file for STMicroelectronics.X-CUBE-SMBUS.2.1.0
2023-08-07 16:11:52,500 [WARN] PackLoader:240 - Cannot read IP mode file for STMicroelectronics.X-CUBE-AZRTOS-F7.1.1.0
2023-08-07 16:11:52,514 [WARN] PackLoader:240 - Cannot read IP mode file for STMicroelectronics.FP-SNS-MOTENV1.4.3.2
2023-08-07 16:11:52,525 [WARN] PackLoader:240 - Cannot read IP mode file for STMicroelectronics.FP-SNS-FLIGHT1.5.0.1
2023-08-07 16:11:52,538 [WARN] PackLoader:240 - Cannot read IP mode file for STMicroelectronics.X-CUBE-BLE1.6.2.4
2023-08-07 16:11:52,548 [WARN] PackLoader:240 - Cannot read IP mode file for STMicroelectronics.FP-SNS-FLIGHT1.5.0.2
2023-08-07 16:11:52,561 [WARN] PackLoader:240 - Cannot read IP mode file for STMicroelectronics.X-CUBE-DISPLAY.3.0.0
2023-08-07 16:11:52,577 [WARN] PackLoader:240 - Cannot read IP mode file for emotas.I-CUBE-CANOPEN.1.3.0
2023-08-07 16:11:52,589 [WARN] PackLoader:240 - Cannot read IP mode file for STMicroelectronics.X-CUBE-TOUCHGFX.4.22.0
2023-08-07 16:11:52,611 [INFO] LogOutputStream:77 - [STDOUT_REDIRECT] 1 : Invalid condition id : UX_CORESTACK_Condition cause : null
2023-08-07 16:11:52,613 [INFO] LogOutputStream:77 - [STDOUT_REDIRECT] 1 : Invalid condition id : UX_CORESTACK_Condition cause : null
2023-08-07 16:11:52,614 [INFO] LogOutputStream:77 - [STDOUT_REDIRECT] 1 : Invalid condition id : UX_CORESTACK_Condition cause : null
2023-08-07 16:11:52,614 [INFO] LogOutputStream:77 - [STDOUT_REDIRECT] 1 : Invalid condition id : UX_CORESTACK_Condition cause : null
2023-08-07 16:11:52,615 [INFO] LogOutputStream:77 - [STDOUT_REDIRECT] 1 : Invalid condition id : UX_CORESTACK_Condition cause : null
2023-08-07 16:11:52,618 [WARN] PackLoader:240 - Cannot read IP mode file for STMicroelectronics.X-CUBE-AZRTOS-WL.2.0.0
2023-08-07 16:11:52,633 [WARN] PackLoader:240 - Cannot read IP mode file for WES.I-CUBE-Cesium.1.3.0
2023-08-07 16:11:52,645 [WARN] PackLoader:240 - Cannot read IP mode file for STMicroelectronics.X-CUBE-BLE2.3.3.0
2023-08-07 16:11:52,656 [WARN] PackLoader:240 - Cannot read IP mode file for STMicroelectronics.X-CUBE-ALGOBUILD.1.3.0
2023-08-07 16:11:52,676 [WARN] PackLoader:240 - Cannot read IP mode file for STMicroelectronics.X-CUBE-AZRTOS-G0.1.1.0
2023-08-07 16:11:52,688 [WARN] PackLoader:240 - Cannot read IP mode file for STMicroelectronics.X-CUBE-NFC4.3.0.0
2023-08-07 16:11:52,699 [WARN] PackLoader:240 - Cannot read IP mode file for STMicroelectronics.FP-ATR-SIGFOX1.3.2.0
2023-08-07 16:11:52,733 [WARN] PackLoader:240 - Cannot read IP mode file for SEGGER.I-CUBE-embOS.1.3.1
2023-08-07 16:11:52,772 [WARN] PackLoader:240 - Cannot read IP mode file for STMicroelectronics.X-CUBE-GNSS1.6.0.0
2023-08-07 16:11:52,792 [WARN] PackLoader:240 - Cannot read IP mode file for STMicroelectronics.X-CUBE-AZRTOS-F4.1.1.0
2023-08-07 16:11:52,804 [WARN] PackLoader:240 - Cannot read IP mode file for wolfSSL.I-CUBE-wolfSSL.5.6.3
2023-08-07 16:11:52,844 [WARN] PackLoader:240 - Cannot read IP mode file for STMicroelectronics.X-CUBE-MEMS1.9.6.0
2023-08-07 16:11:52,943 [WARN] PackLoader:240 - Cannot read IP mode file for STMicroelectronics.X-CUBE-BLEMGR.2.0.0
2023-08-07 16:11:52,964 [WARN] ConditionMgr:438 - getConditionDescription Invalid condition id : UX DEVICE CLASS RTOS Condition cause : null
2023-08-07 16:11:52,964 [WARN] ConditionMgr:438 - getConditionDescription Invalid condition id : UX DEVICE CLASS RTOS Condition cause : null
2023-08-07 16:11:52,966 [WARN] PackLoader:240 - Cannot read IP mode file for STMicroelectronics.X-CUBE-AZRTOS-H7.3.1.0
2023-08-07 16:11:52,968 [WARN] ConditionMgr:1039 - genDependencies : Invalid condition id : UX DEVICE CLASS RTOS Condition cause : null
2023-08-07 16:11:52,968 [WARN] ConditionMgr:1039 - genDependencies : Invalid condition id : UX DEVICE CLASS RTOS Condition cause : null
2023-08-07 16:11:52,968 [WARN] ConditionMgr:1039 - genDependencies : Invalid condition id : UX DEVICE CLASS RTOS Condition cause : null
2023-08-07 16:11:52,969 [WARN] ConditionMgr:1039 - genDependencies : Invalid condition id : UX DEVICE CLASS RTOS Condition cause : null
2023-08-07 16:11:52,969 [WARN] ConditionMgr:1039 - genDependencies : Invalid condition id : UX DEVICE CLASS RTOS Condition cause : null
2023-08-07 16:11:52,982 [WARN] PackLoader:240 - Cannot read IP mode file for STMicroelectronics.X-CUBE-NFC7.1.0.1
2023-08-07 16:11:52,993 [WARN] PackLoader:240 - Cannot read IP mode file for STMicroelectronics.X-CUBE-EEPRMA1.4.1.0
2023-08-07 16:11:53,019 [WARN] ConditionMgr:438 - getConditionDescription Invalid condition id : LAN8742 Phy interface Condition cause : null
2023-08-07 16:11:53,019 [WARN] PackLoader:240 - Cannot read IP mode file for STMicroelectronics.X-CUBE-AZRTOS-L4.2.0.0
2023-08-07 16:11:53,020 [WARN] ConditionMgr:1039 - genDependencies : Invalid condition id : LAN8742 Phy interface Condition cause : null
2023-08-07 16:11:53,020 [WARN] ConditionMgr:1039 - genDependencies : Invalid condition id : LAN8742 Phy interface Condition cause : null
2023-08-07 16:11:53,020 [WARN] ConditionMgr:1039 - genDependencies : Invalid condition id : LAN8742 Phy interface Condition cause : null
2023-08-07 16:11:53,037 [WARN] PackLoader:240 - Cannot read IP mode file for STMicroelectronics.X-CUBE-SFXS2LP1.4.0.0
2023-08-07 16:11:53,051 [WARN] PackLoader:240 - Cannot read IP mode file for STMicroelectronics.X-CUBE-ISPU.1.1.0
2023-08-07 16:11:53,065 [WARN] PackLoader:240 - Cannot read IP mode file for STMicroelectronics.X-CUBE-FREERTOS.1.0.1
2023-08-07 16:11:53,091 [WARN] PackLoader:240 - Cannot read IP mode file for STMicroelectronics.X-CUBE-AZRTOS-L5.1.1.0
2023-08-07 16:11:53,107 [WARN] PackLoader:240 - Cannot read IP mode file for STMicroelectronics.X-CUBE-AI.8.0.1
2023-08-07 16:11:53,126 [WARN] PackLoader:240 - Cannot read IP mode file for STMicroelectronics.X-CUBE-SUBG2.5.0.0
2023-08-07 16:11:53,148 [WARN] PackLoader:240 - Cannot read IP mode file for STMicroelectronics.X-CUBE-TOF1.3.3.1
2023-08-07 16:11:53,171 [WARN] PackLoader:240 - Cannot read IP mode file for STMicroelectronics.X-CUBE-AZRTOS-G4.2.0.0
2023-08-07 16:11:53,185 [WARN] PackLoader:240 - Cannot read IP mode file for STMicroelectronics.X-CUBE-TOF1.3.3.0
2023-08-07 16:11:53,201 [WARN] PackLoader:240 - Cannot read IP mode file for portGmbH.I-Cube-SoM-uGOAL.1.1.0
2023-08-07 16:11:53,211 [WARN] PackLoader:240 - Cannot read IP mode file for STMicroelectronics.X-CUBE-ALS.1.0.1
2023-08-07 16:11:53,231 [WARN] PackLoader:240 - Cannot read IP mode file for STMicroelectronics.X-CUBE-AZRTOS-WB.1.1.0
2023-08-07 16:11:53,242 [WARN] PackLoader:240 - Cannot read IP mode file for STMicroelectronics.FP-ATR-ASTRA1.2.0.0
2023-08-07 16:11:53,244 [INFO] ThirdParty:978 - Integrity check success = true
2023-08-07 16:11:53,244 [INFO] IntegrityCheckThread:100 - exiting critical section [integrity check]
2023-08-07 16:11:53,244 [INFO] IntegrityCheckThread:103 - End integrity checks thread
2023-08-07 16:12:08,624 [INFO] McuFinderGlobals:63 - Set McuFinder mode to 2 (CubeIDE integrated)
2023-08-07 16:12:08,643 [INFO] MainUpdater:2868 - connection check result : 10
2023-08-07 16:12:08,660 [INFO] McuFinderGlobals:76 - Set McuFinderConnectedMode to true
2023-08-07 16:12:08,823 [INFO] ServerAccessManage:473 - Download File mcusAds.json._tmp_
2023-08-07 16:12:08,936 [INFO] LoadUrlFilesThread:156 - End of LoadUrlFiles Thread
2023-08-07 16:12:09,073 [INFO] ServerAccessManage:473 - Download File cube-finder-db.zip
2023-08-07 16:12:10,558 [ERROR] LogOutputStream:75 - [STDERR_REDIRECT] SLF4J: Failed to load class "org.slf4j.impl.StaticLoggerBinder".
2023-08-07 16:12:10,559 [ERROR] LogOutputStream:75 - [STDERR_REDIRECT] SLF4J: Defaulting to no-operation (NOP) logger implementation
2023-08-07 16:12:10,559 [ERROR] LogOutputStream:75 - [STDERR_REDIRECT] SLF4J: See http://www.slf4j.org/codes.html#StaticLoggerBinder for further details.
2023-08-07 16:12:10,640 [INFO] FileExtend:240 - Unzip File : cube-finder-db.zip
2023-08-07 16:12:10,640 [INFO] FileExtend:255 - Standard Zip Deflate
2023-08-07 16:12:11,360 [INFO] LoadUrlFilesThread:156 - End of LoadUrlFiles Thread
2023-08-07 16:12:12,437 [INFO] ServerAccessManage:473 - Download File crdb.zip
2023-08-07 16:12:13,650 [INFO] FileExtend:240 - Unzip File : crdb.zip
2023-08-07 16:12:13,650 [INFO] FileExtend:255 - Standard Zip Deflate
2023-08-07 16:12:13,779 [INFO] LoadUrlFilesThread:156 - End of LoadUrlFiles Thread
2023-08-07 16:12:13,815 [INFO] ServerAccessManage:473 - Download File tutoVideoDB.zip
2023-08-07 16:12:13,822 [INFO] FileExtend:240 - Unzip File : tutoVideoDB.zip
2023-08-07 16:12:13,822 [INFO] FileExtend:255 - Standard Zip Deflate
2023-08-07 16:12:13,939 [INFO] LoadUrlFilesThread:156 - End of LoadUrlFiles Thread
2023-08-07 16:12:13,944 [WARN] DbFile:41 - Overriding database path with different value: C:\Users\User\.stmcufinder\plugins\mcufinder/ => C:\Users\User\.stmcufinder\plugins\mcufinder
2023-08-07 16:12:14,054 [INFO] ServerAccessManage:473 - Download File api_config.json
2023-08-07 16:12:14,164 [INFO] LoadUrlFilesThread:156 - End of LoadUrlFiles Thread
2023-08-07 16:12:14,166 [INFO] DbMcusAds:53 - JSON generation date=Tue Mar 07 15:50:55 ICT 2023 (1678179055114)
2023-08-07 16:12:14,196 [INFO] LoadUrlFilesThread:185 - End of LoadServerUrlFiles without Thread
2023-08-07 16:12:14,196 [INFO] TargetSelectorAdapter:259 - Refresh data is successful
2023-08-07 16:12:14,326 [INFO] ApiDb:581 - Connected to CubeFinder SQLite database (C:\Users\User\.stmcufinder\plugins\mcufinder\mcu\cube-finder-db.db)
2023-08-07 16:12:14,385 [INFO] ApiDb:668 - CubeFinder database Data Model version=2.1
2023-08-07 16:12:14,385 [INFO] ApiDb:669 - CubeFinder database Configuration version=3.0.37
2023-08-07 16:12:14,385 [INFO] ApiDb:670 - CubeFinder database generation date=2023-07-31 (1690792719)
2023-08-07 16:12:14,386 [INFO] ApiDb:671 - CubeFinder database FW Pack versions=[FP-ATR-ASTRA1_V2.0.0, FP-SNS-FLIGHT1_V5.0.1, FP-SNS-FLIGHT1_V5.0.2, FP-SNS-MOTENV1_V4.3.1, FP-SNS-MOTENV1_V4.3.2, STM32Cube_FW_C0_V1.1.0, STM32Cube_FW_F4_V1.27.1, STM32Cube_FW_F7_V1.17.0, STM32Cube_FW_G0_V1.6.1, STM32Cube_FW_G4_V1.5.1, STM32Cube_FW_H5_V0.5.1, STM32Cube_FW_H5_V1.1.0, STM32Cube_FW_H7_V1.11.0, STM32Cube_FW_L0_V1.12.2, STM32Cube_FW_L5_V1.5.0, STM32Cube_FW_U5_V1.3.0, STM32Cube_FW_U5_V1.3.0RC4, STM32Cube_FW_WBA_V1.0.0RC1, STM32Cube_FW_WBA_V1.1.0, STM32Cube_FW_WBA_V1.1.0RC1, STM32Cube_FW_WB_V1.15.0RC1, STM32Cube_FW_WB_V1.16.0, STM32Cube_FW_WB_V1.16.0RC2, STM32Cube_FW_WB_V1.17.0, STM32Cube_FW_WL_V1.3.0, X-CUBE-ALGOBUILD_V1.3.0, X-CUBE-ALS_V1.0.1, X-CUBE-AZRTOS-F4_V1.1.0, X-CUBE-AZRTOS-F7_V1.1.0, X-CUBE-AZRTOS-G0_V1.1.0, X-CUBE-AZRTOS-G4_V2.0.0, X-CUBE-AZRTOS-H7_V3.1.0, X-CUBE-AZRTOS-L4_V1.0.0, X-CUBE-AZRTOS-L4_V2.0.0, X-CUBE-AZRTOS-L5_V1.1.0, X-CUBE-AZRTOS-WB_V1.1.0, X-CUBE-AZRTOS-WL_V2.0.0, X-CUBE-BLE1_V6.2.4, X-CUBE-BLE2_V3.3.0, X-CUBE-BLEMGR_V2.0.0, X-CUBE-EEPRMA1_V4.1.0, X-CUBE-FREERTOS_V1.0.1, X-CUBE-GNSS1_V6.0.0, X-CUBE-MEMS1_V9.1.0, X-CUBE-MEMS1_V9.4.0, X-CUBE-MEMS1_V9.6.0, X-CUBE-NFC4_V3.0.0, X-CUBE-NFC7_V1.0.0, X-CUBE-SFXS2LP1_V4.0.0, X-CUBE-SUBG2_V5.0.0]
2023-08-07 16:12:15,668 [INFO] ApiDb:240 - Found 323 in-development CPN: [B-G473E-ZEST1S, B-WB1M-WPAN1, B-WL5M-SUBG1, NUCLEO-C031C6, NUCLEO-H503RB, NUCLEO-H563ZI, NUCLEO-U545RE-Q, NUCLEO-U5A5ZJ-Q, NUCLEO-WBA52CG, STEVAL-PROTEUS1, STEVAL-SMARTAG2, STEVAL-STWINBX1, STM320518-EVAL, STM32C0116-DK, STM32C011D6Y3TR, STM32C011D6Y6TR, STM32C011F4P3, STM32C011F4P6, STM32C011F4U3, STM32C011F4U6TR, STM32C011F6P3, STM32C011F6P6, STM32C011F6U3, STM32C011F6U6TR, STM32C011J4M3, STM32C011J4M6, STM32C011J6M3, STM32C011J6M6, STM32C0316-DK, STM32C031C4T3, STM32C031C4T6, STM32C031C4U3, STM32C031C4U6, STM32C031C6T3, STM32C031C6T6, STM32C031C6U3, STM32C031C6U6, STM32C031F4P3, STM32C031F4P6, STM32C031F6P3, STM32C031F6P6, STM32C031G4U3, STM32C031G4U6, STM32C031G6U3, STM32C031G6U6, STM32C031K4T3, STM32C031K4T6, STM32C031K4U3, STM32C031K4U6, STM32C031K6T3, STM32C031K6T6, STM32C031K6U3, STM32C031K6U6, STM32G071K8TXN, STM32G071K8UXN, STM32G081GBU6N, STM32G081KBT6N, STM32G081KBUXN, STM32G0B1CCT6N, STM32G0B1KCT6, STM32G0B1NEY6TR, STM32G0B1RCT6N, STM32G0C1CCT6, STM32G0C1CCT6N, STM32G0C1CCU6N, STM32G0C1CET6N, STM32G0C1CEU6N, STM32G0C1KCT6, STM32G0C1NEY6TR, STM32G0C1RCI6N, STM32G0C1RCT6N, STM32G0C1REI6N, STM32G0C1RET6N, STM32G0C1VCI6, STM32G0C1VEI6, STM32G471CCT6, STM32G471CCU6, STM32G471CET3, STM32G471CET6, STM32G471CEU3, STM32G471CEU6, STM32G471MCT6, STM32G471MET3, STM32G471MET6, STM32G471MEY6TR, STM32G471QCT6, STM32G471QET3, STM32G471RCT6, STM32G471RET3, STM32G471RET6, STM32G471VCH6, STM32G471VCI6, STM32G471VCT6, STM32G471VEH3, STM32G471VEH6, STM32G471VEI3, STM32G471VEI6, STM32G471VET3, STM32G471VET6, STM32G474CCT6, STM32H503CBT6, STM32H503CBU6, STM32H503EBY6TR, STM32H503KBU6, STM32H503RBT6, STM32H562AGI6, STM32H562AII6, STM32H562IGK6, STM32H562IGT6, STM32H562IIK6, STM32H562IIT6, STM32H562RGT6, STM32H562RGV6, STM32H562RIT6, STM32H562RIV6, STM32H562VGT6, STM32H562VIT6, STM32H562ZGT6, STM32H562ZIT6, STM32H563AGI6, STM32H563AII3Q, STM32H563AII6, STM32H563IGK6, STM32H563IGT6, STM32H563IIK3Q, STM32H563IIK6, STM32H563IIT3Q, STM32H563IIT6, STM32H563MIY3QTR, STM32H563RGT6, STM32H563RGV6, STM32H563RIT6, STM32H563RIV6, STM32H563VGT6, STM32H563VIT3Q, STM32H563VIT6, STM32H563ZGT6, STM32H563ZIT3Q, STM32H563ZIT6, STM32H573AII3Q, STM32H573AII6, STM32H573I-DK, STM32H573IIK3Q, STM32H573IIK6, STM32H573IIT3Q, STM32H573IIT6, STM32H573MIY3QTR, STM32H573RIT6, STM32H573RIV6, STM32H573VIT3Q, STM32H573VIT6, STM32H573ZIT3Q, STM32H573ZIT6, STM32L4R5QGI6STR, STM32MP131AAE3, STM32MP131AAF3, STM32MP131AAG3, STM32MP131CAE3, STM32MP131CAF3, STM32MP131CAG3, STM32MP131DAE7, STM32MP131DAF7, STM32MP131DAG7, STM32MP131FAE7, STM32MP131FAF7, STM32MP131FAG7, STM32MP133AAE3, STM32MP133AAF3, STM32MP133AAG3, STM32MP133CAE3, STM32MP133CAF3, STM32MP133CAG3, STM32MP133DAE7, STM32MP133DAF7, STM32MP133DAG7, STM32MP133FAE7, STM32MP133FAF7, STM32MP133FAG7, STM32MP135AAE3, STM32MP135AAF3, STM32MP135AAG3, STM32MP135CAE3, STM32MP135CAF3, STM32MP135CAG3, STM32MP135DAE7, STM32MP135DAF7, STM32MP135DAG7, STM32MP135F-DK, STM32MP135FAE7, STM32MP135FAF7, STM32MP135FAF7T, STM32MP135FAF7U, STM32MP135FAG7, STM32U535CBT6, STM32U535CBT6Q, STM32U535CBU6, STM32U535CBU6Q, STM32U535CCT6, STM32U535CCT6Q, STM32U535CCU6, STM32U535CCU6Q, STM32U535CET6, STM32U535CET6Q, STM32U535CEU6, STM32U535CEU6Q, STM32U535JEY6QTR, STM32U535NCY6QTR, STM32U535NEY6QTR, STM32U535RBI6, STM32U535RBI6Q, STM32U535RBT6, STM32U535RBT6Q, STM32U535RCI6, STM32U535RCI6Q, STM32U535RCT6, STM32U535RCT6Q, STM32U535REI6, STM32U535REI6Q, STM32U535RET6, STM32U535RET6Q, STM32U535VCI6, STM32U535VCI6Q, STM32U535VCT6, STM32U535VCT6Q, STM32U535VEI6, STM32U535VEI6Q, STM32U535VET6, STM32U535VET6Q, STM32U545CET6, STM32U545CET6Q, STM32U545CEU6, STM32U545CEU6Q, STM32U545JEY6QTR, STM32U545NEY6QTR, STM32U545REI6, STM32U545REI6Q, STM32U545RET6, STM32U545RET6Q, STM32U545VEI6, STM32U545VEI6Q, STM32U545VET6, STM32U545VET6Q, STM32U595AIH6, STM32U595AIH6Q, STM32U595AJH6, STM32U595AJH6Q, STM32U595QII6, STM32U595QII6Q, STM32U595QJI6, STM32U595QJI6Q, STM32U595RIT6, STM32U595RIT6Q, STM32U595RJT6, STM32U595RJT6Q, STM32U595VIT6, STM32U595VIT6Q, STM32U595VJT6, STM32U595VJT6Q, STM32U595ZIT6, STM32U595ZIT6Q, STM32U595ZIY6QTR, STM32U595ZJT6, STM32U595ZJT6Q, STM32U595ZJY6QTR, STM32U599BJY6QTR, STM32U599NIH6Q, STM32U599NJH6Q, STM32U599VIT6Q, STM32U599VJT6, STM32U599VJT6Q, STM32U599ZIT6Q, STM32U599ZIY6QTR, STM32U599ZJT6Q, STM32U599ZJY6QTR, STM32U5A5AJH6, STM32U5A5AJH6Q, STM32U5A5QJI6, STM32U5A5QJI6Q, STM32U5A5RJT6, STM32U5A5RJT6Q, STM32U5A5VJT6, STM32U5A5VJT6Q, STM32U5A5ZJT6, STM32U5A5ZJT6Q, STM32U5A5ZJY6QTR, STM32U5A9BJY6QTR, STM32U5A9J-DK, STM32U5A9NJH6Q, STM32U5A9VJT6Q, STM32U5A9ZJT6Q, STM32U5A9ZJY6QTR, STM32U5F7VIT6, STM32U5F7VIT6Q, STM32U5F7VJT6, STM32U5F7VJT6Q, STM32U5F9BJY6QTR, STM32U5F9NJH6Q, STM32U5F9VIT6Q, STM32U5F9VJT6Q, STM32U5F9ZIJ6QTR, STM32U5F9ZIT6Q, STM32U5F9ZJJ6QTR, STM32U5F9ZJT6Q, STM32U5G7VJT6, STM32U5G7VJT6Q, STM32U5G9BJY6QTR, STM32U5G9J-DK1, STM32U5G9J-DK2, STM32U5G9NJH6Q, STM32U5G9VJT6Q, STM32U5G9ZJJ6QTR, STM32U5G9ZJT6Q, STM32WB1MMCH6, STM32WBA52CEU6, STM32WBA52CEU6T, STM32WBA52CGU6, STM32WBA52CGU6T, STM32WBA52KEU6, STM32WBA52KEU6T, STM32WBA52KGU6, STM32WBA52KGU6T, STM32WL5MOCH6, STM32WL5MOCH6TR]
2023-08-07 16:12:15,672 [INFO] DbMcus:217 - Found 3848 MCUs, 3848 are supported
2023-08-07 16:12:15,679 [INFO] ApiDb:423 - Load user favorites file C:\Users\User/.stm32cubeide/favorites.mcus.txt: 1 item(s)
2023-08-07 16:12:15,679 [INFO] ApiDb:427 - User favorites MCUs=[STM32F767ZIT6]
2023-08-07 16:12:15,680 [INFO] DbMcus:223 - Set 1 / 1 favorites MCUs
2023-08-07 16:12:15,894 [INFO] ApiDb:668 - CubeFinder database Data Model version=2.1
2023-08-07 16:12:15,894 [INFO] ApiDb:669 - CubeFinder database Configuration version=3.0.37
2023-08-07 16:12:15,894 [INFO] ApiDb:670 - CubeFinder database generation date=2023-07-31 (1690792719)
2023-08-07 16:12:15,894 [INFO] ApiDb:671 - CubeFinder database FW Pack versions=[FP-ATR-ASTRA1_V2.0.0, FP-SNS-FLIGHT1_V5.0.1, FP-SNS-FLIGHT1_V5.0.2, FP-SNS-MOTENV1_V4.3.1, FP-SNS-MOTENV1_V4.3.2, STM32Cube_FW_C0_V1.1.0, STM32Cube_FW_F4_V1.27.1, STM32Cube_FW_F7_V1.17.0, STM32Cube_FW_G0_V1.6.1, STM32Cube_FW_G4_V1.5.1, STM32Cube_FW_H5_V0.5.1, STM32Cube_FW_H5_V1.1.0, STM32Cube_FW_H7_V1.11.0, STM32Cube_FW_L0_V1.12.2, STM32Cube_FW_L5_V1.5.0, STM32Cube_FW_U5_V1.3.0, STM32Cube_FW_U5_V1.3.0RC4, STM32Cube_FW_WBA_V1.0.0RC1, STM32Cube_FW_WBA_V1.1.0, STM32Cube_FW_WBA_V1.1.0RC1, STM32Cube_FW_WB_V1.15.0RC1, STM32Cube_FW_WB_V1.16.0, STM32Cube_FW_WB_V1.16.0RC2, STM32Cube_FW_WB_V1.17.0, STM32Cube_FW_WL_V1.3.0, X-CUBE-ALGOBUILD_V1.3.0, X-CUBE-ALS_V1.0.1, X-CUBE-AZRTOS-F4_V1.1.0, X-CUBE-AZRTOS-F7_V1.1.0, X-CUBE-AZRTOS-G0_V1.1.0, X-CUBE-AZRTOS-G4_V2.0.0, X-CUBE-AZRTOS-H7_V3.1.0, X-CUBE-AZRTOS-L4_V1.0.0, X-CUBE-AZRTOS-L4_V2.0.0, X-CUBE-AZRTOS-L5_V1.1.0, X-CUBE-AZRTOS-WB_V1.1.0, X-CUBE-AZRTOS-WL_V2.0.0, X-CUBE-BLE1_V6.2.4, X-CUBE-BLE2_V3.3.0, X-CUBE-BLEMGR_V2.0.0, X-CUBE-EEPRMA1_V4.1.0, X-CUBE-FREERTOS_V1.0.1, X-CUBE-GNSS1_V6.0.0, X-CUBE-MEMS1_V9.1.0, X-CUBE-MEMS1_V9.4.0, X-CUBE-MEMS1_V9.6.0, X-CUBE-NFC4_V3.0.0, X-CUBE-NFC7_V1.0.0, X-CUBE-SFXS2LP1_V4.0.0, X-CUBE-SUBG2_V5.0.0]
2023-08-07 16:12:15,937 [INFO] DbBoardsSqlite:226 - include board P-NUCLEO-WB55-NUCLEO as a kit item of type 'Nucleo-64'
2023-08-07 16:12:15,938 [INFO] DbBoardsSqlite:226 - include board P-NUCLEO-WB55-USBDONGLE as a kit item of type 'Nucleo USB Dongle'
2023-08-07 16:12:15,938 [INFO] DbBoardsSqlite:226 - include board STEVAL-IDP005V1 as a kit item of type 'Evaluation Board'
2023-08-07 16:12:15,938 [INFO] DbBoardsSqlite:226 - include board STEVAL-IDP005V2 as a kit item of type 'Evaluation Board'
2023-08-07 16:12:15,984 [INFO] ApiDb:240 - Found 323 in-development CPN: [B-G473E-ZEST1S, B-WB1M-WPAN1, B-WL5M-SUBG1, NUCLEO-C031C6, NUCLEO-H503RB, NUCLEO-H563ZI, NUCLEO-U545RE-Q, NUCLEO-U5A5ZJ-Q, NUCLEO-WBA52CG, STEVAL-PROTEUS1, STEVAL-SMARTAG2, STEVAL-STWINBX1, STM320518-EVAL, STM32C0116-DK, STM32C011D6Y3TR, STM32C011D6Y6TR, STM32C011F4P3, STM32C011F4P6, STM32C011F4U3, STM32C011F4U6TR, STM32C011F6P3, STM32C011F6P6, STM32C011F6U3, STM32C011F6U6TR, STM32C011J4M3, STM32C011J4M6, STM32C011J6M3, STM32C011J6M6, STM32C0316-DK, STM32C031C4T3, STM32C031C4T6, STM32C031C4U3, STM32C031C4U6, STM32C031C6T3, STM32C031C6T6, STM32C031C6U3, STM32C031C6U6, STM32C031F4P3, STM32C031F4P6, STM32C031F6P3, STM32C031F6P6, STM32C031G4U3, STM32C031G4U6, STM32C031G6U3, STM32C031G6U6, STM32C031K4T3, STM32C031K4T6, STM32C031K4U3, STM32C031K4U6, STM32C031K6T3, STM32C031K6T6, STM32C031K6U3, STM32C031K6U6, STM32G071K8TXN, STM32G071K8UXN, STM32G081GBU6N, STM32G081KBT6N, STM32G081KBUXN, STM32G0B1CCT6N, STM32G0B1KCT6, STM32G0B1NEY6TR, STM32G0B1RCT6N, STM32G0C1CCT6, STM32G0C1CCT6N, STM32G0C1CCU6N, STM32G0C1CET6N, STM32G0C1CEU6N, STM32G0C1KCT6, STM32G0C1NEY6TR, STM32G0C1RCI6N, STM32G0C1RCT6N, STM32G0C1REI6N, STM32G0C1RET6N, STM32G0C1VCI6, STM32G0C1VEI6, STM32G471CCT6, STM32G471CCU6, STM32G471CET3, STM32G471CET6, STM32G471CEU3, STM32G471CEU6, STM32G471MCT6, STM32G471MET3, STM32G471MET6, STM32G471MEY6TR, STM32G471QCT6, STM32G471QET3, STM32G471RCT6, STM32G471RET3, STM32G471RET6, STM32G471VCH6, STM32G471VCI6, STM32G471VCT6, STM32G471VEH3, STM32G471VEH6, STM32G471VEI3, STM32G471VEI6, STM32G471VET3, STM32G471VET6, STM32G474CCT6, STM32H503CBT6, STM32H503CBU6, STM32H503EBY6TR, STM32H503KBU6, STM32H503RBT6, STM32H562AGI6, STM32H562AII6, STM32H562IGK6, STM32H562IGT6, STM32H562IIK6, STM32H562IIT6, STM32H562RGT6, STM32H562RGV6, STM32H562RIT6, STM32H562RIV6, STM32H562VGT6, STM32H562VIT6, STM32H562ZGT6, STM32H562ZIT6, STM32H563AGI6, STM32H563AII3Q, STM32H563AII6, STM32H563IGK6, STM32H563IGT6, STM32H563IIK3Q, STM32H563IIK6, STM32H563IIT3Q, STM32H563IIT6, STM32H563MIY3QTR, STM32H563RGT6, STM32H563RGV6, STM32H563RIT6, STM32H563RIV6, STM32H563VGT6, STM32H563VIT3Q, STM32H563VIT6, STM32H563ZGT6, STM32H563ZIT3Q, STM32H563ZIT6, STM32H573AII3Q, STM32H573AII6, STM32H573I-DK, STM32H573IIK3Q, STM32H573IIK6, STM32H573IIT3Q, STM32H573IIT6, STM32H573MIY3QTR, STM32H573RIT6, STM32H573RIV6, STM32H573VIT3Q, STM32H573VIT6, STM32H573ZIT3Q, STM32H573ZIT6, STM32L4R5QGI6STR, STM32MP131AAE3, STM32MP131AAF3, STM32MP131AAG3, STM32MP131CAE3, STM32MP131CAF3, STM32MP131CAG3, STM32MP131DAE7, STM32MP131DAF7, STM32MP131DAG7, STM32MP131FAE7, STM32MP131FAF7, STM32MP131FAG7, STM32MP133AAE3, STM32MP133AAF3, STM32MP133AAG3, STM32MP133CAE3, STM32MP133CAF3, STM32MP133CAG3, STM32MP133DAE7, STM32MP133DAF7, STM32MP133DAG7, STM32MP133FAE7, STM32MP133FAF7, STM32MP133FAG7, STM32MP135AAE3, STM32MP135AAF3, STM32MP135AAG3, STM32MP135CAE3, STM32MP135CAF3, STM32MP135CAG3, STM32MP135DAE7, STM32MP135DAF7, STM32MP135DAG7, STM32MP135F-DK, STM32MP135FAE7, STM32MP135FAF7, STM32MP135FAF7T, STM32MP135FAF7U, STM32MP135FAG7, STM32U535CBT6, STM32U535CBT6Q, STM32U535CBU6, STM32U535CBU6Q, STM32U535CCT6, STM32U535CCT6Q, STM32U535CCU6, STM32U535CCU6Q, STM32U535CET6, STM32U535CET6Q, STM32U535CEU6, STM32U535CEU6Q, STM32U535JEY6QTR, STM32U535NCY6QTR, STM32U535NEY6QTR, STM32U535RBI6, STM32U535RBI6Q, STM32U535RBT6, STM32U535RBT6Q, STM32U535RCI6, STM32U535RCI6Q, STM32U535RCT6, STM32U535RCT6Q, STM32U535REI6, STM32U535REI6Q, STM32U535RET6, STM32U535RET6Q, STM32U535VCI6, STM32U535VCI6Q, STM32U535VCT6, STM32U535VCT6Q, STM32U535VEI6, STM32U535VEI6Q, STM32U535VET6, STM32U535VET6Q, STM32U545CET6, STM32U545CET6Q, STM32U545CEU6, STM32U545CEU6Q, STM32U545JEY6QTR, STM32U545NEY6QTR, STM32U545REI6, STM32U545REI6Q, STM32U545RET6, STM32U545RET6Q, STM32U545VEI6, STM32U545VEI6Q, STM32U545VET6, STM32U545VET6Q, STM32U595AIH6, STM32U595AIH6Q, STM32U595AJH6, STM32U595AJH6Q, STM32U595QII6, STM32U595QII6Q, STM32U595QJI6, STM32U595QJI6Q, STM32U595RIT6, STM32U595RIT6Q, STM32U595RJT6, STM32U595RJT6Q, STM32U595VIT6, STM32U595VIT6Q, STM32U595VJT6, STM32U595VJT6Q, STM32U595ZIT6, STM32U595ZIT6Q, STM32U595ZIY6QTR, STM32U595ZJT6, STM32U595ZJT6Q, STM32U595ZJY6QTR, STM32U599BJY6QTR, STM32U599NIH6Q, STM32U599NJH6Q, STM32U599VIT6Q, STM32U599VJT6, STM32U599VJT6Q, STM32U599ZIT6Q, STM32U599ZIY6QTR, STM32U599ZJT6Q, STM32U599ZJY6QTR, STM32U5A5AJH6, STM32U5A5AJH6Q, STM32U5A5QJI6, STM32U5A5QJI6Q, STM32U5A5RJT6, STM32U5A5RJT6Q, STM32U5A5VJT6, STM32U5A5VJT6Q, STM32U5A5ZJT6, STM32U5A5ZJT6Q, STM32U5A5ZJY6QTR, STM32U5A9BJY6QTR, STM32U5A9J-DK, STM32U5A9NJH6Q, STM32U5A9VJT6Q, STM32U5A9ZJT6Q, STM32U5A9ZJY6QTR, STM32U5F7VIT6, STM32U5F7VIT6Q, STM32U5F7VJT6, STM32U5F7VJT6Q, STM32U5F9BJY6QTR, STM32U5F9NJH6Q, STM32U5F9VIT6Q, STM32U5F9VJT6Q, STM32U5F9ZIJ6QTR, STM32U5F9ZIT6Q, STM32U5F9ZJJ6QTR, STM32U5F9ZJT6Q, STM32U5G7VJT6, STM32U5G7VJT6Q, STM32U5G9BJY6QTR, STM32U5G9J-DK1, STM32U5G9J-DK2, STM32U5G9NJH6Q, STM32U5G9VJT6Q, STM32U5G9ZJJ6QTR, STM32U5G9ZJT6Q, STM32WB1MMCH6, STM32WBA52CEU6, STM32WBA52CEU6T, STM32WBA52CGU6, STM32WBA52CGU6T, STM32WBA52KEU6, STM32WBA52KEU6T, STM32WBA52KGU6, STM32WBA52KGU6T, STM32WL5MOCH6, STM32WL5MOCH6TR]
2023-08-07 16:12:16,085 [INFO] BoardInfo:880 - No configuration file found for board P-NUCLEO-WB55
2023-08-07 16:12:16,085 [INFO] DbBoards:157 - Kit is not supported: P-NUCLEO-WB55
2023-08-07 16:12:16,089 [INFO] BoardInfo:880 - No configuration file found for board STEVAL-BFA001V1B
2023-08-07 16:12:16,089 [INFO] DbBoards:157 - Kit is not supported: STEVAL-BFA001V1B
2023-08-07 16:12:16,090 [INFO] BoardInfo:880 - No configuration file found for board STEVAL-BFA001V2B
2023-08-07 16:12:16,090 [INFO] DbBoards:157 - Kit is not supported: STEVAL-BFA001V2B
2023-08-07 16:12:16,168 [INFO] DbBoards:161 - Found 190 boards, 187 are supported
2023-08-07 16:12:16,170 [INFO] ApiDb:423 - Load user favorites file C:\Users\User/.stm32cubeide/favorites.boards.txt: 0 item(s)
2023-08-07 16:12:16,171 [INFO] ApiDb:427 - User favorites Boards=[]
2023-08-07 16:12:16,171 [INFO] DbBoards:190 - Set 0 / 0 favorites Boards
2023-08-07 16:12:16,173 [INFO] ApiDb:668 - CubeFinder database Data Model version=2.1
2023-08-07 16:12:16,173 [INFO] ApiDb:669 - CubeFinder database Configuration version=3.0.37
2023-08-07 16:12:16,173 [INFO] ApiDb:670 - CubeFinder database generation date=2023-07-31 (1690792719)
2023-08-07 16:12:16,173 [INFO] ApiDb:671 - CubeFinder database FW Pack versions=[FP-ATR-ASTRA1_V2.0.0, FP-SNS-FLIGHT1_V5.0.1, FP-SNS-FLIGHT1_V5.0.2, FP-SNS-MOTENV1_V4.3.1, FP-SNS-MOTENV1_V4.3.2, STM32Cube_FW_C0_V1.1.0, STM32Cube_FW_F4_V1.27.1, STM32Cube_FW_F7_V1.17.0, STM32Cube_FW_G0_V1.6.1, STM32Cube_FW_G4_V1.5.1, STM32Cube_FW_H5_V0.5.1, STM32Cube_FW_H5_V1.1.0, STM32Cube_FW_H7_V1.11.0, STM32Cube_FW_L0_V1.12.2, STM32Cube_FW_L5_V1.5.0, STM32Cube_FW_U5_V1.3.0, STM32Cube_FW_U5_V1.3.0RC4, STM32Cube_FW_WBA_V1.0.0RC1, STM32Cube_FW_WBA_V1.1.0, STM32Cube_FW_WBA_V1.1.0RC1, STM32Cube_FW_WB_V1.15.0RC1, STM32Cube_FW_WB_V1.16.0, STM32Cube_FW_WB_V1.16.0RC2, STM32Cube_FW_WB_V1.17.0, STM32Cube_FW_WL_V1.3.0, X-CUBE-ALGOBUILD_V1.3.0, X-CUBE-ALS_V1.0.1, X-CUBE-AZRTOS-F4_V1.1.0, X-CUBE-AZRTOS-F7_V1.1.0, X-CUBE-AZRTOS-G0_V1.1.0, X-CUBE-AZRTOS-G4_V2.0.0, X-CUBE-AZRTOS-H7_V3.1.0, X-CUBE-AZRTOS-L4_V1.0.0, X-CUBE-AZRTOS-L4_V2.0.0, X-CUBE-AZRTOS-L5_V1.1.0, X-CUBE-AZRTOS-WB_V1.1.0, X-CUBE-AZRTOS-WL_V2.0.0, X-CUBE-BLE1_V6.2.4, X-CUBE-BLE2_V3.3.0, X-CUBE-BLEMGR_V2.0.0, X-CUBE-EEPRMA1_V4.1.0, X-CUBE-FREERTOS_V1.0.1, X-CUBE-GNSS1_V6.0.0, X-CUBE-MEMS1_V9.1.0, X-CUBE-MEMS1_V9.4.0, X-CUBE-MEMS1_V9.6.0, X-CUBE-NFC4_V3.0.0, X-CUBE-NFC7_V1.0.0, X-CUBE-SFXS2LP1_V4.0.0, X-CUBE-SUBG2_V5.0.0]
2023-08-07 16:12:16,873 [INFO] DbExamplesSqlite:395 - Ignored 27 examples not supported by CubeIDE
2023-08-07 16:12:16,873 [INFO] DbExamplesSqlite:396 - Found 7176 examples active
2023-08-07 16:12:16,873 [INFO] DbExamplesSqlite:397 - Found 677 examples obsolete
2023-08-07 16:12:16,873 [INFO] DbExamplesSqlite:398 - Found 0 examples under development
2023-08-07 16:12:16,873 [INFO] DbExamplesSqlite:399 - Found 74 examples not building
2023-08-07 16:12:16,875 [INFO] DbExamples:125 - Found 7223 examples
2023-08-07 16:12:16,884 [INFO] DbExamples:222 - Found 92 boards with related examples
2023-08-07 16:12:16,885 [INFO] DbExamples:235 - Found 78 MCUs with related examples
2023-08-07 16:12:16,897 [INFO] ApiDb:414 - User favorites file not found: C:\Users\User/.stm32cubeide/favorites.examples.txt
2023-08-07 16:12:16,897 [INFO] DbExamples:250 - Set 0 / 0 favorites Examples
2023-08-07 16:12:17,336 [INFO] McuFinderGlobals:76 - Set McuFinderConnectedMode to true
2023-08-07 16:12:17,390 [INFO] MultiScanPanel:200 - Auto-refresh data requested => check proxy status ongoing
2023-08-07 16:12:17,393 [INFO] FinderPluginLoader:95 - Searching for filters in installed packs
2023-08-07 16:12:18,420 [INFO] LoadUrlFilesThread:185 - End of LoadServerUrlFiles without Thread
2023-08-07 16:12:18,441 [INFO] DetailPanel:341 - Set advertising image to C:/Users/User/STM32Cube/Repository/\en.prom-stm32h5-mcu-finder.jpg
2023-08-07 16:13:36,112 [INFO] CrossSelectorPresenter:1358 - Cross Selector saved comparison directory: C:\Users\User\.stmcufinder\plugins\mcufinder\mcu\cs_comparisons_mx
2023-08-07 16:13:36,145 [INFO] CrossReferenceDbSqlite:245 - SQLite db open (C:\Users\User\.stmcufinder\plugins\mcufinder\mcu\cs\crdb.db)
2023-08-07 16:13:37,613 [INFO] MultiScanPanel:200 - Auto-refresh data requested => check proxy status ongoing
2023-08-07 16:13:37,723 [INFO] LoadUrlFilesThread:185 - End of LoadServerUrlFiles without Thread
2023-08-07 16:13:37,723 [INFO] DetailPanel:341 - Set advertising image to C:/Users/User/STM32Cube/Repository/\en.prom-stm32h5-mcu-finder.jpg
2023-08-07 16:13:37,731 [INFO] DbBoards:634 - Loading board mini-images...
2023-08-07 16:13:39,040 [ERROR] DbBoards:651 - Image file not found for board STM32U5G9J-DK1: C:\Users\User\.stmcufinder\plugins\mcufinder//mcu//boards_images/STM32U5G9J-DK1.jpg
2023-08-07 16:13:39,040 [ERROR] DbBoards:651 - Image file not found for board STM32U5G9J-DK2: C:\Users\User\.stmcufinder\plugins\mcufinder//mcu//boards_images/STM32U5G9J-DK2.jpg
2023-08-07 16:13:39,052 [INFO] DbBoards:657 - Loaded 188 board mini-images
2023-08-07 16:13:39,096 [INFO] MultiScanPanel:200 - Auto-refresh data requested => check proxy status ongoing
2023-08-07 16:13:39,103 [INFO] SoftwarePacks:127 - Download is needed for SW pack 'FP-ATR-ASTRA1_V2.0.0'
2023-08-07 16:13:39,103 [INFO] SoftwarePacks:127 - Download is needed for SW pack 'FP-SNS-FLIGHT1_V5.0.2'
2023-08-07 16:13:39,103 [INFO] SoftwarePacks:127 - Download is needed for SW pack 'FP-SNS-MOTENV1_V4.3.2'
2023-08-07 16:13:39,112 [INFO] SoftwarePacks:127 - Download is needed for SW pack 'STM32Cube_FW_C0_V1.1.0'
2023-08-07 16:13:39,115 [INFO] SoftwarePacks:127 - Download is needed for SW pack 'STM32Cube_FW_F4_V1.27.1'
2023-08-07 16:13:39,117 [INFO] SoftwarePacks:131 - Found SW pack 'STM32Cube_FW_F7_V1.17.0' up-to-date on disk.
2023-08-07 16:13:39,121 [INFO] SoftwarePacks:127 - Download is needed for SW pack 'STM32Cube_FW_G0_V1.6.1'
2023-08-07 16:13:39,125 [INFO] SoftwarePacks:127 - Download is needed for SW pack 'STM32Cube_FW_G4_V1.5.1'
2023-08-07 16:13:39,128 [INFO] SoftwarePacks:127 - Download is needed for SW pack 'STM32Cube_FW_H5_V1.1.0'
2023-08-07 16:13:39,132 [INFO] SoftwarePacks:127 - Download is needed for SW pack 'STM32Cube_FW_H7_V1.11.0'
2023-08-07 16:13:39,134 [INFO] SoftwarePacks:127 - Download is needed for SW pack 'STM32Cube_FW_L0_V1.12.2'
2023-08-07 16:13:39,138 [INFO] SoftwarePacks:127 - Download is needed for SW pack 'STM32Cube_FW_L5_V1.5.0'
2023-08-07 16:13:39,142 [INFO] SoftwarePacks:127 - Download is needed for SW pack 'STM32Cube_FW_U5_V1.3.0'
2023-08-07 16:13:39,145 [INFO] SoftwarePacks:127 - Download is needed for SW pack 'STM32Cube_FW_WBA_V1.1.0'
2023-08-07 16:13:39,148 [INFO] SoftwarePacks:127 - Download is needed for SW pack 'STM32Cube_FW_WB_V1.17.0'
2023-08-07 16:13:39,152 [INFO] SoftwarePacks:127 - Download is needed for SW pack 'STM32Cube_FW_WL_V1.3.0'
2023-08-07 16:13:39,152 [INFO] SoftwarePacks:127 - Download is needed for SW pack 'X-CUBE-ALGOBUILD_V1.3.0'
2023-08-07 16:13:39,152 [INFO] SoftwarePacks:127 - Download is needed for SW pack 'X-CUBE-ALS_V1.0.1'
2023-08-07 16:13:39,152 [INFO] SoftwarePacks:127 - Download is needed for SW pack 'X-CUBE-AZRTOS-F4_V1.1.0'
2023-08-07 16:13:39,152 [INFO] SoftwarePacks:127 - Download is needed for SW pack 'X-CUBE-AZRTOS-F7_V1.1.0'
2023-08-07 16:13:39,152 [INFO] SoftwarePacks:127 - Download is needed for SW pack 'X-CUBE-AZRTOS-G0_V1.1.0'
2023-08-07 16:13:39,152 [INFO] SoftwarePacks:127 - Download is needed for SW pack 'X-CUBE-AZRTOS-G4_V2.0.0'
2023-08-07 16:13:39,152 [INFO] SoftwarePacks:127 - Download is needed for SW pack 'X-CUBE-AZRTOS-H7_V3.1.0'
2023-08-07 16:13:39,152 [INFO] SoftwarePacks:127 - Download is needed for SW pack 'X-CUBE-AZRTOS-L4_V2.0.0'
2023-08-07 16:13:39,152 [INFO] SoftwarePacks:127 - Download is needed for SW pack 'X-CUBE-AZRTOS-L5_V1.1.0'
2023-08-07 16:13:39,152 [INFO] SoftwarePacks:127 - Download is needed for SW pack 'X-CUBE-AZRTOS-WB_V1.1.0'
2023-08-07 16:13:39,152 [INFO] SoftwarePacks:127 - Download is needed for SW pack 'X-CUBE-AZRTOS-WL_V2.0.0'
2023-08-07 16:13:39,152 [INFO] SoftwarePacks:127 - Download is needed for SW pack 'X-CUBE-BLE1_V6.2.4'
2023-08-07 16:13:39,153 [INFO] SoftwarePacks:127 - Download is needed for SW pack 'X-CUBE-BLE2_V3.3.0'
2023-08-07 16:13:39,153 [INFO] SoftwarePacks:127 - Download is needed for SW pack 'X-CUBE-BLEMGR_V2.0.0'
2023-08-07 16:13:39,153 [INFO] SoftwarePacks:127 - Download is needed for SW pack 'X-CUBE-EEPRMA1_V4.1.0'
2023-08-07 16:13:39,153 [INFO] SoftwarePacks:127 - Download is needed for SW pack 'X-CUBE-FREERTOS_V1.0.1'
2023-08-07 16:13:39,153 [INFO] SoftwarePacks:127 - Download is needed for SW pack 'X-CUBE-GNSS1_V6.0.0'
2023-08-07 16:13:39,153 [INFO] SoftwarePacks:127 - Download is needed for SW pack 'X-CUBE-MEMS1_V9.6.0'
2023-08-07 16:13:39,153 [INFO] SoftwarePacks:127 - Download is needed for SW pack 'X-CUBE-NFC4_V3.0.0'
2023-08-07 16:13:39,153 [INFO] SoftwarePacks:127 - Download is needed for SW pack 'X-CUBE-NFC7_V1.0.0'
2023-08-07 16:13:39,153 [INFO] SoftwarePacks:127 - Download is needed for SW pack 'X-CUBE-SFXS2LP1_V4.0.0'
2023-08-07 16:13:39,153 [INFO] SoftwarePacks:127 - Download is needed for SW pack 'X-CUBE-SUBG2_V5.0.0'
2023-08-07 16:13:39,935 [INFO] LoadUrlFilesThread:185 - End of LoadServerUrlFiles without Thread
2023-08-07 16:13:39,935 [INFO] DetailPanel:341 - Set advertising image to C:/Users/User/STM32Cube/Repository/\en.prom-stm32h5-mcu-finder.jpg
2023-08-07 16:14:44,380 [INFO] McuResultTable:1395 - Unmark MCU STM32F767ZIT6 as favorite
2023-08-07 16:14:47,282 [INFO] McuResultTable:1395 - Mark MCU STM32F767ZIT6 as favorite
2023-08-07 16:15:03,078 [INFO] MainUpdater:2868 - connection check result : 10
2023-08-07 16:15:03,078 [INFO] MainUpdater:2868 - connection check result : 10
2023-08-07 16:15:06,103 [INFO] MicroXplorer:468 - Change Database Path : 
2023-08-07 16:15:06,103 [INFO] MicroXplorer:498 - Change Database Version : DB.6.0.90
2023-08-07 16:15:06,108 [WARN] ThirdParty:871 - waiting for thirdparty lock release [close project]
2023-08-07 16:15:06,108 [INFO] ThirdParty:873 - entering critical section [close project]
2023-08-07 16:15:06,110 [INFO] ThirdParty:883 - exiting critical section [close project]
2023-08-07 16:15:06,114 [INFO] PinOutPanel:1499 - setPackage(No Configuration,No Configuration)
2023-08-07 16:15:06,121 [INFO] UtilMem:75 - Begin LoadConfig() Used Memory: 929253112 Bytes (1073741824)
2023-08-07 16:15:06,122 [INFO] MicroXplorer:468 - Change Database Path : 
2023-08-07 16:15:06,122 [INFO] MicroXplorer:498 - Change Database Version : DB.6.0.90
2023-08-07 16:15:06,122 [INFO] OpenFileManager:308 - Change cursor
2023-08-07 16:15:06,172 [INFO] Mcu:1946 - Initializing MCU STM32F767ZITx STM32F767ZITx STM32F767ZIT6
2023-08-07 16:15:08,468 [INFO] Context:659 - Trying to add GPIOservice into a context  which must be forbidden
2023-08-07 16:15:09,178 [INFO] ImportTextPane:194 - (OptionalMessage_ERROR) Unable to find key (Mcu.ThirdPartyNb) in loaded IOC file
2023-08-07 16:15:09,178 [INFO] ImportTextPane:194 - (OptionalMessage_ERROR) Unable to find key (Mcu.PinsNb) in loaded IOC file
2023-08-07 16:15:09,178 [INFO] ImportTextPane:194 - (OptionalMessage_ERROR) Unable to find key (Mcu.IPNb) in loaded IOC file
2023-08-07 16:15:09,341 [INFO] RtosManager:555 - Registered RTOS mode: class=CMSIS, group=RTOS, mode=CMSIS_V1, owner=FREERTOS
2023-08-07 16:15:09,342 [INFO] RtosManager:555 - Registered RTOS mode: class=CMSIS, group=RTOS2, mode=CMSIS_V2, owner=FREERTOS
2023-08-07 16:15:09,342 [INFO] RtosManager:555 - Registered RTOS mode: class=RTOS, group=Core, mode=CMSIS_V1, owner=FREERTOS
2023-08-07 16:15:09,342 [INFO] RtosManager:555 - Registered RTOS mode: class=RTOS, group=Core, mode=CMSIS_V2, owner=FREERTOS
2023-08-07 16:15:09,342 [WARN] ModelIntegratedComponent:184 - Missing modes for component STMicroelectronics:FreeRTOS:0.0.1:STMicroelectronics:RTOS:FreeRTOS:Core:::10.2.0:
2023-08-07 16:15:09,350 [WARN] ModelIntegratedComponent:63 - No mode defined for component null
2023-08-07 16:15:09,350 [WARN] ModelIntegratedComponent:63 - No mode defined for component null
2023-08-07 16:15:09,350 [WARN] ModelIntegratedComponent:63 - No mode defined for component null
2023-08-07 16:15:09,350 [WARN] ModelIntegratedComponent:63 - No mode defined for component null
2023-08-07 16:15:09,350 [WARN] ModelIntegratedComponent:63 - No mode defined for component null
2023-08-07 16:15:09,350 [WARN] ModelIntegratedComponent:63 - No mode defined for component null
2023-08-07 16:15:09,350 [WARN] ModelIntegratedComponent:63 - No mode defined for component null
2023-08-07 16:15:09,350 [WARN] ModelIntegratedComponent:63 - No mode defined for component null
2023-08-07 16:15:09,350 [WARN] ModelIntegratedComponent:63 - No mode defined for component null
2023-08-07 16:15:09,350 [WARN] ModelIntegratedComponent:63 - No mode defined for component null
2023-08-07 16:15:09,350 [WARN] ModelIntegratedComponent:63 - No mode defined for component null
2023-08-07 16:15:09,350 [WARN] ModelIntegratedComponent:63 - No mode defined for component null
2023-08-07 16:15:09,350 [WARN] ModelIntegratedComponent:63 - No mode defined for component null
2023-08-07 16:15:09,350 [WARN] ModelIntegratedComponent:63 - No mode defined for component null
2023-08-07 16:15:09,350 [WARN] ModelIntegratedComponent:63 - No mode defined for component null
2023-08-07 16:15:09,350 [WARN] ModelIntegratedComponent:63 - No mode defined for component null
2023-08-07 16:15:09,350 [WARN] ModelIntegratedComponent:63 - No mode defined for component null
2023-08-07 16:15:09,350 [WARN] ModelIntegratedComponent:63 - No mode defined for component null
2023-08-07 16:15:09,351 [WARN] ModelIntegratedComponent:63 - No mode defined for component null
2023-08-07 16:15:09,351 [WARN] ModelIntegratedComponent:63 - No mode defined for component null
2023-08-07 16:15:09,351 [WARN] ModelIntegratedComponent:63 - No mode defined for component null
2023-08-07 16:15:09,351 [WARN] ModelIntegratedComponent:63 - No mode defined for component null
2023-08-07 16:15:09,351 [WARN] ModelIntegratedComponent:63 - No mode defined for component null
2023-08-07 16:15:09,351 [WARN] ModelIntegratedComponent:63 - No mode defined for component null
2023-08-07 16:15:09,351 [WARN] ModelIntegratedComponent:63 - No mode defined for component null
2023-08-07 16:15:09,351 [WARN] ModelIntegratedComponent:63 - No mode defined for component null
2023-08-07 16:15:09,351 [WARN] ModelIntegratedComponent:63 - No mode defined for component null
2023-08-07 16:15:09,351 [WARN] ModelIntegratedComponent:63 - No mode defined for component null
2023-08-07 16:15:09,351 [WARN] ModelIntegratedComponent:63 - No mode defined for component null
2023-08-07 16:15:09,351 [WARN] ModelIntegratedComponent:63 - No mode defined for component null
2023-08-07 16:15:09,351 [WARN] ModelIntegratedComponent:63 - No mode defined for component null
2023-08-07 16:15:09,351 [WARN] ModelIntegratedComponent:63 - No mode defined for component null
2023-08-07 16:15:09,351 [WARN] ModelIntegratedComponent:63 - No mode defined for component null
2023-08-07 16:15:09,364 [INFO] ThirdPartyModel:298 - Start build external matchings
2023-08-07 16:15:09,714 [INFO] ThirdPartyModel:316 - End build external matchings
2023-08-07 16:15:10,166 [INFO] UtilMem:75 - End LoadConfig() Used Memory: 951941632 Bytes (1073741824)
2023-08-07 16:15:10,194 [WARN] ThirdParty:833 - waiting for thirdparty lock release [change project]
2023-08-07 16:15:10,194 [INFO] ThirdParty:835 - entering critical section [change project]
2023-08-07 16:15:10,195 [INFO] ThirdParty:1030 - CMSIS Pack Vendor :STMicroelectronics X-CUBE-ISPU 1.1.0
2023-08-07 16:15:10,195 [INFO] ThirdParty:1030 - CMSIS Pack Vendor :STMicroelectronics USBPD 4.1
2023-08-07 16:15:10,195 [INFO] ThirdParty:1030 - CMSIS Pack Vendor :STMicroelectronics X-CUBE-GNSS1 6.0.0
2023-08-07 16:15:10,195 [INFO] ThirdParty:1030 - CMSIS Pack Vendor :STMicroelectronics USB_HOST 2.0.0
2023-08-07 16:15:10,195 [INFO] ThirdParty:1030 - CMSIS Pack Vendor :STMicroelectronics X-CUBE-AZRTOS-F4 1.1.0
2023-08-07 16:15:10,195 [INFO] ThirdParty:1030 - CMSIS Pack Vendor :STMicroelectronics LIBJPEG 8.0.0
2023-08-07 16:15:10,195 [INFO] ThirdParty:1030 - CMSIS Pack Vendor :wolfSSL I-CUBE-wolfSSL 5.6.3
2023-08-07 16:15:10,195 [INFO] ThirdParty:1030 - CMSIS Pack Vendor :STMicroelectronics X-CUBE-SMBUS 2.1.0
2023-08-07 16:15:10,195 [INFO] ThirdParty:1030 - CMSIS Pack Vendor :STMicroelectronics USB_DEVICE 3.0.0
2023-08-07 16:15:10,195 [INFO] ThirdParty:1030 - CMSIS Pack Vendor :STMicroelectronics X-CUBE-FREERTOS 1.0.1
2023-08-07 16:15:10,195 [INFO] ThirdParty:1030 - CMSIS Pack Vendor :STMicroelectronics X-CUBE-AZRTOS-F7 1.1.0
2023-08-07 16:15:10,195 [INFO] ThirdParty:1030 - CMSIS Pack Vendor :STMicroelectronics USB_DEVICE 2.0.0
2023-08-07 16:15:10,195 [INFO] ThirdParty:1030 - CMSIS Pack Vendor :STMicroelectronics X-CUBE-MEMS1 9.6.0
2023-08-07 16:15:10,195 [INFO] ThirdParty:1030 - CMSIS Pack Vendor :STMicroelectronics FP-SNS-MOTENV1 4.3.2
2023-08-07 16:15:10,195 [INFO] ThirdParty:1030 - CMSIS Pack Vendor :STMicroelectronics FP-SNS-FLIGHT1 5.0.1
2023-08-07 16:15:10,196 [INFO] ThirdParty:1030 - CMSIS Pack Vendor :STMicroelectronics X-CUBE-ALGOBUILD 1.3.0
2023-08-07 16:15:10,196 [INFO] ThirdParty:1030 - CMSIS Pack Vendor :STMicroelectronics X-CUBE-BLE1 6.2.4
2023-08-07 16:15:10,196 [INFO] ThirdParty:1030 - CMSIS Pack Vendor :STMicroelectronics X-CUBE-AZRTOS-L5 1.1.0
2023-08-07 16:15:10,196 [INFO] ThirdParty:1030 - CMSIS Pack Vendor :STMicroelectronics FreeRTOS 0.0.1
2023-08-07 16:15:10,196 [INFO] ThirdParty:1030 - CMSIS Pack Vendor :STMicroelectronics X-CUBE-AZRTOS-G0 1.1.0
2023-08-07 16:15:10,196 [INFO] ThirdParty:1030 - CMSIS Pack Vendor :STMicroelectronics X-CUBE-BLEMGR 2.0.0
2023-08-07 16:15:10,196 [INFO] ThirdParty:1030 - CMSIS Pack Vendor :STMicroelectronics X-CUBE-AI 8.0.1
2023-08-07 16:15:10,196 [INFO] ThirdParty:1030 - CMSIS Pack Vendor :STMicroelectronics X-CUBE-NFC4 3.0.0
2023-08-07 16:15:10,196 [INFO] ThirdParty:1030 - CMSIS Pack Vendor :STMicroelectronics X-CUBE-SUBG2 5.0.0
2023-08-07 16:15:10,196 [INFO] ThirdParty:1030 - CMSIS Pack Vendor :STMicroelectronics STM32_WPAN 1.0.0
2023-08-07 16:15:10,196 [INFO] ThirdParty:1030 - CMSIS Pack Vendor :STMicroelectronics lwIP 2.0.3
2023-08-07 16:15:10,196 [INFO] ThirdParty:1030 - CMSIS Pack Vendor :STMicroelectronics FP-SNS-FLIGHT1 5.0.2
2023-08-07 16:15:10,196 [INFO] ThirdParty:1030 - CMSIS Pack Vendor :STMicroelectronics USB_HOST 1.0.0
2023-08-07 16:15:10,196 [INFO] ThirdParty:1030 - CMSIS Pack Vendor :STMicroelectronics X-CUBE-TOF1 3.3.1
2023-08-07 16:15:10,196 [INFO] ThirdParty:1030 - CMSIS Pack Vendor :STMicroelectronics X-CUBE-AZRTOS-G4 2.0.0
2023-08-07 16:15:10,196 [INFO] ThirdParty:1030 - CMSIS Pack Vendor :STMicroelectronics PDM2PCM 3.1.0
2023-08-07 16:15:10,196 [INFO] ThirdParty:1030 - CMSIS Pack Vendor :STMicroelectronics X-CUBE-AZRTOS-H7 3.1.0
2023-08-07 16:15:10,196 [INFO] ThirdParty:1030 - CMSIS Pack Vendor :STMicroelectronics X-CUBE-TOF1 3.3.0
2023-08-07 16:15:10,196 [INFO] ThirdParty:1030 - CMSIS Pack Vendor :STMicroelectronics PDM2PCM 3.3.0
2023-08-07 16:15:10,196 [INFO] ThirdParty:1030 - CMSIS Pack Vendor :STMicroelectronics X-CUBE-DISPLAY 3.0.0
2023-08-07 16:15:10,196 [INFO] ThirdParty:1030 - CMSIS Pack Vendor :STMicroelectronics FP-ATR-SIGFOX1 3.2.0
2023-08-07 16:15:10,196 [INFO] ThirdParty:1030 - CMSIS Pack Vendor :STMicroelectronics HAL Drivers 0.0.0
2023-08-07 16:15:10,196 [INFO] ThirdParty:1030 - CMSIS Pack Vendor :STMicroelectronics MBEDTLS 2.16.2
2023-08-07 16:15:10,196 [INFO] ThirdParty:1030 - CMSIS Pack Vendor :emotas I-CUBE-CANOPEN 1.3.0
2023-08-07 16:15:10,196 [INFO] ThirdParty:1030 - CMSIS Pack Vendor :STMicroelectronics X-CUBE-TOUCHGFX 4.22.0
2023-08-07 16:15:10,196 [INFO] ThirdParty:1030 - CMSIS Pack Vendor :STMicroelectronics X-CUBE-NFC7 1.0.1
2023-08-07 16:15:10,196 [INFO] ThirdParty:1030 - CMSIS Pack Vendor :STMicroelectronics MBEDTLS 2.14.1
2023-08-07 16:15:10,196 [INFO] ThirdParty:1030 - CMSIS Pack Vendor :STMicroelectronics X-CUBE-EEPRMA1 4.1.0
2023-08-07 16:15:10,196 [INFO] ThirdParty:1030 - CMSIS Pack Vendor :portGmbH I-Cube-SoM-uGOAL 1.1.0
2023-08-07 16:15:10,196 [INFO] ThirdParty:1030 - CMSIS Pack Vendor :STMicroelectronics X-CUBE-ALS 1.0.1
2023-08-07 16:15:10,196 [INFO] ThirdParty:1030 - CMSIS Pack Vendor :STMicroelectronics ThreadX 1.0.0
2023-08-07 16:15:10,196 [INFO] ThirdParty:1030 - CMSIS Pack Vendor :STMicroelectronics X-CUBE-AZRTOS-WB 1.1.0
2023-08-07 16:15:10,196 [INFO] ThirdParty:1030 - CMSIS Pack Vendor :STMicroelectronics X-CUBE-AZRTOS-WL 2.0.0
2023-08-07 16:15:10,196 [INFO] ThirdParty:1030 - CMSIS Pack Vendor :SEGGER I-CUBE-embOS 1.3.1
2023-08-07 16:15:10,196 [INFO] ThirdParty:1030 - CMSIS Pack Vendor :STMicroelectronics USB_DEVICE 1.0.0
2023-08-07 16:15:10,196 [INFO] ThirdParty:1030 - CMSIS Pack Vendor :STMicroelectronics X-CUBE-AZRTOS-L4 2.0.0
2023-08-07 16:15:10,197 [INFO] ThirdParty:1030 - CMSIS Pack Vendor :STMicroelectronics ThreadX 0.0.2
2023-08-07 16:15:10,197 [INFO] ThirdParty:1030 - CMSIS Pack Vendor :WES I-CUBE-Cesium 1.3.0
2023-08-07 16:15:10,197 [INFO] ThirdParty:1030 - CMSIS Pack Vendor :STMicroelectronics FP-ATR-ASTRA1 2.0.0
2023-08-07 16:15:10,197 [INFO] ThirdParty:1030 - CMSIS Pack Vendor :STMicroelectronics lwIP 2.1.2
2023-08-07 16:15:10,197 [INFO] ThirdParty:1030 - CMSIS Pack Vendor :STMicroelectronics X-CUBE-SFXS2LP1 4.0.0
2023-08-07 16:15:10,197 [INFO] ThirdParty:1030 - CMSIS Pack Vendor :STMicroelectronics X-CUBE-BLE2 3.3.0
2023-08-07 16:15:10,197 [INFO] ThirdParty:1030 - CMSIS Pack Vendor :STMicroelectronics PDM2PCM 3.2.0
2023-08-07 16:15:10,197 [INFO] ThirdParty:841 - exiting critical section [change project]
2023-08-07 16:15:10,718 [INFO] PinOutPanel:1499 - setPackage(No Configuration,No Configuration)
2023-08-07 16:15:10,722 [INFO] PinOutPanel:1499 - setPackage(STM32F767ZITx,LQFP144)
2023-08-07 16:15:11,412 [INFO] UtilMem:75 - Before build in PCC Used Memory: 938365432 Bytes (1073741824)
2023-08-07 16:15:12,280 [INFO] UtilMem:75 - After build in PCC Used Memory: 969055712 Bytes (1073741824)
2023-08-07 16:15:12,322 [INFO] IPUIPlugin:80 - create IPUIPlugin
2023-08-07 16:15:12,322 [INFO] IPUIPlugin:80 - create IPUIPlugin
2023-08-07 16:15:12,322 [INFO] IPUIPlugin:80 - create IPUIPlugin
2023-08-07 16:15:12,323 [INFO] IPUIPlugin:80 - create IPUIPlugin
2023-08-07 16:15:12,323 [INFO] IPUIPlugin:80 - create IPUIPlugin
2023-08-07 16:15:12,323 [INFO] IPUIPlugin:80 - create IPUIPlugin
2023-08-07 16:15:12,324 [INFO] IPUIPlugin:80 - create IPUIPlugin
2023-08-07 16:15:12,324 [INFO] IPUIPlugin:80 - create IPUIPlugin
2023-08-07 16:15:12,324 [INFO] IPUIPlugin:80 - create IPUIPlugin
2023-08-07 16:15:12,324 [INFO] IPUIPlugin:80 - create IPUIPlugin
2023-08-07 16:15:12,325 [INFO] IPUIPlugin:80 - create IPUIPlugin
2023-08-07 16:15:12,325 [INFO] IPUIPlugin:80 - create IPUIPlugin
2023-08-07 16:15:12,325 [INFO] IPUIPlugin:80 - create IPUIPlugin
2023-08-07 16:15:12,325 [INFO] IPUIPlugin:80 - create IPUIPlugin
2023-08-07 16:15:12,326 [INFO] IPUIPlugin:80 - create IPUIPlugin
2023-08-07 16:15:12,326 [INFO] IPUIPlugin:80 - create IPUIPlugin
2023-08-07 16:15:12,327 [INFO] IPUIPlugin:80 - create IPUIPlugin
2023-08-07 16:15:12,327 [INFO] IPUIPlugin:80 - create IPUIPlugin
2023-08-07 16:15:12,327 [INFO] IPUIPlugin:80 - create IPUIPlugin
2023-08-07 16:15:12,327 [INFO] IPUIPlugin:80 - create IPUIPlugin
2023-08-07 16:15:12,327 [INFO] IPUIPlugin:80 - create IPUIPlugin
2023-08-07 16:15:12,327 [INFO] IPUIPlugin:80 - create IPUIPlugin
2023-08-07 16:15:12,328 [INFO] IPUIPlugin:80 - create IPUIPlugin
2023-08-07 16:15:12,328 [INFO] IPUIPlugin:80 - create IPUIPlugin
2023-08-07 16:15:12,328 [INFO] IPUIPlugin:80 - create IPUIPlugin
2023-08-07 16:15:12,328 [INFO] IPUIPlugin:80 - create IPUIPlugin
2023-08-07 16:15:12,329 [INFO] IPUIPlugin:80 - create IPUIPlugin
2023-08-07 16:15:12,329 [INFO] IPUIPlugin:80 - create IPUIPlugin
2023-08-07 16:15:12,329 [INFO] IPUIPlugin:80 - create IPUIPlugin
2023-08-07 16:15:12,330 [INFO] IPUIPlugin:80 - create IPUIPlugin
2023-08-07 16:15:12,330 [INFO] IPUIPlugin:80 - create IPUIPlugin
2023-08-07 16:15:12,330 [INFO] IPUIPlugin:80 - create IPUIPlugin
2023-08-07 16:15:12,330 [INFO] IPUIPlugin:80 - create IPUIPlugin
2023-08-07 16:15:12,331 [INFO] IPUIPlugin:80 - create IPUIPlugin
2023-08-07 16:15:12,331 [INFO] IPUIPlugin:80 - create IPUIPlugin
2023-08-07 16:15:12,331 [INFO] IPUIPlugin:80 - create IPUIPlugin
2023-08-07 16:15:12,331 [INFO] IPUIPlugin:80 - create IPUIPlugin
2023-08-07 16:15:12,332 [INFO] IPUIPlugin:80 - create IPUIPlugin
2023-08-07 16:15:12,333 [INFO] IPUIPlugin:80 - create IPUIPlugin
2023-08-07 16:15:12,333 [INFO] IPUIPlugin:80 - create IPUIPlugin
2023-08-07 16:15:12,333 [INFO] IPUIPlugin:80 - create IPUIPlugin
2023-08-07 16:15:12,334 [INFO] IPUIPlugin:80 - create IPUIPlugin
2023-08-07 16:15:12,334 [INFO] IPUIPlugin:80 - create IPUIPlugin
2023-08-07 16:15:12,334 [INFO] IPUIPlugin:80 - create IPUIPlugin
2023-08-07 16:15:12,334 [INFO] IPUIPlugin:80 - create IPUIPlugin
2023-08-07 16:15:12,335 [INFO] IPUIPlugin:80 - create IPUIPlugin
2023-08-07 16:15:12,335 [INFO] IPUIPlugin:80 - create IPUIPlugin
2023-08-07 16:15:12,335 [INFO] IPUIPlugin:80 - create IPUIPlugin
2023-08-07 16:15:12,335 [INFO] IPUIPlugin:80 - create IPUIPlugin
2023-08-07 16:15:12,335 [INFO] IPUIPlugin:80 - create IPUIPlugin
2023-08-07 16:15:12,336 [INFO] IPUIPlugin:80 - create IPUIPlugin
2023-08-07 16:15:12,336 [INFO] IPUIPlugin:80 - create IPUIPlugin
2023-08-07 16:15:12,336 [INFO] IPUIPlugin:80 - create IPUIPlugin
2023-08-07 16:15:12,337 [INFO] IPUIPlugin:80 - create IPUIPlugin
2023-08-07 16:15:12,337 [INFO] IPUIPlugin:80 - create IPUIPlugin
2023-08-07 16:15:12,337 [INFO] IPUIPlugin:80 - create IPUIPlugin
2023-08-07 16:15:12,338 [INFO] IPUIPlugin:80 - create IPUIPlugin
2023-08-07 16:15:12,338 [INFO] IPUIPlugin:80 - create IPUIPlugin
2023-08-07 16:15:12,338 [INFO] IPUIPlugin:80 - create IPUIPlugin
2023-08-07 16:15:12,338 [INFO] IPUIPlugin:80 - create IPUIPlugin
2023-08-07 16:15:12,339 [INFO] IPUIPlugin:80 - create IPUIPlugin
2023-08-07 16:15:12,339 [INFO] IPUIPlugin:80 - create IPUIPlugin
2023-08-07 16:15:12,339 [INFO] IPUIPlugin:80 - create IPUIPlugin
2023-08-07 16:15:12,340 [INFO] IPUIPlugin:80 - create IPUIPlugin
2023-08-07 16:15:12,340 [INFO] IPUIPlugin:80 - create IPUIPlugin
2023-08-07 16:15:12,340 [INFO] IPUIPlugin:80 - create IPUIPlugin
2023-08-07 16:15:12,341 [INFO] IPUIPlugin:80 - create IPUIPlugin
2023-08-07 16:15:12,341 [INFO] IPUIPlugin:80 - create IPUIPlugin
2023-08-07 16:15:12,342 [INFO] IPUIPlugin:80 - create IPUIPlugin
2023-08-07 16:15:12,342 [INFO] IPUIPlugin:80 - create IPUIPlugin
2023-08-07 16:15:12,343 [INFO] IPUIPlugin:80 - create IPUIPlugin
2023-08-07 16:15:12,343 [INFO] IPUIPlugin:80 - create IPUIPlugin
2023-08-07 16:15:12,344 [INFO] IPUIPlugin:80 - create IPUIPlugin
2023-08-07 16:15:12,344 [INFO] IPUIPlugin:80 - create IPUIPlugin
2023-08-07 16:15:12,345 [INFO] IPUIPlugin:80 - create IPUIPlugin
2023-08-07 16:15:12,345 [INFO] IPUIPlugin:80 - create IPUIPlugin
2023-08-07 16:15:12,346 [INFO] IPUIPlugin:80 - create IPUIPlugin
2023-08-07 16:15:12,346 [INFO] IPUIPlugin:80 - create IPUIPlugin
2023-08-07 16:15:12,347 [INFO] IPUIPlugin:80 - create IPUIPlugin
2023-08-07 16:15:12,456 [INFO] ApiDbMcu:507 - Load IP Config File for PDM2PCM
2023-08-07 16:15:12,729 [INFO] CADModel:165 - CPN selected for project levelSTM32F767ZIT6
2023-08-07 16:15:12,730 [INFO] CADModel:114 - Register for checkConnection events
2023-08-07 16:15:12,782 [INFO] OpenFileManager:328 - Restore cursor
2023-08-07 16:15:14,724 [INFO] UtilMem:75 - End SaveConfig() Used Memory: 944003416 Bytes (1073741824)
2023-08-07 16:15:14,794 [INFO] UtilMem:75 - End SaveConfig() Used Memory: 974938416 Bytes (1073741824)
2023-08-07 16:15:15,123 [INFO] BlockDiagram:2759 - set Specific Code input for plugin: RCC
2023-08-07 16:15:15,123 [INFO] BlockDiagram:2759 - set Specific Code input for plugin: NVIC
2023-08-07 16:15:15,123 [INFO] BlockDiagram:2759 - set Specific Code input for plugin: CORTEX_M7
2023-08-07 16:15:15,125 [INFO] CodeGenerator:799 - code generatio: config db path: C:\ST\STM32CubeIDE_1.13.0\STM32CubeIDE\plugins\com.st.stm32cube.common.mx_6.9.0.202307051724\\db\
2023-08-07 16:15:15,396 [INFO] CodeEngine:255 - oldGeneratedFile, C:\Users\User\STM32CubeIDE\MAD_Lab\Lab3\MXTmpFiles\license.tmp_save
2023-08-07 16:15:15,801 [INFO] CodeEngine:279 - Generated code: C:\Users\User\STM32CubeIDE\MAD_Lab\Lab3\MXTmpFiles\license.tmp
2023-08-07 16:15:15,874 [INFO] CodeEngine:255 - oldGeneratedFile, C:\Users\User\STM32CubeIDE\MAD_Lab\Lab3\MXTmpFiles\cortex.tmp_save
2023-08-07 16:15:15,958 [INFO] CodeEngine:279 - Generated code: C:\Users\User\STM32CubeIDE\MAD_Lab\Lab3\MXTmpFiles\cortex.tmp
2023-08-07 16:15:15,975 [INFO] CodeEngine:255 - oldGeneratedFile, C:\Users\User\STM32CubeIDE\MAD_Lab\Lab3\Core\Src\stm32f7xx_it.c_save
2023-08-07 16:15:16,084 [INFO] CodeEngine:279 - Generated code: C:\Users\User\STM32CubeIDE\MAD_Lab\Lab3\Core\Src\stm32f7xx_it.c
2023-08-07 16:15:16,093 [INFO] CodeEngine:255 - oldGeneratedFile, C:\Users\User\STM32CubeIDE\MAD_Lab\Lab3\Core\Inc\stm32f7xx_it.h_save
2023-08-07 16:15:16,154 [INFO] CodeEngine:279 - Generated code: C:\Users\User\STM32CubeIDE\MAD_Lab\Lab3\Core\Inc\stm32f7xx_it.h
2023-08-07 16:15:16,188 [INFO] CodeEngine:255 - oldGeneratedFile, C:\Users\User\STM32CubeIDE\MAD_Lab\Lab3\Core\Src\stm32f7xx_hal_msp.c_save
2023-08-07 16:15:16,278 [INFO] CodeEngine:279 - Generated code: C:\Users\User\STM32CubeIDE\MAD_Lab\Lab3\Core\Src\stm32f7xx_hal_msp.c
2023-08-07 16:15:16,289 [INFO] CodeEngine:255 - oldGeneratedFile, C:\Users\User\STM32CubeIDE\MAD_Lab\Lab3\MXTmpFiles\system.tmp_save
2023-08-07 16:15:16,339 [INFO] CodeEngine:279 - Generated code: C:\Users\User\STM32CubeIDE\MAD_Lab\Lab3\MXTmpFiles\system.tmp
2023-08-07 16:15:16,355 [INFO] CodeEngine:311 - oldGeneratedFile, C:\Users\User\STM32CubeIDE\MAD_Lab\Lab3\Core\Inc\stm32f7xx_hal_conf.h_save
2023-08-07 16:15:16,439 [INFO] CodeEngine:335 - Generated code: C:\Users\User\STM32CubeIDE\MAD_Lab\Lab3\Core\Inc\stm32f7xx_hal_conf.h
2023-08-07 16:15:16,490 [INFO] CodeEngine:255 - oldGeneratedFile, C:\Users\User\STM32CubeIDE\MAD_Lab\Lab3\Core\Inc\main.h_save
2023-08-07 16:15:16,584 [INFO] CodeEngine:279 - Generated code: C:\Users\User\STM32CubeIDE\MAD_Lab\Lab3\Core\Inc\main.h
2023-08-07 16:15:16,595 [INFO] CodeEngine:255 - oldGeneratedFile, C:\Users\User\STM32CubeIDE\MAD_Lab\Lab3\Core\Src\main.c_save
2023-08-07 16:15:16,688 [INFO] CodeEngine:279 - Generated code: C:\Users\User\STM32CubeIDE\MAD_Lab\Lab3\Core\Src\main.c
2023-08-07 16:15:17,226 [INFO] ProjectBuilder:3064 - Time for Copy HAL[1] : 191mS.
2023-08-07 16:15:17,231 [INFO] ProjectBuilder:4404 - Project Generator version: 4.1.0
2023-08-07 16:15:17,396 [INFO] ConfigFileManager:1457 - The Die is : DIE451
2023-08-07 16:15:17,421 [INFO] ApiDbMcu:507 - Load IP Config File for FATFS
2023-08-07 16:15:17,436 [INFO] ApiDbMcu:507 - Load IP Config File for FREERTOS
2023-08-07 16:15:17,445 [INFO] ApiDbMcu:507 - Load IP Config File for LIBJPEG
2023-08-07 16:15:17,456 [INFO] ApiDbMcu:507 - Load IP Config File for LWIP
2023-08-07 16:15:17,467 [INFO] ApiDbMcu:507 - Load IP Config File for MBEDTLS
2023-08-07 16:15:17,481 [INFO] ApiDbMcu:507 - Load IP Config File for USB_DEVICE
2023-08-07 16:15:17,491 [INFO] ApiDbMcu:507 - Load IP Config File for USB_HOST
2023-08-07 16:15:18,542 [INFO] LogOutputStream:77 - [STDOUT_REDIRECT] 
2023-08-07 16:15:22,152 [INFO] ProjectBuilder:4626 - Time for Generating toolchain IDE Files: 4921mS.
2023-08-07 16:15:22,153 [INFO] ProjectBuilder:2935 - Time for Copy CMSIS : 0mS.
2023-08-07 16:15:22,155 [INFO] ProjectBuilder:2935 - Time for Copy CMSIS : 0mS.
2023-08-07 16:15:23,289 [INFO] McuFinderGlobals:76 - Set McuFinderConnectedMode to true
2023-08-07 16:15:23,296 [INFO] ApiDb:448 - Save user favorites file C:\Users\User/.stm32cubeide/favorites.mcus.txt: 1 item(s)
2023-08-07 16:15:23,297 [INFO] ApiDb:452 - User favorites MCUs=[STM32F767ZIT6]
2023-08-07 16:15:23,300 [INFO] ApiDb:448 - Save user favorites file C:\Users\User/.stm32cubeide/favorites.boards.txt: 0 item(s)
2023-08-07 16:15:23,300 [INFO] ApiDb:452 - User favorites Boards=[]
2023-08-07 16:15:23,308 [INFO] ApiDb:448 - Save user favorites file C:\Users\User/.stm32cubeide/favorites.examples.txt: 0 item(s)
2023-08-07 16:15:23,309 [INFO] ApiDb:452 - User favorites Examples=[]
2023-08-07 16:22:06,932 [INFO] UtilMem:75 - End SaveConfig() Used Memory: 712994656 Bytes (1073741824)
2023-08-07 16:22:07,928 [INFO] UtilMem:75 - End SaveConfig() Used Memory: 822293072 Bytes (1073741824)
2023-08-07 16:22:08,086 [INFO] UtilMem:75 - End SaveConfig() Used Memory: 908276304 Bytes (1073741824)
2023-08-07 16:22:08,233 [INFO] BlockDiagram:2759 - set Specific Code input for plugin: RCC
2023-08-07 16:22:08,233 [INFO] BlockDiagram:2759 - set Specific Code input for plugin: NVIC
2023-08-07 16:22:08,233 [INFO] BlockDiagram:2759 - set Specific Code input for plugin: USART
2023-08-07 16:22:08,233 [INFO] BlockDiagram:2759 - set Specific Code input for plugin: CORTEX_M7
2023-08-07 16:22:08,233 [INFO] BlockDiagram:2759 - set Specific Code input for plugin: GPIO
2023-08-07 16:22:08,235 [INFO] CodeGenerator:799 - code generatio: config db path: C:\ST\STM32CubeIDE_1.13.0\STM32CubeIDE\plugins\com.st.stm32cube.common.mx_6.9.0.202307051724\\db\
2023-08-07 16:22:08,321 [INFO] CodeEngine:255 - oldGeneratedFile, C:\Users\User\STM32CubeIDE\MAD_Lab\Lab3\MXTmpFiles\license.tmp_save
2023-08-07 16:22:08,394 [INFO] CodeEngine:279 - Generated code: C:\Users\User\STM32CubeIDE\MAD_Lab\Lab3\MXTmpFiles\license.tmp
2023-08-07 16:22:08,434 [INFO] CodeEngine:255 - oldGeneratedFile, C:\Users\User\STM32CubeIDE\MAD_Lab\Lab3\MXTmpFiles\gpio.tmp_save
2023-08-07 16:22:08,497 [INFO] CodeEngine:279 - Generated code: C:\Users\User\STM32CubeIDE\MAD_Lab\Lab3\MXTmpFiles\gpio.tmp
2023-08-07 16:22:08,557 [INFO] CodeEngine:255 - oldGeneratedFile, C:\Users\User\STM32CubeIDE\MAD_Lab\Lab3\MXTmpFiles\cortex.tmp_save
2023-08-07 16:22:08,620 [INFO] CodeEngine:279 - Generated code: C:\Users\User\STM32CubeIDE\MAD_Lab\Lab3\MXTmpFiles\cortex.tmp
2023-08-07 16:22:08,644 [INFO] CodeEngine:255 - oldGeneratedFile, C:\Users\User\STM32CubeIDE\MAD_Lab\Lab3\Core\Src\stm32f7xx_it.c_save
2023-08-07 16:22:08,746 [INFO] CodeEngine:279 - Generated code: C:\Users\User\STM32CubeIDE\MAD_Lab\Lab3\Core\Src\stm32f7xx_it.c
2023-08-07 16:22:08,750 [INFO] CodeEngine:255 - oldGeneratedFile, C:\Users\User\STM32CubeIDE\MAD_Lab\Lab3\Core\Inc\stm32f7xx_it.h_save
2023-08-07 16:22:08,797 [INFO] CodeEngine:279 - Generated code: C:\Users\User\STM32CubeIDE\MAD_Lab\Lab3\Core\Inc\stm32f7xx_it.h
2023-08-07 16:22:08,827 [INFO] CodeEngine:255 - oldGeneratedFile, C:\Users\User\STM32CubeIDE\MAD_Lab\Lab3\Core\Src\stm32f7xx_hal_msp.c_save
2023-08-07 16:22:08,955 [INFO] CodeEngine:279 - Generated code: C:\Users\User\STM32CubeIDE\MAD_Lab\Lab3\Core\Src\stm32f7xx_hal_msp.c
2023-08-07 16:22:08,960 [INFO] CodeEngine:255 - oldGeneratedFile, C:\Users\User\STM32CubeIDE\MAD_Lab\Lab3\MXTmpFiles\system.tmp_save
2023-08-07 16:22:09,002 [INFO] CodeEngine:279 - Generated code: C:\Users\User\STM32CubeIDE\MAD_Lab\Lab3\MXTmpFiles\system.tmp
2023-08-07 16:22:09,021 [INFO] CodeEngine:311 - oldGeneratedFile, C:\Users\User\STM32CubeIDE\MAD_Lab\Lab3\Core\Inc\stm32f7xx_hal_conf.h_save
2023-08-07 16:22:09,087 [INFO] CodeEngine:335 - Generated code: C:\Users\User\STM32CubeIDE\MAD_Lab\Lab3\Core\Inc\stm32f7xx_hal_conf.h
2023-08-07 16:22:09,123 [INFO] CodeEngine:255 - oldGeneratedFile, C:\Users\User\STM32CubeIDE\MAD_Lab\Lab3\Core\Inc\main.h_save
2023-08-07 16:22:09,177 [INFO] CodeEngine:279 - Generated code: C:\Users\User\STM32CubeIDE\MAD_Lab\Lab3\Core\Inc\main.h
2023-08-07 16:22:09,189 [INFO] CodeEngine:255 - oldGeneratedFile, C:\Users\User\STM32CubeIDE\MAD_Lab\Lab3\Core\Src\main.c_save
2023-08-07 16:22:09,274 [INFO] CodeEngine:279 - Generated code: C:\Users\User\STM32CubeIDE\MAD_Lab\Lab3\Core\Src\main.c
2023-08-07 16:22:09,664 [INFO] ProjectBuilder:3064 - Time for Copy HAL[1] : 174mS.
2023-08-07 16:22:09,666 [INFO] ProjectBuilder:4404 - Project Generator version: 4.1.0
2023-08-07 16:22:09,757 [INFO] ConfigFileManager:1457 - The Die is : DIE451
2023-08-07 16:22:11,148 [INFO] ProjectBuilder:4626 - Time for Generating toolchain IDE Files: 1482mS.
2023-08-07 16:22:11,149 [INFO] ProjectBuilder:2935 - Time for Copy CMSIS : 1mS.
2023-08-07 16:22:11,151 [INFO] ProjectBuilder:2935 - Time for Copy CMSIS : 0mS.
2023-08-07 16:59:36,232 [ERROR] ConfigurationRetriever:142 - IOException on connection: Read timed out
2023-08-07 16:59:40,066 [ERROR] ConfigurationRetriever:142 - IOException on connection: Read timed out
2023-08-07 16:59:51,613 [ERROR] ConfigurationRetriever:142 - IOException on connection: Connection reset
2023-08-07 17:32:42,127 [ERROR] ConfigurationRetriever:142 - IOException on connection: Read timed out
2023-08-07 17:32:44,134 [ERROR] ConfigurationRetriever:142 - IOException on connection: Read timed out
2023-08-07 17:32:47,002 [ERROR] ConfigurationRetriever:142 - IOException on connection: Read timed out
2023-08-07 17:32:49,865 [ERROR] ConfigurationRetriever:142 - IOException on connection: Read timed out
2023-08-07 17:55:36,253 [INFO] UtilMem:75 - End SaveConfig() Used Memory: 855452240 Bytes (1073741824)
2023-08-07 17:55:37,516 [INFO] UtilMem:75 - End SaveConfig() Used Memory: 609195792 Bytes (1073741824)
2023-08-07 17:55:37,685 [INFO] UtilMem:75 - End SaveConfig() Used Memory: 642080320 Bytes (1073741824)
2023-08-07 17:55:37,912 [INFO] BlockDiagram:2759 - set Specific Code input for plugin: RCC
2023-08-07 17:55:37,913 [INFO] BlockDiagram:2759 - set Specific Code input for plugin: NVIC
2023-08-07 17:55:37,913 [INFO] BlockDiagram:2759 - set Specific Code input for plugin: USART
2023-08-07 17:55:37,913 [INFO] BlockDiagram:2759 - set Specific Code input for plugin: CORTEX_M7
2023-08-07 17:55:37,913 [INFO] BlockDiagram:2759 - set Specific Code input for plugin: GPIO
2023-08-07 17:55:37,915 [INFO] CodeGenerator:799 - code generatio: config db path: C:\ST\STM32CubeIDE_1.13.0\STM32CubeIDE\plugins\com.st.stm32cube.common.mx_6.9.0.202307051724\\db\
2023-08-07 17:55:37,999 [INFO] CodeEngine:255 - oldGeneratedFile, C:\Users\User\STM32CubeIDE\MAD_Lab\Lab3\MXTmpFiles\license.tmp_save
2023-08-07 17:55:38,067 [INFO] CodeEngine:279 - Generated code: C:\Users\User\STM32CubeIDE\MAD_Lab\Lab3\MXTmpFiles\license.tmp
2023-08-07 17:55:38,083 [INFO] CodeEngine:255 - oldGeneratedFile, C:\Users\User\STM32CubeIDE\MAD_Lab\Lab3\MXTmpFiles\gpio.tmp_save
2023-08-07 17:55:38,163 [INFO] CodeEngine:279 - Generated code: C:\Users\User\STM32CubeIDE\MAD_Lab\Lab3\MXTmpFiles\gpio.tmp
2023-08-07 17:55:38,205 [INFO] CodeEngine:255 - oldGeneratedFile, C:\Users\User\STM32CubeIDE\MAD_Lab\Lab3\MXTmpFiles\cortex.tmp_save
2023-08-07 17:55:38,335 [INFO] CodeEngine:279 - Generated code: C:\Users\User\STM32CubeIDE\MAD_Lab\Lab3\MXTmpFiles\cortex.tmp
2023-08-07 17:55:38,361 [INFO] CodeEngine:255 - oldGeneratedFile, C:\Users\User\STM32CubeIDE\MAD_Lab\Lab3\Core\Src\stm32f7xx_it.c_save
2023-08-07 17:55:38,459 [INFO] CodeEngine:279 - Generated code: C:\Users\User\STM32CubeIDE\MAD_Lab\Lab3\Core\Src\stm32f7xx_it.c
2023-08-07 17:55:38,465 [INFO] CodeEngine:255 - oldGeneratedFile, C:\Users\User\STM32CubeIDE\MAD_Lab\Lab3\Core\Inc\stm32f7xx_it.h_save
2023-08-07 17:55:38,513 [INFO] CodeEngine:279 - Generated code: C:\Users\User\STM32CubeIDE\MAD_Lab\Lab3\Core\Inc\stm32f7xx_it.h
2023-08-07 17:55:38,541 [INFO] CodeEngine:255 - oldGeneratedFile, C:\Users\User\STM32CubeIDE\MAD_Lab\Lab3\Core\Src\stm32f7xx_hal_msp.c_save
2023-08-07 17:55:38,610 [INFO] CodeEngine:279 - Generated code: C:\Users\User\STM32CubeIDE\MAD_Lab\Lab3\Core\Src\stm32f7xx_hal_msp.c
2023-08-07 17:55:38,614 [INFO] CodeEngine:255 - oldGeneratedFile, C:\Users\User\STM32CubeIDE\MAD_Lab\Lab3\MXTmpFiles\system.tmp_save
2023-08-07 17:55:38,656 [INFO] CodeEngine:279 - Generated code: C:\Users\User\STM32CubeIDE\MAD_Lab\Lab3\MXTmpFiles\system.tmp
2023-08-07 17:55:38,671 [INFO] CodeEngine:311 - oldGeneratedFile, C:\Users\User\STM32CubeIDE\MAD_Lab\Lab3\Core\Inc\stm32f7xx_hal_conf.h_save
2023-08-07 17:55:38,728 [INFO] CodeEngine:335 - Generated code: C:\Users\User\STM32CubeIDE\MAD_Lab\Lab3\Core\Inc\stm32f7xx_hal_conf.h
2023-08-07 17:55:38,757 [INFO] CodeEngine:255 - oldGeneratedFile, C:\Users\User\STM32CubeIDE\MAD_Lab\Lab3\Core\Inc\main.h_save
2023-08-07 17:55:38,805 [INFO] CodeEngine:279 - Generated code: C:\Users\User\STM32CubeIDE\MAD_Lab\Lab3\Core\Inc\main.h
2023-08-07 17:55:38,815 [INFO] CodeEngine:255 - oldGeneratedFile, C:\Users\User\STM32CubeIDE\MAD_Lab\Lab3\Core\Src\main.c_save
2023-08-07 17:55:38,914 [INFO] CodeEngine:279 - Generated code: C:\Users\User\STM32CubeIDE\MAD_Lab\Lab3\Core\Src\main.c
2023-08-07 17:55:39,338 [INFO] ProjectBuilder:3064 - Time for Copy HAL[1] : 199mS.
2023-08-07 17:55:39,341 [INFO] ProjectBuilder:4404 - Project Generator version: 4.1.0
2023-08-07 17:55:39,488 [INFO] ConfigFileManager:1457 - The Die is : DIE451
2023-08-07 17:55:40,515 [INFO] ProjectBuilder:4626 - Time for Generating toolchain IDE Files: 1174mS.
2023-08-07 17:55:40,517 [INFO] ProjectBuilder:2935 - Time for Copy CMSIS : 1mS.
2023-08-07 17:55:40,521 [INFO] ProjectBuilder:2935 - Time for Copy CMSIS : 0mS.
2023-08-07 18:05:55,387 [INFO] UtilMem:75 - End SaveConfig() Used Memory: 847421896 Bytes (1073741824)
2023-08-07 18:05:55,498 [INFO] BlockDiagram:2759 - set Specific Code input for plugin: RCC
2023-08-07 18:05:55,498 [INFO] BlockDiagram:2759 - set Specific Code input for plugin: NVIC
2023-08-07 18:05:55,498 [INFO] BlockDiagram:2759 - set Specific Code input for plugin: USART
2023-08-07 18:05:55,498 [INFO] BlockDiagram:2759 - set Specific Code input for plugin: CORTEX_M7
2023-08-07 18:05:55,498 [INFO] BlockDiagram:2759 - set Specific Code input for plugin: GPIO
2023-08-07 18:05:55,500 [INFO] CodeGenerator:799 - code generatio: config db path: C:\ST\STM32CubeIDE_1.13.0\STM32CubeIDE\plugins\com.st.stm32cube.common.mx_6.9.0.202307051724\\db\
2023-08-07 18:05:55,685 [INFO] CodeEngine:255 - oldGeneratedFile, C:\Users\User\STM32CubeIDE\MAD_Lab\Lab3\MXTmpFiles\license.tmp_save
2023-08-07 18:05:55,743 [INFO] CodeEngine:279 - Generated code: C:\Users\User\STM32CubeIDE\MAD_Lab\Lab3\MXTmpFiles\license.tmp
2023-08-07 18:05:55,773 [INFO] CodeEngine:255 - oldGeneratedFile, C:\Users\User\STM32CubeIDE\MAD_Lab\Lab3\MXTmpFiles\gpio.tmp_save
2023-08-07 18:05:55,852 [INFO] CodeEngine:279 - Generated code: C:\Users\User\STM32CubeIDE\MAD_Lab\Lab3\MXTmpFiles\gpio.tmp
2023-08-07 18:05:55,889 [INFO] CodeEngine:255 - oldGeneratedFile, C:\Users\User\STM32CubeIDE\MAD_Lab\Lab3\MXTmpFiles\cortex.tmp_save
2023-08-07 18:05:55,942 [INFO] CodeEngine:279 - Generated code: C:\Users\User\STM32CubeIDE\MAD_Lab\Lab3\MXTmpFiles\cortex.tmp
2023-08-07 18:05:55,962 [INFO] CodeEngine:255 - oldGeneratedFile, C:\Users\User\STM32CubeIDE\MAD_Lab\Lab3\Core\Src\stm32f7xx_it.c_save
2023-08-07 18:05:56,061 [INFO] CodeEngine:279 - Generated code: C:\Users\User\STM32CubeIDE\MAD_Lab\Lab3\Core\Src\stm32f7xx_it.c
2023-08-07 18:05:56,066 [INFO] CodeEngine:255 - oldGeneratedFile, C:\Users\User\STM32CubeIDE\MAD_Lab\Lab3\Core\Inc\stm32f7xx_it.h_save
2023-08-07 18:05:56,105 [INFO] CodeEngine:279 - Generated code: C:\Users\User\STM32CubeIDE\MAD_Lab\Lab3\Core\Inc\stm32f7xx_it.h
2023-08-07 18:05:56,131 [INFO] CodeEngine:255 - oldGeneratedFile, C:\Users\User\STM32CubeIDE\MAD_Lab\Lab3\Core\Src\stm32f7xx_hal_msp.c_save
2023-08-07 18:05:56,180 [INFO] CodeEngine:279 - Generated code: C:\Users\User\STM32CubeIDE\MAD_Lab\Lab3\Core\Src\stm32f7xx_hal_msp.c
2023-08-07 18:05:56,187 [INFO] CodeEngine:255 - oldGeneratedFile, C:\Users\User\STM32CubeIDE\MAD_Lab\Lab3\MXTmpFiles\system.tmp_save
2023-08-07 18:05:56,219 [INFO] CodeEngine:279 - Generated code: C:\Users\User\STM32CubeIDE\MAD_Lab\Lab3\MXTmpFiles\system.tmp
2023-08-07 18:05:56,238 [INFO] CodeEngine:311 - oldGeneratedFile, C:\Users\User\STM32CubeIDE\MAD_Lab\Lab3\Core\Inc\stm32f7xx_hal_conf.h_save
2023-08-07 18:05:56,295 [INFO] CodeEngine:335 - Generated code: C:\Users\User\STM32CubeIDE\MAD_Lab\Lab3\Core\Inc\stm32f7xx_hal_conf.h
2023-08-07 18:05:56,328 [INFO] CodeEngine:255 - oldGeneratedFile, C:\Users\User\STM32CubeIDE\MAD_Lab\Lab3\Core\Inc\main.h_save
2023-08-07 18:05:56,370 [INFO] CodeEngine:279 - Generated code: C:\Users\User\STM32CubeIDE\MAD_Lab\Lab3\Core\Inc\main.h
2023-08-07 18:05:56,386 [INFO] CodeEngine:255 - oldGeneratedFile, C:\Users\User\STM32CubeIDE\MAD_Lab\Lab3\Core\Src\main.c_save
2023-08-07 18:05:56,457 [INFO] CodeEngine:279 - Generated code: C:\Users\User\STM32CubeIDE\MAD_Lab\Lab3\Core\Src\main.c
2023-08-07 18:05:56,796 [INFO] ProjectBuilder:3064 - Time for Copy HAL[1] : 151mS.
2023-08-07 18:05:56,798 [INFO] ProjectBuilder:4404 - Project Generator version: 4.1.0
2023-08-07 18:05:56,945 [INFO] ConfigFileManager:1457 - The Die is : DIE451
2023-08-07 18:05:57,816 [INFO] ProjectBuilder:4626 - Time for Generating toolchain IDE Files: 1018mS.
2023-08-07 18:05:57,820 [INFO] ProjectBuilder:2935 - Time for Copy CMSIS : 2mS.
2023-08-07 18:05:57,824 [INFO] ProjectBuilder:2935 - Time for Copy CMSIS : 0mS.
2023-08-07 18:06:41,365 [INFO] UtilMem:75 - End SaveConfig() Used Memory: 766494480 Bytes (1073741824)
2023-08-07 18:06:41,527 [INFO] BlockDiagram:2759 - set Specific Code input for plugin: RCC
2023-08-07 18:06:41,527 [INFO] BlockDiagram:2759 - set Specific Code input for plugin: NVIC
2023-08-07 18:06:41,527 [INFO] BlockDiagram:2759 - set Specific Code input for plugin: USART
2023-08-07 18:06:41,528 [INFO] BlockDiagram:2759 - set Specific Code input for plugin: CORTEX_M7
2023-08-07 18:06:41,528 [INFO] BlockDiagram:2759 - set Specific Code input for plugin: GPIO
2023-08-07 18:06:41,529 [INFO] CodeGenerator:799 - code generatio: config db path: C:\ST\STM32CubeIDE_1.13.0\STM32CubeIDE\plugins\com.st.stm32cube.common.mx_6.9.0.202307051724\\db\
2023-08-07 18:06:41,655 [INFO] CodeEngine:255 - oldGeneratedFile, C:\Users\User\STM32CubeIDE\MAD_Lab\Lab3\MXTmpFiles\license.tmp_save
2023-08-07 18:06:41,731 [INFO] CodeEngine:279 - Generated code: C:\Users\User\STM32CubeIDE\MAD_Lab\Lab3\MXTmpFiles\license.tmp
2023-08-07 18:06:41,752 [INFO] CodeEngine:255 - oldGeneratedFile, C:\Users\User\STM32CubeIDE\MAD_Lab\Lab3\MXTmpFiles\gpio.tmp_save
2023-08-07 18:06:41,803 [INFO] CodeEngine:279 - Generated code: C:\Users\User\STM32CubeIDE\MAD_Lab\Lab3\MXTmpFiles\gpio.tmp
2023-08-07 18:06:41,827 [INFO] CodeEngine:255 - oldGeneratedFile, C:\Users\User\STM32CubeIDE\MAD_Lab\Lab3\MXTmpFiles\cortex.tmp_save
2023-08-07 18:06:41,873 [INFO] CodeEngine:279 - Generated code: C:\Users\User\STM32CubeIDE\MAD_Lab\Lab3\MXTmpFiles\cortex.tmp
2023-08-07 18:06:41,888 [INFO] CodeEngine:255 - oldGeneratedFile, C:\Users\User\STM32CubeIDE\MAD_Lab\Lab3\Core\Src\stm32f7xx_it.c_save
2023-08-07 18:06:41,930 [INFO] CodeEngine:279 - Generated code: C:\Users\User\STM32CubeIDE\MAD_Lab\Lab3\Core\Src\stm32f7xx_it.c
2023-08-07 18:06:41,940 [INFO] CodeEngine:255 - oldGeneratedFile, C:\Users\User\STM32CubeIDE\MAD_Lab\Lab3\Core\Inc\stm32f7xx_it.h_save
2023-08-07 18:06:41,998 [INFO] CodeEngine:279 - Generated code: C:\Users\User\STM32CubeIDE\MAD_Lab\Lab3\Core\Inc\stm32f7xx_it.h
2023-08-07 18:06:42,021 [INFO] CodeEngine:255 - oldGeneratedFile, C:\Users\User\STM32CubeIDE\MAD_Lab\Lab3\Core\Src\stm32f7xx_hal_msp.c_save
2023-08-07 18:06:42,074 [INFO] CodeEngine:279 - Generated code: C:\Users\User\STM32CubeIDE\MAD_Lab\Lab3\Core\Src\stm32f7xx_hal_msp.c
2023-08-07 18:06:42,077 [INFO] CodeEngine:255 - oldGeneratedFile, C:\Users\User\STM32CubeIDE\MAD_Lab\Lab3\MXTmpFiles\system.tmp_save
2023-08-07 18:06:42,134 [INFO] CodeEngine:279 - Generated code: C:\Users\User\STM32CubeIDE\MAD_Lab\Lab3\MXTmpFiles\system.tmp
2023-08-07 18:06:42,148 [INFO] CodeEngine:311 - oldGeneratedFile, C:\Users\User\STM32CubeIDE\MAD_Lab\Lab3\Core\Inc\stm32f7xx_hal_conf.h_save
2023-08-07 18:06:42,208 [INFO] CodeEngine:335 - Generated code: C:\Users\User\STM32CubeIDE\MAD_Lab\Lab3\Core\Inc\stm32f7xx_hal_conf.h
2023-08-07 18:06:42,236 [INFO] CodeEngine:255 - oldGeneratedFile, C:\Users\User\STM32CubeIDE\MAD_Lab\Lab3\Core\Inc\main.h_save
2023-08-07 18:06:42,277 [INFO] CodeEngine:279 - Generated code: C:\Users\User\STM32CubeIDE\MAD_Lab\Lab3\Core\Inc\main.h
2023-08-07 18:06:42,288 [INFO] CodeEngine:255 - oldGeneratedFile, C:\Users\User\STM32CubeIDE\MAD_Lab\Lab3\Core\Src\main.c_save
2023-08-07 18:06:42,359 [INFO] CodeEngine:279 - Generated code: C:\Users\User\STM32CubeIDE\MAD_Lab\Lab3\Core\Src\main.c
2023-08-07 18:06:42,749 [INFO] ProjectBuilder:3064 - Time for Copy HAL[1] : 158mS.
2023-08-07 18:06:42,752 [INFO] ProjectBuilder:4404 - Project Generator version: 4.1.0
2023-08-07 18:06:42,914 [INFO] ConfigFileManager:1457 - The Die is : DIE451
2023-08-07 18:06:43,799 [INFO] ProjectBuilder:4626 - Time for Generating toolchain IDE Files: 1047mS.
2023-08-07 18:06:43,800 [INFO] ProjectBuilder:2935 - Time for Copy CMSIS : 1mS.
2023-08-07 18:06:43,823 [INFO] ProjectBuilder:2935 - Time for Copy CMSIS : 0mS.
2023-08-07 18:12:30,176 [ERROR] ConfigurationRetriever:142 - IOException on connection: sw-center.st.com
2023-08-07 18:12:30,185 [ERROR] ConfigurationRetriever:142 - IOException on connection: sw-center.st.com
2023-08-07 18:12:30,185 [ERROR] ConfigurationRetriever:142 - IOException on connection: sw-center.st.com
2023-08-07 18:15:09,489 [ERROR] ConfigurationRetriever:142 - IOException on connection: sw-center.st.com
2023-08-07 18:15:09,490 [ERROR] ConfigurationRetriever:142 - IOException on connection: sw-center.st.com
2023-08-07 18:15:09,491 [ERROR] ConfigurationRetriever:142 - IOException on connection: sw-center.st.com
2023-08-07 18:15:28,490 [ERROR] ConfigurationRetriever:142 - IOException on connection: sw-center.st.com
2023-08-07 18:15:28,491 [ERROR] ConfigurationRetriever:142 - IOException on connection: sw-center.st.com
2023-08-07 18:15:28,491 [ERROR] ConfigurationRetriever:142 - IOException on connection: sw-center.st.com
2023-08-07 18:18:51,396 [ERROR] ConfigurationRetriever:142 - IOException on connection: sw-center.st.com
2023-08-07 18:18:51,397 [ERROR] ConfigurationRetriever:142 - IOException on connection: sw-center.st.com
2023-08-07 18:18:51,397 [ERROR] ConfigurationRetriever:142 - IOException on connection: sw-center.st.com
2023-08-07 18:18:54,354 [ERROR] ConfigurationRetriever:142 - IOException on connection: sw-center.st.com
2023-08-07 18:18:54,355 [ERROR] ConfigurationRetriever:142 - IOException on connection: sw-center.st.com
2023-08-07 18:18:54,356 [ERROR] ConfigurationRetriever:142 - IOException on connection: sw-center.st.com
2023-08-07 18:19:14,432 [ERROR] ConfigurationRetriever:142 - IOException on connection: sw-center.st.com
2023-08-07 18:19:14,433 [ERROR] ConfigurationRetriever:142 - IOException on connection: sw-center.st.com
2023-08-07 18:19:14,433 [ERROR] ConfigurationRetriever:142 - IOException on connection: sw-center.st.com
2023-08-07 18:22:42,002 [ERROR] ConfigurationRetriever:142 - IOException on connection: sw-center.st.com
2023-08-07 18:22:42,003 [ERROR] ConfigurationRetriever:142 - IOException on connection: sw-center.st.com
2023-08-07 18:22:42,003 [ERROR] ConfigurationRetriever:142 - IOException on connection: sw-center.st.com
2023-08-07 18:22:45,311 [ERROR] ConfigurationRetriever:142 - IOException on connection: sw-center.st.com
2023-08-07 18:22:45,313 [ERROR] ConfigurationRetriever:142 - IOException on connection: sw-center.st.com
2023-08-07 18:22:45,313 [ERROR] ConfigurationRetriever:142 - IOException on connection: sw-center.st.com
2023-08-07 21:32:30,125 [ERROR] ConfigurationRetriever:142 - IOException on connection: sw-center.st.com
2023-08-07 21:32:30,126 [ERROR] ConfigurationRetriever:142 - IOException on connection: sw-center.st.com
2023-08-07 21:32:30,126 [ERROR] ConfigurationRetriever:142 - IOException on connection: sw-center.st.com
