2023-09-30 23:05:31,779 [INFO] Activator:176 - 


2023-09-30 23:05:31,788 [INFO] Activator:177 - !SESSION log4j initialized
2023-09-30 23:05:38,297 [INFO] LogOutputStream:77 - [STDOUT_REDIRECT] 
2023-09-30 23:05:45,175 [INFO] ApplicationProperties:184 - Using Application install path: C:\ST\STM32CubeIDE_1.13.0\STM32CubeIDE\plugins\com.st.stm32cube.common.mx_6.9.0.202307051724
2023-09-30 23:05:45,190 [INFO] DbMcusXml:78 - Set database path to: C:\ST\STM32CubeIDE_1.13.0\STM32CubeIDE\plugins\com.st.stm32cube.common.mx_6.9.0.202307051724\\db\/mcu/
2023-09-30 23:05:45,190 [INFO] ApiDb:274 - Set plugin database path to: C:\ST\STM32CubeIDE_1.13.0\STM32CubeIDE\plugins\com.st.stm32cube.common.mx_6.9.0.202307051724\\db\/plugins/boardmanager/
2023-09-30 23:05:45,190 [WARN] ApiDb:259 - Overriding images path with different value:  => C:\ST\STM32CubeIDE_1.13.0\STM32CubeIDE\plugins\com.st.stm32cube.common.mx_6.9.0.202307051724\\db\/plugins/mcufinder/images/
2023-09-30 23:05:45,199 [INFO] ApiDb:250 - Set database path to: C:\Users\User\.stmcufinder\plugins\mcufinder//mcu/
2023-09-30 23:05:45,200 [INFO] DbMcusAds:125 - Set database path to: C:\Users\User\.stmcufinder\plugins\mcufinder//mcu/
2023-09-30 23:05:45,203 [INFO] CrossReferenceDbSqlite:203 - Set database path to: C:\Users\User\.stmcufinder\plugins\mcufinder//mcu/cs/
2023-09-30 23:05:45,297 [INFO] RulesReader:64 - Compatibility file has been processed (293 Rules)
2023-09-30 23:05:45,366 [INFO] DbMcusXml:78 - Set database path to: C:\ST\STM32CubeIDE_1.13.0\STM32CubeIDE\plugins\com.st.stm32cube.common.mx_6.9.0.202307051724\\db\/mcu/
2023-09-30 23:05:45,366 [INFO] ApiDb:274 - Set plugin database path to: C:\ST\STM32CubeIDE_1.13.0\STM32CubeIDE\plugins\com.st.stm32cube.common.mx_6.9.0.202307051724\\db\/plugins/boardmanager/
2023-09-30 23:05:45,366 [INFO] ApiDb:261 - Set plugin images path to: C:\ST\STM32CubeIDE_1.13.0\STM32CubeIDE\plugins\com.st.stm32cube.common.mx_6.9.0.202307051724\\db\/plugins/mcufinder/images/
2023-09-30 23:05:45,367 [WARN] DbFile:41 - Overriding database path with different value: C:\Users\User\.stmcufinder\plugins\mcufinder/ => C:\Users\User\.stmcufinder\plugins\mcufinder
2023-09-30 23:05:45,367 [INFO] ApiDb:250 - Set database path to: C:\Users\User\.stmcufinder\plugins\mcufinder//mcu/
2023-09-30 23:05:45,367 [WARN] DbFile:41 - Overriding database path with different value: C:\Users\User\.stmcufinder\plugins\mcufinder/ => C:\Users\User\.stmcufinder\plugins\mcufinder
2023-09-30 23:05:45,367 [INFO] DbMcusAds:125 - Set database path to: C:\Users\User\.stmcufinder\plugins\mcufinder//mcu/
2023-09-30 23:05:45,367 [WARN] DbFile:41 - Overriding database path with different value: C:\Users\User\.stmcufinder\plugins\mcufinder/ => C:\Users\User\.stmcufinder\plugins\mcufinder
2023-09-30 23:05:45,367 [WARN] DbFile:41 - Overriding database path with different value: C:\Users\User\.stmcufinder\plugins\mcufinder/ => C:\Users\User\.stmcufinder\plugins\mcufinder
2023-09-30 23:05:45,367 [INFO] CrossReferenceDbSqlite:203 - Set database path to: C:\Users\User\.stmcufinder\plugins\mcufinder//mcu/cs/
2023-09-30 23:05:45,438 [INFO] MainPanel:262 - HeapMemory: 268435456
2023-09-30 23:05:45,524 [INFO] DbMcusXml:78 - Set database path to: C:\ST\STM32CubeIDE_1.13.0\STM32CubeIDE\plugins\com.st.stm32cube.common.mx_6.9.0.202307051724\\db\/mcu/
2023-09-30 23:05:45,525 [INFO] ApiDb:274 - Set plugin database path to: C:\ST\STM32CubeIDE_1.13.0\STM32CubeIDE\plugins\com.st.stm32cube.common.mx_6.9.0.202307051724\\db\/plugins/boardmanager/
2023-09-30 23:05:45,525 [INFO] ApiDb:261 - Set plugin images path to: C:\ST\STM32CubeIDE_1.13.0\STM32CubeIDE\plugins\com.st.stm32cube.common.mx_6.9.0.202307051724\\db\/plugins/mcufinder/images/
2023-09-30 23:05:45,525 [WARN] DbFile:41 - Overriding database path with different value: C:\Users\User\.stmcufinder\plugins\mcufinder/ => C:\Users\User\.stmcufinder\plugins\mcufinder
2023-09-30 23:05:45,525 [INFO] ApiDb:250 - Set database path to: C:\Users\User\.stmcufinder\plugins\mcufinder//mcu/
2023-09-30 23:05:45,525 [WARN] DbFile:41 - Overriding database path with different value: C:\Users\User\.stmcufinder\plugins\mcufinder/ => C:\Users\User\.stmcufinder\plugins\mcufinder
2023-09-30 23:05:45,525 [INFO] DbMcusAds:125 - Set database path to: C:\Users\User\.stmcufinder\plugins\mcufinder//mcu/
2023-09-30 23:05:45,525 [WARN] DbFile:41 - Overriding database path with different value: C:\Users\User\.stmcufinder\plugins\mcufinder/ => C:\Users\User\.stmcufinder\plugins\mcufinder
2023-09-30 23:05:45,525 [WARN] DbFile:41 - Overriding database path with different value: C:\Users\User\.stmcufinder\plugins\mcufinder/ => C:\Users\User\.stmcufinder\plugins\mcufinder
2023-09-30 23:05:45,525 [INFO] CrossReferenceDbSqlite:203 - Set database path to: C:\Users\User\.stmcufinder\plugins\mcufinder//mcu/cs/
2023-09-30 23:05:45,542 [INFO] ApplicationProperties:184 - Using Application install path: C:\ST\STM32CubeIDE_1.13.0\STM32CubeIDE\plugins\com.st.stm32cube.common.mx_6.9.0.202307051724
2023-09-30 23:05:45,543 [INFO] PluginManage:196 - Search for loadable plugins [exclusion list=, ]
2023-09-30 23:05:45,544 [INFO] PluginManage:310 - Check plugin analytics
2023-09-30 23:05:45,671 [INFO] AnalyticsPlugin:253 - Accepted Software Licenses: 
2023-09-30 23:05:45,671 [INFO] AnalyticsPlugin:255 - Accepted CMSIS Pack Licenses: 
2023-09-30 23:05:45,671 [INFO] AnalyticsPlugin:257 - Accepted Firmware Licenses: FW.F7.1.17.0,FW.F4.1.27.0
2023-09-30 23:05:45,674 [INFO] PluginManage:359 - Loaded plugin analytics (category:tool,tabindex:-1)
2023-09-30 23:05:45,674 [INFO] PluginManage:310 - Check plugin cadmodel
2023-09-30 23:05:45,686 [INFO] CADModel:105 - Init CAD model plugin
2023-09-30 23:05:45,686 [INFO] PluginManage:359 - Loaded plugin cadmodel (category:power,tabindex:5)
2023-09-30 23:05:45,686 [INFO] PluginManage:310 - Check plugin clock
2023-09-30 23:05:45,702 [INFO] PluginManage:359 - Loaded plugin clock (category:base,tabindex:2)
2023-09-30 23:05:45,702 [INFO] PluginManage:310 - Check plugin ddr
2023-09-30 23:05:45,703 [INFO] PluginManage:359 - Loaded plugin ddr (category:tool,tabindex:6)
2023-09-30 23:05:45,703 [INFO] PluginManage:310 - Check plugin filemanager
2023-09-30 23:05:45,810 [INFO] PluginManage:359 - Loaded plugin filemanager (category:base,tabindex:10)
2023-09-30 23:05:45,811 [INFO] PluginManage:310 - Check plugin ipmanager
2023-09-30 23:05:45,818 [INFO] PluginManage:359 - Loaded plugin ipmanager (category:base,tabindex:5)
2023-09-30 23:05:45,818 [INFO] PluginManage:310 - Check plugin lpbam
2023-09-30 23:05:45,832 [INFO] PluginManage:359 - Loaded plugin lpbam (category:base,tabindex:0)
2023-09-30 23:05:45,832 [INFO] PluginManage:310 - Check plugin memorymap
2023-09-30 23:05:45,850 [INFO] PluginManage:359 - Loaded plugin memorymap (category:base,tabindex:4)
2023-09-30 23:05:45,850 [INFO] PluginManage:310 - Check plugin pinoutandconfiguration
2023-09-30 23:05:45,864 [INFO] PluginManage:359 - Loaded plugin pinoutandconfiguration (category:base,tabindex:1)
2023-09-30 23:05:45,865 [INFO] PluginManage:310 - Check plugin pinoutconfig
2023-09-30 23:05:45,951 [WARN] SupportedApi:132 - Cannot load RTOS API schema: s4s-elt-must-match.1: The content of 'definitions' must match (annotation?, (simpleType | complexType)?, (unique | key | keyref)*)). A problem was found starting at: attribute.
2023-09-30 23:05:46,061 [INFO] PluginManage:359 - Loaded plugin pinoutconfig (category:base,tabindex:0)
2023-09-30 23:05:46,061 [INFO] PluginManage:310 - Check plugin power
2023-09-30 23:05:46,077 [INFO] PluginManage:359 - Loaded plugin power (category:power,tabindex:4)
2023-09-30 23:05:46,078 [INFO] PluginManage:310 - Check plugin projectmanager
2023-09-30 23:05:46,088 [INFO] PluginManage:359 - Loaded plugin projectmanager (category:projectmanager,tabindex:3)
2023-09-30 23:05:46,089 [INFO] PluginManage:310 - Check plugin thirdparty
2023-09-30 23:05:46,295 [INFO] PluginManage:359 - Loaded plugin thirdparty (category:base,tabindex:-1)
2023-09-30 23:05:46,295 [INFO] PluginManage:310 - Check plugin tools
2023-09-30 23:05:46,295 [WARN] IntegrityCheckThread:84 - waiting for thirdparty lock release [integrity check]
2023-09-30 23:05:46,295 [INFO] IntegrityCheckThread:86 - entering critical section [integrity check]
2023-09-30 23:05:46,296 [INFO] ThirdPartyUpdaterWithRetryManager:70 - Updater plugin not ready yet. [1/15]
2023-09-30 23:05:46,325 [INFO] PluginManage:359 - Loaded plugin tools (category:base,tabindex:7)
2023-09-30 23:05:46,326 [INFO] PluginManage:310 - Check plugin tutovideos
2023-09-30 23:05:46,497 [INFO] PluginManage:359 - Loaded plugin tutovideos (category:base,tabindex:-1)
2023-09-30 23:05:46,497 [INFO] PluginManage:310 - Check plugin updater
2023-09-30 23:05:46,506 [INFO] PluginManage:359 - Loaded plugin updater (category:base,tabindex:12)
2023-09-30 23:05:46,506 [INFO] PluginManage:310 - Check plugin userauth
2023-09-30 23:05:46,511 [INFO] UserAuth:113 - Init User Auth plugin
2023-09-30 23:05:46,511 [INFO] PluginManage:359 - Loaded plugin userauth (category:base,tabindex:14)
2023-09-30 23:05:46,511 [INFO] PluginManage:283 - PluginManage : Loaded plugins [17]
2023-09-30 23:05:46,735 [INFO] PinOutPanel:1499 - setPackage(No Configuration,No Configuration)
2023-09-30 23:05:46,830 [INFO] CADModel:165 - CPN selected for project level
2023-09-30 23:05:46,830 [INFO] CADModel:114 - Register for checkConnection events
2023-09-30 23:05:46,854 [INFO] IPUIPlugin:80 - create IPUIPlugin
2023-09-30 23:05:46,854 [INFO] PluginManager:220 - loadIPPluginJar : add adc
2023-09-30 23:05:46,905 [INFO] IPUIPlugin:80 - create IPUIPlugin
2023-09-30 23:05:46,905 [INFO] PluginManager:220 - loadIPPluginJar : add aes
2023-09-30 23:05:46,949 [INFO] IPUIPlugin:80 - create IPUIPlugin
2023-09-30 23:05:46,949 [INFO] PluginManager:220 - loadIPPluginJar : add can
2023-09-30 23:05:46,964 [INFO] IPUIPlugin:80 - create IPUIPlugin
2023-09-30 23:05:46,964 [INFO] PluginManager:220 - loadIPPluginJar : add comp
2023-09-30 23:05:46,994 [INFO] IPUIPlugin:80 - create IPUIPlugin
2023-09-30 23:05:46,994 [INFO] PluginManager:220 - loadIPPluginJar : add cryp
2023-09-30 23:05:47,020 [INFO] IPUIPlugin:80 - create IPUIPlugin
2023-09-30 23:05:47,020 [INFO] PluginManager:220 - loadIPPluginJar : add dfsdm
2023-09-30 23:05:47,032 [INFO] IPUIPlugin:80 - create IPUIPlugin
2023-09-30 23:05:47,033 [INFO] PluginManager:220 - loadIPPluginJar : add dma
2023-09-30 23:05:47,065 [INFO] IPUIPlugin:80 - create IPUIPlugin
2023-09-30 23:05:47,065 [INFO] PluginManager:220 - loadIPPluginJar : add dma3
2023-09-30 23:05:47,078 [INFO] IPUIPlugin:80 - create IPUIPlugin
2023-09-30 23:05:47,078 [INFO] PluginManager:220 - loadIPPluginJar : add fatfs
2023-09-30 23:05:47,108 [INFO] IPUIPlugin:80 - create IPUIPlugin
2023-09-30 23:05:47,108 [INFO] PluginManager:220 - loadIPPluginJar : add fmc
2023-09-30 23:05:47,118 [INFO] IPUIPlugin:80 - create IPUIPlugin
2023-09-30 23:05:47,118 [INFO] PluginManager:220 - loadIPPluginJar : add freertos
2023-09-30 23:05:47,132 [INFO] IPUIPlugin:80 - create IPUIPlugin
2023-09-30 23:05:47,132 [INFO] PluginManager:220 - loadIPPluginJar : add genericplugin
2023-09-30 23:05:47,195 [INFO] IPUIPlugin:80 - create IPUIPlugin
2023-09-30 23:05:47,195 [INFO] PluginManager:220 - loadIPPluginJar : add gfxmmu
2023-09-30 23:05:47,320 [INFO] IPUIPlugin:80 - create IPUIPlugin
2023-09-30 23:05:47,321 [INFO] PluginManager:220 - loadIPPluginJar : add gic
2023-09-30 23:05:47,336 [INFO] IPUIPlugin:80 - create IPUIPlugin
2023-09-30 23:05:47,336 [INFO] PluginManager:220 - loadIPPluginJar : add gpio
2023-09-30 23:05:47,426 [INFO] IPUIPlugin:80 - create IPUIPlugin
2023-09-30 23:05:47,426 [INFO] PluginManager:220 - loadIPPluginJar : add gtzc
2023-09-30 23:05:47,458 [INFO] IPUIPlugin:80 - create IPUIPlugin
2023-09-30 23:05:47,459 [INFO] PluginManager:220 - loadIPPluginJar : add hash
2023-09-30 23:05:47,507 [INFO] IPUIPlugin:80 - create IPUIPlugin
2023-09-30 23:05:47,507 [INFO] PluginManager:220 - loadIPPluginJar : add i2c
2023-09-30 23:05:47,534 [INFO] IPUIPlugin:80 - create IPUIPlugin
2023-09-30 23:05:47,535 [INFO] PluginManager:220 - loadIPPluginJar : add i2s
2023-09-30 23:05:47,565 [INFO] IPUIPlugin:80 - create IPUIPlugin
2023-09-30 23:05:47,565 [INFO] PluginManager:220 - loadIPPluginJar : add i3c
2023-09-30 23:05:47,673 [INFO] IPUIPlugin:80 - create IPUIPlugin
2023-09-30 23:05:47,673 [INFO] PluginManager:220 - loadIPPluginJar : add ipddr
2023-09-30 23:05:47,758 [INFO] IPUIPlugin:80 - create IPUIPlugin
2023-09-30 23:05:47,758 [INFO] PluginManager:220 - loadIPPluginJar : add linkedlist
2023-09-30 23:05:47,812 [INFO] IPUIPlugin:80 - create IPUIPlugin
2023-09-30 23:05:47,813 [INFO] PluginManager:220 - loadIPPluginJar : add lorawan
2023-09-30 23:05:47,869 [INFO] IPUIPlugin:80 - create IPUIPlugin
2023-09-30 23:05:47,870 [INFO] PluginManager:220 - loadIPPluginJar : add ltdc
2023-09-30 23:05:47,891 [INFO] IPUIPlugin:80 - create IPUIPlugin
2023-09-30 23:05:47,893 [INFO] PluginManager:220 - loadIPPluginJar : add mdma
2023-09-30 23:05:47,910 [INFO] IPUIPlugin:80 - create IPUIPlugin
2023-09-30 23:05:47,910 [INFO] PluginManager:220 - loadIPPluginJar : add nvic
2023-09-30 23:05:47,960 [INFO] IPUIPlugin:80 - create IPUIPlugin
2023-09-30 23:05:47,960 [INFO] PluginManager:220 - loadIPPluginJar : add opamp
2023-09-30 23:05:48,031 [INFO] IPUIPlugin:80 - create IPUIPlugin
2023-09-30 23:05:48,031 [INFO] PluginManager:220 - loadIPPluginJar : add openamp
2023-09-30 23:05:48,077 [INFO] IPUIPlugin:80 - create IPUIPlugin
2023-09-30 23:05:48,077 [INFO] PluginManager:220 - loadIPPluginJar : add pdm2pcm
2023-09-30 23:05:48,090 [INFO] IPUIPlugin:80 - create IPUIPlugin
2023-09-30 23:05:48,092 [INFO] PluginManager:220 - loadIPPluginJar : add plateformsettings
2023-09-30 23:05:48,112 [INFO] IPUIPlugin:80 - create IPUIPlugin
2023-09-30 23:05:48,112 [INFO] PluginManager:220 - loadIPPluginJar : add quadspi
2023-09-30 23:05:48,124 [INFO] IPUIPlugin:80 - create IPUIPlugin
2023-09-30 23:05:48,124 [INFO] PluginManager:220 - loadIPPluginJar : add resmgrutility
2023-09-30 23:05:48,171 [INFO] IPUIPlugin:80 - create IPUIPlugin
2023-09-30 23:05:48,172 [INFO] PluginManager:220 - loadIPPluginJar : add sai
2023-09-30 23:05:48,195 [INFO] IPUIPlugin:80 - create IPUIPlugin
2023-09-30 23:05:48,196 [INFO] PluginManager:220 - loadIPPluginJar : add spi
2023-09-30 23:05:48,245 [INFO] IPUIPlugin:80 - create IPUIPlugin
2023-09-30 23:05:48,245 [INFO] PluginManager:220 - loadIPPluginJar : add stm32_wpan
2023-09-30 23:05:48,261 [INFO] IPUIPlugin:80 - create IPUIPlugin
2023-09-30 23:05:48,261 [INFO] PluginManager:220 - loadIPPluginJar : add tim
2023-09-30 23:05:48,300 [INFO] IPUIPlugin:80 - create IPUIPlugin
2023-09-30 23:05:48,300 [INFO] PluginManager:220 - loadIPPluginJar : add touchsensing
2023-09-30 23:05:48,319 [INFO] IPUIPlugin:80 - create IPUIPlugin
2023-09-30 23:05:48,319 [INFO] PluginManager:220 - loadIPPluginJar : add tracer_emb
2023-09-30 23:05:48,336 [INFO] IPUIPlugin:80 - create IPUIPlugin
2023-09-30 23:05:48,336 [INFO] PluginManager:220 - loadIPPluginJar : add ts
2023-09-30 23:05:48,363 [INFO] IPUIPlugin:80 - create IPUIPlugin
2023-09-30 23:05:48,363 [INFO] PluginManager:220 - loadIPPluginJar : add tsc
2023-09-30 23:05:48,379 [INFO] IPUIPlugin:80 - create IPUIPlugin
2023-09-30 23:05:48,379 [INFO] PluginManager:220 - loadIPPluginJar : add ucpd
2023-09-30 23:05:48,419 [INFO] IPUIPlugin:80 - create IPUIPlugin
2023-09-30 23:05:48,419 [INFO] PluginManager:220 - loadIPPluginJar : add usart
2023-09-30 23:05:48,455 [INFO] IPUIPlugin:80 - create IPUIPlugin
2023-09-30 23:05:48,455 [INFO] PluginManager:220 - loadIPPluginJar : add usbx
2023-09-30 23:05:48,566 [INFO] CADModel:165 - CPN selected for project level
2023-09-30 23:05:48,566 [INFO] CADModel:114 - Register for checkConnection events
2023-09-30 23:05:48,566 [FATAL] Updater:308 - Updater called before beeing initialized
2023-09-30 23:05:48,567 [ERROR] CADModel:125 - Updater not yet initialized, retry later 
2023-09-30 23:05:48,691 [INFO] CADModel:165 - CPN selected for project level
2023-09-30 23:05:48,691 [INFO] CADModel:114 - Register for checkConnection events
2023-09-30 23:05:48,691 [FATAL] Updater:308 - Updater called before beeing initialized
2023-09-30 23:05:48,691 [ERROR] CADModel:125 - Updater not yet initialized, retry later 
2023-09-30 23:05:48,695 [FATAL] Updater:308 - Updater called before beeing initialized
2023-09-30 23:05:48,782 [FATAL] Updater:308 - Updater called before beeing initialized
2023-09-30 23:05:48,791 [INFO] DbMcusAds:53 - JSON generation date=Tue Mar 07 15:50:55 ICT 2023 (1678179055114)
2023-09-30 23:05:48,792 [FATAL] Updater:308 - Updater called before beeing initialized
2023-09-30 23:05:48,820 [WARN] DetailPanel:346 - Failed to get advertising image, set to default
2023-09-30 23:05:48,887 [FATAL] Updater:308 - Updater called before beeing initialized
2023-09-30 23:05:48,890 [FATAL] Updater:308 - Updater called before beeing initialized
2023-09-30 23:05:48,890 [FATAL] Updater:308 - Updater called before beeing initialized
2023-09-30 23:05:48,890 [WARN] DetailPanel:346 - Failed to get advertising image, set to default
2023-09-30 23:05:48,890 [FATAL] Updater:308 - Updater called before beeing initialized
2023-09-30 23:05:48,947 [ERROR] Updater:1120 - MainUpdater not yet initialized. External WinMGr cannot be set.
2023-09-30 23:05:48,955 [INFO] Updater:1056 - Updater Version found : 6.9.0
2023-09-30 23:05:48,976 [INFO] ApplicationProperties:184 - Using Application install path: C:\ST\STM32CubeIDE_1.13.0\STM32CubeIDE\plugins\com.st.stm32cube.common.mx_6.9.0.202307051724
2023-09-30 23:05:49,296 [INFO] ThirdPartyUpdaterWithRetryManager:70 - Updater plugin not ready yet. [2/15]
2023-09-30 23:05:49,976 [INFO] MainUpdater:2868 - connection check result : 10
2023-09-30 23:05:49,977 [INFO] MainUpdater:285 - Updater Check For Update Now.
2023-09-30 23:05:49,977 [INFO] MicroXplorer:498 - Change Database Version : DB.6.0.90
2023-09-30 23:05:49,994 [INFO] McuFinderGlobals:63 - Set McuFinder mode to 2 (CubeIDE integrated)
2023-09-30 23:05:50,148 [INFO] CheckServerUpdateThread:120 - End of CheckServer Thread
2023-09-30 23:05:52,434 [WARN] PackLoader:240 - Cannot read IP mode file for STMicroelectronics.X-CUBE-SMBUS.2.1.0
2023-09-30 23:05:52,471 [WARN] PackLoader:240 - Cannot read IP mode file for STMicroelectronics.X-CUBE-AZRTOS-F7.1.1.0
2023-09-30 23:05:52,487 [WARN] PackLoader:240 - Cannot read IP mode file for STMicroelectronics.FP-SNS-MOTENV1.4.3.2
2023-09-30 23:05:52,497 [WARN] PackLoader:240 - Cannot read IP mode file for STMicroelectronics.FP-SNS-FLIGHT1.5.0.1
2023-09-30 23:05:52,510 [WARN] PackLoader:240 - Cannot read IP mode file for STMicroelectronics.X-CUBE-BLE1.6.2.4
2023-09-30 23:05:52,519 [WARN] PackLoader:240 - Cannot read IP mode file for STMicroelectronics.FP-SNS-FLIGHT1.5.0.2
2023-09-30 23:05:52,531 [WARN] PackLoader:240 - Cannot read IP mode file for STMicroelectronics.X-CUBE-DISPLAY.3.0.0
2023-09-30 23:05:52,542 [WARN] PackLoader:240 - Cannot read IP mode file for STMicroelectronics.X-CUBE-BLE1.7.0.0
2023-09-30 23:05:52,552 [WARN] PackLoader:240 - Cannot read IP mode file for emotas.I-CUBE-CANOPEN.1.3.0
2023-09-30 23:05:52,563 [WARN] PackLoader:240 - Cannot read IP mode file for STMicroelectronics.X-CUBE-TOUCHGFX.4.22.0
2023-09-30 23:05:52,572 [WARN] PackLoader:240 - Cannot read IP mode file for STMicroelectronics.FP-SNS-SMARTAG2.1.2.0
2023-09-30 23:05:52,587 [INFO] LogOutputStream:77 - [STDOUT_REDIRECT] 1 : Invalid condition id : UX_CORESTACK_Condition cause : null
2023-09-30 23:05:52,587 [INFO] LogOutputStream:77 - [STDOUT_REDIRECT] 1 : Invalid condition id : UX_CORESTACK_Condition cause : null
2023-09-30 23:05:52,588 [INFO] LogOutputStream:77 - [STDOUT_REDIRECT] 1 : Invalid condition id : UX_CORESTACK_Condition cause : null
2023-09-30 23:05:52,589 [INFO] LogOutputStream:77 - [STDOUT_REDIRECT] 1 : Invalid condition id : UX_CORESTACK_Condition cause : null
2023-09-30 23:05:52,589 [INFO] LogOutputStream:77 - [STDOUT_REDIRECT] 1 : Invalid condition id : UX_CORESTACK_Condition cause : null
2023-09-30 23:05:52,591 [WARN] PackLoader:240 - Cannot read IP mode file for STMicroelectronics.X-CUBE-AZRTOS-WL.2.0.0
2023-09-30 23:05:52,602 [WARN] PackLoader:240 - Cannot read IP mode file for WES.I-CUBE-Cesium.1.3.0
2023-09-30 23:05:52,611 [WARN] PackLoader:240 - Cannot read IP mode file for STMicroelectronics.X-CUBE-BLE2.3.3.0
2023-09-30 23:05:52,621 [WARN] PackLoader:240 - Cannot read IP mode file for STMicroelectronics.X-CUBE-ALGOBUILD.1.3.0
2023-09-30 23:05:52,641 [WARN] PackLoader:240 - Cannot read IP mode file for STMicroelectronics.X-CUBE-AZRTOS-G0.1.1.0
2023-09-30 23:05:52,653 [WARN] PackLoader:240 - Cannot read IP mode file for STMicroelectronics.X-CUBE-NFC4.3.0.0
2023-09-30 23:05:52,665 [WARN] PackLoader:240 - Cannot read IP mode file for STMicroelectronics.FP-ATR-SIGFOX1.3.2.0
2023-09-30 23:05:52,717 [WARN] PackLoader:240 - Cannot read IP mode file for SEGGER.I-CUBE-embOS.1.3.1
2023-09-30 23:05:52,767 [WARN] PackLoader:240 - Cannot read IP mode file for STMicroelectronics.X-CUBE-GNSS1.6.0.0
2023-09-30 23:05:52,795 [WARN] PackLoader:240 - Cannot read IP mode file for STMicroelectronics.X-CUBE-AZRTOS-F4.1.1.0
2023-09-30 23:05:52,812 [WARN] PackLoader:240 - Cannot read IP mode file for wolfSSL.I-CUBE-wolfSSL.5.6.3
2023-09-30 23:05:52,845 [WARN] PackLoader:240 - Cannot read IP mode file for STMicroelectronics.X-CUBE-AZRTOS-L5.2.0.0
2023-09-30 23:05:52,909 [WARN] PackLoader:240 - Cannot read IP mode file for STMicroelectronics.X-CUBE-MEMS1.9.6.0
2023-09-30 23:05:53,075 [WARN] PackLoader:240 - Cannot read IP mode file for STMicroelectronics.X-CUBE-BLEMGR.2.0.0
2023-09-30 23:05:53,103 [WARN] ConditionMgr:438 - getConditionDescription Invalid condition id : UX DEVICE CLASS RTOS Condition cause : null
2023-09-30 23:05:53,103 [WARN] ConditionMgr:438 - getConditionDescription Invalid condition id : UX DEVICE CLASS RTOS Condition cause : null
2023-09-30 23:05:53,105 [WARN] PackLoader:240 - Cannot read IP mode file for STMicroelectronics.X-CUBE-AZRTOS-H7.3.1.0
2023-09-30 23:05:53,106 [WARN] ConditionMgr:1039 - genDependencies : Invalid condition id : UX DEVICE CLASS RTOS Condition cause : null
2023-09-30 23:05:53,107 [WARN] ConditionMgr:1039 - genDependencies : Invalid condition id : UX DEVICE CLASS RTOS Condition cause : null
2023-09-30 23:05:53,107 [WARN] ConditionMgr:1039 - genDependencies : Invalid condition id : UX DEVICE CLASS RTOS Condition cause : null
2023-09-30 23:05:53,107 [WARN] ConditionMgr:1039 - genDependencies : Invalid condition id : UX DEVICE CLASS RTOS Condition cause : null
2023-09-30 23:05:53,107 [WARN] ConditionMgr:1039 - genDependencies : Invalid condition id : UX DEVICE CLASS RTOS Condition cause : null
2023-09-30 23:05:53,138 [WARN] PackLoader:240 - Cannot read IP mode file for STMicroelectronics.X-CUBE-NFC7.1.0.1
2023-09-30 23:05:53,156 [WARN] PackLoader:240 - Cannot read IP mode file for STMicroelectronics.X-CUBE-NFC6.3.0.0
2023-09-30 23:05:53,178 [WARN] PackLoader:240 - Cannot read IP mode file for STMicroelectronics.X-CUBE-EEPRMA1.4.1.0
2023-09-30 23:05:53,356 [WARN] PackLoader:240 - Cannot read IP mode file for STMicroelectronics.X-CUBE-AI.8.1.0
2023-09-30 23:05:53,384 [WARN] ConditionMgr:438 - getConditionDescription Invalid condition id : LAN8742 Phy interface Condition cause : null
2023-09-30 23:05:53,385 [WARN] PackLoader:240 - Cannot read IP mode file for STMicroelectronics.X-CUBE-AZRTOS-L4.2.0.0
2023-09-30 23:05:53,386 [WARN] ConditionMgr:1039 - genDependencies : Invalid condition id : LAN8742 Phy interface Condition cause : null
2023-09-30 23:05:53,387 [WARN] ConditionMgr:1039 - genDependencies : Invalid condition id : LAN8742 Phy interface Condition cause : null
2023-09-30 23:05:53,388 [WARN] ConditionMgr:1039 - genDependencies : Invalid condition id : LAN8742 Phy interface Condition cause : null
2023-09-30 23:05:53,434 [WARN] PackLoader:240 - Cannot read IP mode file for STMicroelectronics.X-CUBE-SFXS2LP1.4.0.0
2023-09-30 23:05:53,455 [WARN] PackLoader:240 - Cannot read IP mode file for STMicroelectronics.X-CUBE-ISPU.1.1.0
2023-09-30 23:05:53,489 [WARN] ConditionMgr:438 - getConditionDescription Invalid condition id : UX DEVICE CLASS RTOS Condition cause : null
2023-09-30 23:05:53,490 [WARN] ConditionMgr:438 - getConditionDescription Invalid condition id : UX DEVICE CLASS RTOS Condition cause : null
2023-09-30 23:05:53,493 [WARN] PackLoader:240 - Cannot read IP mode file for STMicroelectronics.X-CUBE-AZRTOS-WB.2.0.0
2023-09-30 23:05:53,495 [WARN] ConditionMgr:1039 - genDependencies : Invalid condition id : UX DEVICE CLASS RTOS Condition cause : null
2023-09-30 23:05:53,496 [WARN] ConditionMgr:1039 - genDependencies : Invalid condition id : UX DEVICE CLASS RTOS Condition cause : null
2023-09-30 23:05:53,497 [WARN] ConditionMgr:1039 - genDependencies : Invalid condition id : UX DEVICE CLASS RTOS Condition cause : null
2023-09-30 23:05:53,497 [WARN] ConditionMgr:1039 - genDependencies : Invalid condition id : UX DEVICE CLASS RTOS Condition cause : null
2023-09-30 23:05:53,498 [WARN] ConditionMgr:1039 - genDependencies : Invalid condition id : UX DEVICE CLASS RTOS Condition cause : null
2023-09-30 23:05:53,520 [WARN] PackLoader:240 - Cannot read IP mode file for STMicroelectronics.X-CUBE-FREERTOS.1.0.1
2023-09-30 23:05:53,555 [WARN] PackLoader:240 - Cannot read IP mode file for STMicroelectronics.X-CUBE-AZRTOS-L5.1.1.0
2023-09-30 23:05:53,574 [WARN] PackLoader:240 - Cannot read IP mode file for STMicroelectronics.X-CUBE-AI.8.0.1
2023-09-30 23:05:53,598 [WARN] PackLoader:240 - Cannot read IP mode file for STMicroelectronics.X-CUBE-SUBG2.5.0.0
2023-09-30 23:05:53,631 [WARN] PackLoader:240 - Cannot read IP mode file for STMicroelectronics.X-CUBE-TOF1.3.3.1
2023-09-30 23:05:53,679 [WARN] PackLoader:240 - Cannot read IP mode file for STMicroelectronics.X-CUBE-AZRTOS-G4.2.0.0
2023-09-30 23:05:53,709 [WARN] PackLoader:240 - Cannot read IP mode file for STMicroelectronics.X-CUBE-TOF1.3.3.0
2023-09-30 23:05:53,741 [WARN] PackLoader:240 - Cannot read IP mode file for STMicroelectronics.X-CUBE-FREERTOS.1.1.0
2023-09-30 23:05:53,762 [WARN] PackLoader:240 - Cannot read IP mode file for portGmbH.I-Cube-SoM-uGOAL.1.1.0
2023-09-30 23:05:53,777 [WARN] PackLoader:240 - Cannot read IP mode file for STMicroelectronics.X-CUBE-ALS.1.0.1
2023-09-30 23:05:53,798 [WARN] PackLoader:240 - Cannot read IP mode file for STMicroelectronics.X-CUBE-AZRTOS-WB.1.1.0
2023-09-30 23:05:53,815 [WARN] PackLoader:240 - Cannot read IP mode file for STMicroelectronics.FP-ATR-ASTRA1.2.0.0
2023-09-30 23:05:53,816 [INFO] ThirdParty:978 - Integrity check success = true
2023-09-30 23:05:53,817 [INFO] IntegrityCheckThread:100 - exiting critical section [integrity check]
2023-09-30 23:05:53,817 [INFO] IntegrityCheckThread:103 - End integrity checks thread
2023-09-30 23:06:11,279 [ERROR] LogOutputStream:75 - [STDERR_REDIRECT] SLF4J: Failed to load class "org.slf4j.impl.StaticLoggerBinder".
2023-09-30 23:06:11,279 [ERROR] LogOutputStream:75 - [STDERR_REDIRECT] SLF4J: Defaulting to no-operation (NOP) logger implementation
2023-09-30 23:06:11,279 [ERROR] LogOutputStream:75 - [STDERR_REDIRECT] SLF4J: See http://www.slf4j.org/codes.html#StaticLoggerBinder for further details.
2023-09-30 23:08:40,434 [INFO] McuFinderGlobals:63 - Set McuFinder mode to 2 (CubeIDE integrated)
2023-09-30 23:08:40,455 [INFO] MainUpdater:2868 - connection check result : 10
2023-09-30 23:08:40,460 [INFO] MainUpdater:2868 - connection check result : 10
2023-09-30 23:08:40,586 [INFO] MicroXplorer:468 - Change Database Path : 
2023-09-30 23:08:40,586 [INFO] MicroXplorer:498 - Change Database Version : DB.6.0.90
2023-09-30 23:08:40,590 [WARN] ThirdParty:871 - waiting for thirdparty lock release [close project]
2023-09-30 23:08:40,590 [INFO] ThirdParty:873 - entering critical section [close project]
2023-09-30 23:08:40,591 [INFO] ThirdParty:883 - exiting critical section [close project]
2023-09-30 23:08:40,593 [INFO] PinOutPanel:1499 - setPackage(No Configuration,No Configuration)
2023-09-30 23:08:40,600 [INFO] UtilMem:75 - Begin LoadConfig() Used Memory: 524289680 Bytes (732954624)
2023-09-30 23:08:40,602 [INFO] MicroXplorer:468 - Change Database Path : 
2023-09-30 23:08:40,602 [INFO] MicroXplorer:498 - Change Database Version : DB.6.0.90
2023-09-30 23:08:40,602 [INFO] OpenFileManager:308 - Change cursor
2023-09-30 23:08:40,636 [INFO] Mcu:1946 - Initializing MCU STM32F767ZITx STM32F767ZITx STM32F767ZIT6
2023-09-30 23:08:42,638 [INFO] Context:659 - Trying to add GPIOservice into a context  which must be forbidden
2023-09-30 23:08:43,296 [INFO] RtosManager:555 - Registered RTOS mode: class=CMSIS, group=RTOS, mode=CMSIS_V1, owner=FREERTOS
2023-09-30 23:08:43,296 [INFO] RtosManager:555 - Registered RTOS mode: class=CMSIS, group=RTOS2, mode=CMSIS_V2, owner=FREERTOS
2023-09-30 23:08:43,296 [INFO] RtosManager:555 - Registered RTOS mode: class=RTOS, group=Core, mode=CMSIS_V1, owner=FREERTOS
2023-09-30 23:08:43,296 [INFO] RtosManager:555 - Registered RTOS mode: class=RTOS, group=Core, mode=CMSIS_V2, owner=FREERTOS
2023-09-30 23:08:43,296 [WARN] ModelIntegratedComponent:184 - Missing modes for component STMicroelectronics:FreeRTOS:0.0.1:STMicroelectronics:RTOS:FreeRTOS:Core:::10.2.0:
2023-09-30 23:08:43,305 [WARN] ModelIntegratedComponent:63 - No mode defined for component null
2023-09-30 23:08:43,305 [WARN] ModelIntegratedComponent:63 - No mode defined for component null
2023-09-30 23:08:43,305 [WARN] ModelIntegratedComponent:63 - No mode defined for component null
2023-09-30 23:08:43,305 [WARN] ModelIntegratedComponent:63 - No mode defined for component null
2023-09-30 23:08:43,305 [WARN] ModelIntegratedComponent:63 - No mode defined for component null
2023-09-30 23:08:43,305 [WARN] ModelIntegratedComponent:63 - No mode defined for component null
2023-09-30 23:08:43,305 [WARN] ModelIntegratedComponent:63 - No mode defined for component null
2023-09-30 23:08:43,305 [WARN] ModelIntegratedComponent:63 - No mode defined for component null
2023-09-30 23:08:43,305 [WARN] ModelIntegratedComponent:63 - No mode defined for component null
2023-09-30 23:08:43,305 [WARN] ModelIntegratedComponent:63 - No mode defined for component null
2023-09-30 23:08:43,305 [WARN] ModelIntegratedComponent:63 - No mode defined for component null
2023-09-30 23:08:43,305 [WARN] ModelIntegratedComponent:63 - No mode defined for component null
2023-09-30 23:08:43,305 [WARN] ModelIntegratedComponent:63 - No mode defined for component null
2023-09-30 23:08:43,305 [WARN] ModelIntegratedComponent:63 - No mode defined for component null
2023-09-30 23:08:43,305 [WARN] ModelIntegratedComponent:63 - No mode defined for component null
2023-09-30 23:08:43,305 [WARN] ModelIntegratedComponent:63 - No mode defined for component null
2023-09-30 23:08:43,305 [WARN] ModelIntegratedComponent:63 - No mode defined for component null
2023-09-30 23:08:43,305 [WARN] ModelIntegratedComponent:63 - No mode defined for component null
2023-09-30 23:08:43,305 [WARN] ModelIntegratedComponent:63 - No mode defined for component null
2023-09-30 23:08:43,305 [WARN] ModelIntegratedComponent:63 - No mode defined for component null
2023-09-30 23:08:43,305 [WARN] ModelIntegratedComponent:63 - No mode defined for component null
2023-09-30 23:08:43,305 [WARN] ModelIntegratedComponent:63 - No mode defined for component null
2023-09-30 23:08:43,305 [WARN] ModelIntegratedComponent:63 - No mode defined for component null
2023-09-30 23:08:43,305 [WARN] ModelIntegratedComponent:63 - No mode defined for component null
2023-09-30 23:08:43,305 [WARN] ModelIntegratedComponent:63 - No mode defined for component null
2023-09-30 23:08:43,305 [WARN] ModelIntegratedComponent:63 - No mode defined for component null
2023-09-30 23:08:43,305 [WARN] ModelIntegratedComponent:63 - No mode defined for component null
2023-09-30 23:08:43,305 [WARN] ModelIntegratedComponent:63 - No mode defined for component null
2023-09-30 23:08:43,305 [WARN] ModelIntegratedComponent:63 - No mode defined for component null
2023-09-30 23:08:43,305 [WARN] ModelIntegratedComponent:63 - No mode defined for component null
2023-09-30 23:08:43,305 [WARN] ModelIntegratedComponent:63 - No mode defined for component null
2023-09-30 23:08:43,305 [WARN] ModelIntegratedComponent:63 - No mode defined for component null
2023-09-30 23:08:43,305 [WARN] ModelIntegratedComponent:63 - No mode defined for component null
2023-09-30 23:08:43,322 [INFO] ThirdPartyModel:298 - Start build external matchings
2023-09-30 23:08:43,511 [INFO] ThirdPartyModel:316 - End build external matchings
2023-09-30 23:08:43,518 [INFO] ImportTextPane:194 - (OptionalMessage_ERROR) IP (ETH) : Invalid parameter (PHY_Name)
2023-09-30 23:08:43,518 [INFO] ImportTextPane:194 - (OptionalMessage_ERROR) IP (ETH) : Invalid parameter (PHY_Value)
2023-09-30 23:08:43,518 [INFO] ImportTextPane:194 - (OptionalMessage_ERROR) IP (ETH) : Invalid parameter (PhyAddress)
2023-09-30 23:08:43,520 [INFO] ImportTextPane:194 - (OptionalMessage_ERROR) IP (RCC) : Invalid parameter (48MHZClocksFreq_Value)
2023-09-30 23:08:43,520 [INFO] ImportTextPane:194 - (OptionalMessage_ERROR) IP (RCC) : Invalid parameter (ADC12outputFreq_Value)
2023-09-30 23:08:43,520 [INFO] ImportTextPane:194 - (OptionalMessage_ERROR) IP (RCC) : Invalid parameter (ADC34outputFreq_Value)
2023-09-30 23:08:43,520 [INFO] ImportTextPane:194 - (OptionalMessage_ERROR) IP (RCC) : Invalid parameter (FamilyName)
2023-09-30 23:08:43,520 [INFO] ImportTextPane:194 - (OptionalMessage_ERROR) IP (RCC) : Invalid parameter (I2SClocksFreq_Value)
2023-09-30 23:08:43,520 [INFO] ImportTextPane:194 - (OptionalMessage_ERROR) IP (RCC) : Invalid parameter (LCDTFToutputFreq_Value)
2023-09-30 23:08:43,520 [INFO] ImportTextPane:194 - (OptionalMessage_ERROR) IP (RCC) : Invalid parameter (MCOFreq_Value)
2023-09-30 23:08:43,521 [INFO] ImportTextPane:194 - (OptionalMessage_ERROR) IP (RCC) : Invalid parameter (PLLMCOFreq_Value)
2023-09-30 23:08:43,521 [INFO] ImportTextPane:194 - (OptionalMessage_ERROR) IP (RCC) : Invalid parameter (PLLMUL)
2023-09-30 23:08:43,521 [INFO] ImportTextPane:194 - (OptionalMessage_ERROR) IP (RCC) : Invalid parameter (PRESCALERUSB)
2023-09-30 23:08:43,522 [INFO] ImportTextPane:194 - (OptionalMessage_ERROR) IP (RCC) : Invalid parameter (RTCHSEDivFreq_Value)
2023-09-30 23:08:43,522 [INFO] ImportTextPane:194 - (OptionalMessage_ERROR) IP (RCC) : Parameter (SDMMC2Freq_Value) has invalid value (216000000)
2023-09-30 23:08:43,522 [INFO] ImportTextPane:194 - (OptionalMessage_ERROR) IP (RCC) : Parameter (SDMMCFreq_Value) has invalid value (216000000)
2023-09-30 23:08:43,522 [INFO] ImportTextPane:194 - (OptionalMessage_ERROR) IP (RCC) : Invalid parameter (SYSCLKSourceVirtual)
2023-09-30 23:08:43,522 [INFO] ImportTextPane:194 - (OptionalMessage_ERROR) IP (RCC) : Invalid parameter (TIM15Freq_Value)
2023-09-30 23:08:43,522 [INFO] ImportTextPane:194 - (OptionalMessage_ERROR) IP (RCC) : Invalid parameter (TIM16Freq_Value)
2023-09-30 23:08:43,523 [INFO] ImportTextPane:194 - (OptionalMessage_ERROR) IP (RCC) : Invalid parameter (TIM17Freq_Value)
2023-09-30 23:08:43,523 [INFO] ImportTextPane:194 - (OptionalMessage_ERROR) IP (RCC) : Invalid parameter (TIM1Freq_Value)
2023-09-30 23:08:43,523 [INFO] ImportTextPane:194 - (OptionalMessage_ERROR) IP (RCC) : Invalid parameter (TIM20Freq_Value)
2023-09-30 23:08:43,523 [INFO] ImportTextPane:194 - (OptionalMessage_ERROR) IP (RCC) : Invalid parameter (TIM2Freq_Value)
2023-09-30 23:08:43,523 [INFO] ImportTextPane:194 - (OptionalMessage_ERROR) IP (RCC) : Invalid parameter (TIM3Freq_Value)
2023-09-30 23:08:43,523 [INFO] ImportTextPane:194 - (OptionalMessage_ERROR) IP (RCC) : Invalid parameter (TIM8Freq_Value)
2023-09-30 23:08:43,523 [INFO] ImportTextPane:194 - (OptionalMessage_ERROR) IP (RCC) : Invalid parameter (VCOOutput2Freq_Value)
2023-09-30 23:08:43,523 [INFO] ImportTextPane:194 - (OptionalMessage_ERROR) IP (RCC) : Invalid parameter (VcooutputI2S)
2023-09-30 23:08:43,932 [INFO] UtilMem:75 - End LoadConfig() Used Memory: 689221936 Bytes (859832320)
2023-09-30 23:08:44,113 [INFO] ApiDb:581 - Connected to CubeFinder SQLite database (C:\Users\User\.stmcufinder\plugins\mcufinder\mcu\cube-finder-db.db)
2023-09-30 23:08:44,190 [INFO] ApiDb:668 - CubeFinder database Data Model version=2.1
2023-09-30 23:08:44,190 [INFO] ApiDb:669 - CubeFinder database Configuration version=3.0.37
2023-09-30 23:08:44,190 [INFO] ApiDb:670 - CubeFinder database generation date=2023-08-09 (1691586011)
2023-09-30 23:08:44,190 [INFO] ApiDb:671 - CubeFinder database FW Pack versions=[FP-ATR-ASTRA1_V2.0.0, FP-SNS-FLIGHT1_V5.0.1, FP-SNS-FLIGHT1_V5.0.2, FP-SNS-MOTENV1_V4.3.1, FP-SNS-MOTENV1_V4.3.2, STM32Cube_FW_C0_V1.1.0, STM32Cube_FW_F4_V1.27.1, STM32Cube_FW_F7_V1.17.0, STM32Cube_FW_G0_V1.6.1, STM32Cube_FW_G4_V1.5.1, STM32Cube_FW_H5_V0.5.1, STM32Cube_FW_H5_V1.1.0, STM32Cube_FW_H7_V1.11.0, STM32Cube_FW_L0_V1.12.2, STM32Cube_FW_L5_V1.5.0, STM32Cube_FW_U5_V1.3.0, STM32Cube_FW_U5_V1.3.0RC4, STM32Cube_FW_WBA_V1.0.0RC1, STM32Cube_FW_WBA_V1.1.0, STM32Cube_FW_WBA_V1.1.0RC1, STM32Cube_FW_WB_V1.15.0RC1, STM32Cube_FW_WB_V1.16.0, STM32Cube_FW_WB_V1.16.0RC2, STM32Cube_FW_WB_V1.17.0, STM32Cube_FW_WL_V1.3.0, X-CUBE-ALGOBUILD_V1.3.0, X-CUBE-ALS_V1.0.1, X-CUBE-AZRTOS-F4_V1.1.0, X-CUBE-AZRTOS-F7_V1.1.0, X-CUBE-AZRTOS-G0_V1.1.0, X-CUBE-AZRTOS-G4_V2.0.0, X-CUBE-AZRTOS-H7_V3.1.0, X-CUBE-AZRTOS-L4_V1.0.0, X-CUBE-AZRTOS-L4_V2.0.0, X-CUBE-AZRTOS-L5_V1.1.0, X-CUBE-AZRTOS-WB_V1.1.0, X-CUBE-AZRTOS-WL_V2.0.0, X-CUBE-BLE1_V7.0.0, X-CUBE-BLE2_V3.3.0, X-CUBE-BLEMGR_V2.0.0, X-CUBE-EEPRMA1_V4.1.0, X-CUBE-FREERTOS_V1.1.0, X-CUBE-GNSS1_V6.0.0, X-CUBE-MEMS1_V9.1.0, X-CUBE-MEMS1_V9.4.0, X-CUBE-MEMS1_V9.6.0, X-CUBE-NFC4_V3.0.0, X-CUBE-NFC7_V1.0.0, X-CUBE-SFXS2LP1_V4.0.0, X-CUBE-SUBG2_V5.0.0, X-CUBE-TOF1_V3.3.1]
2023-09-30 23:08:45,857 [INFO] ApiDb:240 - Found 323 in-development CPN: [B-G473E-ZEST1S, B-WB1M-WPAN1, B-WL5M-SUBG1, NUCLEO-C031C6, NUCLEO-H503RB, NUCLEO-H563ZI, NUCLEO-U545RE-Q, NUCLEO-U5A5ZJ-Q, NUCLEO-WBA52CG, STEVAL-PROTEUS1, STEVAL-SMARTAG2, STEVAL-STWINBX1, STM320518-EVAL, STM32C0116-DK, STM32C011D6Y3TR, STM32C011D6Y6TR, STM32C011F4P3, STM32C011F4P6, STM32C011F4U3, STM32C011F4U6TR, STM32C011F6P3, STM32C011F6P6, STM32C011F6U3, STM32C011F6U6TR, STM32C011J4M3, STM32C011J4M6, STM32C011J6M3, STM32C011J6M6, STM32C0316-DK, STM32C031C4T3, STM32C031C4T6, STM32C031C4U3, STM32C031C4U6, STM32C031C6T3, STM32C031C6T6, STM32C031C6U3, STM32C031C6U6, STM32C031F4P3, STM32C031F4P6, STM32C031F6P3, STM32C031F6P6, STM32C031G4U3, STM32C031G4U6, STM32C031G6U3, STM32C031G6U6, STM32C031K4T3, STM32C031K4T6, STM32C031K4U3, STM32C031K4U6, STM32C031K6T3, STM32C031K6T6, STM32C031K6U3, STM32C031K6U6, STM32G071K8TXN, STM32G071K8UXN, STM32G081GBU6N, STM32G081KBT6N, STM32G081KBUXN, STM32G0B1CCT6N, STM32G0B1KCT6, STM32G0B1NEY6TR, STM32G0B1RCT6N, STM32G0C1CCT6, STM32G0C1CCT6N, STM32G0C1CCU6N, STM32G0C1CET6N, STM32G0C1CEU6N, STM32G0C1KCT6, STM32G0C1NEY6TR, STM32G0C1RCI6N, STM32G0C1RCT6N, STM32G0C1REI6N, STM32G0C1RET6N, STM32G0C1VCI6, STM32G0C1VEI6, STM32G471CCT6, STM32G471CCU6, STM32G471CET3, STM32G471CET6, STM32G471CEU3, STM32G471CEU6, STM32G471MCT6, STM32G471MET3, STM32G471MET6, STM32G471MEY6TR, STM32G471QCT6, STM32G471QET3, STM32G471RCT6, STM32G471RET3, STM32G471RET6, STM32G471VCH6, STM32G471VCI6, STM32G471VCT6, STM32G471VEH3, STM32G471VEH6, STM32G471VEI3, STM32G471VEI6, STM32G471VET3, STM32G471VET6, STM32G474CCT6, STM32H503CBT6, STM32H503CBU6, STM32H503EBY6TR, STM32H503KBU6, STM32H503RBT6, STM32H562AGI6, STM32H562AII6, STM32H562IGK6, STM32H562IGT6, STM32H562IIK6, STM32H562IIT6, STM32H562RGT6, STM32H562RGV6, STM32H562RIT6, STM32H562RIV6, STM32H562VGT6, STM32H562VIT6, STM32H562ZGT6, STM32H562ZIT6, STM32H563AGI6, STM32H563AII3Q, STM32H563AII6, STM32H563IGK6, STM32H563IGT6, STM32H563IIK3Q, STM32H563IIK6, STM32H563IIT3Q, STM32H563IIT6, STM32H563MIY3QTR, STM32H563RGT6, STM32H563RGV6, STM32H563RIT6, STM32H563RIV6, STM32H563VGT6, STM32H563VIT3Q, STM32H563VIT6, STM32H563ZGT6, STM32H563ZIT3Q, STM32H563ZIT6, STM32H573AII3Q, STM32H573AII6, STM32H573I-DK, STM32H573IIK3Q, STM32H573IIK6, STM32H573IIT3Q, STM32H573IIT6, STM32H573MIY3QTR, STM32H573RIT6, STM32H573RIV6, STM32H573VIT3Q, STM32H573VIT6, STM32H573ZIT3Q, STM32H573ZIT6, STM32L4R5QGI6STR, STM32MP131AAE3, STM32MP131AAF3, STM32MP131AAG3, STM32MP131CAE3, STM32MP131CAF3, STM32MP131CAG3, STM32MP131DAE7, STM32MP131DAF7, STM32MP131DAG7, STM32MP131FAE7, STM32MP131FAF7, STM32MP131FAG7, STM32MP133AAE3, STM32MP133AAF3, STM32MP133AAG3, STM32MP133CAE3, STM32MP133CAF3, STM32MP133CAG3, STM32MP133DAE7, STM32MP133DAF7, STM32MP133DAG7, STM32MP133FAE7, STM32MP133FAF7, STM32MP133FAG7, STM32MP135AAE3, STM32MP135AAF3, STM32MP135AAG3, STM32MP135CAE3, STM32MP135CAF3, STM32MP135CAG3, STM32MP135DAE7, STM32MP135DAF7, STM32MP135DAG7, STM32MP135F-DK, STM32MP135FAE7, STM32MP135FAF7, STM32MP135FAF7T, STM32MP135FAF7U, STM32MP135FAG7, STM32U535CBT6, STM32U535CBT6Q, STM32U535CBU6, STM32U535CBU6Q, STM32U535CCT6, STM32U535CCT6Q, STM32U535CCU6, STM32U535CCU6Q, STM32U535CET6, STM32U535CET6Q, STM32U535CEU6, STM32U535CEU6Q, STM32U535JEY6QTR, STM32U535NCY6QTR, STM32U535NEY6QTR, STM32U535RBI6, STM32U535RBI6Q, STM32U535RBT6, STM32U535RBT6Q, STM32U535RCI6, STM32U535RCI6Q, STM32U535RCT6, STM32U535RCT6Q, STM32U535REI6, STM32U535REI6Q, STM32U535RET6, STM32U535RET6Q, STM32U535VCI6, STM32U535VCI6Q, STM32U535VCT6, STM32U535VCT6Q, STM32U535VEI6, STM32U535VEI6Q, STM32U535VET6, STM32U535VET6Q, STM32U545CET6, STM32U545CET6Q, STM32U545CEU6, STM32U545CEU6Q, STM32U545JEY6QTR, STM32U545NEY6QTR, STM32U545REI6, STM32U545REI6Q, STM32U545RET6, STM32U545RET6Q, STM32U545VEI6, STM32U545VEI6Q, STM32U545VET6, STM32U545VET6Q, STM32U595AIH6, STM32U595AIH6Q, STM32U595AJH6, STM32U595AJH6Q, STM32U595QII6, STM32U595QII6Q, STM32U595QJI6, STM32U595QJI6Q, STM32U595RIT6, STM32U595RIT6Q, STM32U595RJT6, STM32U595RJT6Q, STM32U595VIT6, STM32U595VIT6Q, STM32U595VJT6, STM32U595VJT6Q, STM32U595ZIT6, STM32U595ZIT6Q, STM32U595ZIY6QTR, STM32U595ZJT6, STM32U595ZJT6Q, STM32U595ZJY6QTR, STM32U599BJY6QTR, STM32U599NIH6Q, STM32U599NJH6Q, STM32U599VIT6Q, STM32U599VJT6, STM32U599VJT6Q, STM32U599ZIT6Q, STM32U599ZIY6QTR, STM32U599ZJT6Q, STM32U599ZJY6QTR, STM32U5A5AJH6, STM32U5A5AJH6Q, STM32U5A5QJI6, STM32U5A5QJI6Q, STM32U5A5RJT6, STM32U5A5RJT6Q, STM32U5A5VJT6, STM32U5A5VJT6Q, STM32U5A5ZJT6, STM32U5A5ZJT6Q, STM32U5A5ZJY6QTR, STM32U5A9BJY6QTR, STM32U5A9J-DK, STM32U5A9NJH6Q, STM32U5A9VJT6Q, STM32U5A9ZJT6Q, STM32U5A9ZJY6QTR, STM32U5F7VIT6, STM32U5F7VIT6Q, STM32U5F7VJT6, STM32U5F7VJT6Q, STM32U5F9BJY6QTR, STM32U5F9NJH6Q, STM32U5F9VIT6Q, STM32U5F9VJT6Q, STM32U5F9ZIJ6QTR, STM32U5F9ZIT6Q, STM32U5F9ZJJ6QTR, STM32U5F9ZJT6Q, STM32U5G7VJT6, STM32U5G7VJT6Q, STM32U5G9BJY6QTR, STM32U5G9J-DK1, STM32U5G9J-DK2, STM32U5G9NJH6Q, STM32U5G9VJT6Q, STM32U5G9ZJJ6QTR, STM32U5G9ZJT6Q, STM32WB1MMCH6, STM32WBA52CEU6, STM32WBA52CEU6T, STM32WBA52CGU6, STM32WBA52CGU6T, STM32WBA52KEU6, STM32WBA52KEU6T, STM32WBA52KGU6, STM32WBA52KGU6T, STM32WL5MOCH6, STM32WL5MOCH6TR]
2023-09-30 23:08:45,860 [INFO] DbMcus:217 - Found 3848 MCUs, 3848 are supported
2023-09-30 23:08:45,865 [INFO] ApiDb:423 - Load user favorites file C:\Users\User/.stm32cubeide/favorites.mcus.txt: 1 item(s)
2023-09-30 23:08:45,865 [INFO] ApiDb:427 - User favorites MCUs=[STM32F767ZIT6]
2023-09-30 23:08:45,865 [INFO] DbMcus:223 - Set 1 / 1 favorites MCUs
2023-09-30 23:08:46,133 [WARN] ThirdParty:833 - waiting for thirdparty lock release [change project]
2023-09-30 23:08:46,134 [INFO] ThirdParty:835 - entering critical section [change project]
2023-09-30 23:08:46,134 [INFO] ThirdParty:1030 - CMSIS Pack Vendor :STMicroelectronics X-CUBE-ISPU 1.1.0
2023-09-30 23:08:46,134 [INFO] ThirdParty:1030 - CMSIS Pack Vendor :STMicroelectronics USBPD 4.1
2023-09-30 23:08:46,134 [INFO] ThirdParty:1030 - CMSIS Pack Vendor :STMicroelectronics X-CUBE-GNSS1 6.0.0
2023-09-30 23:08:46,134 [INFO] ThirdParty:1030 - CMSIS Pack Vendor :STMicroelectronics USB_HOST 2.0.0
2023-09-30 23:08:46,134 [INFO] ThirdParty:1030 - CMSIS Pack Vendor :STMicroelectronics X-CUBE-AZRTOS-F4 1.1.0
2023-09-30 23:08:46,134 [INFO] ThirdParty:1030 - CMSIS Pack Vendor :STMicroelectronics LIBJPEG 8.0.0
2023-09-30 23:08:46,134 [INFO] ThirdParty:1030 - CMSIS Pack Vendor :wolfSSL I-CUBE-wolfSSL 5.6.3
2023-09-30 23:08:46,134 [INFO] ThirdParty:1030 - CMSIS Pack Vendor :STMicroelectronics X-CUBE-SMBUS 2.1.0
2023-09-30 23:08:46,134 [INFO] ThirdParty:1030 - CMSIS Pack Vendor :STMicroelectronics USB_DEVICE 3.0.0
2023-09-30 23:08:46,134 [INFO] ThirdParty:1030 - CMSIS Pack Vendor :STMicroelectronics X-CUBE-AZRTOS-WB 2.0.0
2023-09-30 23:08:46,134 [INFO] ThirdParty:1030 - CMSIS Pack Vendor :STMicroelectronics X-CUBE-FREERTOS 1.0.1
2023-09-30 23:08:46,134 [INFO] ThirdParty:1030 - CMSIS Pack Vendor :STMicroelectronics X-CUBE-AZRTOS-F7 1.1.0
2023-09-30 23:08:46,134 [INFO] ThirdParty:1030 - CMSIS Pack Vendor :STMicroelectronics X-CUBE-AZRTOS-L5 2.0.0
2023-09-30 23:08:46,134 [INFO] ThirdParty:1030 - CMSIS Pack Vendor :STMicroelectronics USB_DEVICE 2.0.0
2023-09-30 23:08:46,135 [INFO] ThirdParty:1030 - CMSIS Pack Vendor :STMicroelectronics X-CUBE-MEMS1 9.6.0
2023-09-30 23:08:46,135 [INFO] ThirdParty:1030 - CMSIS Pack Vendor :STMicroelectronics FP-SNS-MOTENV1 4.3.2
2023-09-30 23:08:46,135 [INFO] ThirdParty:1030 - CMSIS Pack Vendor :STMicroelectronics FP-SNS-FLIGHT1 5.0.1
2023-09-30 23:08:46,135 [INFO] ThirdParty:1030 - CMSIS Pack Vendor :STMicroelectronics X-CUBE-ALGOBUILD 1.3.0
2023-09-30 23:08:46,135 [INFO] ThirdParty:1030 - CMSIS Pack Vendor :STMicroelectronics X-CUBE-BLE1 6.2.4
2023-09-30 23:08:46,135 [INFO] ThirdParty:1030 - CMSIS Pack Vendor :STMicroelectronics X-CUBE-AZRTOS-L5 1.1.0
2023-09-30 23:08:46,135 [INFO] ThirdParty:1030 - CMSIS Pack Vendor :STMicroelectronics FreeRTOS 0.0.1
2023-09-30 23:08:46,135 [INFO] ThirdParty:1030 - CMSIS Pack Vendor :STMicroelectronics X-CUBE-AZRTOS-G0 1.1.0
2023-09-30 23:08:46,135 [INFO] ThirdParty:1030 - CMSIS Pack Vendor :STMicroelectronics X-CUBE-BLEMGR 2.0.0
2023-09-30 23:08:46,135 [INFO] ThirdParty:1030 - CMSIS Pack Vendor :STMicroelectronics X-CUBE-AI 8.0.1
2023-09-30 23:08:46,135 [INFO] ThirdParty:1030 - CMSIS Pack Vendor :STMicroelectronics X-CUBE-NFC4 3.0.0
2023-09-30 23:08:46,135 [INFO] ThirdParty:1030 - CMSIS Pack Vendor :STMicroelectronics X-CUBE-SUBG2 5.0.0
2023-09-30 23:08:46,135 [INFO] ThirdParty:1030 - CMSIS Pack Vendor :STMicroelectronics STM32_WPAN 1.0.0
2023-09-30 23:08:46,135 [INFO] ThirdParty:1030 - CMSIS Pack Vendor :STMicroelectronics lwIP 2.0.3
2023-09-30 23:08:46,135 [INFO] ThirdParty:1030 - CMSIS Pack Vendor :STMicroelectronics FP-SNS-FLIGHT1 5.0.2
2023-09-30 23:08:46,135 [INFO] ThirdParty:1030 - CMSIS Pack Vendor :STMicroelectronics USB_HOST 1.0.0
2023-09-30 23:08:46,135 [INFO] ThirdParty:1030 - CMSIS Pack Vendor :STMicroelectronics X-CUBE-TOF1 3.3.1
2023-09-30 23:08:46,135 [INFO] ThirdParty:1030 - CMSIS Pack Vendor :STMicroelectronics X-CUBE-AZRTOS-G4 2.0.0
2023-09-30 23:08:46,135 [INFO] ThirdParty:1030 - CMSIS Pack Vendor :STMicroelectronics PDM2PCM 3.1.0
2023-09-30 23:08:46,135 [INFO] ThirdParty:1030 - CMSIS Pack Vendor :STMicroelectronics X-CUBE-AZRTOS-H7 3.1.0
2023-09-30 23:08:46,135 [INFO] ThirdParty:1030 - CMSIS Pack Vendor :STMicroelectronics X-CUBE-TOF1 3.3.0
2023-09-30 23:08:46,136 [INFO] ThirdParty:1030 - CMSIS Pack Vendor :STMicroelectronics PDM2PCM 3.3.0
2023-09-30 23:08:46,136 [INFO] ThirdParty:1030 - CMSIS Pack Vendor :STMicroelectronics X-CUBE-DISPLAY 3.0.0
2023-09-30 23:08:46,136 [INFO] ThirdParty:1030 - CMSIS Pack Vendor :STMicroelectronics X-CUBE-BLE1 7.0.0
2023-09-30 23:08:46,136 [INFO] ThirdParty:1030 - CMSIS Pack Vendor :STMicroelectronics FP-ATR-SIGFOX1 3.2.0
2023-09-30 23:08:46,136 [INFO] ThirdParty:1030 - CMSIS Pack Vendor :STMicroelectronics HAL Drivers 0.0.0
2023-09-30 23:08:46,136 [INFO] ThirdParty:1030 - CMSIS Pack Vendor :STMicroelectronics MBEDTLS 2.16.2
2023-09-30 23:08:46,136 [INFO] ThirdParty:1030 - CMSIS Pack Vendor :emotas I-CUBE-CANOPEN 1.3.0
2023-09-30 23:08:46,136 [INFO] ThirdParty:1030 - CMSIS Pack Vendor :STMicroelectronics X-CUBE-FREERTOS 1.1.0
2023-09-30 23:08:46,136 [INFO] ThirdParty:1030 - CMSIS Pack Vendor :STMicroelectronics X-CUBE-TOUCHGFX 4.22.0
2023-09-30 23:08:46,136 [INFO] ThirdParty:1030 - CMSIS Pack Vendor :STMicroelectronics X-CUBE-NFC7 1.0.1
2023-09-30 23:08:46,136 [INFO] ThirdParty:1030 - CMSIS Pack Vendor :STMicroelectronics MBEDTLS 2.14.1
2023-09-30 23:08:46,136 [INFO] ThirdParty:1030 - CMSIS Pack Vendor :STMicroelectronics X-CUBE-NFC6 3.0.0
2023-09-30 23:08:46,136 [INFO] ThirdParty:1030 - CMSIS Pack Vendor :STMicroelectronics X-CUBE-EEPRMA1 4.1.0
2023-09-30 23:08:46,136 [INFO] ThirdParty:1030 - CMSIS Pack Vendor :portGmbH I-Cube-SoM-uGOAL 1.1.0
2023-09-30 23:08:46,136 [INFO] ThirdParty:1030 - CMSIS Pack Vendor :STMicroelectronics X-CUBE-ALS 1.0.1
2023-09-30 23:08:46,136 [INFO] ThirdParty:1030 - CMSIS Pack Vendor :STMicroelectronics ThreadX 1.0.0
2023-09-30 23:08:46,136 [INFO] ThirdParty:1030 - CMSIS Pack Vendor :STMicroelectronics FP-SNS-SMARTAG2 1.2.0
2023-09-30 23:08:46,136 [INFO] ThirdParty:1030 - CMSIS Pack Vendor :STMicroelectronics X-CUBE-AZRTOS-WB 1.1.0
2023-09-30 23:08:46,136 [INFO] ThirdParty:1030 - CMSIS Pack Vendor :STMicroelectronics X-CUBE-AZRTOS-WL 2.0.0
2023-09-30 23:08:46,136 [INFO] ThirdParty:1030 - CMSIS Pack Vendor :SEGGER I-CUBE-embOS 1.3.1
2023-09-30 23:08:46,136 [INFO] ThirdParty:1030 - CMSIS Pack Vendor :STMicroelectronics USB_DEVICE 1.0.0
2023-09-30 23:08:46,136 [INFO] ThirdParty:1030 - CMSIS Pack Vendor :STMicroelectronics X-CUBE-AI 8.1.0
2023-09-30 23:08:46,136 [INFO] ThirdParty:1030 - CMSIS Pack Vendor :STMicroelectronics X-CUBE-AZRTOS-L4 2.0.0
2023-09-30 23:08:46,136 [INFO] ThirdParty:1030 - CMSIS Pack Vendor :STMicroelectronics ThreadX 0.0.2
2023-09-30 23:08:46,136 [INFO] ThirdParty:1030 - CMSIS Pack Vendor :WES I-CUBE-Cesium 1.3.0
2023-09-30 23:08:46,136 [INFO] ThirdParty:1030 - CMSIS Pack Vendor :STMicroelectronics FP-ATR-ASTRA1 2.0.0
2023-09-30 23:08:46,136 [INFO] ThirdParty:1030 - CMSIS Pack Vendor :STMicroelectronics lwIP 2.1.2
2023-09-30 23:08:46,136 [INFO] ThirdParty:1030 - CMSIS Pack Vendor :STMicroelectronics X-CUBE-SFXS2LP1 4.0.0
2023-09-30 23:08:46,136 [INFO] ThirdParty:1030 - CMSIS Pack Vendor :STMicroelectronics X-CUBE-BLE2 3.3.0
2023-09-30 23:08:46,136 [INFO] ThirdParty:1030 - CMSIS Pack Vendor :STMicroelectronics PDM2PCM 3.2.0
2023-09-30 23:08:46,136 [INFO] ThirdParty:841 - exiting critical section [change project]
2023-09-30 23:08:46,536 [INFO] PinOutPanel:1499 - setPackage(No Configuration,No Configuration)
2023-09-30 23:08:46,537 [INFO] PinOutPanel:1499 - setPackage(STM32F767ZITx,LQFP144)
2023-09-30 23:08:47,032 [INFO] UtilMem:75 - Before build in PCC Used Memory: 599659008 Bytes (859832320)
2023-09-30 23:08:47,752 [INFO] UtilMem:75 - After build in PCC Used Memory: 726806712 Bytes (859832320)
2023-09-30 23:08:47,776 [INFO] IPUIPlugin:80 - create IPUIPlugin
2023-09-30 23:08:47,776 [INFO] IPUIPlugin:80 - create IPUIPlugin
2023-09-30 23:08:47,776 [INFO] IPUIPlugin:80 - create IPUIPlugin
2023-09-30 23:08:47,776 [INFO] IPUIPlugin:80 - create IPUIPlugin
2023-09-30 23:08:47,776 [INFO] IPUIPlugin:80 - create IPUIPlugin
2023-09-30 23:08:47,777 [INFO] IPUIPlugin:80 - create IPUIPlugin
2023-09-30 23:08:47,777 [INFO] IPUIPlugin:80 - create IPUIPlugin
2023-09-30 23:08:47,777 [INFO] IPUIPlugin:80 - create IPUIPlugin
2023-09-30 23:08:47,777 [INFO] IPUIPlugin:80 - create IPUIPlugin
2023-09-30 23:08:47,777 [INFO] IPUIPlugin:80 - create IPUIPlugin
2023-09-30 23:08:47,777 [INFO] IPUIPlugin:80 - create IPUIPlugin
2023-09-30 23:08:47,777 [INFO] IPUIPlugin:80 - create IPUIPlugin
2023-09-30 23:08:47,777 [INFO] IPUIPlugin:80 - create IPUIPlugin
2023-09-30 23:08:47,777 [INFO] IPUIPlugin:80 - create IPUIPlugin
2023-09-30 23:08:47,777 [INFO] IPUIPlugin:80 - create IPUIPlugin
2023-09-30 23:08:47,777 [INFO] IPUIPlugin:80 - create IPUIPlugin
2023-09-30 23:08:47,777 [INFO] IPUIPlugin:80 - create IPUIPlugin
2023-09-30 23:08:47,778 [INFO] IPUIPlugin:80 - create IPUIPlugin
2023-09-30 23:08:47,778 [INFO] IPUIPlugin:80 - create IPUIPlugin
2023-09-30 23:08:47,778 [INFO] IPUIPlugin:80 - create IPUIPlugin
2023-09-30 23:08:47,778 [INFO] IPUIPlugin:80 - create IPUIPlugin
2023-09-30 23:08:47,778 [INFO] IPUIPlugin:80 - create IPUIPlugin
2023-09-30 23:08:47,778 [INFO] IPUIPlugin:80 - create IPUIPlugin
2023-09-30 23:08:47,778 [INFO] IPUIPlugin:80 - create IPUIPlugin
2023-09-30 23:08:47,778 [INFO] IPUIPlugin:80 - create IPUIPlugin
2023-09-30 23:08:47,778 [INFO] IPUIPlugin:80 - create IPUIPlugin
2023-09-30 23:08:47,778 [INFO] IPUIPlugin:80 - create IPUIPlugin
2023-09-30 23:08:47,778 [INFO] IPUIPlugin:80 - create IPUIPlugin
2023-09-30 23:08:47,778 [INFO] IPUIPlugin:80 - create IPUIPlugin
2023-09-30 23:08:47,778 [INFO] IPUIPlugin:80 - create IPUIPlugin
2023-09-30 23:08:47,778 [INFO] IPUIPlugin:80 - create IPUIPlugin
2023-09-30 23:08:47,778 [INFO] IPUIPlugin:80 - create IPUIPlugin
2023-09-30 23:08:47,778 [INFO] IPUIPlugin:80 - create IPUIPlugin
2023-09-30 23:08:47,778 [INFO] IPUIPlugin:80 - create IPUIPlugin
2023-09-30 23:08:47,778 [INFO] IPUIPlugin:80 - create IPUIPlugin
2023-09-30 23:08:47,780 [INFO] IPUIPlugin:80 - create IPUIPlugin
2023-09-30 23:08:47,780 [INFO] IPUIPlugin:80 - create IPUIPlugin
2023-09-30 23:08:47,780 [INFO] IPUIPlugin:80 - create IPUIPlugin
2023-09-30 23:08:47,780 [INFO] IPUIPlugin:80 - create IPUIPlugin
2023-09-30 23:08:47,781 [INFO] IPUIPlugin:80 - create IPUIPlugin
2023-09-30 23:08:47,781 [INFO] IPUIPlugin:80 - create IPUIPlugin
2023-09-30 23:08:47,781 [INFO] IPUIPlugin:80 - create IPUIPlugin
2023-09-30 23:08:47,781 [INFO] IPUIPlugin:80 - create IPUIPlugin
2023-09-30 23:08:47,781 [INFO] IPUIPlugin:80 - create IPUIPlugin
2023-09-30 23:08:47,781 [INFO] IPUIPlugin:80 - create IPUIPlugin
2023-09-30 23:08:47,781 [INFO] IPUIPlugin:80 - create IPUIPlugin
2023-09-30 23:08:47,781 [INFO] IPUIPlugin:80 - create IPUIPlugin
2023-09-30 23:08:47,781 [INFO] IPUIPlugin:80 - create IPUIPlugin
2023-09-30 23:08:47,782 [INFO] IPUIPlugin:80 - create IPUIPlugin
2023-09-30 23:08:47,782 [INFO] IPUIPlugin:80 - create IPUIPlugin
2023-09-30 23:08:47,782 [INFO] IPUIPlugin:80 - create IPUIPlugin
2023-09-30 23:08:47,782 [INFO] IPUIPlugin:80 - create IPUIPlugin
2023-09-30 23:08:47,783 [INFO] IPUIPlugin:80 - create IPUIPlugin
2023-09-30 23:08:47,783 [INFO] IPUIPlugin:80 - create IPUIPlugin
2023-09-30 23:08:47,783 [INFO] IPUIPlugin:80 - create IPUIPlugin
2023-09-30 23:08:47,783 [INFO] IPUIPlugin:80 - create IPUIPlugin
2023-09-30 23:08:47,784 [INFO] IPUIPlugin:80 - create IPUIPlugin
2023-09-30 23:08:47,784 [INFO] IPUIPlugin:80 - create IPUIPlugin
2023-09-30 23:08:47,784 [INFO] IPUIPlugin:80 - create IPUIPlugin
2023-09-30 23:08:47,784 [INFO] IPUIPlugin:80 - create IPUIPlugin
2023-09-30 23:08:47,784 [INFO] IPUIPlugin:80 - create IPUIPlugin
2023-09-30 23:08:47,784 [INFO] IPUIPlugin:80 - create IPUIPlugin
2023-09-30 23:08:47,785 [INFO] IPUIPlugin:80 - create IPUIPlugin
2023-09-30 23:08:47,785 [INFO] IPUIPlugin:80 - create IPUIPlugin
2023-09-30 23:08:47,785 [INFO] IPUIPlugin:80 - create IPUIPlugin
2023-09-30 23:08:47,785 [INFO] IPUIPlugin:80 - create IPUIPlugin
2023-09-30 23:08:47,785 [INFO] IPUIPlugin:80 - create IPUIPlugin
2023-09-30 23:08:47,785 [INFO] IPUIPlugin:80 - create IPUIPlugin
2023-09-30 23:08:47,786 [INFO] IPUIPlugin:80 - create IPUIPlugin
2023-09-30 23:08:47,786 [INFO] IPUIPlugin:80 - create IPUIPlugin
2023-09-30 23:08:47,786 [INFO] IPUIPlugin:80 - create IPUIPlugin
2023-09-30 23:08:47,786 [INFO] IPUIPlugin:80 - create IPUIPlugin
2023-09-30 23:08:47,786 [INFO] IPUIPlugin:80 - create IPUIPlugin
2023-09-30 23:08:47,787 [INFO] IPUIPlugin:80 - create IPUIPlugin
2023-09-30 23:08:47,787 [INFO] IPUIPlugin:80 - create IPUIPlugin
2023-09-30 23:08:47,787 [INFO] IPUIPlugin:80 - create IPUIPlugin
2023-09-30 23:08:47,787 [INFO] IPUIPlugin:80 - create IPUIPlugin
2023-09-30 23:08:47,787 [INFO] IPUIPlugin:80 - create IPUIPlugin
2023-09-30 23:08:47,788 [INFO] IPUIPlugin:80 - create IPUIPlugin
2023-09-30 23:08:47,866 [INFO] ApiDbMcu:507 - Load IP Config File for PDM2PCM
2023-09-30 23:08:48,059 [INFO] CADModel:165 - CPN selected for project levelSTM32F767ZIT6
2023-09-30 23:08:48,059 [INFO] CADModel:114 - Register for checkConnection events
2023-09-30 23:08:48,110 [INFO] OpenFileManager:328 - Restore cursor
2023-09-30 23:13:47,593 [INFO] NvicIntPanel:101 - NVIC parent = com.st.microxplorer.plugins.ip.nvic.MultiNvicIntPanel[,0,0,0x0,invalid,layout=javax.swing.BoxLayout,alignmentX=0.0,alignmentY=0.0,border=,flags=9,maximumSize=,minimumSize=,preferredSize=]
2023-09-30 23:14:10,390 [INFO] UtilMem:75 - End SaveConfig() Used Memory: 595860584 Bytes (1071644672)
2023-09-30 23:14:10,661 [INFO] UtilMem:75 - End SaveConfig() Used Memory: 633609384 Bytes (1071644672)
2023-09-30 23:14:11,018 [INFO] BlockDiagram:2759 - set Specific Code input for plugin: TIM1_8F77
2023-09-30 23:14:11,019 [INFO] BlockDiagram:2759 - set Specific Code input for plugin: SYS
2023-09-30 23:14:11,019 [INFO] BlockDiagram:2759 - set Specific Code input for plugin: RCC
2023-09-30 23:14:11,019 [INFO] BlockDiagram:2759 - set Specific Code input for plugin: USB_OTG_FS
2023-09-30 23:14:11,019 [INFO] BlockDiagram:2759 - set Specific Code input for plugin: NVIC
2023-09-30 23:14:11,019 [INFO] BlockDiagram:2759 - set Specific Code input for plugin: USART
2023-09-30 23:14:11,020 [INFO] BlockDiagram:2759 - set Specific Code input for plugin: GPIO
2023-09-30 23:14:11,021 [INFO] BlockDiagram:2759 - set Specific Code input for plugin: ETH
2023-09-30 23:14:11,023 [INFO] CodeGenerator:799 - code generatio: config db path: C:\ST\STM32CubeIDE_1.13.0\STM32CubeIDE\plugins\com.st.stm32cube.common.mx_6.9.0.202307051724\\db\
2023-09-30 23:14:11,255 [INFO] CodeEngine:255 - oldGeneratedFile, C:\Users\User\STM32CubeIDE\MAD_Lab\Lab7_1\MXTmpFiles\license.tmp_save
2023-09-30 23:14:11,526 [INFO] CodeEngine:279 - Generated code: C:\Users\User\STM32CubeIDE\MAD_Lab\Lab7_1\MXTmpFiles\license.tmp
2023-09-30 23:14:11,670 [INFO] CodeEngine:255 - oldGeneratedFile, C:\Users\User\STM32CubeIDE\MAD_Lab\Lab7_1\MXTmpFiles\gpio.tmp_save
2023-09-30 23:14:11,870 [INFO] CodeEngine:279 - Generated code: C:\Users\User\STM32CubeIDE\MAD_Lab\Lab7_1\MXTmpFiles\gpio.tmp
2023-09-30 23:14:12,288 [WARN] IPConfigManager:2937 - Warning: the RefConfig PWREx_EnableUSBVoltageDetector is not available in your config.xml file
2023-09-30 23:14:12,309 [INFO] CodeEngine:255 - oldGeneratedFile, C:\Users\User\STM32CubeIDE\MAD_Lab\Lab7_1\MXTmpFiles\cortex.tmp_save
2023-09-30 23:14:12,387 [INFO] CodeEngine:279 - Generated code: C:\Users\User\STM32CubeIDE\MAD_Lab\Lab7_1\MXTmpFiles\cortex.tmp
2023-09-30 23:14:12,421 [INFO] CodeEngine:255 - oldGeneratedFile, C:\Users\User\STM32CubeIDE\MAD_Lab\Lab7_1\Core\Src\stm32f7xx_it.c_save
2023-09-30 23:14:12,539 [INFO] CodeEngine:279 - Generated code: C:\Users\User\STM32CubeIDE\MAD_Lab\Lab7_1\Core\Src\stm32f7xx_it.c
2023-09-30 23:14:12,550 [INFO] CodeEngine:255 - oldGeneratedFile, C:\Users\User\STM32CubeIDE\MAD_Lab\Lab7_1\Core\Inc\stm32f7xx_it.h_save
2023-09-30 23:14:12,609 [INFO] CodeEngine:279 - Generated code: C:\Users\User\STM32CubeIDE\MAD_Lab\Lab7_1\Core\Inc\stm32f7xx_it.h
2023-09-30 23:14:12,634 [INFO] CodeEngine:255 - oldGeneratedFile, C:\Users\User\STM32CubeIDE\MAD_Lab\Lab7_1\Core\Src\stm32f7xx_hal_msp.c_save
2023-09-30 23:14:12,779 [INFO] CodeEngine:279 - Generated code: C:\Users\User\STM32CubeIDE\MAD_Lab\Lab7_1\Core\Src\stm32f7xx_hal_msp.c
2023-09-30 23:14:12,805 [INFO] CodeEngine:255 - oldGeneratedFile, C:\Users\User\STM32CubeIDE\MAD_Lab\Lab7_1\MXTmpFiles\system.tmp_save
2023-09-30 23:14:12,870 [INFO] CodeEngine:279 - Generated code: C:\Users\User\STM32CubeIDE\MAD_Lab\Lab7_1\MXTmpFiles\system.tmp
2023-09-30 23:14:12,903 [INFO] CodeEngine:311 - oldGeneratedFile, C:\Users\User\STM32CubeIDE\MAD_Lab\Lab7_1\Core\Inc\stm32f7xx_hal_conf.h_save
2023-09-30 23:14:12,987 [INFO] CodeEngine:335 - Generated code: C:\Users\User\STM32CubeIDE\MAD_Lab\Lab7_1\Core\Inc\stm32f7xx_hal_conf.h
2023-09-30 23:14:13,026 [WARN] IPConfigManager:3431 - IP not found : TIM
2023-09-30 23:14:13,026 [WARN] IPConfigManager:3431 - IP not found : USB_OTG
2023-09-30 23:14:13,027 [WARN] CodeGenerator:3760 - IP not found : null
2023-09-30 23:14:13,027 [WARN] CodeGenerator:3760 - IP not found : null
2023-09-30 23:14:13,053 [INFO] CodeEngine:255 - oldGeneratedFile, C:\Users\User\STM32CubeIDE\MAD_Lab\Lab7_1\Core\Inc\main.h_save
2023-09-30 23:14:13,139 [INFO] CodeEngine:279 - Generated code: C:\Users\User\STM32CubeIDE\MAD_Lab\Lab7_1\Core\Inc\main.h
2023-09-30 23:14:13,160 [INFO] CodeEngine:255 - oldGeneratedFile, C:\Users\User\STM32CubeIDE\MAD_Lab\Lab7_1\Core\Src\main.c_save
2023-09-30 23:14:13,305 [INFO] CodeEngine:279 - Generated code: C:\Users\User\STM32CubeIDE\MAD_Lab\Lab7_1\Core\Src\main.c
2023-09-30 23:14:13,791 [INFO] ProjectBuilder:3064 - Time for Copy HAL[1] : 205mS.
2023-09-30 23:14:13,795 [INFO] ProjectBuilder:4404 - Project Generator version: 4.1.0
2023-09-30 23:14:13,914 [INFO] ConfigFileManager:1457 - The Die is : DIE451
2023-09-30 23:14:13,929 [INFO] ApiDbMcu:507 - Load IP Config File for FATFS
2023-09-30 23:14:13,943 [INFO] ApiDbMcu:507 - Load IP Config File for FREERTOS
2023-09-30 23:14:13,950 [INFO] ApiDbMcu:507 - Load IP Config File for LIBJPEG
2023-09-30 23:14:13,962 [INFO] ApiDbMcu:507 - Load IP Config File for LWIP
2023-09-30 23:14:13,974 [INFO] ApiDbMcu:507 - Load IP Config File for MBEDTLS
2023-09-30 23:14:13,986 [INFO] ApiDbMcu:507 - Load IP Config File for USB_DEVICE
2023-09-30 23:14:13,995 [INFO] ApiDbMcu:507 - Load IP Config File for USB_HOST
2023-09-30 23:14:14,830 [INFO] LogOutputStream:77 - [STDOUT_REDIRECT] 
2023-09-30 23:14:16,277 [INFO] ProjectBuilder:4626 - Time for Generating toolchain IDE Files: 2480mS.
2023-09-30 23:14:16,279 [INFO] ProjectBuilder:2935 - Time for Copy CMSIS : 1mS.
2023-09-30 23:14:16,281 [INFO] ProjectBuilder:2935 - Time for Copy CMSIS : 0mS.
2023-09-30 23:15:56,777 [INFO] NvicIntPanel:101 - NVIC parent = com.st.microxplorer.plugins.ip.nvic.MultiNvicIntPanel[,0,0,0x0,invalid,layout=javax.swing.BoxLayout,alignmentX=0.0,alignmentY=0.0,border=,flags=9,maximumSize=,minimumSize=,preferredSize=]
2023-09-30 23:16:02,105 [INFO] UtilMem:75 - End SaveConfig() Used Memory: 620462520 Bytes (1073741824)
2023-09-30 23:16:02,269 [INFO] UtilMem:75 - End SaveConfig() Used Memory: 657439816 Bytes (1073741824)
2023-09-30 23:16:02,462 [INFO] BlockDiagram:2759 - set Specific Code input for plugin: TIM1_8F77
2023-09-30 23:16:02,463 [INFO] BlockDiagram:2759 - set Specific Code input for plugin: SYS
2023-09-30 23:16:02,463 [INFO] BlockDiagram:2759 - set Specific Code input for plugin: RCC
2023-09-30 23:16:02,463 [INFO] BlockDiagram:2759 - set Specific Code input for plugin: USB_OTG_FS
2023-09-30 23:16:02,463 [INFO] BlockDiagram:2759 - set Specific Code input for plugin: NVIC
2023-09-30 23:16:02,463 [INFO] BlockDiagram:2759 - set Specific Code input for plugin: USART
2023-09-30 23:16:02,463 [INFO] BlockDiagram:2759 - set Specific Code input for plugin: GPIO
2023-09-30 23:16:02,464 [INFO] BlockDiagram:2759 - set Specific Code input for plugin: ETH
2023-09-30 23:16:02,465 [INFO] CodeGenerator:799 - code generatio: config db path: C:\ST\STM32CubeIDE_1.13.0\STM32CubeIDE\plugins\com.st.stm32cube.common.mx_6.9.0.202307051724\\db\
2023-09-30 23:16:02,576 [INFO] CodeEngine:255 - oldGeneratedFile, C:\Users\User\STM32CubeIDE\MAD_Lab\Lab7_1\MXTmpFiles\license.tmp_save
2023-09-30 23:16:02,680 [INFO] CodeEngine:279 - Generated code: C:\Users\User\STM32CubeIDE\MAD_Lab\Lab7_1\MXTmpFiles\license.tmp
2023-09-30 23:16:02,809 [INFO] CodeEngine:255 - oldGeneratedFile, C:\Users\User\STM32CubeIDE\MAD_Lab\Lab7_1\MXTmpFiles\gpio.tmp_save
2023-09-30 23:16:02,914 [INFO] CodeEngine:279 - Generated code: C:\Users\User\STM32CubeIDE\MAD_Lab\Lab7_1\MXTmpFiles\gpio.tmp
2023-09-30 23:16:03,273 [WARN] IPConfigManager:2937 - Warning: the RefConfig PWREx_EnableUSBVoltageDetector is not available in your config.xml file
2023-09-30 23:16:03,292 [INFO] CodeEngine:255 - oldGeneratedFile, C:\Users\User\STM32CubeIDE\MAD_Lab\Lab7_1\MXTmpFiles\cortex.tmp_save
2023-09-30 23:16:03,379 [INFO] CodeEngine:279 - Generated code: C:\Users\User\STM32CubeIDE\MAD_Lab\Lab7_1\MXTmpFiles\cortex.tmp
2023-09-30 23:16:03,405 [INFO] CodeEngine:255 - oldGeneratedFile, C:\Users\User\STM32CubeIDE\MAD_Lab\Lab7_1\Core\Src\stm32f7xx_it.c_save
2023-09-30 23:16:03,484 [INFO] CodeEngine:279 - Generated code: C:\Users\User\STM32CubeIDE\MAD_Lab\Lab7_1\Core\Src\stm32f7xx_it.c
2023-09-30 23:16:03,495 [INFO] CodeEngine:255 - oldGeneratedFile, C:\Users\User\STM32CubeIDE\MAD_Lab\Lab7_1\Core\Inc\stm32f7xx_it.h_save
2023-09-30 23:16:03,540 [INFO] CodeEngine:279 - Generated code: C:\Users\User\STM32CubeIDE\MAD_Lab\Lab7_1\Core\Inc\stm32f7xx_it.h
2023-09-30 23:16:03,556 [INFO] CodeEngine:255 - oldGeneratedFile, C:\Users\User\STM32CubeIDE\MAD_Lab\Lab7_1\Core\Src\stm32f7xx_hal_msp.c_save
2023-09-30 23:16:03,657 [INFO] CodeEngine:279 - Generated code: C:\Users\User\STM32CubeIDE\MAD_Lab\Lab7_1\Core\Src\stm32f7xx_hal_msp.c
2023-09-30 23:16:03,665 [INFO] CodeEngine:255 - oldGeneratedFile, C:\Users\User\STM32CubeIDE\MAD_Lab\Lab7_1\MXTmpFiles\system.tmp_save
2023-09-30 23:16:03,710 [INFO] CodeEngine:279 - Generated code: C:\Users\User\STM32CubeIDE\MAD_Lab\Lab7_1\MXTmpFiles\system.tmp
2023-09-30 23:16:03,738 [INFO] CodeEngine:311 - oldGeneratedFile, C:\Users\User\STM32CubeIDE\MAD_Lab\Lab7_1\Core\Inc\stm32f7xx_hal_conf.h_save
2023-09-30 23:16:03,830 [INFO] CodeEngine:335 - Generated code: C:\Users\User\STM32CubeIDE\MAD_Lab\Lab7_1\Core\Inc\stm32f7xx_hal_conf.h
2023-09-30 23:16:03,849 [WARN] IPConfigManager:3431 - IP not found : TIM
2023-09-30 23:16:03,849 [WARN] IPConfigManager:3431 - IP not found : USB_OTG
2023-09-30 23:16:03,850 [WARN] CodeGenerator:3760 - IP not found : null
2023-09-30 23:16:03,850 [WARN] CodeGenerator:3760 - IP not found : null
2023-09-30 23:16:03,871 [INFO] CodeEngine:255 - oldGeneratedFile, C:\Users\User\STM32CubeIDE\MAD_Lab\Lab7_1\Core\Inc\main.h_save
2023-09-30 23:16:03,938 [INFO] CodeEngine:279 - Generated code: C:\Users\User\STM32CubeIDE\MAD_Lab\Lab7_1\Core\Inc\main.h
2023-09-30 23:16:03,952 [INFO] CodeEngine:255 - oldGeneratedFile, C:\Users\User\STM32CubeIDE\MAD_Lab\Lab7_1\Core\Src\main.c_save
2023-09-30 23:16:04,050 [INFO] CodeEngine:279 - Generated code: C:\Users\User\STM32CubeIDE\MAD_Lab\Lab7_1\Core\Src\main.c
2023-09-30 23:16:04,451 [INFO] ProjectBuilder:3064 - Time for Copy HAL[1] : 166mS.
2023-09-30 23:16:04,454 [INFO] ProjectBuilder:4404 - Project Generator version: 4.1.0
2023-09-30 23:16:04,555 [INFO] ConfigFileManager:1457 - The Die is : DIE451
2023-09-30 23:16:05,781 [INFO] ProjectBuilder:4626 - Time for Generating toolchain IDE Files: 1327mS.
2023-09-30 23:16:05,782 [INFO] ProjectBuilder:2935 - Time for Copy CMSIS : 1mS.
2023-09-30 23:16:05,785 [INFO] ProjectBuilder:2935 - Time for Copy CMSIS : 0mS.
2023-09-30 23:18:11,876 [INFO] MainUpdater:2868 - connection check result : 10
2023-09-30 23:18:11,876 [INFO] MainUpdater:2868 - connection check result : 10
2023-09-30 23:18:11,964 [INFO] MicroXplorer:468 - Change Database Path : 
2023-09-30 23:18:11,964 [INFO] MicroXplorer:498 - Change Database Version : DB.6.0.90
2023-09-30 23:18:12,005 [WARN] ThirdParty:871 - waiting for thirdparty lock release [close project]
2023-09-30 23:18:12,006 [INFO] ThirdParty:873 - entering critical section [close project]
2023-09-30 23:18:12,006 [INFO] ThirdParty:883 - exiting critical section [close project]
2023-09-30 23:18:12,009 [INFO] PinOutPanel:1499 - setPackage(No Configuration,No Configuration)
2023-09-30 23:18:12,033 [WARN] IpParametersView:151 - Warning: This peripheral hasn't parameters
2023-09-30 23:18:12,042 [WARN] MainPanel:272 - <html><b><center>Warning: This peripheral has no parameters to be configured<br></b></html>
2023-09-30 23:18:12,058 [INFO] UtilMem:75 - Begin LoadConfig() Used Memory: 851574024 Bytes (1073741824)
2023-09-30 23:18:12,069 [INFO] MicroXplorer:468 - Change Database Path : C:/Users/User/.stm32cubemx/databases/DB.6.0.30/db/
2023-09-30 23:18:12,069 [INFO] MicroXplorer:498 - Change Database Version : DB.6.0.30
2023-09-30 23:18:13,391 [INFO] OpenFileManager:308 - Change cursor
2023-09-30 23:18:13,418 [INFO] RulesReader:64 - Compatibility file has been processed (242 Rules)
2023-09-30 23:18:13,433 [INFO] Mcu:1946 - Initializing MCU STM32F767ZITx STM32F767ZITx STM32F767ZIT6
2023-09-30 23:18:15,080 [INFO] Context:659 - Trying to add GPIOservice into a context  which must be forbidden
2023-09-30 23:18:15,592 [INFO] RtosManager:555 - Registered RTOS mode: class=CMSIS, group=RTOS, mode=CMSIS_V1, owner=FREERTOS
2023-09-30 23:18:15,592 [INFO] RtosManager:555 - Registered RTOS mode: class=CMSIS, group=RTOS2, mode=CMSIS_V2, owner=FREERTOS
2023-09-30 23:18:15,592 [INFO] RtosManager:555 - Registered RTOS mode: class=RTOS, group=Core, mode=CMSIS_V1, owner=FREERTOS
2023-09-30 23:18:15,592 [INFO] RtosManager:555 - Registered RTOS mode: class=RTOS, group=Core, mode=CMSIS_V2, owner=FREERTOS
2023-09-30 23:18:15,592 [WARN] ModelIntegratedComponent:184 - Missing modes for component STMicroelectronics:FreeRTOS:0.0.1:STMicroelectronics:RTOS:FreeRTOS:Core:::10.2.0:
2023-09-30 23:18:15,599 [WARN] ModelIntegratedComponent:63 - No mode defined for component null
2023-09-30 23:18:15,599 [WARN] ModelIntegratedComponent:63 - No mode defined for component null
2023-09-30 23:18:15,600 [WARN] ModelIntegratedComponent:63 - No mode defined for component null
2023-09-30 23:18:15,600 [WARN] ModelIntegratedComponent:63 - No mode defined for component null
2023-09-30 23:18:15,600 [WARN] ModelIntegratedComponent:63 - No mode defined for component null
2023-09-30 23:18:15,600 [WARN] ModelIntegratedComponent:63 - No mode defined for component null
2023-09-30 23:18:15,600 [WARN] ModelIntegratedComponent:63 - No mode defined for component null
2023-09-30 23:18:15,600 [WARN] ModelIntegratedComponent:63 - No mode defined for component null
2023-09-30 23:18:15,600 [WARN] ModelIntegratedComponent:63 - No mode defined for component null
2023-09-30 23:18:15,600 [WARN] ModelIntegratedComponent:63 - No mode defined for component null
2023-09-30 23:18:15,600 [WARN] ModelIntegratedComponent:63 - No mode defined for component null
2023-09-30 23:18:15,600 [WARN] ModelIntegratedComponent:63 - No mode defined for component null
2023-09-30 23:18:15,600 [WARN] ModelIntegratedComponent:63 - No mode defined for component null
2023-09-30 23:18:15,600 [WARN] ModelIntegratedComponent:63 - No mode defined for component null
2023-09-30 23:18:15,600 [WARN] ModelIntegratedComponent:63 - No mode defined for component null
2023-09-30 23:18:15,600 [WARN] ModelIntegratedComponent:63 - No mode defined for component null
2023-09-30 23:18:15,600 [WARN] ModelIntegratedComponent:63 - No mode defined for component null
2023-09-30 23:18:15,600 [WARN] ModelIntegratedComponent:63 - No mode defined for component null
2023-09-30 23:18:15,600 [WARN] ModelIntegratedComponent:63 - No mode defined for component null
2023-09-30 23:18:15,600 [WARN] ModelIntegratedComponent:63 - No mode defined for component null
2023-09-30 23:18:15,600 [WARN] ModelIntegratedComponent:63 - No mode defined for component null
2023-09-30 23:18:15,600 [WARN] ModelIntegratedComponent:63 - No mode defined for component null
2023-09-30 23:18:15,600 [WARN] ModelIntegratedComponent:63 - No mode defined for component null
2023-09-30 23:18:15,600 [WARN] ModelIntegratedComponent:63 - No mode defined for component null
2023-09-30 23:18:15,600 [WARN] ModelIntegratedComponent:63 - No mode defined for component null
2023-09-30 23:18:15,600 [WARN] ModelIntegratedComponent:63 - No mode defined for component null
2023-09-30 23:18:15,600 [WARN] ModelIntegratedComponent:63 - No mode defined for component null
2023-09-30 23:18:15,600 [WARN] ModelIntegratedComponent:63 - No mode defined for component null
2023-09-30 23:18:15,600 [WARN] ModelIntegratedComponent:63 - No mode defined for component null
2023-09-30 23:18:15,600 [WARN] ModelIntegratedComponent:63 - No mode defined for component null
2023-09-30 23:18:15,600 [WARN] ModelIntegratedComponent:63 - No mode defined for component null
2023-09-30 23:18:15,600 [WARN] ModelIntegratedComponent:63 - No mode defined for component null
2023-09-30 23:18:15,600 [WARN] ModelIntegratedComponent:63 - No mode defined for component null
2023-09-30 23:18:15,610 [INFO] ThirdPartyModel:298 - Start build external matchings
2023-09-30 23:18:15,810 [INFO] ThirdPartyModel:316 - End build external matchings
2023-09-30 23:18:15,821 [INFO] ImportTextPane:194 - (OptionalMessage_ERROR) IP (RCC) : Invalid parameter (48MHZClocksFreq_Value)
2023-09-30 23:18:15,821 [INFO] ImportTextPane:194 - (OptionalMessage_ERROR) IP (RCC) : Invalid parameter (ADC12outputFreq_Value)
2023-09-30 23:18:15,821 [INFO] ImportTextPane:194 - (OptionalMessage_ERROR) IP (RCC) : Invalid parameter (ADC34outputFreq_Value)
2023-09-30 23:18:15,822 [INFO] ImportTextPane:194 - (OptionalMessage_ERROR) IP (RCC) : Invalid parameter (FamilyName)
2023-09-30 23:18:15,822 [INFO] ImportTextPane:194 - (OptionalMessage_ERROR) IP (RCC) : Invalid parameter (I2SClocksFreq_Value)
2023-09-30 23:18:15,822 [INFO] ImportTextPane:194 - (OptionalMessage_ERROR) IP (RCC) : Invalid parameter (LCDTFToutputFreq_Value)
2023-09-30 23:18:15,822 [INFO] ImportTextPane:194 - (OptionalMessage_ERROR) IP (RCC) : Invalid parameter (MCOFreq_Value)
2023-09-30 23:18:15,823 [INFO] ImportTextPane:194 - (OptionalMessage_ERROR) IP (RCC) : Invalid parameter (PLLMCOFreq_Value)
2023-09-30 23:18:15,823 [INFO] ImportTextPane:194 - (OptionalMessage_ERROR) IP (RCC) : Invalid parameter (PLLMUL)
2023-09-30 23:18:15,823 [INFO] ImportTextPane:194 - (OptionalMessage_ERROR) IP (RCC) : Invalid parameter (PRESCALERUSB)
2023-09-30 23:18:15,823 [INFO] ImportTextPane:194 - (OptionalMessage_ERROR) IP (RCC) : Invalid parameter (RTCHSEDivFreq_Value)
2023-09-30 23:18:15,823 [INFO] ImportTextPane:194 - (OptionalMessage_ERROR) IP (RCC) : Parameter (SDMMC2Freq_Value) has invalid value (200000000)
2023-09-30 23:18:15,823 [INFO] ImportTextPane:194 - (OptionalMessage_ERROR) IP (RCC) : Parameter (SDMMCFreq_Value) has invalid value (200000000)
2023-09-30 23:18:15,823 [INFO] ImportTextPane:194 - (OptionalMessage_ERROR) IP (RCC) : Invalid parameter (SYSCLKSourceVirtual)
2023-09-30 23:18:15,823 [INFO] ImportTextPane:194 - (OptionalMessage_ERROR) IP (RCC) : Invalid parameter (TIM15Freq_Value)
2023-09-30 23:18:15,823 [INFO] ImportTextPane:194 - (OptionalMessage_ERROR) IP (RCC) : Invalid parameter (TIM16Freq_Value)
2023-09-30 23:18:15,823 [INFO] ImportTextPane:194 - (OptionalMessage_ERROR) IP (RCC) : Invalid parameter (TIM17Freq_Value)
2023-09-30 23:18:15,823 [INFO] ImportTextPane:194 - (OptionalMessage_ERROR) IP (RCC) : Invalid parameter (TIM1Freq_Value)
2023-09-30 23:18:15,823 [INFO] ImportTextPane:194 - (OptionalMessage_ERROR) IP (RCC) : Invalid parameter (TIM20Freq_Value)
2023-09-30 23:18:15,823 [INFO] ImportTextPane:194 - (OptionalMessage_ERROR) IP (RCC) : Invalid parameter (TIM2Freq_Value)
2023-09-30 23:18:15,823 [INFO] ImportTextPane:194 - (OptionalMessage_ERROR) IP (RCC) : Invalid parameter (TIM3Freq_Value)
2023-09-30 23:18:15,823 [INFO] ImportTextPane:194 - (OptionalMessage_ERROR) IP (RCC) : Invalid parameter (TIM8Freq_Value)
2023-09-30 23:18:15,823 [INFO] ImportTextPane:194 - (OptionalMessage_ERROR) IP (RCC) : Parameter (USBFreq_Value) has invalid value (44444444.44444445)
2023-09-30 23:18:15,824 [INFO] ImportTextPane:194 - (OptionalMessage_ERROR) IP (RCC) : Invalid parameter (VCOOutput2Freq_Value)
2023-09-30 23:18:15,824 [INFO] ImportTextPane:194 - (OptionalMessage_ERROR) IP (RCC) : Invalid parameter (VcooutputI2S)
2023-09-30 23:18:16,156 [INFO] UtilMem:75 - End LoadConfig() Used Memory: 653326512 Bytes (1073741824)
2023-09-30 23:18:16,181 [WARN] ThirdParty:833 - waiting for thirdparty lock release [change project]
2023-09-30 23:18:16,181 [INFO] ThirdParty:835 - entering critical section [change project]
2023-09-30 23:18:16,181 [INFO] ThirdParty:1030 - CMSIS Pack Vendor :STMicroelectronics X-CUBE-ISPU 1.1.0
2023-09-30 23:18:16,181 [INFO] ThirdParty:1030 - CMSIS Pack Vendor :STMicroelectronics USBPD 4.1
2023-09-30 23:18:16,181 [INFO] ThirdParty:1030 - CMSIS Pack Vendor :STMicroelectronics X-CUBE-GNSS1 6.0.0
2023-09-30 23:18:16,181 [INFO] ThirdParty:1030 - CMSIS Pack Vendor :STMicroelectronics USB_HOST 2.0.0
2023-09-30 23:18:16,181 [INFO] ThirdParty:1030 - CMSIS Pack Vendor :STMicroelectronics X-CUBE-AZRTOS-F4 1.1.0
2023-09-30 23:18:16,182 [INFO] ThirdParty:1030 - CMSIS Pack Vendor :STMicroelectronics LIBJPEG 8.0.0
2023-09-30 23:18:16,182 [INFO] ThirdParty:1030 - CMSIS Pack Vendor :wolfSSL I-CUBE-wolfSSL 5.6.3
2023-09-30 23:18:16,182 [INFO] ThirdParty:1030 - CMSIS Pack Vendor :STMicroelectronics X-CUBE-SMBUS 2.1.0
2023-09-30 23:18:16,182 [INFO] ThirdParty:1030 - CMSIS Pack Vendor :STMicroelectronics USB_DEVICE 3.0.0
2023-09-30 23:18:16,182 [INFO] ThirdParty:1030 - CMSIS Pack Vendor :STMicroelectronics X-CUBE-AZRTOS-WB 2.0.0
2023-09-30 23:18:16,182 [INFO] ThirdParty:1030 - CMSIS Pack Vendor :STMicroelectronics X-CUBE-FREERTOS 1.0.1
2023-09-30 23:18:16,182 [INFO] ThirdParty:1030 - CMSIS Pack Vendor :STMicroelectronics X-CUBE-AZRTOS-F7 1.1.0
2023-09-30 23:18:16,182 [INFO] ThirdParty:1030 - CMSIS Pack Vendor :STMicroelectronics X-CUBE-AZRTOS-L5 2.0.0
2023-09-30 23:18:16,182 [INFO] ThirdParty:1030 - CMSIS Pack Vendor :STMicroelectronics USB_DEVICE 2.0.0
2023-09-30 23:18:16,182 [INFO] ThirdParty:1030 - CMSIS Pack Vendor :STMicroelectronics X-CUBE-MEMS1 9.6.0
2023-09-30 23:18:16,182 [INFO] ThirdParty:1030 - CMSIS Pack Vendor :STMicroelectronics FP-SNS-MOTENV1 4.3.2
2023-09-30 23:18:16,182 [INFO] ThirdParty:1030 - CMSIS Pack Vendor :STMicroelectronics FP-SNS-FLIGHT1 5.0.1
2023-09-30 23:18:16,182 [INFO] ThirdParty:1030 - CMSIS Pack Vendor :STMicroelectronics X-CUBE-ALGOBUILD 1.3.0
2023-09-30 23:18:16,182 [INFO] ThirdParty:1030 - CMSIS Pack Vendor :STMicroelectronics X-CUBE-BLE1 6.2.4
2023-09-30 23:18:16,182 [INFO] ThirdParty:1030 - CMSIS Pack Vendor :STMicroelectronics X-CUBE-AZRTOS-L5 1.1.0
2023-09-30 23:18:16,182 [INFO] ThirdParty:1030 - CMSIS Pack Vendor :STMicroelectronics FreeRTOS 0.0.1
2023-09-30 23:18:16,182 [INFO] ThirdParty:1030 - CMSIS Pack Vendor :STMicroelectronics X-CUBE-AZRTOS-G0 1.1.0
2023-09-30 23:18:16,182 [INFO] ThirdParty:1030 - CMSIS Pack Vendor :STMicroelectronics X-CUBE-BLEMGR 2.0.0
2023-09-30 23:18:16,182 [INFO] ThirdParty:1030 - CMSIS Pack Vendor :STMicroelectronics X-CUBE-AI 8.0.1
2023-09-30 23:18:16,182 [INFO] ThirdParty:1030 - CMSIS Pack Vendor :STMicroelectronics X-CUBE-NFC4 3.0.0
2023-09-30 23:18:16,182 [INFO] ThirdParty:1030 - CMSIS Pack Vendor :STMicroelectronics X-CUBE-SUBG2 5.0.0
2023-09-30 23:18:16,182 [INFO] ThirdParty:1030 - CMSIS Pack Vendor :STMicroelectronics STM32_WPAN 1.0.0
2023-09-30 23:18:16,182 [INFO] ThirdParty:1030 - CMSIS Pack Vendor :STMicroelectronics lwIP 2.0.3
2023-09-30 23:18:16,182 [INFO] ThirdParty:1030 - CMSIS Pack Vendor :STMicroelectronics FP-SNS-FLIGHT1 5.0.2
2023-09-30 23:18:16,182 [INFO] ThirdParty:1030 - CMSIS Pack Vendor :STMicroelectronics USB_HOST 1.0.0
2023-09-30 23:18:16,182 [INFO] ThirdParty:1030 - CMSIS Pack Vendor :STMicroelectronics X-CUBE-TOF1 3.3.1
2023-09-30 23:18:16,182 [INFO] ThirdParty:1030 - CMSIS Pack Vendor :STMicroelectronics X-CUBE-AZRTOS-G4 2.0.0
2023-09-30 23:18:16,182 [INFO] ThirdParty:1030 - CMSIS Pack Vendor :STMicroelectronics PDM2PCM 3.1.0
2023-09-30 23:18:16,182 [INFO] ThirdParty:1030 - CMSIS Pack Vendor :STMicroelectronics X-CUBE-AZRTOS-H7 3.1.0
2023-09-30 23:18:16,182 [INFO] ThirdParty:1030 - CMSIS Pack Vendor :STMicroelectronics X-CUBE-TOF1 3.3.0
2023-09-30 23:18:16,182 [INFO] ThirdParty:1030 - CMSIS Pack Vendor :STMicroelectronics PDM2PCM 3.3.0
2023-09-30 23:18:16,182 [INFO] ThirdParty:1030 - CMSIS Pack Vendor :STMicroelectronics X-CUBE-DISPLAY 3.0.0
2023-09-30 23:18:16,182 [INFO] ThirdParty:1030 - CMSIS Pack Vendor :STMicroelectronics X-CUBE-BLE1 7.0.0
2023-09-30 23:18:16,182 [INFO] ThirdParty:1030 - CMSIS Pack Vendor :STMicroelectronics FP-ATR-SIGFOX1 3.2.0
2023-09-30 23:18:16,182 [INFO] ThirdParty:1030 - CMSIS Pack Vendor :STMicroelectronics HAL Drivers 0.0.0
2023-09-30 23:18:16,182 [INFO] ThirdParty:1030 - CMSIS Pack Vendor :STMicroelectronics MBEDTLS 2.16.2
2023-09-30 23:18:16,182 [INFO] ThirdParty:1030 - CMSIS Pack Vendor :emotas I-CUBE-CANOPEN 1.3.0
2023-09-30 23:18:16,182 [INFO] ThirdParty:1030 - CMSIS Pack Vendor :STMicroelectronics X-CUBE-FREERTOS 1.1.0
2023-09-30 23:18:16,182 [INFO] ThirdParty:1030 - CMSIS Pack Vendor :STMicroelectronics X-CUBE-TOUCHGFX 4.22.0
2023-09-30 23:18:16,182 [INFO] ThirdParty:1030 - CMSIS Pack Vendor :STMicroelectronics X-CUBE-NFC7 1.0.1
2023-09-30 23:18:16,182 [INFO] ThirdParty:1030 - CMSIS Pack Vendor :STMicroelectronics MBEDTLS 2.14.1
2023-09-30 23:18:16,182 [INFO] ThirdParty:1030 - CMSIS Pack Vendor :STMicroelectronics X-CUBE-NFC6 3.0.0
2023-09-30 23:18:16,182 [INFO] ThirdParty:1030 - CMSIS Pack Vendor :STMicroelectronics X-CUBE-EEPRMA1 4.1.0
2023-09-30 23:18:16,182 [INFO] ThirdParty:1030 - CMSIS Pack Vendor :portGmbH I-Cube-SoM-uGOAL 1.1.0
2023-09-30 23:18:16,182 [INFO] ThirdParty:1030 - CMSIS Pack Vendor :STMicroelectronics X-CUBE-ALS 1.0.1
2023-09-30 23:18:16,182 [INFO] ThirdParty:1030 - CMSIS Pack Vendor :STMicroelectronics ThreadX 1.0.0
2023-09-30 23:18:16,182 [INFO] ThirdParty:1030 - CMSIS Pack Vendor :STMicroelectronics FP-SNS-SMARTAG2 1.2.0
2023-09-30 23:18:16,182 [INFO] ThirdParty:1030 - CMSIS Pack Vendor :STMicroelectronics X-CUBE-AZRTOS-WB 1.1.0
2023-09-30 23:18:16,182 [INFO] ThirdParty:1030 - CMSIS Pack Vendor :STMicroelectronics X-CUBE-AZRTOS-WL 2.0.0
2023-09-30 23:18:16,182 [INFO] ThirdParty:1030 - CMSIS Pack Vendor :SEGGER I-CUBE-embOS 1.3.1
2023-09-30 23:18:16,182 [INFO] ThirdParty:1030 - CMSIS Pack Vendor :STMicroelectronics USB_DEVICE 1.0.0
2023-09-30 23:18:16,182 [INFO] ThirdParty:1030 - CMSIS Pack Vendor :STMicroelectronics X-CUBE-AI 8.1.0
2023-09-30 23:18:16,182 [INFO] ThirdParty:1030 - CMSIS Pack Vendor :STMicroelectronics X-CUBE-AZRTOS-L4 2.0.0
2023-09-30 23:18:16,182 [INFO] ThirdParty:1030 - CMSIS Pack Vendor :STMicroelectronics ThreadX 0.0.2
2023-09-30 23:18:16,182 [INFO] ThirdParty:1030 - CMSIS Pack Vendor :WES I-CUBE-Cesium 1.3.0
2023-09-30 23:18:16,182 [INFO] ThirdParty:1030 - CMSIS Pack Vendor :STMicroelectronics FP-ATR-ASTRA1 2.0.0
2023-09-30 23:18:16,182 [INFO] ThirdParty:1030 - CMSIS Pack Vendor :STMicroelectronics lwIP 2.1.2
2023-09-30 23:18:16,182 [INFO] ThirdParty:1030 - CMSIS Pack Vendor :STMicroelectronics X-CUBE-SFXS2LP1 4.0.0
2023-09-30 23:18:16,182 [INFO] ThirdParty:1030 - CMSIS Pack Vendor :STMicroelectronics X-CUBE-BLE2 3.3.0
2023-09-30 23:18:16,182 [INFO] ThirdParty:1030 - CMSIS Pack Vendor :STMicroelectronics PDM2PCM 3.2.0
2023-09-30 23:18:16,182 [INFO] ThirdParty:841 - exiting critical section [change project]
2023-09-30 23:18:16,352 [INFO] PinOutPanel:1499 - setPackage(No Configuration,No Configuration)
2023-09-30 23:18:16,354 [INFO] PinOutPanel:1499 - setPackage(STM32F767ZITx,LQFP144)
2023-09-30 23:18:16,702 [INFO] UtilMem:75 - Before build in PCC Used Memory: 692358136 Bytes (1073741824)
2023-09-30 23:18:16,957 [INFO] UtilMem:75 - After build in PCC Used Memory: 741641208 Bytes (1073741824)
2023-09-30 23:18:16,974 [INFO] IPUIPlugin:80 - create IPUIPlugin
2023-09-30 23:18:16,974 [INFO] IPUIPlugin:80 - create IPUIPlugin
2023-09-30 23:18:16,974 [INFO] IPUIPlugin:80 - create IPUIPlugin
2023-09-30 23:18:16,974 [INFO] IPUIPlugin:80 - create IPUIPlugin
2023-09-30 23:18:16,974 [INFO] IPUIPlugin:80 - create IPUIPlugin
2023-09-30 23:18:16,974 [INFO] IPUIPlugin:80 - create IPUIPlugin
2023-09-30 23:18:16,974 [INFO] IPUIPlugin:80 - create IPUIPlugin
2023-09-30 23:18:16,974 [INFO] IPUIPlugin:80 - create IPUIPlugin
2023-09-30 23:18:16,974 [INFO] IPUIPlugin:80 - create IPUIPlugin
2023-09-30 23:18:16,974 [INFO] IPUIPlugin:80 - create IPUIPlugin
2023-09-30 23:18:16,974 [INFO] IPUIPlugin:80 - create IPUIPlugin
2023-09-30 23:18:16,974 [INFO] IPUIPlugin:80 - create IPUIPlugin
2023-09-30 23:18:16,974 [INFO] IPUIPlugin:80 - create IPUIPlugin
2023-09-30 23:18:16,974 [INFO] IPUIPlugin:80 - create IPUIPlugin
2023-09-30 23:18:16,976 [INFO] IPUIPlugin:80 - create IPUIPlugin
2023-09-30 23:18:16,976 [INFO] IPUIPlugin:80 - create IPUIPlugin
2023-09-30 23:18:16,976 [INFO] IPUIPlugin:80 - create IPUIPlugin
2023-09-30 23:18:16,976 [INFO] IPUIPlugin:80 - create IPUIPlugin
2023-09-30 23:18:16,976 [INFO] IPUIPlugin:80 - create IPUIPlugin
2023-09-30 23:18:16,976 [INFO] IPUIPlugin:80 - create IPUIPlugin
2023-09-30 23:18:16,976 [INFO] IPUIPlugin:80 - create IPUIPlugin
2023-09-30 23:18:16,976 [INFO] IPUIPlugin:80 - create IPUIPlugin
2023-09-30 23:18:16,977 [INFO] IPUIPlugin:80 - create IPUIPlugin
2023-09-30 23:18:16,977 [INFO] IPUIPlugin:80 - create IPUIPlugin
2023-09-30 23:18:16,977 [INFO] IPUIPlugin:80 - create IPUIPlugin
2023-09-30 23:18:16,977 [INFO] IPUIPlugin:80 - create IPUIPlugin
2023-09-30 23:18:16,977 [INFO] IPUIPlugin:80 - create IPUIPlugin
2023-09-30 23:18:16,977 [INFO] IPUIPlugin:80 - create IPUIPlugin
2023-09-30 23:18:16,978 [INFO] IPUIPlugin:80 - create IPUIPlugin
2023-09-30 23:18:16,978 [INFO] IPUIPlugin:80 - create IPUIPlugin
2023-09-30 23:18:16,978 [INFO] IPUIPlugin:80 - create IPUIPlugin
2023-09-30 23:18:16,979 [INFO] IPUIPlugin:80 - create IPUIPlugin
2023-09-30 23:18:16,979 [INFO] IPUIPlugin:80 - create IPUIPlugin
2023-09-30 23:18:16,979 [INFO] IPUIPlugin:80 - create IPUIPlugin
2023-09-30 23:18:16,979 [INFO] IPUIPlugin:80 - create IPUIPlugin
2023-09-30 23:18:16,980 [INFO] IPUIPlugin:80 - create IPUIPlugin
2023-09-30 23:18:16,980 [INFO] IPUIPlugin:80 - create IPUIPlugin
2023-09-30 23:18:16,981 [INFO] IPUIPlugin:80 - create IPUIPlugin
2023-09-30 23:18:16,982 [INFO] IPUIPlugin:80 - create IPUIPlugin
2023-09-30 23:18:16,982 [INFO] IPUIPlugin:80 - create IPUIPlugin
2023-09-30 23:18:16,982 [INFO] IPUIPlugin:80 - create IPUIPlugin
2023-09-30 23:18:16,982 [INFO] IPUIPlugin:80 - create IPUIPlugin
2023-09-30 23:18:16,982 [INFO] IPUIPlugin:80 - create IPUIPlugin
2023-09-30 23:18:16,982 [INFO] IPUIPlugin:80 - create IPUIPlugin
2023-09-30 23:18:16,983 [INFO] IPUIPlugin:80 - create IPUIPlugin
2023-09-30 23:18:16,983 [INFO] IPUIPlugin:80 - create IPUIPlugin
2023-09-30 23:18:16,983 [INFO] IPUIPlugin:80 - create IPUIPlugin
2023-09-30 23:18:16,983 [INFO] IPUIPlugin:80 - create IPUIPlugin
2023-09-30 23:18:16,983 [INFO] IPUIPlugin:80 - create IPUIPlugin
2023-09-30 23:18:16,983 [INFO] IPUIPlugin:80 - create IPUIPlugin
2023-09-30 23:18:16,983 [INFO] IPUIPlugin:80 - create IPUIPlugin
2023-09-30 23:18:16,983 [INFO] IPUIPlugin:80 - create IPUIPlugin
2023-09-30 23:18:16,984 [INFO] IPUIPlugin:80 - create IPUIPlugin
2023-09-30 23:18:16,984 [INFO] IPUIPlugin:80 - create IPUIPlugin
2023-09-30 23:18:16,985 [INFO] IPUIPlugin:80 - create IPUIPlugin
2023-09-30 23:18:16,985 [INFO] IPUIPlugin:80 - create IPUIPlugin
2023-09-30 23:18:16,985 [INFO] IPUIPlugin:80 - create IPUIPlugin
2023-09-30 23:18:16,985 [INFO] IPUIPlugin:80 - create IPUIPlugin
2023-09-30 23:18:16,985 [INFO] IPUIPlugin:80 - create IPUIPlugin
2023-09-30 23:18:16,985 [INFO] IPUIPlugin:80 - create IPUIPlugin
2023-09-30 23:18:16,986 [INFO] IPUIPlugin:80 - create IPUIPlugin
2023-09-30 23:18:16,986 [INFO] IPUIPlugin:80 - create IPUIPlugin
2023-09-30 23:18:16,986 [INFO] IPUIPlugin:80 - create IPUIPlugin
2023-09-30 23:18:16,986 [INFO] IPUIPlugin:80 - create IPUIPlugin
2023-09-30 23:18:16,986 [INFO] IPUIPlugin:80 - create IPUIPlugin
2023-09-30 23:18:16,986 [INFO] IPUIPlugin:80 - create IPUIPlugin
2023-09-30 23:18:16,986 [INFO] IPUIPlugin:80 - create IPUIPlugin
2023-09-30 23:18:16,987 [INFO] IPUIPlugin:80 - create IPUIPlugin
2023-09-30 23:18:16,987 [INFO] IPUIPlugin:80 - create IPUIPlugin
2023-09-30 23:18:16,987 [INFO] IPUIPlugin:80 - create IPUIPlugin
2023-09-30 23:18:16,987 [INFO] IPUIPlugin:80 - create IPUIPlugin
2023-09-30 23:18:16,987 [INFO] IPUIPlugin:80 - create IPUIPlugin
2023-09-30 23:18:16,988 [INFO] IPUIPlugin:80 - create IPUIPlugin
2023-09-30 23:18:16,988 [INFO] IPUIPlugin:80 - create IPUIPlugin
2023-09-30 23:18:16,988 [INFO] IPUIPlugin:80 - create IPUIPlugin
2023-09-30 23:18:16,988 [INFO] IPUIPlugin:80 - create IPUIPlugin
2023-09-30 23:18:16,988 [INFO] IPUIPlugin:80 - create IPUIPlugin
2023-09-30 23:18:16,989 [INFO] IPUIPlugin:80 - create IPUIPlugin
2023-09-30 23:18:16,989 [INFO] IPUIPlugin:80 - create IPUIPlugin
2023-09-30 23:18:17,006 [INFO] ApiDbMcu:507 - Load IP Config File for PDM2PCM
2023-09-30 23:18:17,076 [INFO] CADModel:165 - CPN selected for project levelSTM32F767ZIT6
2023-09-30 23:18:17,076 [INFO] CADModel:114 - Register for checkConnection events
2023-09-30 23:18:17,132 [INFO] OpenFileManager:328 - Restore cursor
