2023-10-02 15:10:30,096 [INFO] Activator:176 - 


2023-10-02 15:10:30,101 [INFO] Activator:177 - !SESSION log4j initialized
2023-10-02 15:10:35,740 [INFO] LogOutputStream:77 - [STDOUT_REDIRECT] 
2023-10-02 15:10:43,014 [INFO] ApplicationProperties:184 - Using Application install path: C:\ST\STM32CubeIDE_1.13.0\STM32CubeIDE\plugins\com.st.stm32cube.common.mx_6.9.0.202307051724
2023-10-02 15:10:43,031 [INFO] DbMcusXml:78 - Set database path to: C:\ST\STM32CubeIDE_1.13.0\STM32CubeIDE\plugins\com.st.stm32cube.common.mx_6.9.0.202307051724\\db\/mcu/
2023-10-02 15:10:43,032 [INFO] ApiDb:274 - Set plugin database path to: C:\ST\STM32CubeIDE_1.13.0\STM32CubeIDE\plugins\com.st.stm32cube.common.mx_6.9.0.202307051724\\db\/plugins/boardmanager/
2023-10-02 15:10:43,032 [WARN] ApiDb:259 - Overriding images path with different value:  => C:\ST\STM32CubeIDE_1.13.0\STM32CubeIDE\plugins\com.st.stm32cube.common.mx_6.9.0.202307051724\\db\/plugins/mcufinder/images/
2023-10-02 15:10:43,047 [INFO] ApiDb:250 - Set database path to: C:\Users\User\.stmcufinder\plugins\mcufinder//mcu/
2023-10-02 15:10:43,048 [INFO] DbMcusAds:125 - Set database path to: C:\Users\User\.stmcufinder\plugins\mcufinder//mcu/
2023-10-02 15:10:43,051 [INFO] CrossReferenceDbSqlite:203 - Set database path to: C:\Users\User\.stmcufinder\plugins\mcufinder//mcu/cs/
2023-10-02 15:10:43,197 [INFO] RulesReader:64 - Compatibility file has been processed (293 Rules)
2023-10-02 15:10:43,362 [INFO] DbMcusXml:78 - Set database path to: C:\ST\STM32CubeIDE_1.13.0\STM32CubeIDE\plugins\com.st.stm32cube.common.mx_6.9.0.202307051724\\db\/mcu/
2023-10-02 15:10:43,362 [INFO] ApiDb:274 - Set plugin database path to: C:\ST\STM32CubeIDE_1.13.0\STM32CubeIDE\plugins\com.st.stm32cube.common.mx_6.9.0.202307051724\\db\/plugins/boardmanager/
2023-10-02 15:10:43,362 [INFO] ApiDb:261 - Set plugin images path to: C:\ST\STM32CubeIDE_1.13.0\STM32CubeIDE\plugins\com.st.stm32cube.common.mx_6.9.0.202307051724\\db\/plugins/mcufinder/images/
2023-10-02 15:10:43,362 [WARN] DbFile:41 - Overriding database path with different value: C:\Users\User\.stmcufinder\plugins\mcufinder/ => C:\Users\User\.stmcufinder\plugins\mcufinder
2023-10-02 15:10:43,362 [INFO] ApiDb:250 - Set database path to: C:\Users\User\.stmcufinder\plugins\mcufinder//mcu/
2023-10-02 15:10:43,362 [WARN] DbFile:41 - Overriding database path with different value: C:\Users\User\.stmcufinder\plugins\mcufinder/ => C:\Users\User\.stmcufinder\plugins\mcufinder
2023-10-02 15:10:43,363 [INFO] DbMcusAds:125 - Set database path to: C:\Users\User\.stmcufinder\plugins\mcufinder//mcu/
2023-10-02 15:10:43,363 [WARN] DbFile:41 - Overriding database path with different value: C:\Users\User\.stmcufinder\plugins\mcufinder/ => C:\Users\User\.stmcufinder\plugins\mcufinder
2023-10-02 15:10:43,363 [WARN] DbFile:41 - Overriding database path with different value: C:\Users\User\.stmcufinder\plugins\mcufinder/ => C:\Users\User\.stmcufinder\plugins\mcufinder
2023-10-02 15:10:43,363 [INFO] CrossReferenceDbSqlite:203 - Set database path to: C:\Users\User\.stmcufinder\plugins\mcufinder//mcu/cs/
2023-10-02 15:10:43,444 [INFO] MainPanel:262 - HeapMemory: 268435456
2023-10-02 15:10:43,547 [INFO] DbMcusXml:78 - Set database path to: C:\ST\STM32CubeIDE_1.13.0\STM32CubeIDE\plugins\com.st.stm32cube.common.mx_6.9.0.202307051724\\db\/mcu/
2023-10-02 15:10:43,547 [INFO] ApiDb:274 - Set plugin database path to: C:\ST\STM32CubeIDE_1.13.0\STM32CubeIDE\plugins\com.st.stm32cube.common.mx_6.9.0.202307051724\\db\/plugins/boardmanager/
2023-10-02 15:10:43,547 [INFO] ApiDb:261 - Set plugin images path to: C:\ST\STM32CubeIDE_1.13.0\STM32CubeIDE\plugins\com.st.stm32cube.common.mx_6.9.0.202307051724\\db\/plugins/mcufinder/images/
2023-10-02 15:10:43,548 [WARN] DbFile:41 - Overriding database path with different value: C:\Users\User\.stmcufinder\plugins\mcufinder/ => C:\Users\User\.stmcufinder\plugins\mcufinder
2023-10-02 15:10:43,548 [INFO] ApiDb:250 - Set database path to: C:\Users\User\.stmcufinder\plugins\mcufinder//mcu/
2023-10-02 15:10:43,548 [WARN] DbFile:41 - Overriding database path with different value: C:\Users\User\.stmcufinder\plugins\mcufinder/ => C:\Users\User\.stmcufinder\plugins\mcufinder
2023-10-02 15:10:43,548 [INFO] DbMcusAds:125 - Set database path to: C:\Users\User\.stmcufinder\plugins\mcufinder//mcu/
2023-10-02 15:10:43,548 [WARN] DbFile:41 - Overriding database path with different value: C:\Users\User\.stmcufinder\plugins\mcufinder/ => C:\Users\User\.stmcufinder\plugins\mcufinder
2023-10-02 15:10:43,548 [WARN] DbFile:41 - Overriding database path with different value: C:\Users\User\.stmcufinder\plugins\mcufinder/ => C:\Users\User\.stmcufinder\plugins\mcufinder
2023-10-02 15:10:43,548 [INFO] CrossReferenceDbSqlite:203 - Set database path to: C:\Users\User\.stmcufinder\plugins\mcufinder//mcu/cs/
2023-10-02 15:10:43,568 [INFO] ApplicationProperties:184 - Using Application install path: C:\ST\STM32CubeIDE_1.13.0\STM32CubeIDE\plugins\com.st.stm32cube.common.mx_6.9.0.202307051724
2023-10-02 15:10:43,570 [INFO] PluginManage:196 - Search for loadable plugins [exclusion list=, ]
2023-10-02 15:10:43,572 [INFO] PluginManage:310 - Check plugin analytics
2023-10-02 15:10:43,782 [INFO] AnalyticsPlugin:253 - Accepted Software Licenses: 
2023-10-02 15:10:43,782 [INFO] AnalyticsPlugin:255 - Accepted CMSIS Pack Licenses: 
2023-10-02 15:10:43,783 [INFO] AnalyticsPlugin:257 - Accepted Firmware Licenses: FW.F7.1.17.0,FW.F4.1.27.0
2023-10-02 15:10:43,786 [INFO] PluginManage:359 - Loaded plugin analytics (category:tool,tabindex:-1)
2023-10-02 15:10:43,786 [INFO] PluginManage:310 - Check plugin cadmodel
2023-10-02 15:10:43,799 [INFO] CADModel:105 - Init CAD model plugin
2023-10-02 15:10:43,799 [INFO] PluginManage:359 - Loaded plugin cadmodel (category:power,tabindex:5)
2023-10-02 15:10:43,800 [INFO] PluginManage:310 - Check plugin clock
2023-10-02 15:10:43,817 [INFO] PluginManage:359 - Loaded plugin clock (category:base,tabindex:2)
2023-10-02 15:10:43,817 [INFO] PluginManage:310 - Check plugin ddr
2023-10-02 15:10:43,820 [INFO] PluginManage:359 - Loaded plugin ddr (category:tool,tabindex:6)
2023-10-02 15:10:43,820 [INFO] PluginManage:310 - Check plugin filemanager
2023-10-02 15:10:43,962 [INFO] PluginManage:359 - Loaded plugin filemanager (category:base,tabindex:10)
2023-10-02 15:10:43,963 [INFO] PluginManage:310 - Check plugin ipmanager
2023-10-02 15:10:43,972 [INFO] PluginManage:359 - Loaded plugin ipmanager (category:base,tabindex:5)
2023-10-02 15:10:43,972 [INFO] PluginManage:310 - Check plugin lpbam
2023-10-02 15:10:43,992 [INFO] PluginManage:359 - Loaded plugin lpbam (category:base,tabindex:0)
2023-10-02 15:10:43,993 [INFO] PluginManage:310 - Check plugin memorymap
2023-10-02 15:10:44,021 [INFO] PluginManage:359 - Loaded plugin memorymap (category:base,tabindex:4)
2023-10-02 15:10:44,021 [INFO] PluginManage:310 - Check plugin pinoutandconfiguration
2023-10-02 15:10:44,044 [INFO] PluginManage:359 - Loaded plugin pinoutandconfiguration (category:base,tabindex:1)
2023-10-02 15:10:44,044 [INFO] PluginManage:310 - Check plugin pinoutconfig
2023-10-02 15:10:44,157 [WARN] SupportedApi:132 - Cannot load RTOS API schema: s4s-elt-must-match.1: The content of 'definitions' must match (annotation?, (simpleType | complexType)?, (unique | key | keyref)*)). A problem was found starting at: attribute.
2023-10-02 15:10:44,279 [INFO] PluginManage:359 - Loaded plugin pinoutconfig (category:base,tabindex:0)
2023-10-02 15:10:44,279 [INFO] PluginManage:310 - Check plugin power
2023-10-02 15:10:44,297 [INFO] PluginManage:359 - Loaded plugin power (category:power,tabindex:4)
2023-10-02 15:10:44,297 [INFO] PluginManage:310 - Check plugin projectmanager
2023-10-02 15:10:44,309 [INFO] PluginManage:359 - Loaded plugin projectmanager (category:projectmanager,tabindex:3)
2023-10-02 15:10:44,309 [INFO] PluginManage:310 - Check plugin thirdparty
2023-10-02 15:10:44,541 [INFO] PluginManage:359 - Loaded plugin thirdparty (category:base,tabindex:-1)
2023-10-02 15:10:44,541 [WARN] IntegrityCheckThread:84 - waiting for thirdparty lock release [integrity check]
2023-10-02 15:10:44,541 [INFO] PluginManage:310 - Check plugin tools
2023-10-02 15:10:44,541 [INFO] IntegrityCheckThread:86 - entering critical section [integrity check]
2023-10-02 15:10:44,542 [INFO] ThirdPartyUpdaterWithRetryManager:70 - Updater plugin not ready yet. [1/15]
2023-10-02 15:10:44,566 [INFO] PluginManage:359 - Loaded plugin tools (category:base,tabindex:7)
2023-10-02 15:10:44,566 [INFO] PluginManage:310 - Check plugin tutovideos
2023-10-02 15:10:44,745 [INFO] PluginManage:359 - Loaded plugin tutovideos (category:base,tabindex:-1)
2023-10-02 15:10:44,746 [INFO] PluginManage:310 - Check plugin updater
2023-10-02 15:10:44,756 [INFO] PluginManage:359 - Loaded plugin updater (category:base,tabindex:12)
2023-10-02 15:10:44,756 [INFO] PluginManage:310 - Check plugin userauth
2023-10-02 15:10:44,762 [INFO] UserAuth:113 - Init User Auth plugin
2023-10-02 15:10:44,762 [INFO] PluginManage:359 - Loaded plugin userauth (category:base,tabindex:14)
2023-10-02 15:10:44,763 [INFO] PluginManage:283 - PluginManage : Loaded plugins [17]
2023-10-02 15:10:44,975 [INFO] PinOutPanel:1499 - setPackage(No Configuration,No Configuration)
2023-10-02 15:10:45,076 [INFO] CADModel:165 - CPN selected for project level
2023-10-02 15:10:45,076 [INFO] CADModel:114 - Register for checkConnection events
2023-10-02 15:10:45,099 [INFO] IPUIPlugin:80 - create IPUIPlugin
2023-10-02 15:10:45,099 [INFO] PluginManager:220 - loadIPPluginJar : add adc
2023-10-02 15:10:45,124 [INFO] IPUIPlugin:80 - create IPUIPlugin
2023-10-02 15:10:45,124 [INFO] PluginManager:220 - loadIPPluginJar : add aes
2023-10-02 15:10:45,158 [INFO] IPUIPlugin:80 - create IPUIPlugin
2023-10-02 15:10:45,158 [INFO] PluginManager:220 - loadIPPluginJar : add can
2023-10-02 15:10:45,179 [INFO] IPUIPlugin:80 - create IPUIPlugin
2023-10-02 15:10:45,179 [INFO] PluginManager:220 - loadIPPluginJar : add comp
2023-10-02 15:10:45,204 [INFO] IPUIPlugin:80 - create IPUIPlugin
2023-10-02 15:10:45,205 [INFO] PluginManager:220 - loadIPPluginJar : add cryp
2023-10-02 15:10:45,230 [INFO] IPUIPlugin:80 - create IPUIPlugin
2023-10-02 15:10:45,230 [INFO] PluginManager:220 - loadIPPluginJar : add dfsdm
2023-10-02 15:10:45,241 [INFO] IPUIPlugin:80 - create IPUIPlugin
2023-10-02 15:10:45,242 [INFO] PluginManager:220 - loadIPPluginJar : add dma
2023-10-02 15:10:45,273 [INFO] IPUIPlugin:80 - create IPUIPlugin
2023-10-02 15:10:45,274 [INFO] PluginManager:220 - loadIPPluginJar : add dma3
2023-10-02 15:10:45,288 [INFO] IPUIPlugin:80 - create IPUIPlugin
2023-10-02 15:10:45,288 [INFO] PluginManager:220 - loadIPPluginJar : add fatfs
2023-10-02 15:10:45,321 [INFO] IPUIPlugin:80 - create IPUIPlugin
2023-10-02 15:10:45,321 [INFO] PluginManager:220 - loadIPPluginJar : add fmc
2023-10-02 15:10:45,334 [INFO] IPUIPlugin:80 - create IPUIPlugin
2023-10-02 15:10:45,334 [INFO] PluginManager:220 - loadIPPluginJar : add freertos
2023-10-02 15:10:45,349 [INFO] IPUIPlugin:80 - create IPUIPlugin
2023-10-02 15:10:45,349 [INFO] PluginManager:220 - loadIPPluginJar : add genericplugin
2023-10-02 15:10:45,411 [INFO] IPUIPlugin:80 - create IPUIPlugin
2023-10-02 15:10:45,411 [INFO] PluginManager:220 - loadIPPluginJar : add gfxmmu
2023-10-02 15:10:45,503 [INFO] IPUIPlugin:80 - create IPUIPlugin
2023-10-02 15:10:45,504 [INFO] PluginManager:220 - loadIPPluginJar : add gic
2023-10-02 15:10:45,514 [INFO] IPUIPlugin:80 - create IPUIPlugin
2023-10-02 15:10:45,514 [INFO] PluginManager:220 - loadIPPluginJar : add gpio
2023-10-02 15:10:45,579 [INFO] IPUIPlugin:80 - create IPUIPlugin
2023-10-02 15:10:45,579 [INFO] PluginManager:220 - loadIPPluginJar : add gtzc
2023-10-02 15:10:45,601 [INFO] IPUIPlugin:80 - create IPUIPlugin
2023-10-02 15:10:45,601 [INFO] PluginManager:220 - loadIPPluginJar : add hash
2023-10-02 15:10:45,637 [INFO] IPUIPlugin:80 - create IPUIPlugin
2023-10-02 15:10:45,637 [INFO] PluginManager:220 - loadIPPluginJar : add i2c
2023-10-02 15:10:45,669 [INFO] IPUIPlugin:80 - create IPUIPlugin
2023-10-02 15:10:45,669 [INFO] PluginManager:220 - loadIPPluginJar : add i2s
2023-10-02 15:10:45,698 [INFO] IPUIPlugin:80 - create IPUIPlugin
2023-10-02 15:10:45,698 [INFO] PluginManager:220 - loadIPPluginJar : add i3c
2023-10-02 15:10:45,764 [INFO] IPUIPlugin:80 - create IPUIPlugin
2023-10-02 15:10:45,764 [INFO] PluginManager:220 - loadIPPluginJar : add ipddr
2023-10-02 15:10:45,830 [INFO] IPUIPlugin:80 - create IPUIPlugin
2023-10-02 15:10:45,830 [INFO] PluginManager:220 - loadIPPluginJar : add linkedlist
2023-10-02 15:10:45,855 [INFO] IPUIPlugin:80 - create IPUIPlugin
2023-10-02 15:10:45,855 [INFO] PluginManager:220 - loadIPPluginJar : add lorawan
2023-10-02 15:10:45,880 [INFO] IPUIPlugin:80 - create IPUIPlugin
2023-10-02 15:10:45,880 [INFO] PluginManager:220 - loadIPPluginJar : add ltdc
2023-10-02 15:10:45,892 [INFO] IPUIPlugin:80 - create IPUIPlugin
2023-10-02 15:10:45,893 [INFO] PluginManager:220 - loadIPPluginJar : add mdma
2023-10-02 15:10:45,903 [INFO] IPUIPlugin:80 - create IPUIPlugin
2023-10-02 15:10:45,904 [INFO] PluginManager:220 - loadIPPluginJar : add nvic
2023-10-02 15:10:45,931 [INFO] IPUIPlugin:80 - create IPUIPlugin
2023-10-02 15:10:45,931 [INFO] PluginManager:220 - loadIPPluginJar : add opamp
2023-10-02 15:10:45,974 [INFO] IPUIPlugin:80 - create IPUIPlugin
2023-10-02 15:10:45,974 [INFO] PluginManager:220 - loadIPPluginJar : add openamp
2023-10-02 15:10:46,006 [INFO] IPUIPlugin:80 - create IPUIPlugin
2023-10-02 15:10:46,006 [INFO] PluginManager:220 - loadIPPluginJar : add pdm2pcm
2023-10-02 15:10:46,019 [INFO] IPUIPlugin:80 - create IPUIPlugin
2023-10-02 15:10:46,021 [INFO] PluginManager:220 - loadIPPluginJar : add plateformsettings
2023-10-02 15:10:46,037 [INFO] IPUIPlugin:80 - create IPUIPlugin
2023-10-02 15:10:46,037 [INFO] PluginManager:220 - loadIPPluginJar : add quadspi
2023-10-02 15:10:46,048 [INFO] IPUIPlugin:80 - create IPUIPlugin
2023-10-02 15:10:46,049 [INFO] PluginManager:220 - loadIPPluginJar : add resmgrutility
2023-10-02 15:10:46,083 [INFO] IPUIPlugin:80 - create IPUIPlugin
2023-10-02 15:10:46,083 [INFO] PluginManager:220 - loadIPPluginJar : add sai
2023-10-02 15:10:46,110 [INFO] IPUIPlugin:80 - create IPUIPlugin
2023-10-02 15:10:46,110 [INFO] PluginManager:220 - loadIPPluginJar : add spi
2023-10-02 15:10:46,147 [INFO] IPUIPlugin:80 - create IPUIPlugin
2023-10-02 15:10:46,147 [INFO] PluginManager:220 - loadIPPluginJar : add stm32_wpan
2023-10-02 15:10:46,163 [INFO] IPUIPlugin:80 - create IPUIPlugin
2023-10-02 15:10:46,164 [INFO] PluginManager:220 - loadIPPluginJar : add tim
2023-10-02 15:10:46,200 [INFO] IPUIPlugin:80 - create IPUIPlugin
2023-10-02 15:10:46,200 [INFO] PluginManager:220 - loadIPPluginJar : add touchsensing
2023-10-02 15:10:46,218 [INFO] IPUIPlugin:80 - create IPUIPlugin
2023-10-02 15:10:46,218 [INFO] PluginManager:220 - loadIPPluginJar : add tracer_emb
2023-10-02 15:10:46,235 [INFO] IPUIPlugin:80 - create IPUIPlugin
2023-10-02 15:10:46,236 [INFO] PluginManager:220 - loadIPPluginJar : add ts
2023-10-02 15:10:46,252 [INFO] IPUIPlugin:80 - create IPUIPlugin
2023-10-02 15:10:46,252 [INFO] PluginManager:220 - loadIPPluginJar : add tsc
2023-10-02 15:10:46,270 [INFO] IPUIPlugin:80 - create IPUIPlugin
2023-10-02 15:10:46,270 [INFO] PluginManager:220 - loadIPPluginJar : add ucpd
2023-10-02 15:10:46,305 [INFO] IPUIPlugin:80 - create IPUIPlugin
2023-10-02 15:10:46,305 [INFO] PluginManager:220 - loadIPPluginJar : add usart
2023-10-02 15:10:46,341 [INFO] IPUIPlugin:80 - create IPUIPlugin
2023-10-02 15:10:46,341 [INFO] PluginManager:220 - loadIPPluginJar : add usbx
2023-10-02 15:10:46,458 [INFO] CADModel:165 - CPN selected for project level
2023-10-02 15:10:46,459 [INFO] CADModel:114 - Register for checkConnection events
2023-10-02 15:10:46,459 [FATAL] Updater:308 - Updater called before beeing initialized
2023-10-02 15:10:46,459 [ERROR] CADModel:125 - Updater not yet initialized, retry later 
2023-10-02 15:10:46,590 [INFO] CADModel:165 - CPN selected for project level
2023-10-02 15:10:46,591 [INFO] CADModel:114 - Register for checkConnection events
2023-10-02 15:10:46,591 [FATAL] Updater:308 - Updater called before beeing initialized
2023-10-02 15:10:46,591 [ERROR] CADModel:125 - Updater not yet initialized, retry later 
2023-10-02 15:10:46,595 [FATAL] Updater:308 - Updater called before beeing initialized
2023-10-02 15:10:46,721 [FATAL] Updater:308 - Updater called before beeing initialized
2023-10-02 15:10:46,729 [INFO] DbMcusAds:53 - JSON generation date=Tue Mar 07 15:50:55 ICT 2023 (1678179055114)
2023-10-02 15:10:46,729 [FATAL] Updater:308 - Updater called before beeing initialized
2023-10-02 15:10:46,761 [WARN] DetailPanel:346 - Failed to get advertising image, set to default
2023-10-02 15:10:46,831 [FATAL] Updater:308 - Updater called before beeing initialized
2023-10-02 15:10:46,833 [FATAL] Updater:308 - Updater called before beeing initialized
2023-10-02 15:10:46,833 [FATAL] Updater:308 - Updater called before beeing initialized
2023-10-02 15:10:46,833 [WARN] DetailPanel:346 - Failed to get advertising image, set to default
2023-10-02 15:10:46,834 [FATAL] Updater:308 - Updater called before beeing initialized
2023-10-02 15:10:46,880 [ERROR] Updater:1120 - MainUpdater not yet initialized. External WinMGr cannot be set.
2023-10-02 15:10:46,888 [INFO] Updater:1056 - Updater Version found : 6.9.0
2023-10-02 15:10:46,901 [INFO] ApplicationProperties:184 - Using Application install path: C:\ST\STM32CubeIDE_1.13.0\STM32CubeIDE\plugins\com.st.stm32cube.common.mx_6.9.0.202307051724
2023-10-02 15:10:47,088 [INFO] MainUpdater:2868 - connection check result : 10
2023-10-02 15:10:47,088 [INFO] MainUpdater:3562 - Updater definition file requires update
2023-10-02 15:10:47,090 [INFO] MainUpdater:285 - Updater Check For Update Now.
2023-10-02 15:10:47,090 [INFO] MicroXplorer:498 - Change Database Version : DB.6.0.90
2023-10-02 15:10:47,104 [INFO] McuFinderGlobals:63 - Set McuFinder mode to 2 (CubeIDE integrated)
2023-10-02 15:10:47,549 [WARN] MainUpdater:1189 - Updater busy. Cannot search thirdparties
2023-10-02 15:10:47,549 [INFO] ThirdPartyUpdaterWithRetryManager:96 - Updater plugin is busy. [1/15]
2023-10-02 15:10:48,855 [INFO] ServerAccessManage:473 - Download File updaters.zip
2023-10-02 15:10:48,971 [INFO] FileExtend:240 - Unzip File : updaters.zip
2023-10-02 15:10:48,971 [INFO] FileExtend:255 - Standard Zip Deflate
2023-10-02 15:10:50,162 [INFO] ServerAccessManage:473 - Download File PacksControlFlags.xml
2023-10-02 15:10:50,551 [WARN] MainUpdater:1189 - Updater busy. Cannot search thirdparties
2023-10-02 15:10:50,551 [INFO] ThirdPartyUpdaterWithRetryManager:96 - Updater plugin is busy. [2/15]
2023-10-02 15:10:51,104 [INFO] ServerAccessManage:473 - Download File cubemx.pidx
2023-10-02 15:10:51,166 [INFO] LoadServerUpdatesThread:373 - End of LoadServerUpdate Thread
2023-10-02 15:10:51,399 [INFO] CheckServerUpdateThread:120 - End of CheckServer Thread
2023-10-02 15:10:54,302 [WARN] PackLoader:240 - Cannot read IP mode file for STMicroelectronics.X-CUBE-SMBUS.2.1.0
2023-10-02 15:10:54,327 [WARN] PackLoader:240 - Cannot read IP mode file for STMicroelectronics.X-CUBE-AZRTOS-F7.1.1.0
2023-10-02 15:10:54,354 [WARN] PackLoader:240 - Cannot read IP mode file for STMicroelectronics.FP-SNS-MOTENV1.4.3.2
2023-10-02 15:10:54,363 [WARN] PackLoader:240 - Cannot read IP mode file for STMicroelectronics.FP-SNS-FLIGHT1.5.0.1
2023-10-02 15:10:54,375 [WARN] PackLoader:240 - Cannot read IP mode file for STMicroelectronics.X-CUBE-BLE1.6.2.4
2023-10-02 15:10:54,383 [WARN] PackLoader:240 - Cannot read IP mode file for STMicroelectronics.FP-SNS-FLIGHT1.5.0.2
2023-10-02 15:10:54,393 [WARN] PackLoader:240 - Cannot read IP mode file for STMicroelectronics.X-CUBE-DISPLAY.3.0.0
2023-10-02 15:10:54,404 [WARN] PackLoader:240 - Cannot read IP mode file for STMicroelectronics.X-CUBE-BLE1.7.0.0
2023-10-02 15:10:54,413 [WARN] PackLoader:240 - Cannot read IP mode file for emotas.I-CUBE-CANOPEN.1.3.0
2023-10-02 15:10:54,423 [WARN] PackLoader:240 - Cannot read IP mode file for STMicroelectronics.X-CUBE-TOUCHGFX.4.22.0
2023-10-02 15:10:54,432 [WARN] PackLoader:240 - Cannot read IP mode file for STMicroelectronics.FP-SNS-SMARTAG2.1.2.0
2023-10-02 15:10:54,447 [INFO] LogOutputStream:77 - [STDOUT_REDIRECT] 1 : Invalid condition id : UX_CORESTACK_Condition cause : null
2023-10-02 15:10:54,447 [INFO] LogOutputStream:77 - [STDOUT_REDIRECT] 1 : Invalid condition id : UX_CORESTACK_Condition cause : null
2023-10-02 15:10:54,448 [INFO] LogOutputStream:77 - [STDOUT_REDIRECT] 1 : Invalid condition id : UX_CORESTACK_Condition cause : null
2023-10-02 15:10:54,449 [INFO] LogOutputStream:77 - [STDOUT_REDIRECT] 1 : Invalid condition id : UX_CORESTACK_Condition cause : null
2023-10-02 15:10:54,449 [INFO] LogOutputStream:77 - [STDOUT_REDIRECT] 1 : Invalid condition id : UX_CORESTACK_Condition cause : null
2023-10-02 15:10:54,451 [WARN] PackLoader:240 - Cannot read IP mode file for STMicroelectronics.X-CUBE-AZRTOS-WL.2.0.0
2023-10-02 15:10:54,462 [WARN] PackLoader:240 - Cannot read IP mode file for WES.I-CUBE-Cesium.1.3.0
2023-10-02 15:10:54,471 [WARN] PackLoader:240 - Cannot read IP mode file for STMicroelectronics.X-CUBE-BLE2.3.3.0
2023-10-02 15:10:54,480 [WARN] PackLoader:240 - Cannot read IP mode file for STMicroelectronics.X-CUBE-ALGOBUILD.1.3.0
2023-10-02 15:10:54,499 [WARN] PackLoader:240 - Cannot read IP mode file for STMicroelectronics.X-CUBE-AZRTOS-G0.1.1.0
2023-10-02 15:10:54,509 [WARN] PackLoader:240 - Cannot read IP mode file for STMicroelectronics.X-CUBE-NFC4.3.0.0
2023-10-02 15:10:54,517 [WARN] PackLoader:240 - Cannot read IP mode file for STMicroelectronics.FP-ATR-SIGFOX1.3.2.0
2023-10-02 15:10:54,544 [WARN] PackLoader:240 - Cannot read IP mode file for SEGGER.I-CUBE-embOS.1.3.1
2023-10-02 15:10:54,571 [WARN] PackLoader:240 - Cannot read IP mode file for STMicroelectronics.X-CUBE-GNSS1.6.0.0
2023-10-02 15:10:54,589 [WARN] PackLoader:240 - Cannot read IP mode file for STMicroelectronics.X-CUBE-AZRTOS-F4.1.1.0
2023-10-02 15:10:54,598 [WARN] PackLoader:240 - Cannot read IP mode file for wolfSSL.I-CUBE-wolfSSL.5.6.3
2023-10-02 15:10:54,617 [WARN] PackLoader:240 - Cannot read IP mode file for STMicroelectronics.X-CUBE-AZRTOS-L5.2.0.0
2023-10-02 15:10:54,657 [WARN] PackLoader:240 - Cannot read IP mode file for STMicroelectronics.X-CUBE-MEMS1.9.6.0
2023-10-02 15:10:54,757 [WARN] PackLoader:240 - Cannot read IP mode file for STMicroelectronics.X-CUBE-BLEMGR.2.0.0
2023-10-02 15:10:54,778 [WARN] ConditionMgr:438 - getConditionDescription Invalid condition id : UX DEVICE CLASS RTOS Condition cause : null
2023-10-02 15:10:54,778 [WARN] ConditionMgr:438 - getConditionDescription Invalid condition id : UX DEVICE CLASS RTOS Condition cause : null
2023-10-02 15:10:54,780 [WARN] PackLoader:240 - Cannot read IP mode file for STMicroelectronics.X-CUBE-AZRTOS-H7.3.1.0
2023-10-02 15:10:54,780 [WARN] ConditionMgr:1039 - genDependencies : Invalid condition id : UX DEVICE CLASS RTOS Condition cause : null
2023-10-02 15:10:54,780 [WARN] ConditionMgr:1039 - genDependencies : Invalid condition id : UX DEVICE CLASS RTOS Condition cause : null
2023-10-02 15:10:54,781 [WARN] ConditionMgr:1039 - genDependencies : Invalid condition id : UX DEVICE CLASS RTOS Condition cause : null
2023-10-02 15:10:54,781 [WARN] ConditionMgr:1039 - genDependencies : Invalid condition id : UX DEVICE CLASS RTOS Condition cause : null
2023-10-02 15:10:54,781 [WARN] ConditionMgr:1039 - genDependencies : Invalid condition id : UX DEVICE CLASS RTOS Condition cause : null
2023-10-02 15:10:54,791 [WARN] PackLoader:240 - Cannot read IP mode file for STMicroelectronics.X-CUBE-NFC7.1.0.1
2023-10-02 15:10:54,802 [WARN] PackLoader:240 - Cannot read IP mode file for STMicroelectronics.X-CUBE-NFC6.3.0.0
2023-10-02 15:10:54,820 [WARN] PackLoader:240 - Cannot read IP mode file for STMicroelectronics.X-CUBE-EEPRMA1.4.1.0
2023-10-02 15:10:54,828 [WARN] PackLoader:240 - Cannot read IP mode file for STMicroelectronics.X-CUBE-AI.8.1.0
2023-10-02 15:10:54,845 [WARN] ConditionMgr:438 - getConditionDescription Invalid condition id : LAN8742 Phy interface Condition cause : null
2023-10-02 15:10:54,846 [WARN] PackLoader:240 - Cannot read IP mode file for STMicroelectronics.X-CUBE-AZRTOS-L4.2.0.0
2023-10-02 15:10:54,846 [WARN] ConditionMgr:1039 - genDependencies : Invalid condition id : LAN8742 Phy interface Condition cause : null
2023-10-02 15:10:54,847 [WARN] ConditionMgr:1039 - genDependencies : Invalid condition id : LAN8742 Phy interface Condition cause : null
2023-10-02 15:10:54,847 [WARN] ConditionMgr:1039 - genDependencies : Invalid condition id : LAN8742 Phy interface Condition cause : null
2023-10-02 15:10:54,857 [WARN] PackLoader:240 - Cannot read IP mode file for STMicroelectronics.X-CUBE-SFXS2LP1.4.0.0
2023-10-02 15:10:54,865 [WARN] PackLoader:240 - Cannot read IP mode file for STMicroelectronics.X-CUBE-ISPU.1.1.0
2023-10-02 15:10:54,880 [WARN] ConditionMgr:438 - getConditionDescription Invalid condition id : UX DEVICE CLASS RTOS Condition cause : null
2023-10-02 15:10:54,880 [WARN] ConditionMgr:438 - getConditionDescription Invalid condition id : UX DEVICE CLASS RTOS Condition cause : null
2023-10-02 15:10:54,881 [WARN] PackLoader:240 - Cannot read IP mode file for STMicroelectronics.X-CUBE-AZRTOS-WB.2.0.0
2023-10-02 15:10:54,882 [WARN] ConditionMgr:1039 - genDependencies : Invalid condition id : UX DEVICE CLASS RTOS Condition cause : null
2023-10-02 15:10:54,882 [WARN] ConditionMgr:1039 - genDependencies : Invalid condition id : UX DEVICE CLASS RTOS Condition cause : null
2023-10-02 15:10:54,882 [WARN] ConditionMgr:1039 - genDependencies : Invalid condition id : UX DEVICE CLASS RTOS Condition cause : null
2023-10-02 15:10:54,882 [WARN] ConditionMgr:1039 - genDependencies : Invalid condition id : UX DEVICE CLASS RTOS Condition cause : null
2023-10-02 15:10:54,882 [WARN] ConditionMgr:1039 - genDependencies : Invalid condition id : UX DEVICE CLASS RTOS Condition cause : null
2023-10-02 15:10:54,891 [WARN] PackLoader:240 - Cannot read IP mode file for STMicroelectronics.X-CUBE-FREERTOS.1.0.1
2023-10-02 15:10:54,927 [WARN] PackLoader:240 - Cannot read IP mode file for STMicroelectronics.X-CUBE-AZRTOS-L5.1.1.0
2023-10-02 15:10:54,935 [WARN] PackLoader:240 - Cannot read IP mode file for STMicroelectronics.X-CUBE-AI.8.0.1
2023-10-02 15:10:54,957 [WARN] PackLoader:240 - Cannot read IP mode file for STMicroelectronics.X-CUBE-SUBG2.5.0.0
2023-10-02 15:10:54,971 [WARN] PackLoader:240 - Cannot read IP mode file for STMicroelectronics.X-CUBE-TOF1.3.3.1
2023-10-02 15:10:54,993 [WARN] PackLoader:240 - Cannot read IP mode file for STMicroelectronics.X-CUBE-AZRTOS-G4.2.0.0
2023-10-02 15:10:55,012 [WARN] PackLoader:240 - Cannot read IP mode file for STMicroelectronics.X-CUBE-TOF1.3.3.0
2023-10-02 15:10:55,024 [WARN] PackLoader:240 - Cannot read IP mode file for STMicroelectronics.X-CUBE-FREERTOS.1.1.0
2023-10-02 15:10:55,039 [WARN] PackLoader:240 - Cannot read IP mode file for portGmbH.I-Cube-SoM-uGOAL.1.1.0
2023-10-02 15:10:55,047 [WARN] PackLoader:240 - Cannot read IP mode file for STMicroelectronics.X-CUBE-ALS.1.0.1
2023-10-02 15:10:55,069 [WARN] PackLoader:240 - Cannot read IP mode file for STMicroelectronics.X-CUBE-AZRTOS-WB.1.1.0
2023-10-02 15:10:55,079 [WARN] PackLoader:240 - Cannot read IP mode file for STMicroelectronics.FP-ATR-ASTRA1.2.0.0
2023-10-02 15:10:55,079 [INFO] ThirdParty:978 - Integrity check success = true
2023-10-02 15:10:55,080 [INFO] IntegrityCheckThread:100 - exiting critical section [integrity check]
2023-10-02 15:10:55,080 [INFO] IntegrityCheckThread:103 - End integrity checks thread
2023-10-02 15:11:08,310 [ERROR] LogOutputStream:75 - [STDERR_REDIRECT] SLF4J: Failed to load class "org.slf4j.impl.StaticLoggerBinder".
2023-10-02 15:11:08,311 [ERROR] LogOutputStream:75 - [STDERR_REDIRECT] SLF4J: Defaulting to no-operation (NOP) logger implementation
2023-10-02 15:11:08,311 [ERROR] LogOutputStream:75 - [STDERR_REDIRECT] SLF4J: See http://www.slf4j.org/codes.html#StaticLoggerBinder for further details.
2023-10-02 15:49:34,114 [ERROR] ConfigurationRetriever:142 - IOException on connection: Read timed out
2023-10-02 15:49:36,816 [ERROR] ConfigurationRetriever:142 - IOException on connection: Connection reset
2023-10-02 15:51:13,951 [ERROR] ConfigurationRetriever:142 - IOException on connection: Read timed out
2023-10-02 22:37:40,379 [ERROR] ConfigurationRetriever:142 - IOException on connection: sw-center.st.com
2023-10-02 22:37:40,389 [ERROR] ConfigurationRetriever:142 - IOException on connection: sw-center.st.com
2023-10-02 22:37:40,390 [ERROR] ConfigurationRetriever:142 - IOException on connection: sw-center.st.com
