2023-07-26 15:31:20,776 [INFO] Activator:176 - 


2023-07-26 15:31:20,782 [INFO] Activator:177 - !SESSION log4j initialized
2023-07-26 15:31:26,989 [INFO] LogOutputStream:77 - [STDOUT_REDIRECT] 
2023-07-26 15:31:28,622 [INFO] ApplicationProperties:184 - Using Application install path: C:\ST\STM32CubeIDE_1.13.0\STM32CubeIDE\plugins\com.st.stm32cube.common.mx_6.9.0.202307051724
2023-07-26 15:31:28,640 [INFO] DbMcusXml:78 - Set database path to: C:\ST\STM32CubeIDE_1.13.0\STM32CubeIDE\plugins\com.st.stm32cube.common.mx_6.9.0.202307051724\\db\/mcu/
2023-07-26 15:31:28,641 [INFO] ApiDb:274 - Set plugin database path to: C:\ST\STM32CubeIDE_1.13.0\STM32CubeIDE\plugins\com.st.stm32cube.common.mx_6.9.0.202307051724\\db\/plugins/boardmanager/
2023-07-26 15:31:28,642 [WARN] ApiDb:259 - Overriding images path with different value:  => C:\ST\STM32CubeIDE_1.13.0\STM32CubeIDE\plugins\com.st.stm32cube.common.mx_6.9.0.202307051724\\db\/plugins/mcufinder/images/
2023-07-26 15:31:28,654 [INFO] ApiDb:250 - Set database path to: C:\Users\User\.stmcufinder\plugins\mcufinder//mcu/
2023-07-26 15:31:28,656 [INFO] DbMcusAds:125 - Set database path to: C:\Users\User\.stmcufinder\plugins\mcufinder//mcu/
2023-07-26 15:31:28,657 [INFO] CrossReferenceDbSqlite:203 - Set database path to: C:\Users\User\.stmcufinder\plugins\mcufinder//mcu/cs/
2023-07-26 15:31:28,748 [INFO] RulesReader:64 - Compatibility file has been processed (293 Rules)
2023-07-26 15:31:28,823 [INFO] DbMcusXml:78 - Set database path to: C:\ST\STM32CubeIDE_1.13.0\STM32CubeIDE\plugins\com.st.stm32cube.common.mx_6.9.0.202307051724\\db\/mcu/
2023-07-26 15:31:28,824 [INFO] ApiDb:274 - Set plugin database path to: C:\ST\STM32CubeIDE_1.13.0\STM32CubeIDE\plugins\com.st.stm32cube.common.mx_6.9.0.202307051724\\db\/plugins/boardmanager/
2023-07-26 15:31:28,824 [INFO] ApiDb:261 - Set plugin images path to: C:\ST\STM32CubeIDE_1.13.0\STM32CubeIDE\plugins\com.st.stm32cube.common.mx_6.9.0.202307051724\\db\/plugins/mcufinder/images/
2023-07-26 15:31:28,824 [WARN] DbFile:41 - Overriding database path with different value: C:\Users\User\.stmcufinder\plugins\mcufinder/ => C:\Users\User\.stmcufinder\plugins\mcufinder
2023-07-26 15:31:28,824 [INFO] ApiDb:250 - Set database path to: C:\Users\User\.stmcufinder\plugins\mcufinder//mcu/
2023-07-26 15:31:28,824 [WARN] DbFile:41 - Overriding database path with different value: C:\Users\User\.stmcufinder\plugins\mcufinder/ => C:\Users\User\.stmcufinder\plugins\mcufinder
2023-07-26 15:31:28,824 [INFO] DbMcusAds:125 - Set database path to: C:\Users\User\.stmcufinder\plugins\mcufinder//mcu/
2023-07-26 15:31:28,824 [WARN] DbFile:41 - Overriding database path with different value: C:\Users\User\.stmcufinder\plugins\mcufinder/ => C:\Users\User\.stmcufinder\plugins\mcufinder
2023-07-26 15:31:28,824 [WARN] DbFile:41 - Overriding database path with different value: C:\Users\User\.stmcufinder\plugins\mcufinder/ => C:\Users\User\.stmcufinder\plugins\mcufinder
2023-07-26 15:31:28,824 [INFO] CrossReferenceDbSqlite:203 - Set database path to: C:\Users\User\.stmcufinder\plugins\mcufinder//mcu/cs/
2023-07-26 15:31:28,897 [INFO] MainPanel:262 - HeapMemory: 268435456
2023-07-26 15:31:29,002 [INFO] DbMcusXml:78 - Set database path to: C:\ST\STM32CubeIDE_1.13.0\STM32CubeIDE\plugins\com.st.stm32cube.common.mx_6.9.0.202307051724\\db\/mcu/
2023-07-26 15:31:29,002 [INFO] ApiDb:274 - Set plugin database path to: C:\ST\STM32CubeIDE_1.13.0\STM32CubeIDE\plugins\com.st.stm32cube.common.mx_6.9.0.202307051724\\db\/plugins/boardmanager/
2023-07-26 15:31:29,002 [INFO] ApiDb:261 - Set plugin images path to: C:\ST\STM32CubeIDE_1.13.0\STM32CubeIDE\plugins\com.st.stm32cube.common.mx_6.9.0.202307051724\\db\/plugins/mcufinder/images/
2023-07-26 15:31:29,003 [WARN] DbFile:41 - Overriding database path with different value: C:\Users\User\.stmcufinder\plugins\mcufinder/ => C:\Users\User\.stmcufinder\plugins\mcufinder
2023-07-26 15:31:29,003 [INFO] ApiDb:250 - Set database path to: C:\Users\User\.stmcufinder\plugins\mcufinder//mcu/
2023-07-26 15:31:29,003 [WARN] DbFile:41 - Overriding database path with different value: C:\Users\User\.stmcufinder\plugins\mcufinder/ => C:\Users\User\.stmcufinder\plugins\mcufinder
2023-07-26 15:31:29,003 [INFO] DbMcusAds:125 - Set database path to: C:\Users\User\.stmcufinder\plugins\mcufinder//mcu/
2023-07-26 15:31:29,003 [WARN] DbFile:41 - Overriding database path with different value: C:\Users\User\.stmcufinder\plugins\mcufinder/ => C:\Users\User\.stmcufinder\plugins\mcufinder
2023-07-26 15:31:29,003 [WARN] DbFile:41 - Overriding database path with different value: C:\Users\User\.stmcufinder\plugins\mcufinder/ => C:\Users\User\.stmcufinder\plugins\mcufinder
2023-07-26 15:31:29,003 [INFO] CrossReferenceDbSqlite:203 - Set database path to: C:\Users\User\.stmcufinder\plugins\mcufinder//mcu/cs/
2023-07-26 15:31:29,023 [INFO] ApplicationProperties:184 - Using Application install path: C:\ST\STM32CubeIDE_1.13.0\STM32CubeIDE\plugins\com.st.stm32cube.common.mx_6.9.0.202307051724
2023-07-26 15:31:29,024 [INFO] PluginManage:196 - Search for loadable plugins [exclusion list=, ]
2023-07-26 15:31:29,025 [INFO] PluginManage:310 - Check plugin analytics
2023-07-26 15:31:29,151 [INFO] AnalyticsPlugin:253 - Accepted Software Licenses: 
2023-07-26 15:31:29,151 [INFO] AnalyticsPlugin:255 - Accepted CMSIS Pack Licenses: 
2023-07-26 15:31:29,151 [INFO] AnalyticsPlugin:257 - Accepted Firmware Licenses: FW.F7.1.17.0
2023-07-26 15:31:29,154 [INFO] PluginManage:359 - Loaded plugin analytics (category:tool,tabindex:-1)
2023-07-26 15:31:29,154 [INFO] PluginManage:310 - Check plugin cadmodel
2023-07-26 15:31:29,166 [INFO] CADModel:105 - Init CAD model plugin
2023-07-26 15:31:29,166 [INFO] PluginManage:359 - Loaded plugin cadmodel (category:power,tabindex:5)
2023-07-26 15:31:29,167 [INFO] PluginManage:310 - Check plugin clock
2023-07-26 15:31:29,184 [INFO] PluginManage:359 - Loaded plugin clock (category:base,tabindex:2)
2023-07-26 15:31:29,184 [INFO] PluginManage:310 - Check plugin ddr
2023-07-26 15:31:29,186 [INFO] PluginManage:359 - Loaded plugin ddr (category:tool,tabindex:6)
2023-07-26 15:31:29,187 [INFO] PluginManage:310 - Check plugin filemanager
2023-07-26 15:31:29,297 [INFO] PluginManage:359 - Loaded plugin filemanager (category:base,tabindex:10)
2023-07-26 15:31:29,297 [INFO] PluginManage:310 - Check plugin ipmanager
2023-07-26 15:31:29,305 [INFO] PluginManage:359 - Loaded plugin ipmanager (category:base,tabindex:5)
2023-07-26 15:31:29,305 [INFO] PluginManage:310 - Check plugin lpbam
2023-07-26 15:31:29,321 [INFO] PluginManage:359 - Loaded plugin lpbam (category:base,tabindex:0)
2023-07-26 15:31:29,321 [INFO] PluginManage:310 - Check plugin memorymap
2023-07-26 15:31:29,341 [INFO] PluginManage:359 - Loaded plugin memorymap (category:base,tabindex:4)
2023-07-26 15:31:29,342 [INFO] PluginManage:310 - Check plugin pinoutandconfiguration
2023-07-26 15:31:29,356 [INFO] PluginManage:359 - Loaded plugin pinoutandconfiguration (category:base,tabindex:1)
2023-07-26 15:31:29,356 [INFO] PluginManage:310 - Check plugin pinoutconfig
2023-07-26 15:31:29,440 [WARN] SupportedApi:132 - Cannot load RTOS API schema: s4s-elt-must-match.1: The content of 'definitions' must match (annotation?, (simpleType | complexType)?, (unique | key | keyref)*)). A problem was found starting at: attribute.
2023-07-26 15:31:29,552 [INFO] PluginManage:359 - Loaded plugin pinoutconfig (category:base,tabindex:0)
2023-07-26 15:31:29,552 [INFO] PluginManage:310 - Check plugin power
2023-07-26 15:31:29,570 [INFO] PluginManage:359 - Loaded plugin power (category:power,tabindex:4)
2023-07-26 15:31:29,570 [INFO] PluginManage:310 - Check plugin projectmanager
2023-07-26 15:31:29,582 [INFO] PluginManage:359 - Loaded plugin projectmanager (category:projectmanager,tabindex:3)
2023-07-26 15:31:29,582 [INFO] PluginManage:310 - Check plugin thirdparty
2023-07-26 15:31:29,821 [INFO] PluginManage:359 - Loaded plugin thirdparty (category:base,tabindex:-1)
2023-07-26 15:31:29,821 [WARN] IntegrityCheckThread:84 - waiting for thirdparty lock release [integrity check]
2023-07-26 15:31:29,821 [INFO] PluginManage:310 - Check plugin tools
2023-07-26 15:31:29,821 [INFO] IntegrityCheckThread:86 - entering critical section [integrity check]
2023-07-26 15:31:29,822 [INFO] ThirdPartyUpdaterWithRetryManager:70 - Updater plugin not ready yet. [1/15]
2023-07-26 15:31:29,854 [INFO] PluginManage:359 - Loaded plugin tools (category:base,tabindex:7)
2023-07-26 15:31:29,854 [INFO] PluginManage:310 - Check plugin tutovideos
2023-07-26 15:31:30,064 [INFO] PluginManage:359 - Loaded plugin tutovideos (category:base,tabindex:-1)
2023-07-26 15:31:30,064 [INFO] PluginManage:310 - Check plugin updater
2023-07-26 15:31:30,075 [INFO] PluginManage:359 - Loaded plugin updater (category:base,tabindex:12)
2023-07-26 15:31:30,075 [INFO] PluginManage:310 - Check plugin userauth
2023-07-26 15:31:30,081 [INFO] UserAuth:113 - Init User Auth plugin
2023-07-26 15:31:30,081 [INFO] PluginManage:359 - Loaded plugin userauth (category:base,tabindex:14)
2023-07-26 15:31:30,082 [INFO] PluginManage:283 - PluginManage : Loaded plugins [17]
2023-07-26 15:31:30,294 [INFO] PinOutPanel:1499 - setPackage(No Configuration,No Configuration)
2023-07-26 15:31:30,397 [INFO] CADModel:165 - CPN selected for project level
2023-07-26 15:31:30,397 [INFO] CADModel:114 - Register for checkConnection events
2023-07-26 15:31:30,421 [INFO] IPUIPlugin:80 - create IPUIPlugin
2023-07-26 15:31:30,421 [INFO] PluginManager:220 - loadIPPluginJar : add adc
2023-07-26 15:31:30,445 [INFO] IPUIPlugin:80 - create IPUIPlugin
2023-07-26 15:31:30,445 [INFO] PluginManager:220 - loadIPPluginJar : add aes
2023-07-26 15:31:30,476 [INFO] IPUIPlugin:80 - create IPUIPlugin
2023-07-26 15:31:30,476 [INFO] PluginManager:220 - loadIPPluginJar : add can
2023-07-26 15:31:30,513 [INFO] IPUIPlugin:80 - create IPUIPlugin
2023-07-26 15:31:30,513 [INFO] PluginManager:220 - loadIPPluginJar : add comp
2023-07-26 15:31:30,544 [INFO] IPUIPlugin:80 - create IPUIPlugin
2023-07-26 15:31:30,544 [INFO] PluginManager:220 - loadIPPluginJar : add cryp
2023-07-26 15:31:30,574 [INFO] IPUIPlugin:80 - create IPUIPlugin
2023-07-26 15:31:30,574 [INFO] PluginManager:220 - loadIPPluginJar : add dfsdm
2023-07-26 15:31:30,586 [INFO] IPUIPlugin:80 - create IPUIPlugin
2023-07-26 15:31:30,587 [INFO] PluginManager:220 - loadIPPluginJar : add dma
2023-07-26 15:31:30,625 [INFO] IPUIPlugin:80 - create IPUIPlugin
2023-07-26 15:31:30,625 [INFO] PluginManager:220 - loadIPPluginJar : add dma3
2023-07-26 15:31:30,642 [INFO] IPUIPlugin:80 - create IPUIPlugin
2023-07-26 15:31:30,643 [INFO] PluginManager:220 - loadIPPluginJar : add fatfs
2023-07-26 15:31:30,683 [INFO] IPUIPlugin:80 - create IPUIPlugin
2023-07-26 15:31:30,683 [INFO] PluginManager:220 - loadIPPluginJar : add fmc
2023-07-26 15:31:30,696 [INFO] IPUIPlugin:80 - create IPUIPlugin
2023-07-26 15:31:30,696 [INFO] PluginManager:220 - loadIPPluginJar : add freertos
2023-07-26 15:31:30,711 [INFO] IPUIPlugin:80 - create IPUIPlugin
2023-07-26 15:31:30,711 [INFO] PluginManager:220 - loadIPPluginJar : add genericplugin
2023-07-26 15:31:30,777 [INFO] IPUIPlugin:80 - create IPUIPlugin
2023-07-26 15:31:30,777 [INFO] PluginManager:220 - loadIPPluginJar : add gfxmmu
2023-07-26 15:31:30,870 [INFO] IPUIPlugin:80 - create IPUIPlugin
2023-07-26 15:31:30,870 [INFO] PluginManager:220 - loadIPPluginJar : add gic
2023-07-26 15:31:30,881 [INFO] IPUIPlugin:80 - create IPUIPlugin
2023-07-26 15:31:30,881 [INFO] PluginManager:220 - loadIPPluginJar : add gpio
2023-07-26 15:31:30,954 [INFO] IPUIPlugin:80 - create IPUIPlugin
2023-07-26 15:31:30,954 [INFO] PluginManager:220 - loadIPPluginJar : add gtzc
2023-07-26 15:31:30,977 [INFO] IPUIPlugin:80 - create IPUIPlugin
2023-07-26 15:31:30,978 [INFO] PluginManager:220 - loadIPPluginJar : add hash
2023-07-26 15:31:31,015 [INFO] IPUIPlugin:80 - create IPUIPlugin
2023-07-26 15:31:31,015 [INFO] PluginManager:220 - loadIPPluginJar : add i2c
2023-07-26 15:31:31,042 [INFO] IPUIPlugin:80 - create IPUIPlugin
2023-07-26 15:31:31,042 [INFO] PluginManager:220 - loadIPPluginJar : add i2s
2023-07-26 15:31:31,070 [INFO] IPUIPlugin:80 - create IPUIPlugin
2023-07-26 15:31:31,071 [INFO] PluginManager:220 - loadIPPluginJar : add i3c
2023-07-26 15:31:31,137 [INFO] IPUIPlugin:80 - create IPUIPlugin
2023-07-26 15:31:31,137 [INFO] PluginManager:220 - loadIPPluginJar : add ipddr
2023-07-26 15:31:31,208 [INFO] IPUIPlugin:80 - create IPUIPlugin
2023-07-26 15:31:31,209 [INFO] PluginManager:220 - loadIPPluginJar : add linkedlist
2023-07-26 15:31:31,237 [INFO] IPUIPlugin:80 - create IPUIPlugin
2023-07-26 15:31:31,238 [INFO] PluginManager:220 - loadIPPluginJar : add lorawan
2023-07-26 15:31:31,265 [INFO] IPUIPlugin:80 - create IPUIPlugin
2023-07-26 15:31:31,265 [INFO] PluginManager:220 - loadIPPluginJar : add ltdc
2023-07-26 15:31:31,277 [INFO] IPUIPlugin:80 - create IPUIPlugin
2023-07-26 15:31:31,277 [INFO] PluginManager:220 - loadIPPluginJar : add mdma
2023-07-26 15:31:31,288 [INFO] IPUIPlugin:80 - create IPUIPlugin
2023-07-26 15:31:31,288 [INFO] PluginManager:220 - loadIPPluginJar : add nvic
2023-07-26 15:31:31,317 [INFO] IPUIPlugin:80 - create IPUIPlugin
2023-07-26 15:31:31,317 [INFO] PluginManager:220 - loadIPPluginJar : add opamp
2023-07-26 15:31:31,364 [INFO] IPUIPlugin:80 - create IPUIPlugin
2023-07-26 15:31:31,364 [INFO] PluginManager:220 - loadIPPluginJar : add openamp
2023-07-26 15:31:31,399 [INFO] IPUIPlugin:80 - create IPUIPlugin
2023-07-26 15:31:31,399 [INFO] PluginManager:220 - loadIPPluginJar : add pdm2pcm
2023-07-26 15:31:31,413 [INFO] IPUIPlugin:80 - create IPUIPlugin
2023-07-26 15:31:31,415 [INFO] PluginManager:220 - loadIPPluginJar : add plateformsettings
2023-07-26 15:31:31,437 [INFO] IPUIPlugin:80 - create IPUIPlugin
2023-07-26 15:31:31,437 [INFO] PluginManager:220 - loadIPPluginJar : add quadspi
2023-07-26 15:31:31,450 [INFO] IPUIPlugin:80 - create IPUIPlugin
2023-07-26 15:31:31,450 [INFO] PluginManager:220 - loadIPPluginJar : add resmgrutility
2023-07-26 15:31:31,485 [INFO] IPUIPlugin:80 - create IPUIPlugin
2023-07-26 15:31:31,485 [INFO] PluginManager:220 - loadIPPluginJar : add sai
2023-07-26 15:31:31,513 [INFO] IPUIPlugin:80 - create IPUIPlugin
2023-07-26 15:31:31,513 [INFO] PluginManager:220 - loadIPPluginJar : add spi
2023-07-26 15:31:31,552 [INFO] IPUIPlugin:80 - create IPUIPlugin
2023-07-26 15:31:31,552 [INFO] PluginManager:220 - loadIPPluginJar : add stm32_wpan
2023-07-26 15:31:31,569 [INFO] IPUIPlugin:80 - create IPUIPlugin
2023-07-26 15:31:31,569 [INFO] PluginManager:220 - loadIPPluginJar : add tim
2023-07-26 15:31:31,607 [INFO] IPUIPlugin:80 - create IPUIPlugin
2023-07-26 15:31:31,607 [INFO] PluginManager:220 - loadIPPluginJar : add touchsensing
2023-07-26 15:31:31,623 [INFO] IPUIPlugin:80 - create IPUIPlugin
2023-07-26 15:31:31,623 [INFO] PluginManager:220 - loadIPPluginJar : add tracer_emb
2023-07-26 15:31:31,641 [INFO] IPUIPlugin:80 - create IPUIPlugin
2023-07-26 15:31:31,641 [INFO] PluginManager:220 - loadIPPluginJar : add ts
2023-07-26 15:31:31,656 [INFO] IPUIPlugin:80 - create IPUIPlugin
2023-07-26 15:31:31,656 [INFO] PluginManager:220 - loadIPPluginJar : add tsc
2023-07-26 15:31:31,672 [INFO] IPUIPlugin:80 - create IPUIPlugin
2023-07-26 15:31:31,673 [INFO] PluginManager:220 - loadIPPluginJar : add ucpd
2023-07-26 15:31:31,710 [INFO] IPUIPlugin:80 - create IPUIPlugin
2023-07-26 15:31:31,710 [INFO] PluginManager:220 - loadIPPluginJar : add usart
2023-07-26 15:31:31,744 [INFO] IPUIPlugin:80 - create IPUIPlugin
2023-07-26 15:31:31,744 [INFO] PluginManager:220 - loadIPPluginJar : add usbx
2023-07-26 15:31:31,857 [INFO] CADModel:165 - CPN selected for project level
2023-07-26 15:31:31,858 [INFO] CADModel:114 - Register for checkConnection events
2023-07-26 15:31:31,858 [FATAL] Updater:308 - Updater called before beeing initialized
2023-07-26 15:31:31,858 [ERROR] CADModel:125 - Updater not yet initialized, retry later 
2023-07-26 15:31:31,981 [INFO] CADModel:165 - CPN selected for project level
2023-07-26 15:31:31,981 [INFO] CADModel:114 - Register for checkConnection events
2023-07-26 15:31:31,982 [FATAL] Updater:308 - Updater called before beeing initialized
2023-07-26 15:31:31,982 [ERROR] CADModel:125 - Updater not yet initialized, retry later 
2023-07-26 15:31:31,985 [FATAL] Updater:308 - Updater called before beeing initialized
2023-07-26 15:31:32,144 [FATAL] Updater:308 - Updater called before beeing initialized
2023-07-26 15:31:32,153 [INFO] DbMcusAds:53 - JSON generation date=Tue Mar 07 15:50:55 ICT 2023 (1678179055114)
2023-07-26 15:31:32,153 [FATAL] Updater:308 - Updater called before beeing initialized
2023-07-26 15:31:32,188 [WARN] DetailPanel:346 - Failed to get advertising image, set to default
2023-07-26 15:31:32,259 [FATAL] Updater:308 - Updater called before beeing initialized
2023-07-26 15:31:32,261 [FATAL] Updater:308 - Updater called before beeing initialized
2023-07-26 15:31:32,261 [FATAL] Updater:308 - Updater called before beeing initialized
2023-07-26 15:31:32,261 [WARN] DetailPanel:346 - Failed to get advertising image, set to default
2023-07-26 15:31:32,262 [FATAL] Updater:308 - Updater called before beeing initialized
2023-07-26 15:31:32,310 [ERROR] Updater:1120 - MainUpdater not yet initialized. External WinMGr cannot be set.
2023-07-26 15:31:32,319 [INFO] Updater:1056 - Updater Version found : 6.9.0
2023-07-26 15:31:32,334 [INFO] ApplicationProperties:184 - Using Application install path: C:\ST\STM32CubeIDE_1.13.0\STM32CubeIDE\plugins\com.st.stm32cube.common.mx_6.9.0.202307051724
2023-07-26 15:31:32,823 [INFO] ThirdPartyUpdaterWithRetryManager:70 - Updater plugin not ready yet. [2/15]
2023-07-26 15:31:33,331 [INFO] MainUpdater:2868 - connection check result : 10
2023-07-26 15:31:33,332 [INFO] MainUpdater:285 - Updater Check For Update Now.
2023-07-26 15:31:33,332 [INFO] MicroXplorer:498 - Change Database Version : DB.6.0.90
2023-07-26 15:31:33,343 [INFO] McuFinderGlobals:63 - Set McuFinder mode to 2 (CubeIDE integrated)
2023-07-26 15:31:33,501 [INFO] CheckServerUpdateThread:120 - End of CheckServer Thread
2023-07-26 15:31:35,943 [WARN] PackLoader:240 - Cannot read IP mode file for STMicroelectronics.X-CUBE-SMBUS.2.1.0
2023-07-26 15:31:35,972 [WARN] PackLoader:240 - Cannot read IP mode file for STMicroelectronics.X-CUBE-AZRTOS-F7.1.1.0
2023-07-26 15:31:35,984 [WARN] PackLoader:240 - Cannot read IP mode file for STMicroelectronics.FP-SNS-MOTENV1.4.3.2
2023-07-26 15:31:35,993 [WARN] PackLoader:240 - Cannot read IP mode file for STMicroelectronics.FP-SNS-FLIGHT1.5.0.1
2023-07-26 15:31:36,006 [WARN] PackLoader:240 - Cannot read IP mode file for STMicroelectronics.X-CUBE-BLE1.6.2.4
2023-07-26 15:31:36,014 [WARN] PackLoader:240 - Cannot read IP mode file for STMicroelectronics.FP-SNS-FLIGHT1.5.0.2
2023-07-26 15:31:36,026 [WARN] PackLoader:240 - Cannot read IP mode file for STMicroelectronics.X-CUBE-DISPLAY.3.0.0
2023-07-26 15:31:36,039 [WARN] PackLoader:240 - Cannot read IP mode file for emotas.I-CUBE-CANOPEN.1.3.0
2023-07-26 15:31:36,051 [WARN] PackLoader:240 - Cannot read IP mode file for STMicroelectronics.X-CUBE-TOUCHGFX.4.22.0
2023-07-26 15:31:36,066 [INFO] LogOutputStream:77 - [STDOUT_REDIRECT] 1 : Invalid condition id : UX_CORESTACK_Condition cause : null
2023-07-26 15:31:36,067 [INFO] LogOutputStream:77 - [STDOUT_REDIRECT] 1 : Invalid condition id : UX_CORESTACK_Condition cause : null
2023-07-26 15:31:36,067 [INFO] LogOutputStream:77 - [STDOUT_REDIRECT] 1 : Invalid condition id : UX_CORESTACK_Condition cause : null
2023-07-26 15:31:36,068 [INFO] LogOutputStream:77 - [STDOUT_REDIRECT] 1 : Invalid condition id : UX_CORESTACK_Condition cause : null
2023-07-26 15:31:36,068 [INFO] LogOutputStream:77 - [STDOUT_REDIRECT] 1 : Invalid condition id : UX_CORESTACK_Condition cause : null
2023-07-26 15:31:36,071 [WARN] PackLoader:240 - Cannot read IP mode file for STMicroelectronics.X-CUBE-AZRTOS-WL.2.0.0
2023-07-26 15:31:36,084 [WARN] PackLoader:240 - Cannot read IP mode file for WES.I-CUBE-Cesium.1.3.0
2023-07-26 15:31:36,094 [WARN] PackLoader:240 - Cannot read IP mode file for STMicroelectronics.X-CUBE-BLE2.3.3.0
2023-07-26 15:31:36,104 [WARN] PackLoader:240 - Cannot read IP mode file for STMicroelectronics.X-CUBE-ALGOBUILD.1.3.0
2023-07-26 15:31:36,123 [WARN] PackLoader:240 - Cannot read IP mode file for STMicroelectronics.X-CUBE-AZRTOS-G0.1.1.0
2023-07-26 15:31:36,134 [WARN] PackLoader:240 - Cannot read IP mode file for STMicroelectronics.X-CUBE-NFC4.3.0.0
2023-07-26 15:31:36,143 [WARN] PackLoader:240 - Cannot read IP mode file for STMicroelectronics.FP-ATR-SIGFOX1.3.2.0
2023-07-26 15:31:36,174 [WARN] PackLoader:240 - Cannot read IP mode file for SEGGER.I-CUBE-embOS.1.3.1
2023-07-26 15:31:36,201 [WARN] PackLoader:240 - Cannot read IP mode file for STMicroelectronics.X-CUBE-GNSS1.6.0.0
2023-07-26 15:31:36,219 [WARN] PackLoader:240 - Cannot read IP mode file for STMicroelectronics.X-CUBE-AZRTOS-F4.1.1.0
2023-07-26 15:31:36,229 [WARN] PackLoader:240 - Cannot read IP mode file for wolfSSL.I-CUBE-wolfSSL.5.6.3
2023-07-26 15:31:36,258 [WARN] PackLoader:240 - Cannot read IP mode file for STMicroelectronics.X-CUBE-MEMS1.9.6.0
2023-07-26 15:31:36,346 [WARN] PackLoader:240 - Cannot read IP mode file for STMicroelectronics.X-CUBE-BLEMGR.2.0.0
2023-07-26 15:31:36,387 [WARN] ConditionMgr:438 - getConditionDescription Invalid condition id : UX DEVICE CLASS RTOS Condition cause : null
2023-07-26 15:31:36,388 [WARN] ConditionMgr:438 - getConditionDescription Invalid condition id : UX DEVICE CLASS RTOS Condition cause : null
2023-07-26 15:31:36,392 [WARN] PackLoader:240 - Cannot read IP mode file for STMicroelectronics.X-CUBE-AZRTOS-H7.3.1.0
2023-07-26 15:31:36,394 [WARN] ConditionMgr:1039 - genDependencies : Invalid condition id : UX DEVICE CLASS RTOS Condition cause : null
2023-07-26 15:31:36,395 [WARN] ConditionMgr:1039 - genDependencies : Invalid condition id : UX DEVICE CLASS RTOS Condition cause : null
2023-07-26 15:31:36,396 [WARN] ConditionMgr:1039 - genDependencies : Invalid condition id : UX DEVICE CLASS RTOS Condition cause : null
2023-07-26 15:31:36,396 [WARN] ConditionMgr:1039 - genDependencies : Invalid condition id : UX DEVICE CLASS RTOS Condition cause : null
2023-07-26 15:31:36,396 [WARN] ConditionMgr:1039 - genDependencies : Invalid condition id : UX DEVICE CLASS RTOS Condition cause : null
2023-07-26 15:31:36,407 [WARN] PackLoader:240 - Cannot read IP mode file for STMicroelectronics.X-CUBE-NFC7.1.0.1
2023-07-26 15:31:36,417 [WARN] PackLoader:240 - Cannot read IP mode file for STMicroelectronics.X-CUBE-EEPRMA1.4.1.0
2023-07-26 15:31:36,438 [WARN] ConditionMgr:438 - getConditionDescription Invalid condition id : LAN8742 Phy interface Condition cause : null
2023-07-26 15:31:36,439 [WARN] PackLoader:240 - Cannot read IP mode file for STMicroelectronics.X-CUBE-AZRTOS-L4.2.0.0
2023-07-26 15:31:36,440 [WARN] ConditionMgr:1039 - genDependencies : Invalid condition id : LAN8742 Phy interface Condition cause : null
2023-07-26 15:31:36,440 [WARN] ConditionMgr:1039 - genDependencies : Invalid condition id : LAN8742 Phy interface Condition cause : null
2023-07-26 15:31:36,440 [WARN] ConditionMgr:1039 - genDependencies : Invalid condition id : LAN8742 Phy interface Condition cause : null
2023-07-26 15:31:36,451 [WARN] PackLoader:240 - Cannot read IP mode file for STMicroelectronics.X-CUBE-SFXS2LP1.4.0.0
2023-07-26 15:31:36,461 [WARN] PackLoader:240 - Cannot read IP mode file for STMicroelectronics.X-CUBE-ISPU.1.1.0
2023-07-26 15:31:36,470 [WARN] PackLoader:240 - Cannot read IP mode file for STMicroelectronics.X-CUBE-FREERTOS.1.0.1
2023-07-26 15:31:36,487 [WARN] PackLoader:240 - Cannot read IP mode file for STMicroelectronics.X-CUBE-AZRTOS-L5.1.1.0
2023-07-26 15:31:36,500 [WARN] PackLoader:240 - Cannot read IP mode file for STMicroelectronics.X-CUBE-AI.8.0.1
2023-07-26 15:31:36,511 [WARN] PackLoader:240 - Cannot read IP mode file for STMicroelectronics.X-CUBE-SUBG2.5.0.0
2023-07-26 15:31:36,526 [WARN] PackLoader:240 - Cannot read IP mode file for STMicroelectronics.X-CUBE-TOF1.3.3.1
2023-07-26 15:31:36,551 [WARN] PackLoader:240 - Cannot read IP mode file for STMicroelectronics.X-CUBE-AZRTOS-G4.2.0.0
2023-07-26 15:31:36,566 [WARN] PackLoader:240 - Cannot read IP mode file for STMicroelectronics.X-CUBE-TOF1.3.3.0
2023-07-26 15:31:36,584 [WARN] PackLoader:240 - Cannot read IP mode file for portGmbH.I-Cube-SoM-uGOAL.1.1.0
2023-07-26 15:31:36,593 [WARN] PackLoader:240 - Cannot read IP mode file for STMicroelectronics.X-CUBE-ALS.1.0.1
2023-07-26 15:31:36,610 [WARN] PackLoader:240 - Cannot read IP mode file for STMicroelectronics.X-CUBE-AZRTOS-WB.1.1.0
2023-07-26 15:31:36,620 [WARN] PackLoader:240 - Cannot read IP mode file for STMicroelectronics.FP-ATR-ASTRA1.2.0.0
2023-07-26 15:31:36,620 [INFO] ThirdParty:978 - Integrity check success = true
2023-07-26 15:31:36,620 [INFO] IntegrityCheckThread:100 - exiting critical section [integrity check]
2023-07-26 15:31:36,620 [INFO] IntegrityCheckThread:103 - End integrity checks thread
2023-07-26 15:31:54,316 [ERROR] LogOutputStream:75 - [STDERR_REDIRECT] SLF4J: Failed to load class "org.slf4j.impl.StaticLoggerBinder".
2023-07-26 15:31:54,318 [ERROR] LogOutputStream:75 - [STDERR_REDIRECT] SLF4J: Defaulting to no-operation (NOP) logger implementation
2023-07-26 15:31:54,319 [ERROR] LogOutputStream:75 - [STDERR_REDIRECT] SLF4J: See http://www.slf4j.org/codes.html#StaticLoggerBinder for further details.
2023-07-26 15:36:29,374 [INFO] McuFinderGlobals:63 - Set McuFinder mode to 2 (CubeIDE integrated)
2023-07-26 15:36:29,406 [INFO] MainUpdater:2868 - connection check result : 10
2023-07-26 15:36:29,411 [INFO] MainUpdater:2868 - connection check result : 10
2023-07-26 15:36:29,574 [INFO] MicroXplorer:468 - Change Database Path : 
2023-07-26 15:36:29,574 [INFO] MicroXplorer:498 - Change Database Version : DB.6.0.90
2023-07-26 15:36:29,578 [WARN] ThirdParty:871 - waiting for thirdparty lock release [close project]
2023-07-26 15:36:29,578 [INFO] ThirdParty:873 - entering critical section [close project]
2023-07-26 15:36:29,580 [INFO] ThirdParty:883 - exiting critical section [close project]
2023-07-26 15:36:29,584 [INFO] PinOutPanel:1499 - setPackage(No Configuration,No Configuration)
2023-07-26 15:36:29,600 [INFO] UtilMem:75 - Begin LoadConfig() Used Memory: 585140416 Bytes (828375040)
2023-07-26 15:36:29,604 [INFO] MicroXplorer:468 - Change Database Path : 
2023-07-26 15:36:29,604 [INFO] MicroXplorer:498 - Change Database Version : DB.6.0.90
2023-07-26 15:36:29,604 [INFO] OpenFileManager:308 - Change cursor
2023-07-26 15:36:29,653 [INFO] Mcu:1946 - Initializing MCU STM32F767ZITx STM32F767ZITx STM32F767ZIT6
2023-07-26 15:36:32,717 [INFO] Context:659 - Trying to add GPIOservice into a context  which must be forbidden
2023-07-26 15:36:33,253 [INFO] RtosManager:555 - Registered RTOS mode: class=CMSIS, group=RTOS, mode=CMSIS_V1, owner=FREERTOS
2023-07-26 15:36:33,253 [INFO] RtosManager:555 - Registered RTOS mode: class=CMSIS, group=RTOS2, mode=CMSIS_V2, owner=FREERTOS
2023-07-26 15:36:33,253 [INFO] RtosManager:555 - Registered RTOS mode: class=RTOS, group=Core, mode=CMSIS_V1, owner=FREERTOS
2023-07-26 15:36:33,253 [INFO] RtosManager:555 - Registered RTOS mode: class=RTOS, group=Core, mode=CMSIS_V2, owner=FREERTOS
2023-07-26 15:36:33,253 [WARN] ModelIntegratedComponent:184 - Missing modes for component STMicroelectronics:FreeRTOS:0.0.1:STMicroelectronics:RTOS:FreeRTOS:Core:::10.2.0:
2023-07-26 15:36:33,260 [WARN] ModelIntegratedComponent:63 - No mode defined for component null
2023-07-26 15:36:33,260 [WARN] ModelIntegratedComponent:63 - No mode defined for component null
2023-07-26 15:36:33,260 [WARN] ModelIntegratedComponent:63 - No mode defined for component null
2023-07-26 15:36:33,260 [WARN] ModelIntegratedComponent:63 - No mode defined for component null
2023-07-26 15:36:33,260 [WARN] ModelIntegratedComponent:63 - No mode defined for component null
2023-07-26 15:36:33,260 [WARN] ModelIntegratedComponent:63 - No mode defined for component null
2023-07-26 15:36:33,260 [WARN] ModelIntegratedComponent:63 - No mode defined for component null
2023-07-26 15:36:33,260 [WARN] ModelIntegratedComponent:63 - No mode defined for component null
2023-07-26 15:36:33,260 [WARN] ModelIntegratedComponent:63 - No mode defined for component null
2023-07-26 15:36:33,260 [WARN] ModelIntegratedComponent:63 - No mode defined for component null
2023-07-26 15:36:33,260 [WARN] ModelIntegratedComponent:63 - No mode defined for component null
2023-07-26 15:36:33,260 [WARN] ModelIntegratedComponent:63 - No mode defined for component null
2023-07-26 15:36:33,260 [WARN] ModelIntegratedComponent:63 - No mode defined for component null
2023-07-26 15:36:33,260 [WARN] ModelIntegratedComponent:63 - No mode defined for component null
2023-07-26 15:36:33,260 [WARN] ModelIntegratedComponent:63 - No mode defined for component null
2023-07-26 15:36:33,260 [WARN] ModelIntegratedComponent:63 - No mode defined for component null
2023-07-26 15:36:33,260 [WARN] ModelIntegratedComponent:63 - No mode defined for component null
2023-07-26 15:36:33,260 [WARN] ModelIntegratedComponent:63 - No mode defined for component null
2023-07-26 15:36:33,260 [WARN] ModelIntegratedComponent:63 - No mode defined for component null
2023-07-26 15:36:33,260 [WARN] ModelIntegratedComponent:63 - No mode defined for component null
2023-07-26 15:36:33,260 [WARN] ModelIntegratedComponent:63 - No mode defined for component null
2023-07-26 15:36:33,260 [WARN] ModelIntegratedComponent:63 - No mode defined for component null
2023-07-26 15:36:33,260 [WARN] ModelIntegratedComponent:63 - No mode defined for component null
2023-07-26 15:36:33,260 [WARN] ModelIntegratedComponent:63 - No mode defined for component null
2023-07-26 15:36:33,260 [WARN] ModelIntegratedComponent:63 - No mode defined for component null
2023-07-26 15:36:33,260 [WARN] ModelIntegratedComponent:63 - No mode defined for component null
2023-07-26 15:36:33,260 [WARN] ModelIntegratedComponent:63 - No mode defined for component null
2023-07-26 15:36:33,260 [WARN] ModelIntegratedComponent:63 - No mode defined for component null
2023-07-26 15:36:33,260 [WARN] ModelIntegratedComponent:63 - No mode defined for component null
2023-07-26 15:36:33,260 [WARN] ModelIntegratedComponent:63 - No mode defined for component null
2023-07-26 15:36:33,260 [WARN] ModelIntegratedComponent:63 - No mode defined for component null
2023-07-26 15:36:33,260 [WARN] ModelIntegratedComponent:63 - No mode defined for component null
2023-07-26 15:36:33,260 [WARN] ModelIntegratedComponent:63 - No mode defined for component null
2023-07-26 15:36:33,273 [INFO] ThirdPartyModel:298 - Start build external matchings
2023-07-26 15:36:33,420 [INFO] ThirdPartyModel:316 - End build external matchings
2023-07-26 15:36:33,771 [INFO] UtilMem:75 - End LoadConfig() Used Memory: 714434608 Bytes (1073741824)
2023-07-26 15:36:33,907 [INFO] ApiDb:581 - Connected to CubeFinder SQLite database (C:\Users\User\.stmcufinder\plugins\mcufinder\mcu\cube-finder-db.db)
2023-07-26 15:36:33,980 [INFO] ApiDb:668 - CubeFinder database Data Model version=2.1
2023-07-26 15:36:33,980 [INFO] ApiDb:669 - CubeFinder database Configuration version=3.0.37
2023-07-26 15:36:33,980 [INFO] ApiDb:670 - CubeFinder database generation date=2023-06-26 (1687786131)
2023-07-26 15:36:33,980 [INFO] ApiDb:671 - CubeFinder database FW Pack versions=[FP-ATR-ASTRA1_V2.0.0, FP-SNS-FLIGHT1_V5.0.1, FP-SNS-MOTENV1_V4.3.1, STM32Cube_FW_C0_V1.1.0, STM32Cube_FW_F4_V1.27.1, STM32Cube_FW_F7_V1.17.0, STM32Cube_FW_G0_V1.6.1, STM32Cube_FW_G4_V1.5.1, STM32Cube_FW_H5_V0.5.1, STM32Cube_FW_H5_V1.1.0, STM32Cube_FW_H7_V1.11.0, STM32Cube_FW_L0_V1.12.2, STM32Cube_FW_L5_V1.5.0, STM32Cube_FW_U5_V1.3.0, STM32Cube_FW_U5_V1.3.0RC4, STM32Cube_FW_WBA_V1.0.0RC1, STM32Cube_FW_WBA_V1.1.0, STM32Cube_FW_WBA_V1.1.0RC1, STM32Cube_FW_WB_V1.15.0RC1, STM32Cube_FW_WB_V1.16.0, STM32Cube_FW_WB_V1.16.0RC2, STM32Cube_FW_WB_V1.17.0, STM32Cube_FW_WL_V1.3.0, X-CUBE-ALGOBUILD_V1.3.0, X-CUBE-ALS_V1.0.1, X-CUBE-AZRTOS-F4_V1.1.0, X-CUBE-AZRTOS-F7_V1.1.0, X-CUBE-AZRTOS-G0_V1.1.0, X-CUBE-AZRTOS-G4_V2.0.0, X-CUBE-AZRTOS-H7_V3.1.0, X-CUBE-AZRTOS-L4_V1.0.0, X-CUBE-AZRTOS-L4_V2.0.0, X-CUBE-AZRTOS-L5_V1.1.0, X-CUBE-AZRTOS-WB_V1.1.0, X-CUBE-AZRTOS-WL_V2.0.0, X-CUBE-BLE1_V6.2.4, X-CUBE-BLE2_V3.3.0, X-CUBE-BLEMGR_V2.0.0, X-CUBE-EEPRMA1_V4.1.0, X-CUBE-FREERTOS_V1.0.1, X-CUBE-GNSS1_V6.0.0, X-CUBE-MEMS1_V9.1.0, X-CUBE-MEMS1_V9.4.0, X-CUBE-MEMS1_V9.6.0, X-CUBE-NFC4_V3.0.0, X-CUBE-NFC7_V1.0.0, X-CUBE-SFXS2LP1_V4.0.0, X-CUBE-SUBG2_V5.0.0]
2023-07-26 15:36:35,570 [INFO] ApiDb:240 - Found 323 in-development CPN: [B-G473E-ZEST1S, B-WB1M-WPAN1, B-WL5M-SUBG1, NUCLEO-C031C6, NUCLEO-H503RB, NUCLEO-H563ZI, NUCLEO-U545RE-Q, NUCLEO-U5A5ZJ-Q, NUCLEO-WBA52CG, STEVAL-PROTEUS1, STEVAL-SMARTAG2, STEVAL-STWINBX1, STM320518-EVAL, STM32C0116-DK, STM32C011D6Y3TR, STM32C011D6Y6TR, STM32C011F4P3, STM32C011F4P6, STM32C011F4U3, STM32C011F4U6TR, STM32C011F6P3, STM32C011F6P6, STM32C011F6U3, STM32C011F6U6TR, STM32C011J4M3, STM32C011J4M6, STM32C011J6M3, STM32C011J6M6, STM32C0316-DK, STM32C031C4T3, STM32C031C4T6, STM32C031C4U3, STM32C031C4U6, STM32C031C6T3, STM32C031C6T6, STM32C031C6U3, STM32C031C6U6, STM32C031F4P3, STM32C031F4P6, STM32C031F6P3, STM32C031F6P6, STM32C031G4U3, STM32C031G4U6, STM32C031G6U3, STM32C031G6U6, STM32C031K4T3, STM32C031K4T6, STM32C031K4U3, STM32C031K4U6, STM32C031K6T3, STM32C031K6T6, STM32C031K6U3, STM32C031K6U6, STM32G071K8TXN, STM32G071K8UXN, STM32G081GBU6N, STM32G081KBT6N, STM32G081KBUXN, STM32G0B1CCT6N, STM32G0B1KCT6, STM32G0B1NEY6TR, STM32G0B1RCT6N, STM32G0C1CCT6, STM32G0C1CCT6N, STM32G0C1CCU6N, STM32G0C1CET6N, STM32G0C1CEU6N, STM32G0C1KCT6, STM32G0C1NEY6TR, STM32G0C1RCI6N, STM32G0C1RCT6N, STM32G0C1REI6N, STM32G0C1RET6N, STM32G0C1VCI6, STM32G0C1VEI6, STM32G471CCT6, STM32G471CCU6, STM32G471CET3, STM32G471CET6, STM32G471CEU3, STM32G471CEU6, STM32G471MCT6, STM32G471MET3, STM32G471MET6, STM32G471MEY6TR, STM32G471QCT6, STM32G471QET3, STM32G471RCT6, STM32G471RET3, STM32G471RET6, STM32G471VCH6, STM32G471VCI6, STM32G471VCT6, STM32G471VEH3, STM32G471VEH6, STM32G471VEI3, STM32G471VEI6, STM32G471VET3, STM32G471VET6, STM32G474CCT6, STM32H503CBT6, STM32H503CBU6, STM32H503EBY6TR, STM32H503KBU6, STM32H503RBT6, STM32H562AGI6, STM32H562AII6, STM32H562IGK6, STM32H562IGT6, STM32H562IIK6, STM32H562IIT6, STM32H562RGT6, STM32H562RGV6, STM32H562RIT6, STM32H562RIV6, STM32H562VGT6, STM32H562VIT6, STM32H562ZGT6, STM32H562ZIT6, STM32H563AGI6, STM32H563AII3Q, STM32H563AII6, STM32H563IGK6, STM32H563IGT6, STM32H563IIK3Q, STM32H563IIK6, STM32H563IIT3Q, STM32H563IIT6, STM32H563MIY3QTR, STM32H563RGT6, STM32H563RGV6, STM32H563RIT6, STM32H563RIV6, STM32H563VGT6, STM32H563VIT3Q, STM32H563VIT6, STM32H563ZGT6, STM32H563ZIT3Q, STM32H563ZIT6, STM32H573AII3Q, STM32H573AII6, STM32H573I-DK, STM32H573IIK3Q, STM32H573IIK6, STM32H573IIT3Q, STM32H573IIT6, STM32H573MIY3QTR, STM32H573RIT6, STM32H573RIV6, STM32H573VIT3Q, STM32H573VIT6, STM32H573ZIT3Q, STM32H573ZIT6, STM32L4R5QGI6STR, STM32MP131AAE3, STM32MP131AAF3, STM32MP131AAG3, STM32MP131CAE3, STM32MP131CAF3, STM32MP131CAG3, STM32MP131DAE7, STM32MP131DAF7, STM32MP131DAG7, STM32MP131FAE7, STM32MP131FAF7, STM32MP131FAG7, STM32MP133AAE3, STM32MP133AAF3, STM32MP133AAG3, STM32MP133CAE3, STM32MP133CAF3, STM32MP133CAG3, STM32MP133DAE7, STM32MP133DAF7, STM32MP133DAG7, STM32MP133FAE7, STM32MP133FAF7, STM32MP133FAG7, STM32MP135AAE3, STM32MP135AAF3, STM32MP135AAG3, STM32MP135CAE3, STM32MP135CAF3, STM32MP135CAG3, STM32MP135DAE7, STM32MP135DAF7, STM32MP135DAG7, STM32MP135F-DK, STM32MP135FAE7, STM32MP135FAF7, STM32MP135FAF7T, STM32MP135FAF7U, STM32MP135FAG7, STM32U535CBT6, STM32U535CBT6Q, STM32U535CBU6, STM32U535CBU6Q, STM32U535CCT6, STM32U535CCT6Q, STM32U535CCU6, STM32U535CCU6Q, STM32U535CET6, STM32U535CET6Q, STM32U535CEU6, STM32U535CEU6Q, STM32U535JEY6QTR, STM32U535NCY6QTR, STM32U535NEY6QTR, STM32U535RBI6, STM32U535RBI6Q, STM32U535RBT6, STM32U535RBT6Q, STM32U535RCI6, STM32U535RCI6Q, STM32U535RCT6, STM32U535RCT6Q, STM32U535REI6, STM32U535REI6Q, STM32U535RET6, STM32U535RET6Q, STM32U535VCI6, STM32U535VCI6Q, STM32U535VCT6, STM32U535VCT6Q, STM32U535VEI6, STM32U535VEI6Q, STM32U535VET6, STM32U535VET6Q, STM32U545CET6, STM32U545CET6Q, STM32U545CEU6, STM32U545CEU6Q, STM32U545JEY6QTR, STM32U545NEY6QTR, STM32U545REI6, STM32U545REI6Q, STM32U545RET6, STM32U545RET6Q, STM32U545VEI6, STM32U545VEI6Q, STM32U545VET6, STM32U545VET6Q, STM32U595AIH6, STM32U595AIH6Q, STM32U595AJH6, STM32U595AJH6Q, STM32U595QII6, STM32U595QII6Q, STM32U595QJI6, STM32U595QJI6Q, STM32U595RIT6, STM32U595RIT6Q, STM32U595RJT6, STM32U595RJT6Q, STM32U595VIT6, STM32U595VIT6Q, STM32U595VJT6, STM32U595VJT6Q, STM32U595ZIT6, STM32U595ZIT6Q, STM32U595ZIY6QTR, STM32U595ZJT6, STM32U595ZJT6Q, STM32U595ZJY6QTR, STM32U599BJY6QTR, STM32U599NIH6Q, STM32U599NJH6Q, STM32U599VIT6Q, STM32U599VJT6, STM32U599VJT6Q, STM32U599ZIT6Q, STM32U599ZIY6QTR, STM32U599ZJT6Q, STM32U599ZJY6QTR, STM32U5A5AJH6, STM32U5A5AJH6Q, STM32U5A5QJI6, STM32U5A5QJI6Q, STM32U5A5RJT6, STM32U5A5RJT6Q, STM32U5A5VJT6, STM32U5A5VJT6Q, STM32U5A5ZJT6, STM32U5A5ZJT6Q, STM32U5A5ZJY6QTR, STM32U5A9BJY6QTR, STM32U5A9J-DK, STM32U5A9NJH6Q, STM32U5A9VJT6Q, STM32U5A9ZJT6Q, STM32U5A9ZJY6QTR, STM32U5F7VIT6, STM32U5F7VIT6Q, STM32U5F7VJT6, STM32U5F7VJT6Q, STM32U5F9BJY6QTR, STM32U5F9NJH6Q, STM32U5F9VIT6Q, STM32U5F9VJT6Q, STM32U5F9ZIJ6QTR, STM32U5F9ZIT6Q, STM32U5F9ZJJ6QTR, STM32U5F9ZJT6Q, STM32U5G7VJT6, STM32U5G7VJT6Q, STM32U5G9BJY6QTR, STM32U5G9J-DK1, STM32U5G9J-DK2, STM32U5G9NJH6Q, STM32U5G9VJT6Q, STM32U5G9ZJJ6QTR, STM32U5G9ZJT6Q, STM32WB1MMCH6, STM32WBA52CEU6, STM32WBA52CEU6T, STM32WBA52CGU6, STM32WBA52CGU6T, STM32WBA52KEU6, STM32WBA52KEU6T, STM32WBA52KGU6, STM32WBA52KGU6T, STM32WL5MOCH6, STM32WL5MOCH6TR]
2023-07-26 15:36:35,573 [INFO] DbMcus:217 - Found 3848 MCUs, 3848 are supported
2023-07-26 15:36:35,578 [INFO] ApiDb:423 - Load user favorites file C:\Users\User/.stm32cubeide/favorites.mcus.txt: 1 item(s)
2023-07-26 15:36:35,579 [INFO] ApiDb:427 - User favorites MCUs=[STM32F767ZIT6]
2023-07-26 15:36:35,579 [INFO] DbMcus:223 - Set 1 / 1 favorites MCUs
2023-07-26 15:36:35,846 [WARN] ThirdParty:833 - waiting for thirdparty lock release [change project]
2023-07-26 15:36:35,846 [INFO] ThirdParty:835 - entering critical section [change project]
2023-07-26 15:36:35,847 [INFO] ThirdParty:1030 - CMSIS Pack Vendor :STMicroelectronics X-CUBE-ISPU 1.1.0
2023-07-26 15:36:35,847 [INFO] ThirdParty:1030 - CMSIS Pack Vendor :STMicroelectronics USBPD 4.1
2023-07-26 15:36:35,847 [INFO] ThirdParty:1030 - CMSIS Pack Vendor :STMicroelectronics X-CUBE-GNSS1 6.0.0
2023-07-26 15:36:35,847 [INFO] ThirdParty:1030 - CMSIS Pack Vendor :STMicroelectronics USB_HOST 2.0.0
2023-07-26 15:36:35,847 [INFO] ThirdParty:1030 - CMSIS Pack Vendor :STMicroelectronics X-CUBE-AZRTOS-F4 1.1.0
2023-07-26 15:36:35,847 [INFO] ThirdParty:1030 - CMSIS Pack Vendor :STMicroelectronics LIBJPEG 8.0.0
2023-07-26 15:36:35,847 [INFO] ThirdParty:1030 - CMSIS Pack Vendor :wolfSSL I-CUBE-wolfSSL 5.6.3
2023-07-26 15:36:35,847 [INFO] ThirdParty:1030 - CMSIS Pack Vendor :STMicroelectronics X-CUBE-SMBUS 2.1.0
2023-07-26 15:36:35,847 [INFO] ThirdParty:1030 - CMSIS Pack Vendor :STMicroelectronics USB_DEVICE 3.0.0
2023-07-26 15:36:35,847 [INFO] ThirdParty:1030 - CMSIS Pack Vendor :STMicroelectronics X-CUBE-FREERTOS 1.0.1
2023-07-26 15:36:35,847 [INFO] ThirdParty:1030 - CMSIS Pack Vendor :STMicroelectronics X-CUBE-AZRTOS-F7 1.1.0
2023-07-26 15:36:35,847 [INFO] ThirdParty:1030 - CMSIS Pack Vendor :STMicroelectronics USB_DEVICE 2.0.0
2023-07-26 15:36:35,847 [INFO] ThirdParty:1030 - CMSIS Pack Vendor :STMicroelectronics X-CUBE-MEMS1 9.6.0
2023-07-26 15:36:35,847 [INFO] ThirdParty:1030 - CMSIS Pack Vendor :STMicroelectronics FP-SNS-MOTENV1 4.3.2
2023-07-26 15:36:35,847 [INFO] ThirdParty:1030 - CMSIS Pack Vendor :STMicroelectronics FP-SNS-FLIGHT1 5.0.1
2023-07-26 15:36:35,847 [INFO] ThirdParty:1030 - CMSIS Pack Vendor :STMicroelectronics X-CUBE-ALGOBUILD 1.3.0
2023-07-26 15:36:35,847 [INFO] ThirdParty:1030 - CMSIS Pack Vendor :STMicroelectronics X-CUBE-BLE1 6.2.4
2023-07-26 15:36:35,847 [INFO] ThirdParty:1030 - CMSIS Pack Vendor :STMicroelectronics X-CUBE-AZRTOS-L5 1.1.0
2023-07-26 15:36:35,847 [INFO] ThirdParty:1030 - CMSIS Pack Vendor :STMicroelectronics FreeRTOS 0.0.1
2023-07-26 15:36:35,847 [INFO] ThirdParty:1030 - CMSIS Pack Vendor :STMicroelectronics X-CUBE-AZRTOS-G0 1.1.0
2023-07-26 15:36:35,847 [INFO] ThirdParty:1030 - CMSIS Pack Vendor :STMicroelectronics X-CUBE-BLEMGR 2.0.0
2023-07-26 15:36:35,847 [INFO] ThirdParty:1030 - CMSIS Pack Vendor :STMicroelectronics X-CUBE-AI 8.0.1
2023-07-26 15:36:35,847 [INFO] ThirdParty:1030 - CMSIS Pack Vendor :STMicroelectronics X-CUBE-NFC4 3.0.0
2023-07-26 15:36:35,847 [INFO] ThirdParty:1030 - CMSIS Pack Vendor :STMicroelectronics X-CUBE-SUBG2 5.0.0
2023-07-26 15:36:35,847 [INFO] ThirdParty:1030 - CMSIS Pack Vendor :STMicroelectronics STM32_WPAN 1.0.0
2023-07-26 15:36:35,847 [INFO] ThirdParty:1030 - CMSIS Pack Vendor :STMicroelectronics lwIP 2.0.3
2023-07-26 15:36:35,847 [INFO] ThirdParty:1030 - CMSIS Pack Vendor :STMicroelectronics FP-SNS-FLIGHT1 5.0.2
2023-07-26 15:36:35,847 [INFO] ThirdParty:1030 - CMSIS Pack Vendor :STMicroelectronics USB_HOST 1.0.0
2023-07-26 15:36:35,847 [INFO] ThirdParty:1030 - CMSIS Pack Vendor :STMicroelectronics X-CUBE-TOF1 3.3.1
2023-07-26 15:36:35,847 [INFO] ThirdParty:1030 - CMSIS Pack Vendor :STMicroelectronics X-CUBE-AZRTOS-G4 2.0.0
2023-07-26 15:36:35,847 [INFO] ThirdParty:1030 - CMSIS Pack Vendor :STMicroelectronics PDM2PCM 3.1.0
2023-07-26 15:36:35,847 [INFO] ThirdParty:1030 - CMSIS Pack Vendor :STMicroelectronics X-CUBE-AZRTOS-H7 3.1.0
2023-07-26 15:36:35,847 [INFO] ThirdParty:1030 - CMSIS Pack Vendor :STMicroelectronics X-CUBE-TOF1 3.3.0
2023-07-26 15:36:35,848 [INFO] ThirdParty:1030 - CMSIS Pack Vendor :STMicroelectronics PDM2PCM 3.3.0
2023-07-26 15:36:35,848 [INFO] ThirdParty:1030 - CMSIS Pack Vendor :STMicroelectronics X-CUBE-DISPLAY 3.0.0
2023-07-26 15:36:35,848 [INFO] ThirdParty:1030 - CMSIS Pack Vendor :STMicroelectronics FP-ATR-SIGFOX1 3.2.0
2023-07-26 15:36:35,848 [INFO] ThirdParty:1030 - CMSIS Pack Vendor :STMicroelectronics HAL Drivers 0.0.0
2023-07-26 15:36:35,848 [INFO] ThirdParty:1030 - CMSIS Pack Vendor :STMicroelectronics MBEDTLS 2.16.2
2023-07-26 15:36:35,848 [INFO] ThirdParty:1030 - CMSIS Pack Vendor :emotas I-CUBE-CANOPEN 1.3.0
2023-07-26 15:36:35,848 [INFO] ThirdParty:1030 - CMSIS Pack Vendor :STMicroelectronics X-CUBE-TOUCHGFX 4.22.0
2023-07-26 15:36:35,848 [INFO] ThirdParty:1030 - CMSIS Pack Vendor :STMicroelectronics X-CUBE-NFC7 1.0.1
2023-07-26 15:36:35,848 [INFO] ThirdParty:1030 - CMSIS Pack Vendor :STMicroelectronics MBEDTLS 2.14.1
2023-07-26 15:36:35,848 [INFO] ThirdParty:1030 - CMSIS Pack Vendor :STMicroelectronics X-CUBE-EEPRMA1 4.1.0
2023-07-26 15:36:35,848 [INFO] ThirdParty:1030 - CMSIS Pack Vendor :portGmbH I-Cube-SoM-uGOAL 1.1.0
2023-07-26 15:36:35,848 [INFO] ThirdParty:1030 - CMSIS Pack Vendor :STMicroelectronics X-CUBE-ALS 1.0.1
2023-07-26 15:36:35,848 [INFO] ThirdParty:1030 - CMSIS Pack Vendor :STMicroelectronics ThreadX 1.0.0
2023-07-26 15:36:35,848 [INFO] ThirdParty:1030 - CMSIS Pack Vendor :STMicroelectronics X-CUBE-AZRTOS-WB 1.1.0
2023-07-26 15:36:35,848 [INFO] ThirdParty:1030 - CMSIS Pack Vendor :STMicroelectronics X-CUBE-AZRTOS-WL 2.0.0
2023-07-26 15:36:35,848 [INFO] ThirdParty:1030 - CMSIS Pack Vendor :SEGGER I-CUBE-embOS 1.3.1
2023-07-26 15:36:35,848 [INFO] ThirdParty:1030 - CMSIS Pack Vendor :STMicroelectronics USB_DEVICE 1.0.0
2023-07-26 15:36:35,848 [INFO] ThirdParty:1030 - CMSIS Pack Vendor :STMicroelectronics X-CUBE-AZRTOS-L4 2.0.0
2023-07-26 15:36:35,848 [INFO] ThirdParty:1030 - CMSIS Pack Vendor :STMicroelectronics ThreadX 0.0.2
2023-07-26 15:36:35,848 [INFO] ThirdParty:1030 - CMSIS Pack Vendor :WES I-CUBE-Cesium 1.3.0
2023-07-26 15:36:35,848 [INFO] ThirdParty:1030 - CMSIS Pack Vendor :STMicroelectronics FP-ATR-ASTRA1 2.0.0
2023-07-26 15:36:35,848 [INFO] ThirdParty:1030 - CMSIS Pack Vendor :STMicroelectronics lwIP 2.1.2
2023-07-26 15:36:35,848 [INFO] ThirdParty:1030 - CMSIS Pack Vendor :STMicroelectronics X-CUBE-SFXS2LP1 4.0.0
2023-07-26 15:36:35,848 [INFO] ThirdParty:1030 - CMSIS Pack Vendor :STMicroelectronics X-CUBE-BLE2 3.3.0
2023-07-26 15:36:35,848 [INFO] ThirdParty:1030 - CMSIS Pack Vendor :STMicroelectronics PDM2PCM 3.2.0
2023-07-26 15:36:35,848 [INFO] ThirdParty:841 - exiting critical section [change project]
2023-07-26 15:36:36,391 [INFO] PinOutPanel:1499 - setPackage(No Configuration,No Configuration)
2023-07-26 15:36:36,393 [INFO] PinOutPanel:1499 - setPackage(STM32F767ZITx,LQFP144)
2023-07-26 15:36:36,809 [INFO] UtilMem:75 - Before build in PCC Used Memory: 759466608 Bytes (1073741824)
2023-07-26 15:36:37,384 [INFO] UtilMem:75 - After build in PCC Used Memory: 863106672 Bytes (1073741824)
2023-07-26 15:36:37,407 [INFO] IPUIPlugin:80 - create IPUIPlugin
2023-07-26 15:36:37,407 [INFO] IPUIPlugin:80 - create IPUIPlugin
2023-07-26 15:36:37,407 [INFO] IPUIPlugin:80 - create IPUIPlugin
2023-07-26 15:36:37,407 [INFO] IPUIPlugin:80 - create IPUIPlugin
2023-07-26 15:36:37,407 [INFO] IPUIPlugin:80 - create IPUIPlugin
2023-07-26 15:36:37,407 [INFO] IPUIPlugin:80 - create IPUIPlugin
2023-07-26 15:36:37,407 [INFO] IPUIPlugin:80 - create IPUIPlugin
2023-07-26 15:36:37,407 [INFO] IPUIPlugin:80 - create IPUIPlugin
2023-07-26 15:36:37,407 [INFO] IPUIPlugin:80 - create IPUIPlugin
2023-07-26 15:36:37,407 [INFO] IPUIPlugin:80 - create IPUIPlugin
2023-07-26 15:36:37,407 [INFO] IPUIPlugin:80 - create IPUIPlugin
2023-07-26 15:36:37,408 [INFO] IPUIPlugin:80 - create IPUIPlugin
2023-07-26 15:36:37,408 [INFO] IPUIPlugin:80 - create IPUIPlugin
2023-07-26 15:36:37,408 [INFO] IPUIPlugin:80 - create IPUIPlugin
2023-07-26 15:36:37,409 [INFO] IPUIPlugin:80 - create IPUIPlugin
2023-07-26 15:36:37,409 [INFO] IPUIPlugin:80 - create IPUIPlugin
2023-07-26 15:36:37,409 [INFO] IPUIPlugin:80 - create IPUIPlugin
2023-07-26 15:36:37,409 [INFO] IPUIPlugin:80 - create IPUIPlugin
2023-07-26 15:36:37,409 [INFO] IPUIPlugin:80 - create IPUIPlugin
2023-07-26 15:36:37,410 [INFO] IPUIPlugin:80 - create IPUIPlugin
2023-07-26 15:36:37,410 [INFO] IPUIPlugin:80 - create IPUIPlugin
2023-07-26 15:36:37,411 [INFO] IPUIPlugin:80 - create IPUIPlugin
2023-07-26 15:36:37,411 [INFO] IPUIPlugin:80 - create IPUIPlugin
2023-07-26 15:36:37,411 [INFO] IPUIPlugin:80 - create IPUIPlugin
2023-07-26 15:36:37,411 [INFO] IPUIPlugin:80 - create IPUIPlugin
2023-07-26 15:36:37,411 [INFO] IPUIPlugin:80 - create IPUIPlugin
2023-07-26 15:36:37,411 [INFO] IPUIPlugin:80 - create IPUIPlugin
2023-07-26 15:36:37,411 [INFO] IPUIPlugin:80 - create IPUIPlugin
2023-07-26 15:36:37,411 [INFO] IPUIPlugin:80 - create IPUIPlugin
2023-07-26 15:36:37,412 [INFO] IPUIPlugin:80 - create IPUIPlugin
2023-07-26 15:36:37,412 [INFO] IPUIPlugin:80 - create IPUIPlugin
2023-07-26 15:36:37,412 [INFO] IPUIPlugin:80 - create IPUIPlugin
2023-07-26 15:36:37,412 [INFO] IPUIPlugin:80 - create IPUIPlugin
2023-07-26 15:36:37,412 [INFO] IPUIPlugin:80 - create IPUIPlugin
2023-07-26 15:36:37,412 [INFO] IPUIPlugin:80 - create IPUIPlugin
2023-07-26 15:36:37,412 [INFO] IPUIPlugin:80 - create IPUIPlugin
2023-07-26 15:36:37,413 [INFO] IPUIPlugin:80 - create IPUIPlugin
2023-07-26 15:36:37,413 [INFO] IPUIPlugin:80 - create IPUIPlugin
2023-07-26 15:36:37,413 [INFO] IPUIPlugin:80 - create IPUIPlugin
2023-07-26 15:36:37,414 [INFO] IPUIPlugin:80 - create IPUIPlugin
2023-07-26 15:36:37,414 [INFO] IPUIPlugin:80 - create IPUIPlugin
2023-07-26 15:36:37,414 [INFO] IPUIPlugin:80 - create IPUIPlugin
2023-07-26 15:36:37,414 [INFO] IPUIPlugin:80 - create IPUIPlugin
2023-07-26 15:36:37,414 [INFO] IPUIPlugin:80 - create IPUIPlugin
2023-07-26 15:36:37,414 [INFO] IPUIPlugin:80 - create IPUIPlugin
2023-07-26 15:36:37,414 [INFO] IPUIPlugin:80 - create IPUIPlugin
2023-07-26 15:36:37,414 [INFO] IPUIPlugin:80 - create IPUIPlugin
2023-07-26 15:36:37,415 [INFO] IPUIPlugin:80 - create IPUIPlugin
2023-07-26 15:36:37,415 [INFO] IPUIPlugin:80 - create IPUIPlugin
2023-07-26 15:36:37,415 [INFO] IPUIPlugin:80 - create IPUIPlugin
2023-07-26 15:36:37,415 [INFO] IPUIPlugin:80 - create IPUIPlugin
2023-07-26 15:36:37,415 [INFO] IPUIPlugin:80 - create IPUIPlugin
2023-07-26 15:36:37,415 [INFO] IPUIPlugin:80 - create IPUIPlugin
2023-07-26 15:36:37,416 [INFO] IPUIPlugin:80 - create IPUIPlugin
2023-07-26 15:36:37,416 [INFO] IPUIPlugin:80 - create IPUIPlugin
2023-07-26 15:36:37,416 [INFO] IPUIPlugin:80 - create IPUIPlugin
2023-07-26 15:36:37,416 [INFO] IPUIPlugin:80 - create IPUIPlugin
2023-07-26 15:36:37,416 [INFO] IPUIPlugin:80 - create IPUIPlugin
2023-07-26 15:36:37,416 [INFO] IPUIPlugin:80 - create IPUIPlugin
2023-07-26 15:36:37,416 [INFO] IPUIPlugin:80 - create IPUIPlugin
2023-07-26 15:36:37,417 [INFO] IPUIPlugin:80 - create IPUIPlugin
2023-07-26 15:36:37,417 [INFO] IPUIPlugin:80 - create IPUIPlugin
2023-07-26 15:36:37,417 [INFO] IPUIPlugin:80 - create IPUIPlugin
2023-07-26 15:36:37,417 [INFO] IPUIPlugin:80 - create IPUIPlugin
2023-07-26 15:36:37,417 [INFO] IPUIPlugin:80 - create IPUIPlugin
2023-07-26 15:36:37,417 [INFO] IPUIPlugin:80 - create IPUIPlugin
2023-07-26 15:36:37,418 [INFO] IPUIPlugin:80 - create IPUIPlugin
2023-07-26 15:36:37,418 [INFO] IPUIPlugin:80 - create IPUIPlugin
2023-07-26 15:36:37,418 [INFO] IPUIPlugin:80 - create IPUIPlugin
2023-07-26 15:36:37,418 [INFO] IPUIPlugin:80 - create IPUIPlugin
2023-07-26 15:36:37,418 [INFO] IPUIPlugin:80 - create IPUIPlugin
2023-07-26 15:36:37,419 [INFO] IPUIPlugin:80 - create IPUIPlugin
2023-07-26 15:36:37,419 [INFO] IPUIPlugin:80 - create IPUIPlugin
2023-07-26 15:36:37,419 [INFO] IPUIPlugin:80 - create IPUIPlugin
2023-07-26 15:36:37,419 [INFO] IPUIPlugin:80 - create IPUIPlugin
2023-07-26 15:36:37,419 [INFO] IPUIPlugin:80 - create IPUIPlugin
2023-07-26 15:36:37,420 [INFO] IPUIPlugin:80 - create IPUIPlugin
2023-07-26 15:36:37,420 [INFO] IPUIPlugin:80 - create IPUIPlugin
2023-07-26 15:36:37,420 [INFO] IPUIPlugin:80 - create IPUIPlugin
2023-07-26 15:36:37,498 [INFO] ApiDbMcu:507 - Load IP Config File for PDM2PCM
2023-07-26 15:36:37,645 [INFO] CADModel:165 - CPN selected for project levelSTM32F767ZIT6
2023-07-26 15:36:37,645 [INFO] CADModel:114 - Register for checkConnection events
2023-07-26 15:36:37,744 [INFO] OpenFileManager:328 - Restore cursor
2023-07-26 15:37:32,817 [INFO] UtilMem:75 - End SaveConfig() Used Memory: 921735536 Bytes (1073741824)
2023-07-26 15:37:34,247 [INFO] UtilMem:75 - End SaveConfig() Used Memory: 568248712 Bytes (1073741824)
2023-07-26 15:37:34,433 [INFO] UtilMem:75 - End SaveConfig() Used Memory: 564127744 Bytes (1073741824)
2023-07-26 15:37:34,748 [INFO] BlockDiagram:2759 - set Specific Code input for plugin: RCC
2023-07-26 15:37:34,748 [INFO] BlockDiagram:2759 - set Specific Code input for plugin: NVIC
2023-07-26 15:37:34,749 [INFO] BlockDiagram:2759 - set Specific Code input for plugin: GPIO
2023-07-26 15:37:34,752 [INFO] CodeGenerator:799 - code generatio: config db path: C:\ST\STM32CubeIDE_1.13.0\STM32CubeIDE\plugins\com.st.stm32cube.common.mx_6.9.0.202307051724\\db\
2023-07-26 15:37:35,004 [INFO] CodeEngine:255 - oldGeneratedFile, C:\Users\User\STM32CubeIDE\MAD_Lab\Lab2\MXTmpFiles\license.tmp_save
2023-07-26 15:37:35,310 [INFO] CodeEngine:279 - Generated code: C:\Users\User\STM32CubeIDE\MAD_Lab\Lab2\MXTmpFiles\license.tmp
2023-07-26 15:37:35,412 [INFO] CodeEngine:255 - oldGeneratedFile, C:\Users\User\STM32CubeIDE\MAD_Lab\Lab2\MXTmpFiles\gpio.tmp_save
2023-07-26 15:37:35,505 [INFO] CodeEngine:279 - Generated code: C:\Users\User\STM32CubeIDE\MAD_Lab\Lab2\MXTmpFiles\gpio.tmp
2023-07-26 15:37:35,624 [INFO] CodeEngine:255 - oldGeneratedFile, C:\Users\User\STM32CubeIDE\MAD_Lab\Lab2\MXTmpFiles\cortex.tmp_save
2023-07-26 15:37:35,708 [INFO] CodeEngine:279 - Generated code: C:\Users\User\STM32CubeIDE\MAD_Lab\Lab2\MXTmpFiles\cortex.tmp
2023-07-26 15:37:35,735 [INFO] CodeEngine:255 - oldGeneratedFile, C:\Users\User\STM32CubeIDE\MAD_Lab\Lab2\Core\Src\stm32f7xx_it.c_save
2023-07-26 15:37:35,835 [INFO] CodeEngine:279 - Generated code: C:\Users\User\STM32CubeIDE\MAD_Lab\Lab2\Core\Src\stm32f7xx_it.c
2023-07-26 15:37:35,848 [INFO] CodeEngine:255 - oldGeneratedFile, C:\Users\User\STM32CubeIDE\MAD_Lab\Lab2\Core\Inc\stm32f7xx_it.h_save
2023-07-26 15:37:35,922 [INFO] CodeEngine:279 - Generated code: C:\Users\User\STM32CubeIDE\MAD_Lab\Lab2\Core\Inc\stm32f7xx_it.h
2023-07-26 15:37:36,011 [INFO] CodeEngine:255 - oldGeneratedFile, C:\Users\User\STM32CubeIDE\MAD_Lab\Lab2\Core\Src\stm32f7xx_hal_msp.c_save
2023-07-26 15:37:36,140 [INFO] CodeEngine:279 - Generated code: C:\Users\User\STM32CubeIDE\MAD_Lab\Lab2\Core\Src\stm32f7xx_hal_msp.c
2023-07-26 15:37:36,155 [INFO] CodeEngine:255 - oldGeneratedFile, C:\Users\User\STM32CubeIDE\MAD_Lab\Lab2\MXTmpFiles\system.tmp_save
2023-07-26 15:37:36,215 [INFO] CodeEngine:279 - Generated code: C:\Users\User\STM32CubeIDE\MAD_Lab\Lab2\MXTmpFiles\system.tmp
2023-07-26 15:37:36,252 [INFO] CodeEngine:311 - oldGeneratedFile, C:\Users\User\STM32CubeIDE\MAD_Lab\Lab2\Core\Inc\stm32f7xx_hal_conf.h_save
2023-07-26 15:37:36,371 [INFO] CodeEngine:335 - Generated code: C:\Users\User\STM32CubeIDE\MAD_Lab\Lab2\Core\Inc\stm32f7xx_hal_conf.h
2023-07-26 15:37:36,447 [INFO] CodeEngine:255 - oldGeneratedFile, C:\Users\User\STM32CubeIDE\MAD_Lab\Lab2\Core\Inc\main.h_save
2023-07-26 15:37:36,528 [INFO] CodeEngine:279 - Generated code: C:\Users\User\STM32CubeIDE\MAD_Lab\Lab2\Core\Inc\main.h
2023-07-26 15:37:36,553 [INFO] CodeEngine:255 - oldGeneratedFile, C:\Users\User\STM32CubeIDE\MAD_Lab\Lab2\Core\Src\main.c_save
2023-07-26 15:37:36,682 [INFO] CodeEngine:279 - Generated code: C:\Users\User\STM32CubeIDE\MAD_Lab\Lab2\Core\Src\main.c
2023-07-26 15:37:37,573 [INFO] ProjectBuilder:3064 - Time for Copy HAL[1] : 248mS.
2023-07-26 15:37:37,577 [INFO] ProjectBuilder:4404 - Project Generator version: 4.1.0
2023-07-26 15:37:37,763 [INFO] ConfigFileManager:1457 - The Die is : DIE451
2023-07-26 15:37:37,781 [INFO] ApiDbMcu:507 - Load IP Config File for FATFS
2023-07-26 15:37:37,792 [INFO] ApiDbMcu:507 - Load IP Config File for FREERTOS
2023-07-26 15:37:37,807 [INFO] ApiDbMcu:507 - Load IP Config File for LIBJPEG
2023-07-26 15:37:37,819 [INFO] ApiDbMcu:507 - Load IP Config File for LWIP
2023-07-26 15:37:37,838 [INFO] ApiDbMcu:507 - Load IP Config File for MBEDTLS
2023-07-26 15:37:37,856 [INFO] ApiDbMcu:507 - Load IP Config File for USB_DEVICE
2023-07-26 15:37:37,866 [INFO] ApiDbMcu:507 - Load IP Config File for USB_HOST
2023-07-26 15:37:39,087 [INFO] LogOutputStream:77 - [STDOUT_REDIRECT] 
2023-07-26 15:37:40,758 [INFO] ProjectBuilder:4626 - Time for Generating toolchain IDE Files: 3179mS.
2023-07-26 15:37:40,760 [INFO] ProjectBuilder:2935 - Time for Copy CMSIS : 2mS.
2023-07-26 15:37:40,763 [INFO] ProjectBuilder:2935 - Time for Copy CMSIS : 0mS.
