2023-10-03 17:36:40,792 [INFO] Activator:176 - 


2023-10-03 17:36:40,798 [INFO] Activator:177 - !SESSION log4j initialized
2023-10-03 17:36:55,206 [INFO] LogOutputStream:77 - [STDOUT_REDIRECT] 
2023-10-03 17:37:04,010 [INFO] ApplicationProperties:184 - Using Application install path: C:\ST\STM32CubeIDE_1.13.0\STM32CubeIDE\plugins\com.st.stm32cube.common.mx_6.9.0.202307051724
2023-10-03 17:37:04,025 [INFO] DbMcusXml:78 - Set database path to: C:\ST\STM32CubeIDE_1.13.0\STM32CubeIDE\plugins\com.st.stm32cube.common.mx_6.9.0.202307051724\\db\/mcu/
2023-10-03 17:37:04,025 [INFO] ApiDb:274 - Set plugin database path to: C:\ST\STM32CubeIDE_1.13.0\STM32CubeIDE\plugins\com.st.stm32cube.common.mx_6.9.0.202307051724\\db\/plugins/boardmanager/
2023-10-03 17:37:04,025 [WARN] ApiDb:259 - Overriding images path with different value:  => C:\ST\STM32CubeIDE_1.13.0\STM32CubeIDE\plugins\com.st.stm32cube.common.mx_6.9.0.202307051724\\db\/plugins/mcufinder/images/
2023-10-03 17:37:04,033 [INFO] ApiDb:250 - Set database path to: C:\Users\User\.stmcufinder\plugins\mcufinder//mcu/
2023-10-03 17:37:04,034 [INFO] DbMcusAds:125 - Set database path to: C:\Users\User\.stmcufinder\plugins\mcufinder//mcu/
2023-10-03 17:37:04,036 [INFO] CrossReferenceDbSqlite:203 - Set database path to: C:\Users\User\.stmcufinder\plugins\mcufinder//mcu/cs/
2023-10-03 17:37:04,125 [INFO] RulesReader:64 - Compatibility file has been processed (293 Rules)
2023-10-03 17:37:04,208 [INFO] DbMcusXml:78 - Set database path to: C:\ST\STM32CubeIDE_1.13.0\STM32CubeIDE\plugins\com.st.stm32cube.common.mx_6.9.0.202307051724\\db\/mcu/
2023-10-03 17:37:04,208 [INFO] ApiDb:274 - Set plugin database path to: C:\ST\STM32CubeIDE_1.13.0\STM32CubeIDE\plugins\com.st.stm32cube.common.mx_6.9.0.202307051724\\db\/plugins/boardmanager/
2023-10-03 17:37:04,208 [INFO] ApiDb:261 - Set plugin images path to: C:\ST\STM32CubeIDE_1.13.0\STM32CubeIDE\plugins\com.st.stm32cube.common.mx_6.9.0.202307051724\\db\/plugins/mcufinder/images/
2023-10-03 17:37:04,208 [WARN] DbFile:41 - Overriding database path with different value: C:\Users\User\.stmcufinder\plugins\mcufinder/ => C:\Users\User\.stmcufinder\plugins\mcufinder
2023-10-03 17:37:04,209 [INFO] ApiDb:250 - Set database path to: C:\Users\User\.stmcufinder\plugins\mcufinder//mcu/
2023-10-03 17:37:04,209 [WARN] DbFile:41 - Overriding database path with different value: C:\Users\User\.stmcufinder\plugins\mcufinder/ => C:\Users\User\.stmcufinder\plugins\mcufinder
2023-10-03 17:37:04,209 [INFO] DbMcusAds:125 - Set database path to: C:\Users\User\.stmcufinder\plugins\mcufinder//mcu/
2023-10-03 17:37:04,209 [WARN] DbFile:41 - Overriding database path with different value: C:\Users\User\.stmcufinder\plugins\mcufinder/ => C:\Users\User\.stmcufinder\plugins\mcufinder
2023-10-03 17:37:04,209 [WARN] DbFile:41 - Overriding database path with different value: C:\Users\User\.stmcufinder\plugins\mcufinder/ => C:\Users\User\.stmcufinder\plugins\mcufinder
2023-10-03 17:37:04,209 [INFO] CrossReferenceDbSqlite:203 - Set database path to: C:\Users\User\.stmcufinder\plugins\mcufinder//mcu/cs/
2023-10-03 17:37:04,399 [INFO] MainPanel:262 - HeapMemory: 268435456
2023-10-03 17:37:04,626 [INFO] DbMcusXml:78 - Set database path to: C:\ST\STM32CubeIDE_1.13.0\STM32CubeIDE\plugins\com.st.stm32cube.common.mx_6.9.0.202307051724\\db\/mcu/
2023-10-03 17:37:04,627 [INFO] ApiDb:274 - Set plugin database path to: C:\ST\STM32CubeIDE_1.13.0\STM32CubeIDE\plugins\com.st.stm32cube.common.mx_6.9.0.202307051724\\db\/plugins/boardmanager/
2023-10-03 17:37:04,627 [INFO] ApiDb:261 - Set plugin images path to: C:\ST\STM32CubeIDE_1.13.0\STM32CubeIDE\plugins\com.st.stm32cube.common.mx_6.9.0.202307051724\\db\/plugins/mcufinder/images/
2023-10-03 17:37:04,628 [WARN] DbFile:41 - Overriding database path with different value: C:\Users\User\.stmcufinder\plugins\mcufinder/ => C:\Users\User\.stmcufinder\plugins\mcufinder
2023-10-03 17:37:04,628 [INFO] ApiDb:250 - Set database path to: C:\Users\User\.stmcufinder\plugins\mcufinder//mcu/
2023-10-03 17:37:04,628 [WARN] DbFile:41 - Overriding database path with different value: C:\Users\User\.stmcufinder\plugins\mcufinder/ => C:\Users\User\.stmcufinder\plugins\mcufinder
2023-10-03 17:37:04,628 [INFO] DbMcusAds:125 - Set database path to: C:\Users\User\.stmcufinder\plugins\mcufinder//mcu/
2023-10-03 17:37:04,629 [WARN] DbFile:41 - Overriding database path with different value: C:\Users\User\.stmcufinder\plugins\mcufinder/ => C:\Users\User\.stmcufinder\plugins\mcufinder
2023-10-03 17:37:04,629 [WARN] DbFile:41 - Overriding database path with different value: C:\Users\User\.stmcufinder\plugins\mcufinder/ => C:\Users\User\.stmcufinder\plugins\mcufinder
2023-10-03 17:37:04,629 [INFO] CrossReferenceDbSqlite:203 - Set database path to: C:\Users\User\.stmcufinder\plugins\mcufinder//mcu/cs/
2023-10-03 17:37:04,654 [INFO] ApplicationProperties:184 - Using Application install path: C:\ST\STM32CubeIDE_1.13.0\STM32CubeIDE\plugins\com.st.stm32cube.common.mx_6.9.0.202307051724
2023-10-03 17:37:04,657 [INFO] PluginManage:196 - Search for loadable plugins [exclusion list=, ]
2023-10-03 17:37:04,659 [INFO] PluginManage:310 - Check plugin analytics
2023-10-03 17:37:04,939 [INFO] AnalyticsPlugin:253 - Accepted Software Licenses: 
2023-10-03 17:37:04,939 [INFO] AnalyticsPlugin:255 - Accepted CMSIS Pack Licenses: 
2023-10-03 17:37:04,940 [INFO] AnalyticsPlugin:257 - Accepted Firmware Licenses: FW.F7.1.17.0,FW.F4.1.27.0
2023-10-03 17:37:04,944 [INFO] PluginManage:359 - Loaded plugin analytics (category:tool,tabindex:-1)
2023-10-03 17:37:04,944 [INFO] PluginManage:310 - Check plugin cadmodel
2023-10-03 17:37:04,960 [INFO] CADModel:105 - Init CAD model plugin
2023-10-03 17:37:04,960 [INFO] PluginManage:359 - Loaded plugin cadmodel (category:power,tabindex:5)
2023-10-03 17:37:04,961 [INFO] PluginManage:310 - Check plugin clock
2023-10-03 17:37:04,989 [INFO] PluginManage:359 - Loaded plugin clock (category:base,tabindex:2)
2023-10-03 17:37:04,990 [INFO] PluginManage:310 - Check plugin ddr
2023-10-03 17:37:04,992 [INFO] PluginManage:359 - Loaded plugin ddr (category:tool,tabindex:6)
2023-10-03 17:37:04,992 [INFO] PluginManage:310 - Check plugin filemanager
2023-10-03 17:37:05,165 [INFO] PluginManage:359 - Loaded plugin filemanager (category:base,tabindex:10)
2023-10-03 17:37:05,165 [INFO] PluginManage:310 - Check plugin ipmanager
2023-10-03 17:37:05,173 [INFO] PluginManage:359 - Loaded plugin ipmanager (category:base,tabindex:5)
2023-10-03 17:37:05,173 [INFO] PluginManage:310 - Check plugin lpbam
2023-10-03 17:37:05,188 [INFO] PluginManage:359 - Loaded plugin lpbam (category:base,tabindex:0)
2023-10-03 17:37:05,189 [INFO] PluginManage:310 - Check plugin memorymap
2023-10-03 17:37:05,212 [INFO] PluginManage:359 - Loaded plugin memorymap (category:base,tabindex:4)
2023-10-03 17:37:05,212 [INFO] PluginManage:310 - Check plugin pinoutandconfiguration
2023-10-03 17:37:05,238 [INFO] PluginManage:359 - Loaded plugin pinoutandconfiguration (category:base,tabindex:1)
2023-10-03 17:37:05,238 [INFO] PluginManage:310 - Check plugin pinoutconfig
2023-10-03 17:37:05,347 [WARN] SupportedApi:132 - Cannot load RTOS API schema: s4s-elt-must-match.1: The content of 'definitions' must match (annotation?, (simpleType | complexType)?, (unique | key | keyref)*)). A problem was found starting at: attribute.
2023-10-03 17:37:05,491 [INFO] PluginManage:359 - Loaded plugin pinoutconfig (category:base,tabindex:0)
2023-10-03 17:37:05,491 [INFO] PluginManage:310 - Check plugin power
2023-10-03 17:37:05,517 [INFO] PluginManage:359 - Loaded plugin power (category:power,tabindex:4)
2023-10-03 17:37:05,517 [INFO] PluginManage:310 - Check plugin projectmanager
2023-10-03 17:37:05,530 [INFO] PluginManage:359 - Loaded plugin projectmanager (category:projectmanager,tabindex:3)
2023-10-03 17:37:05,530 [INFO] PluginManage:310 - Check plugin thirdparty
2023-10-03 17:37:05,845 [INFO] PluginManage:359 - Loaded plugin thirdparty (category:base,tabindex:-1)
2023-10-03 17:37:05,845 [WARN] IntegrityCheckThread:84 - waiting for thirdparty lock release [integrity check]
2023-10-03 17:37:05,845 [INFO] IntegrityCheckThread:86 - entering critical section [integrity check]
2023-10-03 17:37:05,845 [INFO] PluginManage:310 - Check plugin tools
2023-10-03 17:37:05,846 [INFO] ThirdPartyUpdaterWithRetryManager:70 - Updater plugin not ready yet. [1/15]
2023-10-03 17:37:05,902 [INFO] PluginManage:359 - Loaded plugin tools (category:base,tabindex:7)
2023-10-03 17:37:05,902 [INFO] PluginManage:310 - Check plugin tutovideos
2023-10-03 17:37:06,466 [INFO] PluginManage:359 - Loaded plugin tutovideos (category:base,tabindex:-1)
2023-10-03 17:37:06,466 [INFO] PluginManage:310 - Check plugin updater
2023-10-03 17:37:06,477 [INFO] PluginManage:359 - Loaded plugin updater (category:base,tabindex:12)
2023-10-03 17:37:06,477 [INFO] PluginManage:310 - Check plugin userauth
2023-10-03 17:37:06,484 [INFO] UserAuth:113 - Init User Auth plugin
2023-10-03 17:37:06,484 [INFO] PluginManage:359 - Loaded plugin userauth (category:base,tabindex:14)
2023-10-03 17:37:06,484 [INFO] PluginManage:283 - PluginManage : Loaded plugins [17]
2023-10-03 17:37:06,733 [INFO] PinOutPanel:1499 - setPackage(No Configuration,No Configuration)
2023-10-03 17:37:06,877 [INFO] CADModel:165 - CPN selected for project level
2023-10-03 17:37:06,877 [INFO] CADModel:114 - Register for checkConnection events
2023-10-03 17:37:06,898 [INFO] IPUIPlugin:80 - create IPUIPlugin
2023-10-03 17:37:06,898 [INFO] PluginManager:220 - loadIPPluginJar : add adc
2023-10-03 17:37:06,931 [INFO] IPUIPlugin:80 - create IPUIPlugin
2023-10-03 17:37:06,932 [INFO] PluginManager:220 - loadIPPluginJar : add aes
2023-10-03 17:37:06,972 [INFO] IPUIPlugin:80 - create IPUIPlugin
2023-10-03 17:37:06,972 [INFO] PluginManager:220 - loadIPPluginJar : add can
2023-10-03 17:37:06,995 [INFO] IPUIPlugin:80 - create IPUIPlugin
2023-10-03 17:37:06,995 [INFO] PluginManager:220 - loadIPPluginJar : add comp
2023-10-03 17:37:07,028 [INFO] IPUIPlugin:80 - create IPUIPlugin
2023-10-03 17:37:07,028 [INFO] PluginManager:220 - loadIPPluginJar : add cryp
2023-10-03 17:37:07,059 [INFO] IPUIPlugin:80 - create IPUIPlugin
2023-10-03 17:37:07,059 [INFO] PluginManager:220 - loadIPPluginJar : add dfsdm
2023-10-03 17:37:07,073 [INFO] IPUIPlugin:80 - create IPUIPlugin
2023-10-03 17:37:07,074 [INFO] PluginManager:220 - loadIPPluginJar : add dma
2023-10-03 17:37:07,118 [INFO] IPUIPlugin:80 - create IPUIPlugin
2023-10-03 17:37:07,118 [INFO] PluginManager:220 - loadIPPluginJar : add dma3
2023-10-03 17:37:07,140 [INFO] IPUIPlugin:80 - create IPUIPlugin
2023-10-03 17:37:07,140 [INFO] PluginManager:220 - loadIPPluginJar : add fatfs
2023-10-03 17:37:07,186 [INFO] IPUIPlugin:80 - create IPUIPlugin
2023-10-03 17:37:07,186 [INFO] PluginManager:220 - loadIPPluginJar : add fmc
2023-10-03 17:37:07,246 [INFO] IPUIPlugin:80 - create IPUIPlugin
2023-10-03 17:37:07,246 [INFO] PluginManager:220 - loadIPPluginJar : add freertos
2023-10-03 17:37:07,267 [INFO] IPUIPlugin:80 - create IPUIPlugin
2023-10-03 17:37:07,267 [INFO] PluginManager:220 - loadIPPluginJar : add genericplugin
2023-10-03 17:37:07,363 [INFO] IPUIPlugin:80 - create IPUIPlugin
2023-10-03 17:37:07,363 [INFO] PluginManager:220 - loadIPPluginJar : add gfxmmu
2023-10-03 17:37:07,496 [INFO] IPUIPlugin:80 - create IPUIPlugin
2023-10-03 17:37:07,496 [INFO] PluginManager:220 - loadIPPluginJar : add gic
2023-10-03 17:37:07,508 [INFO] IPUIPlugin:80 - create IPUIPlugin
2023-10-03 17:37:07,508 [INFO] PluginManager:220 - loadIPPluginJar : add gpio
2023-10-03 17:37:07,606 [INFO] IPUIPlugin:80 - create IPUIPlugin
2023-10-03 17:37:07,607 [INFO] PluginManager:220 - loadIPPluginJar : add gtzc
2023-10-03 17:37:07,637 [INFO] IPUIPlugin:80 - create IPUIPlugin
2023-10-03 17:37:07,638 [INFO] PluginManager:220 - loadIPPluginJar : add hash
2023-10-03 17:37:07,688 [INFO] IPUIPlugin:80 - create IPUIPlugin
2023-10-03 17:37:07,689 [INFO] PluginManager:220 - loadIPPluginJar : add i2c
2023-10-03 17:37:07,730 [INFO] IPUIPlugin:80 - create IPUIPlugin
2023-10-03 17:37:07,730 [INFO] PluginManager:220 - loadIPPluginJar : add i2s
2023-10-03 17:37:07,765 [INFO] IPUIPlugin:80 - create IPUIPlugin
2023-10-03 17:37:07,765 [INFO] PluginManager:220 - loadIPPluginJar : add i3c
2023-10-03 17:37:07,842 [INFO] IPUIPlugin:80 - create IPUIPlugin
2023-10-03 17:37:07,843 [INFO] PluginManager:220 - loadIPPluginJar : add ipddr
2023-10-03 17:37:07,915 [INFO] IPUIPlugin:80 - create IPUIPlugin
2023-10-03 17:37:07,915 [INFO] PluginManager:220 - loadIPPluginJar : add linkedlist
2023-10-03 17:37:07,943 [INFO] IPUIPlugin:80 - create IPUIPlugin
2023-10-03 17:37:07,943 [INFO] PluginManager:220 - loadIPPluginJar : add lorawan
2023-10-03 17:37:07,972 [INFO] IPUIPlugin:80 - create IPUIPlugin
2023-10-03 17:37:07,972 [INFO] PluginManager:220 - loadIPPluginJar : add ltdc
2023-10-03 17:37:07,983 [INFO] IPUIPlugin:80 - create IPUIPlugin
2023-10-03 17:37:07,983 [INFO] PluginManager:220 - loadIPPluginJar : add mdma
2023-10-03 17:37:07,992 [INFO] IPUIPlugin:80 - create IPUIPlugin
2023-10-03 17:37:07,992 [INFO] PluginManager:220 - loadIPPluginJar : add nvic
2023-10-03 17:37:08,018 [INFO] IPUIPlugin:80 - create IPUIPlugin
2023-10-03 17:37:08,018 [INFO] PluginManager:220 - loadIPPluginJar : add opamp
2023-10-03 17:37:08,062 [INFO] IPUIPlugin:80 - create IPUIPlugin
2023-10-03 17:37:08,063 [INFO] PluginManager:220 - loadIPPluginJar : add openamp
2023-10-03 17:37:08,092 [INFO] IPUIPlugin:80 - create IPUIPlugin
2023-10-03 17:37:08,092 [INFO] PluginManager:220 - loadIPPluginJar : add pdm2pcm
2023-10-03 17:37:08,103 [INFO] IPUIPlugin:80 - create IPUIPlugin
2023-10-03 17:37:08,105 [INFO] PluginManager:220 - loadIPPluginJar : add plateformsettings
2023-10-03 17:37:08,121 [INFO] IPUIPlugin:80 - create IPUIPlugin
2023-10-03 17:37:08,121 [INFO] PluginManager:220 - loadIPPluginJar : add quadspi
2023-10-03 17:37:08,131 [INFO] IPUIPlugin:80 - create IPUIPlugin
2023-10-03 17:37:08,131 [INFO] PluginManager:220 - loadIPPluginJar : add resmgrutility
2023-10-03 17:37:08,169 [INFO] IPUIPlugin:80 - create IPUIPlugin
2023-10-03 17:37:08,169 [INFO] PluginManager:220 - loadIPPluginJar : add sai
2023-10-03 17:37:08,197 [INFO] IPUIPlugin:80 - create IPUIPlugin
2023-10-03 17:37:08,197 [INFO] PluginManager:220 - loadIPPluginJar : add spi
2023-10-03 17:37:08,238 [INFO] IPUIPlugin:80 - create IPUIPlugin
2023-10-03 17:37:08,238 [INFO] PluginManager:220 - loadIPPluginJar : add stm32_wpan
2023-10-03 17:37:08,255 [INFO] IPUIPlugin:80 - create IPUIPlugin
2023-10-03 17:37:08,255 [INFO] PluginManager:220 - loadIPPluginJar : add tim
2023-10-03 17:37:08,296 [INFO] IPUIPlugin:80 - create IPUIPlugin
2023-10-03 17:37:08,296 [INFO] PluginManager:220 - loadIPPluginJar : add touchsensing
2023-10-03 17:37:08,314 [INFO] IPUIPlugin:80 - create IPUIPlugin
2023-10-03 17:37:08,314 [INFO] PluginManager:220 - loadIPPluginJar : add tracer_emb
2023-10-03 17:37:08,331 [INFO] IPUIPlugin:80 - create IPUIPlugin
2023-10-03 17:37:08,331 [INFO] PluginManager:220 - loadIPPluginJar : add ts
2023-10-03 17:37:08,346 [INFO] IPUIPlugin:80 - create IPUIPlugin
2023-10-03 17:37:08,346 [INFO] PluginManager:220 - loadIPPluginJar : add tsc
2023-10-03 17:37:08,361 [INFO] IPUIPlugin:80 - create IPUIPlugin
2023-10-03 17:37:08,361 [INFO] PluginManager:220 - loadIPPluginJar : add ucpd
2023-10-03 17:37:08,391 [INFO] IPUIPlugin:80 - create IPUIPlugin
2023-10-03 17:37:08,391 [INFO] PluginManager:220 - loadIPPluginJar : add usart
2023-10-03 17:37:08,421 [INFO] IPUIPlugin:80 - create IPUIPlugin
2023-10-03 17:37:08,421 [INFO] PluginManager:220 - loadIPPluginJar : add usbx
2023-10-03 17:37:08,534 [INFO] CADModel:165 - CPN selected for project level
2023-10-03 17:37:08,534 [INFO] CADModel:114 - Register for checkConnection events
2023-10-03 17:37:08,535 [FATAL] Updater:308 - Updater called before beeing initialized
2023-10-03 17:37:08,535 [ERROR] CADModel:125 - Updater not yet initialized, retry later 
2023-10-03 17:37:08,684 [INFO] CADModel:165 - CPN selected for project level
2023-10-03 17:37:08,684 [INFO] CADModel:114 - Register for checkConnection events
2023-10-03 17:37:08,684 [FATAL] Updater:308 - Updater called before beeing initialized
2023-10-03 17:37:08,684 [ERROR] CADModel:125 - Updater not yet initialized, retry later 
2023-10-03 17:37:08,688 [FATAL] Updater:308 - Updater called before beeing initialized
2023-10-03 17:37:08,804 [FATAL] Updater:308 - Updater called before beeing initialized
2023-10-03 17:37:08,816 [INFO] DbMcusAds:53 - JSON generation date=Tue Mar 07 15:50:55 ICT 2023 (1678179055114)
2023-10-03 17:37:08,816 [FATAL] Updater:308 - Updater called before beeing initialized
2023-10-03 17:37:08,847 [INFO] ThirdPartyUpdaterWithRetryManager:70 - Updater plugin not ready yet. [2/15]
2023-10-03 17:37:08,851 [WARN] DetailPanel:346 - Failed to get advertising image, set to default
2023-10-03 17:37:09,013 [FATAL] Updater:308 - Updater called before beeing initialized
2023-10-03 17:37:09,018 [FATAL] Updater:308 - Updater called before beeing initialized
2023-10-03 17:37:09,018 [FATAL] Updater:308 - Updater called before beeing initialized
2023-10-03 17:37:09,018 [WARN] DetailPanel:346 - Failed to get advertising image, set to default
2023-10-03 17:37:09,019 [FATAL] Updater:308 - Updater called before beeing initialized
2023-10-03 17:37:09,088 [ERROR] Updater:1120 - MainUpdater not yet initialized. External WinMGr cannot be set.
2023-10-03 17:37:09,097 [INFO] Updater:1056 - Updater Version found : 6.9.0
2023-10-03 17:37:09,113 [INFO] ApplicationProperties:184 - Using Application install path: C:\ST\STM32CubeIDE_1.13.0\STM32CubeIDE\plugins\com.st.stm32cube.common.mx_6.9.0.202307051724
2023-10-03 17:37:10,301 [INFO] MainUpdater:2868 - connection check result : 10
2023-10-03 17:37:10,302 [INFO] MainUpdater:285 - Updater Check For Update Now.
2023-10-03 17:37:10,302 [INFO] MicroXplorer:498 - Change Database Version : DB.6.0.90
2023-10-03 17:37:10,325 [INFO] McuFinderGlobals:63 - Set McuFinder mode to 2 (CubeIDE integrated)
2023-10-03 17:37:10,503 [INFO] CheckServerUpdateThread:120 - End of CheckServer Thread
2023-10-03 17:37:13,369 [WARN] PackLoader:240 - Cannot read IP mode file for STMicroelectronics.X-CUBE-SMBUS.2.1.0
2023-10-03 17:37:13,413 [WARN] PackLoader:240 - Cannot read IP mode file for STMicroelectronics.X-CUBE-AZRTOS-F7.1.1.0
2023-10-03 17:37:13,431 [WARN] PackLoader:240 - Cannot read IP mode file for STMicroelectronics.FP-SNS-MOTENV1.4.3.2
2023-10-03 17:37:13,442 [WARN] PackLoader:240 - Cannot read IP mode file for STMicroelectronics.FP-SNS-FLIGHT1.5.0.1
2023-10-03 17:37:13,458 [WARN] PackLoader:240 - Cannot read IP mode file for STMicroelectronics.X-CUBE-BLE1.6.2.4
2023-10-03 17:37:13,470 [WARN] PackLoader:240 - Cannot read IP mode file for STMicroelectronics.FP-SNS-FLIGHT1.5.0.2
2023-10-03 17:37:13,485 [WARN] PackLoader:240 - Cannot read IP mode file for STMicroelectronics.X-CUBE-DISPLAY.3.0.0
2023-10-03 17:37:13,500 [WARN] PackLoader:240 - Cannot read IP mode file for STMicroelectronics.X-CUBE-BLE1.7.0.0
2023-10-03 17:37:13,512 [WARN] PackLoader:240 - Cannot read IP mode file for emotas.I-CUBE-CANOPEN.1.3.0
2023-10-03 17:37:13,524 [WARN] PackLoader:240 - Cannot read IP mode file for STMicroelectronics.X-CUBE-TOUCHGFX.4.22.0
2023-10-03 17:37:13,535 [WARN] PackLoader:240 - Cannot read IP mode file for STMicroelectronics.FP-SNS-SMARTAG2.1.2.0
2023-10-03 17:37:13,554 [INFO] LogOutputStream:77 - [STDOUT_REDIRECT] 1 : Invalid condition id : UX_CORESTACK_Condition cause : null
2023-10-03 17:37:13,555 [INFO] LogOutputStream:77 - [STDOUT_REDIRECT] 1 : Invalid condition id : UX_CORESTACK_Condition cause : null
2023-10-03 17:37:13,556 [INFO] LogOutputStream:77 - [STDOUT_REDIRECT] 1 : Invalid condition id : UX_CORESTACK_Condition cause : null
2023-10-03 17:37:13,557 [INFO] LogOutputStream:77 - [STDOUT_REDIRECT] 1 : Invalid condition id : UX_CORESTACK_Condition cause : null
2023-10-03 17:37:13,558 [INFO] LogOutputStream:77 - [STDOUT_REDIRECT] 1 : Invalid condition id : UX_CORESTACK_Condition cause : null
2023-10-03 17:37:13,560 [WARN] PackLoader:240 - Cannot read IP mode file for STMicroelectronics.X-CUBE-AZRTOS-WL.2.0.0
2023-10-03 17:37:13,574 [WARN] PackLoader:240 - Cannot read IP mode file for WES.I-CUBE-Cesium.1.3.0
2023-10-03 17:37:13,583 [WARN] PackLoader:240 - Cannot read IP mode file for STMicroelectronics.X-CUBE-BLE2.3.3.0
2023-10-03 17:37:13,595 [WARN] PackLoader:240 - Cannot read IP mode file for STMicroelectronics.X-CUBE-ALGOBUILD.1.3.0
2023-10-03 17:37:13,622 [WARN] PackLoader:240 - Cannot read IP mode file for STMicroelectronics.X-CUBE-AZRTOS-G0.1.1.0
2023-10-03 17:37:13,641 [WARN] PackLoader:240 - Cannot read IP mode file for STMicroelectronics.X-CUBE-NFC4.3.0.0
2023-10-03 17:37:13,671 [WARN] PackLoader:240 - Cannot read IP mode file for STMicroelectronics.FP-ATR-SIGFOX1.3.2.0
2023-10-03 17:37:13,719 [WARN] PackLoader:240 - Cannot read IP mode file for SEGGER.I-CUBE-embOS.1.3.1
2023-10-03 17:37:13,762 [WARN] PackLoader:240 - Cannot read IP mode file for STMicroelectronics.X-CUBE-GNSS1.6.0.0
2023-10-03 17:37:13,786 [WARN] PackLoader:240 - Cannot read IP mode file for STMicroelectronics.X-CUBE-AZRTOS-F4.1.1.0
2023-10-03 17:37:13,800 [WARN] PackLoader:240 - Cannot read IP mode file for wolfSSL.I-CUBE-wolfSSL.5.6.3
2023-10-03 17:37:13,820 [WARN] PackLoader:240 - Cannot read IP mode file for STMicroelectronics.X-CUBE-AZRTOS-L5.2.0.0
2023-10-03 17:37:13,857 [WARN] PackLoader:240 - Cannot read IP mode file for STMicroelectronics.X-CUBE-MEMS1.9.6.0
2023-10-03 17:37:14,018 [WARN] PackLoader:240 - Cannot read IP mode file for STMicroelectronics.X-CUBE-BLEMGR.2.0.0
2023-10-03 17:37:14,057 [WARN] ConditionMgr:438 - getConditionDescription Invalid condition id : UX DEVICE CLASS RTOS Condition cause : null
2023-10-03 17:37:14,058 [WARN] ConditionMgr:438 - getConditionDescription Invalid condition id : UX DEVICE CLASS RTOS Condition cause : null
2023-10-03 17:37:14,061 [WARN] PackLoader:240 - Cannot read IP mode file for STMicroelectronics.X-CUBE-AZRTOS-H7.3.1.0
2023-10-03 17:37:14,062 [WARN] ConditionMgr:1039 - genDependencies : Invalid condition id : UX DEVICE CLASS RTOS Condition cause : null
2023-10-03 17:37:14,062 [WARN] ConditionMgr:1039 - genDependencies : Invalid condition id : UX DEVICE CLASS RTOS Condition cause : null
2023-10-03 17:37:14,063 [WARN] ConditionMgr:1039 - genDependencies : Invalid condition id : UX DEVICE CLASS RTOS Condition cause : null
2023-10-03 17:37:14,063 [WARN] ConditionMgr:1039 - genDependencies : Invalid condition id : UX DEVICE CLASS RTOS Condition cause : null
2023-10-03 17:37:14,063 [WARN] ConditionMgr:1039 - genDependencies : Invalid condition id : UX DEVICE CLASS RTOS Condition cause : null
2023-10-03 17:37:14,081 [WARN] PackLoader:240 - Cannot read IP mode file for STMicroelectronics.X-CUBE-NFC7.1.0.1
2023-10-03 17:37:14,099 [WARN] PackLoader:240 - Cannot read IP mode file for STMicroelectronics.X-CUBE-NFC6.3.0.0
2023-10-03 17:37:14,120 [WARN] PackLoader:240 - Cannot read IP mode file for STMicroelectronics.X-CUBE-EEPRMA1.4.1.0
2023-10-03 17:37:14,138 [WARN] PackLoader:240 - Cannot read IP mode file for STMicroelectronics.X-CUBE-AI.8.1.0
2023-10-03 17:37:14,170 [WARN] ConditionMgr:438 - getConditionDescription Invalid condition id : LAN8742 Phy interface Condition cause : null
2023-10-03 17:37:14,171 [WARN] PackLoader:240 - Cannot read IP mode file for STMicroelectronics.X-CUBE-AZRTOS-L4.2.0.0
2023-10-03 17:37:14,172 [WARN] ConditionMgr:1039 - genDependencies : Invalid condition id : LAN8742 Phy interface Condition cause : null
2023-10-03 17:37:14,173 [WARN] ConditionMgr:1039 - genDependencies : Invalid condition id : LAN8742 Phy interface Condition cause : null
2023-10-03 17:37:14,173 [WARN] ConditionMgr:1039 - genDependencies : Invalid condition id : LAN8742 Phy interface Condition cause : null
2023-10-03 17:37:14,191 [WARN] PackLoader:240 - Cannot read IP mode file for STMicroelectronics.X-CUBE-SFXS2LP1.4.0.0
2023-10-03 17:37:14,203 [WARN] PackLoader:240 - Cannot read IP mode file for STMicroelectronics.X-CUBE-ISPU.1.1.0
2023-10-03 17:37:14,223 [WARN] ConditionMgr:438 - getConditionDescription Invalid condition id : UX DEVICE CLASS RTOS Condition cause : null
2023-10-03 17:37:14,224 [WARN] ConditionMgr:438 - getConditionDescription Invalid condition id : UX DEVICE CLASS RTOS Condition cause : null
2023-10-03 17:37:14,226 [WARN] PackLoader:240 - Cannot read IP mode file for STMicroelectronics.X-CUBE-AZRTOS-WB.2.0.0
2023-10-03 17:37:14,227 [WARN] ConditionMgr:1039 - genDependencies : Invalid condition id : UX DEVICE CLASS RTOS Condition cause : null
2023-10-03 17:37:14,227 [WARN] ConditionMgr:1039 - genDependencies : Invalid condition id : UX DEVICE CLASS RTOS Condition cause : null
2023-10-03 17:37:14,228 [WARN] ConditionMgr:1039 - genDependencies : Invalid condition id : UX DEVICE CLASS RTOS Condition cause : null
2023-10-03 17:37:14,228 [WARN] ConditionMgr:1039 - genDependencies : Invalid condition id : UX DEVICE CLASS RTOS Condition cause : null
2023-10-03 17:37:14,228 [WARN] ConditionMgr:1039 - genDependencies : Invalid condition id : UX DEVICE CLASS RTOS Condition cause : null
2023-10-03 17:37:14,239 [WARN] PackLoader:240 - Cannot read IP mode file for STMicroelectronics.X-CUBE-FREERTOS.1.0.1
2023-10-03 17:37:14,267 [WARN] PackLoader:240 - Cannot read IP mode file for STMicroelectronics.X-CUBE-AZRTOS-L5.1.1.0
2023-10-03 17:37:14,278 [WARN] PackLoader:240 - Cannot read IP mode file for STMicroelectronics.X-CUBE-AI.8.0.1
2023-10-03 17:37:14,292 [WARN] PackLoader:240 - Cannot read IP mode file for STMicroelectronics.X-CUBE-SUBG2.5.0.0
2023-10-03 17:37:14,312 [WARN] PackLoader:240 - Cannot read IP mode file for STMicroelectronics.X-CUBE-TOF1.3.3.1
2023-10-03 17:37:14,339 [WARN] PackLoader:240 - Cannot read IP mode file for STMicroelectronics.X-CUBE-AZRTOS-G4.2.0.0
2023-10-03 17:37:14,360 [WARN] PackLoader:240 - Cannot read IP mode file for STMicroelectronics.X-CUBE-TOF1.3.3.0
2023-10-03 17:37:14,376 [WARN] PackLoader:240 - Cannot read IP mode file for STMicroelectronics.X-CUBE-FREERTOS.1.1.0
2023-10-03 17:37:14,390 [WARN] PackLoader:240 - Cannot read IP mode file for portGmbH.I-Cube-SoM-uGOAL.1.1.0
2023-10-03 17:37:14,403 [WARN] PackLoader:240 - Cannot read IP mode file for STMicroelectronics.X-CUBE-ALS.1.0.1
2023-10-03 17:37:14,424 [WARN] PackLoader:240 - Cannot read IP mode file for STMicroelectronics.X-CUBE-AZRTOS-WB.1.1.0
2023-10-03 17:37:14,439 [WARN] PackLoader:240 - Cannot read IP mode file for STMicroelectronics.FP-ATR-ASTRA1.2.0.0
2023-10-03 17:37:14,440 [INFO] ThirdParty:978 - Integrity check success = true
2023-10-03 17:37:14,440 [INFO] IntegrityCheckThread:100 - exiting critical section [integrity check]
2023-10-03 17:37:14,440 [INFO] IntegrityCheckThread:103 - End integrity checks thread
2023-10-03 17:37:34,611 [ERROR] LogOutputStream:75 - [STDERR_REDIRECT] SLF4J: Failed to load class "org.slf4j.impl.StaticLoggerBinder".
2023-10-03 17:37:34,612 [ERROR] LogOutputStream:75 - [STDERR_REDIRECT] SLF4J: Defaulting to no-operation (NOP) logger implementation
2023-10-03 17:37:34,613 [ERROR] LogOutputStream:75 - [STDERR_REDIRECT] SLF4J: See http://www.slf4j.org/codes.html#StaticLoggerBinder for further details.
