22:30:31 **** Incremental Build of configuration Debug for project Lab8_1 ****
make -j12 all 
arm-none-eabi-gcc -o "Lab8_1.elf" @"objects.list"   -mcpu=cortex-m7 -T"C:\Users\User\STM32CubeIDE\MAD_Lab\Lab8_1\STM32F767ZITX_FLASH.ld" --specs=nosys.specs -Wl,-Map="Lab8_1.map" -Wl,--gc-sections -static --specs=nano.specs -mfpu=fpv5-d16 -mfloat-abi=hard -mthumb -Wl,--start-group -lc -lm -Wl,--end-group
C:/ST/STM32CubeIDE_1.13.0/STM32CubeIDE/plugins/com.st.stm32cube.ide.mcu.externaltools.gnu-tools-for-stm32.11.3.rel1.win32_1.1.0.202305231506/tools/bin/../lib/gcc/arm-none-eabi/11.3.1/../../../../arm-none-eabi/bin/ld.exe: ./Core/Inc/ILI9341_STM32_Driver.o:C:/Users/User/STM32CubeIDE/MAD_Lab/Lab8_1/Debug/../Core/Inc/ILI9341_STM32_Driver.h:88: multiple definition of `hspi5'; ./Core/Inc/ILI9341_GFX.o:C:/Users/User/STM32CubeIDE/MAD_Lab/Lab8_1/Debug/../Core/Inc/ILI9341_STM32_Driver.h:88: first defined here
C:/ST/STM32CubeIDE_1.13.0/STM32CubeIDE/plugins/com.st.stm32cube.ide.mcu.externaltools.gnu-tools-for-stm32.11.3.rel1.win32_1.1.0.202305231506/tools/bin/../lib/gcc/arm-none-eabi/11.3.1/../../../../arm-none-eabi/bin/ld.exe: ./Core/Src/main.o:C:/Users/User/STM32CubeIDE/MAD_Lab/Lab8_1/Debug/../Core/Inc/ILI9341_STM32_Driver.h:88: multiple definition of `hspi5'; ./Core/Inc/ILI9341_GFX.o:C:/Users/User/STM32CubeIDE/MAD_Lab/Lab8_1/Debug/../Core/Inc/ILI9341_STM32_Driver.h:88: first defined here
C:/ST/STM32CubeIDE_1.13.0/STM32CubeIDE/plugins/com.st.stm32cube.ide.mcu.externaltools.gnu-tools-for-stm32.11.3.rel1.win32_1.1.0.202305231506/tools/bin/../lib/gcc/arm-none-eabi/11.3.1/../../../../arm-none-eabi/bin/ld.exe: ./Drivers/ILI9341/ILI9341_GFX.o:C:/Users/User/STM32CubeIDE/MAD_Lab/Lab8_1/Debug/../Drivers/ILI9341/ILI9341_STM32_Driver.h:88: multiple definition of `hspi5'; ./Core/Inc/ILI9341_GFX.o:C:/Users/User/STM32CubeIDE/MAD_Lab/Lab8_1/Debug/../Core/Inc/ILI9341_STM32_Driver.h:88: first defined here
C:/ST/STM32CubeIDE_1.13.0/STM32CubeIDE/plugins/com.st.stm32cube.ide.mcu.externaltools.gnu-tools-for-stm32.11.3.rel1.win32_1.1.0.202305231506/tools/bin/../lib/gcc/arm-none-eabi/11.3.1/../../../../arm-none-eabi/bin/ld.exe: ./Drivers/ILI9341/ILI9341_GFX.o: in function `ILI9341_Draw_Hollow_Circle':
C:/Users/User/STM32CubeIDE/MAD_Lab/Lab8_1/Debug/../Drivers/ILI9341/ILI9341_GFX.c:55: multiple definition of `ILI9341_Draw_Hollow_Circle'; ./Core/Inc/ILI9341_GFX.o:C:/Users/User/STM32CubeIDE/MAD_Lab/Lab8_1/Debug/../Core/Inc/ILI9341_GFX.c:55: first defined here
C:/ST/STM32CubeIDE_1.13.0/STM32CubeIDE/plugins/com.st.stm32cube.ide.mcu.externaltools.gnu-tools-for-stm32.11.3.rel1.win32_1.1.0.202305231506/tools/bin/../lib/gcc/arm-none-eabi/11.3.1/../../../../arm-none-eabi/bin/ld.exe: ./Drivers/ILI9341/ILI9341_GFX.o: in function `ILI9341_Draw_Filled_Circle':
C:/Users/User/STM32CubeIDE/MAD_Lab/Lab8_1/Debug/../Drivers/ILI9341/ILI9341_GFX.c:90: multiple definition of `ILI9341_Draw_Filled_Circle'; ./Core/Inc/ILI9341_GFX.o:C:/Users/User/STM32CubeIDE/MAD_Lab/Lab8_1/Debug/../Core/Inc/ILI9341_GFX.c:90: first defined here
C:/ST/STM32CubeIDE_1.13.0/STM32CubeIDE/plugins/com.st.stm32cube.ide.mcu.externaltools.gnu-tools-for-stm32.11.3.rel1.win32_1.1.0.202305231506/tools/bin/../lib/gcc/arm-none-eabi/11.3.1/../../../../arm-none-eabi/bin/ld.exe: ./Drivers/ILI9341/ILI9341_GFX.o: in function `ILI9341_Draw_Hollow_Rectangle_Coord':
C:/Users/User/STM32CubeIDE/MAD_Lab/Lab8_1/Debug/../Drivers/ILI9341/ILI9341_GFX.c:127: multiple definition of `ILI9341_Draw_Hollow_Rectangle_Coord'; ./Core/Inc/ILI9341_GFX.o:C:/Users/User/STM32CubeIDE/MAD_Lab/Lab8_1/Debug/../Core/Inc/ILI9341_GFX.c:127: first defined here
C:/ST/STM32CubeIDE_1.13.0/STM32CubeIDE/plugins/com.st.stm32cube.ide.mcu.externaltools.gnu-tools-for-stm32.11.3.rel1.win32_1.1.0.202305231506/tools/bin/../lib/gcc/arm-none-eabi/11.3.1/../../../../arm-none-eabi/bin/ld.exe: ./Drivers/ILI9341/ILI9341_GFX.o: in function `ILI9341_Draw_Filled_Rectangle_Coord':
C:/Users/User/STM32CubeIDE/MAD_Lab/Lab8_1/Debug/../Drivers/ILI9341/ILI9341_GFX.c:177: multiple definition of `ILI9341_Draw_Filled_Rectangle_Coord'; ./Core/Inc/ILI9341_GFX.o:C:/Users/User/STM32CubeIDE/MAD_Lab/Lab8_1/Debug/../Core/Inc/ILI9341_GFX.c:177: first defined here
C:/ST/STM32CubeIDE_1.13.0/STM32CubeIDE/plugins/com.st.stm32cube.ide.mcu.externaltools.gnu-tools-for-stm32.11.3.rel1.win32_1.1.0.202305231506/tools/bin/../lib/gcc/arm-none-eabi/11.3.1/../../../../arm-none-eabi/bin/ld.exe: ./Drivers/ILI9341/ILI9341_GFX.o: in function `ILI9341_Draw_Char':
C:/Users/User/STM32CubeIDE/MAD_Lab/Lab8_1/Debug/../Drivers/ILI9341/ILI9341_GFX.c:225: multiple definition of `ILI9341_Draw_Char'; ./Core/Inc/ILI9341_GFX.o:C:/Users/User/STM32CubeIDE/MAD_Lab/Lab8_1/Debug/../Core/Inc/ILI9341_GFX.c:225: first defined here
C:/ST/STM32CubeIDE_1.13.0/STM32CubeIDE/plugins/com.st.stm32cube.ide.mcu.externaltools.gnu-tools-for-stm32.11.3.rel1.win32_1.1.0.202305231506/tools/bin/../lib/gcc/arm-none-eabi/11.3.1/../../../../arm-none-eabi/bin/ld.exe: ./Drivers/ILI9341/ILI9341_GFX.o: in function `ILI9341_Draw_Text':
C:/Users/User/STM32CubeIDE/MAD_Lab/Lab8_1/Debug/../Drivers/ILI9341/ILI9341_GFX.c:264: multiple definition of `ILI9341_Draw_Text'; ./Core/Inc/ILI9341_GFX.o:C:/Users/User/STM32CubeIDE/MAD_Lab/Lab8_1/Debug/../Core/Inc/ILI9341_GFX.c:264: first defined here
C:/ST/STM32CubeIDE_1.13.0/STM32CubeIDE/plugins/com.st.stm32cube.ide.mcu.externaltools.gnu-tools-for-stm32.11.3.rel1.win32_1.1.0.202305231506/tools/bin/../lib/gcc/arm-none-eabi/11.3.1/../../../../arm-none-eabi/bin/ld.exe: ./Drivers/ILI9341/ILI9341_GFX.o: in function `ILI9341_Draw_Image':
C:/Users/User/STM32CubeIDE/MAD_Lab/Lab8_1/Debug/../Drivers/ILI9341/ILI9341_GFX.c:275: multiple definition of `ILI9341_Draw_Image'; ./Core/Inc/ILI9341_GFX.o:C:/Users/User/STM32CubeIDE/MAD_Lab/Lab8_1/Debug/../Core/Inc/ILI9341_GFX.c:275: first defined here
C:/ST/STM32CubeIDE_1.13.0/STM32CubeIDE/plugins/com.st.stm32cube.ide.mcu.externaltools.gnu-tools-for-stm32.11.3.rel1.win32_1.1.0.202305231506/tools/bin/../lib/gcc/arm-none-eabi/11.3.1/../../../../arm-none-eabi/bin/ld.exe: ./Drivers/ILI9341/ILI9341_STM32_Driver.o:C:/Users/User/STM32CubeIDE/MAD_Lab/Lab8_1/Debug/../Drivers/ILI9341/ILI9341_STM32_Driver.h:88: multiple definition of `hspi5'; ./Core/Inc/ILI9341_GFX.o:C:/Users/User/STM32CubeIDE/MAD_Lab/Lab8_1/Debug/../Core/Inc/ILI9341_STM32_Driver.h:88: first defined here
C:/ST/STM32CubeIDE_1.13.0/STM32CubeIDE/plugins/com.st.stm32cube.ide.mcu.externaltools.gnu-tools-for-stm32.11.3.rel1.win32_1.1.0.202305231506/tools/bin/../lib/gcc/arm-none-eabi/11.3.1/../../../../arm-none-eabi/bin/ld.exe: ./Drivers/ILI9341/ILI9341_STM32_Driver.o:C:/Users/User/STM32CubeIDE/MAD_Lab/Lab8_1/Debug/../Drivers/ILI9341/ILI9341_STM32_Driver.c:89: multiple definition of `LCD_HEIGHT'; ./Core/Inc/ILI9341_STM32_Driver.o:C:/Users/User/STM32CubeIDE/MAD_Lab/Lab8_1/Debug/../Core/Inc/ILI9341_STM32_Driver.c:89: first defined here
C:/ST/STM32CubeIDE_1.13.0/STM32CubeIDE/plugins/com.st.stm32cube.ide.mcu.externaltools.gnu-tools-for-stm32.11.3.rel1.win32_1.1.0.202305231506/tools/bin/../lib/gcc/arm-none-eabi/11.3.1/../../../../arm-none-eabi/bin/ld.exe: ./Drivers/ILI9341/ILI9341_STM32_Driver.o:C:/Users/User/STM32CubeIDE/MAD_Lab/Lab8_1/Debug/../Drivers/ILI9341/ILI9341_STM32_Driver.c:90: multiple definition of `LCD_WIDTH'; ./Core/Inc/ILI9341_STM32_Driver.o:C:/Users/User/STM32CubeIDE/MAD_Lab/Lab8_1/Debug/../Core/Inc/ILI9341_STM32_Driver.c:90: first defined here
C:/ST/STM32CubeIDE_1.13.0/STM32CubeIDE/plugins/com.st.stm32cube.ide.mcu.externaltools.gnu-tools-for-stm32.11.3.rel1.win32_1.1.0.202305231506/tools/bin/../lib/gcc/arm-none-eabi/11.3.1/../../../../arm-none-eabi/bin/ld.exe: ./Drivers/ILI9341/ILI9341_STM32_Driver.o: in function `ILI9341_SPI_Init':
C:/Users/User/STM32CubeIDE/MAD_Lab/Lab8_1/Debug/../Drivers/ILI9341/ILI9341_STM32_Driver.c:94: multiple definition of `ILI9341_SPI_Init'; ./Core/Inc/ILI9341_STM32_Driver.o:C:/Users/User/STM32CubeIDE/MAD_Lab/Lab8_1/Debug/../Core/Inc/ILI9341_STM32_Driver.c:94: first defined here
C:/ST/STM32CubeIDE_1.13.0/STM32CubeIDE/plugins/com.st.stm32cube.ide.mcu.externaltools.gnu-tools-for-stm32.11.3.rel1.win32_1.1.0.202305231506/tools/bin/../lib/gcc/arm-none-eabi/11.3.1/../../../../arm-none-eabi/bin/ld.exe: ./Drivers/ILI9341/ILI9341_STM32_Driver.o: in function `ILI9341_SPI_Send':
C:/Users/User/STM32CubeIDE/MAD_Lab/Lab8_1/Debug/../Drivers/ILI9341/ILI9341_STM32_Driver.c:102: multiple definition of `ILI9341_SPI_Send'; ./Core/Inc/ILI9341_STM32_Driver.o:C:/Users/User/STM32CubeIDE/MAD_Lab/Lab8_1/Debug/../Core/Inc/ILI9341_STM32_Driver.c:102: first defined here
C:/ST/STM32CubeIDE_1.13.0/STM32CubeIDE/plugins/com.st.stm32cube.ide.mcu.externaltools.gnu-tools-for-stm32.11.3.rel1.win32_1.1.0.202305231506/tools/bin/../lib/gcc/arm-none-eabi/11.3.1/../../../../arm-none-eabi/bin/ld.exe: ./Drivers/ILI9341/ILI9341_STM32_Driver.o: in function `ILI9341_Write_Command':
C:/Users/User/STM32CubeIDE/MAD_Lab/Lab8_1/Debug/../Drivers/ILI9341/ILI9341_STM32_Driver.c:108: multiple definition of `ILI9341_Write_Command'; ./Core/Inc/ILI9341_STM32_Driver.o:C:/Users/User/STM32CubeIDE/MAD_Lab/Lab8_1/Debug/../Core/Inc/ILI9341_STM32_Driver.c:108: first defined here
C:/ST/STM32CubeIDE_1.13.0/STM32CubeIDE/plugins/com.st.stm32cube.ide.mcu.externaltools.gnu-tools-for-stm32.11.3.rel1.win32_1.1.0.202305231506/tools/bin/../lib/gcc/arm-none-eabi/11.3.1/../../../../arm-none-eabi/bin/ld.exe: ./Drivers/ILI9341/ILI9341_STM32_Driver.o: in function `ILI9341_Write_Data':
C:/Users/User/STM32CubeIDE/MAD_Lab/Lab8_1/Debug/../Drivers/ILI9341/ILI9341_STM32_Driver.c:117: multiple definition of `ILI9341_Write_Data'; ./Core/Inc/ILI9341_STM32_Driver.o:C:/Users/User/STM32CubeIDE/MAD_Lab/Lab8_1/Debug/../Core/Inc/ILI9341_STM32_Driver.c:117: first defined here
C:/ST/STM32CubeIDE_1.13.0/STM32CubeIDE/plugins/com.st.stm32cube.ide.mcu.externaltools.gnu-tools-for-stm32.11.3.rel1.win32_1.1.0.202305231506/tools/bin/../lib/gcc/arm-none-eabi/11.3.1/../../../../arm-none-eabi/bin/ld.exe: ./Drivers/ILI9341/ILI9341_STM32_Driver.o: in function `ILI9341_Set_Address':
C:/Users/User/STM32CubeIDE/MAD_Lab/Lab8_1/Debug/../Drivers/ILI9341/ILI9341_STM32_Driver.c:126: multiple definition of `ILI9341_Set_Address'; ./Core/Inc/ILI9341_STM32_Driver.o:C:/Users/User/STM32CubeIDE/MAD_Lab/Lab8_1/Debug/../Core/Inc/ILI9341_STM32_Driver.c:126: first defined here
C:/ST/STM32CubeIDE_1.13.0/STM32CubeIDE/plugins/com.st.stm32cube.ide.mcu.externaltools.gnu-tools-for-stm32.11.3.rel1.win32_1.1.0.202305231506/tools/bin/../lib/gcc/arm-none-eabi/11.3.1/../../../../arm-none-eabi/bin/ld.exe: ./Drivers/ILI9341/ILI9341_STM32_Driver.o: in function `ILI9341_Reset':
C:/Users/User/STM32CubeIDE/MAD_Lab/Lab8_1/Debug/../Drivers/ILI9341/ILI9341_STM32_Driver.c:144: multiple definition of `ILI9341_Reset'; ./Core/Inc/ILI9341_STM32_Driver.o:C:/Users/User/STM32CubeIDE/MAD_Lab/Lab8_1/Debug/../Core/Inc/ILI9341_STM32_Driver.c:144: first defined here
C:/ST/STM32CubeIDE_1.13.0/STM32CubeIDE/plugins/com.st.stm32cube.ide.mcu.externaltools.gnu-tools-for-stm32.11.3.rel1.win32_1.1.0.202305231506/tools/bin/../lib/gcc/arm-none-eabi/11.3.1/../../../../arm-none-eabi/bin/ld.exe: ./Drivers/ILI9341/ILI9341_STM32_Driver.o: in function `ILI9341_Set_Rotation':
C:/Users/User/STM32CubeIDE/MAD_Lab/Lab8_1/Debug/../Drivers/ILI9341/ILI9341_STM32_Driver.c:154: multiple definition of `ILI9341_Set_Rotation'; ./Core/Inc/ILI9341_STM32_Driver.o:C:/Users/User/STM32CubeIDE/MAD_Lab/Lab8_1/Debug/../Core/Inc/ILI9341_STM32_Driver.c:154: first defined here
C:/ST/STM32CubeIDE_1.13.0/STM32CubeIDE/plugins/com.st.stm32cube.ide.mcu.externaltools.gnu-tools-for-stm32.11.3.rel1.win32_1.1.0.202305231506/tools/bin/../lib/gcc/arm-none-eabi/11.3.1/../../../../arm-none-eabi/bin/ld.exe: ./Drivers/ILI9341/ILI9341_STM32_Driver.o: in function `ILI9341_Enable':
C:/Users/User/STM32CubeIDE/MAD_Lab/Lab8_1/Debug/../Drivers/ILI9341/ILI9341_STM32_Driver.c:191: multiple definition of `ILI9341_Enable'; ./Core/Inc/ILI9341_STM32_Driver.o:C:/Users/User/STM32CubeIDE/MAD_Lab/Lab8_1/Debug/../Core/Inc/ILI9341_STM32_Driver.c:191: first defined here
C:/ST/STM32CubeIDE_1.13.0/STM32CubeIDE/plugins/com.st.stm32cube.ide.mcu.externaltools.gnu-tools-for-stm32.11.3.rel1.win32_1.1.0.202305231506/tools/bin/../lib/gcc/arm-none-eabi/11.3.1/../../../../arm-none-eabi/bin/ld.exe: ./Drivers/ILI9341/ILI9341_STM32_Driver.o: in function `ILI9341_Init':
C:/Users/User/STM32CubeIDE/MAD_Lab/Lab8_1/Debug/../Drivers/ILI9341/ILI9341_STM32_Driver.c:197: multiple definition of `ILI9341_Init'; ./Core/Inc/ILI9341_STM32_Driver.o:C:/Users/User/STM32CubeIDE/MAD_Lab/Lab8_1/Debug/../Core/Inc/ILI9341_STM32_Driver.c:197: first defined here
C:/ST/STM32CubeIDE_1.13.0/STM32CubeIDE/plugins/com.st.stm32cube.ide.mcu.externaltools.gnu-tools-for-stm32.11.3.rel1.win32_1.1.0.202305231506/tools/bin/../lib/gcc/arm-none-eabi/11.3.1/../../../../arm-none-eabi/bin/ld.exe: ./Drivers/ILI9341/ILI9341_STM32_Driver.o: in function `ILI9341_Draw_Colour':
C:/Users/User/STM32CubeIDE/MAD_Lab/Lab8_1/Debug/../Drivers/ILI9341/ILI9341_STM32_Driver.c:337: multiple definition of `ILI9341_Draw_Colour'; ./Core/Inc/ILI9341_STM32_Driver.o:C:/Users/User/STM32CubeIDE/MAD_Lab/Lab8_1/Debug/../Core/Inc/ILI9341_STM32_Driver.c:337: first defined here
C:/ST/STM32CubeIDE_1.13.0/STM32CubeIDE/plugins/com.st.stm32cube.ide.mcu.externaltools.gnu-tools-for-stm32.11.3.rel1.win32_1.1.0.202305231506/tools/bin/../lib/gcc/arm-none-eabi/11.3.1/../../../../arm-none-eabi/bin/ld.exe: ./Drivers/ILI9341/ILI9341_STM32_Driver.o: in function `ILI9341_Draw_Colour_Burst':
C:/Users/User/STM32CubeIDE/MAD_Lab/Lab8_1/Debug/../Drivers/ILI9341/ILI9341_STM32_Driver.c:349: multiple definition of `ILI9341_Draw_Colour_Burst'; ./Core/Inc/ILI9341_STM32_Driver.o:C:/Users/User/STM32CubeIDE/MAD_Lab/Lab8_1/Debug/../Core/Inc/ILI9341_STM32_Driver.c:349: first defined here
C:/ST/STM32CubeIDE_1.13.0/STM32CubeIDE/plugins/com.st.stm32cube.ide.mcu.externaltools.gnu-tools-for-stm32.11.3.rel1.win32_1.1.0.202305231506/tools/bin/../lib/gcc/arm-none-eabi/11.3.1/../../../../arm-none-eabi/bin/ld.exe: ./Drivers/ILI9341/ILI9341_STM32_Driver.o: in function `ILI9341_Fill_Screen':
C:/Users/User/STM32CubeIDE/MAD_Lab/Lab8_1/Debug/../Drivers/ILI9341/ILI9341_STM32_Driver.c:393: multiple definition of `ILI9341_Fill_Screen'; ./Core/Inc/ILI9341_STM32_Driver.o:C:/Users/User/STM32CubeIDE/MAD_Lab/Lab8_1/Debug/../Core/Inc/ILI9341_STM32_Driver.c:393: first defined here
C:/ST/STM32CubeIDE_1.13.0/STM32CubeIDE/plugins/com.st.stm32cube.ide.mcu.externaltools.gnu-tools-for-stm32.11.3.rel1.win32_1.1.0.202305231506/tools/bin/../lib/gcc/arm-none-eabi/11.3.1/../../../../arm-none-eabi/bin/ld.exe: ./Drivers/ILI9341/ILI9341_STM32_Driver.o: in function `ILI9341_Draw_Pixel':
C:/Users/User/STM32CubeIDE/MAD_Lab/Lab8_1/Debug/../Drivers/ILI9341/ILI9341_STM32_Driver.c:405: multiple definition of `ILI9341_Draw_Pixel'; ./Core/Inc/ILI9341_STM32_Driver.o:C:/Users/User/STM32CubeIDE/MAD_Lab/Lab8_1/Debug/../Core/Inc/ILI9341_STM32_Driver.c:405: first defined here
C:/ST/STM32CubeIDE_1.13.0/STM32CubeIDE/plugins/com.st.stm32cube.ide.mcu.externaltools.gnu-tools-for-stm32.11.3.rel1.win32_1.1.0.202305231506/tools/bin/../lib/gcc/arm-none-eabi/11.3.1/../../../../arm-none-eabi/bin/ld.exe: ./Drivers/ILI9341/ILI9341_STM32_Driver.o: in function `ILI9341_Draw_Rectangle':
C:/Users/User/STM32CubeIDE/MAD_Lab/Lab8_1/Debug/../Drivers/ILI9341/ILI9341_STM32_Driver.c:456: multiple definition of `ILI9341_Draw_Rectangle'; ./Core/Inc/ILI9341_STM32_Driver.o:C:/Users/User/STM32CubeIDE/MAD_Lab/Lab8_1/Debug/../Core/Inc/ILI9341_STM32_Driver.c:456: first defined here
C:/ST/STM32CubeIDE_1.13.0/STM32CubeIDE/plugins/com.st.stm32cube.ide.mcu.externaltools.gnu-tools-for-stm32.11.3.rel1.win32_1.1.0.202305231506/tools/bin/../lib/gcc/arm-none-eabi/11.3.1/../../../../arm-none-eabi/bin/ld.exe: ./Drivers/ILI9341/ILI9341_STM32_Driver.o: in function `ILI9341_Draw_Horizontal_Line':
C:/Users/User/STM32CubeIDE/MAD_Lab/Lab8_1/Debug/../Drivers/ILI9341/ILI9341_STM32_Driver.c:472: multiple definition of `ILI9341_Draw_Horizontal_Line'; ./Core/Inc/ILI9341_STM32_Driver.o:C:/Users/User/STM32CubeIDE/MAD_Lab/Lab8_1/Debug/../Core/Inc/ILI9341_STM32_Driver.c:472: first defined here
C:/ST/STM32CubeIDE_1.13.0/STM32CubeIDE/plugins/com.st.stm32cube.ide.mcu.externaltools.gnu-tools-for-stm32.11.3.rel1.win32_1.1.0.202305231506/tools/bin/../lib/gcc/arm-none-eabi/11.3.1/../../../../arm-none-eabi/bin/ld.exe: ./Drivers/ILI9341/ILI9341_STM32_Driver.o: in function `ILI9341_Draw_Vertical_Line':
C:/Users/User/STM32CubeIDE/MAD_Lab/Lab8_1/Debug/../Drivers/ILI9341/ILI9341_STM32_Driver.c:484: multiple definition of `ILI9341_Draw_Vertical_Line'; ./Core/Inc/ILI9341_STM32_Driver.o:C:/Users/User/STM32CubeIDE/MAD_Lab/Lab8_1/Debug/../Core/Inc/ILI9341_STM32_Driver.c:484: first defined here
C:/ST/STM32CubeIDE_1.13.0/STM32CubeIDE/plugins/com.st.stm32cube.ide.mcu.externaltools.gnu-tools-for-stm32.11.3.rel1.win32_1.1.0.202305231506/tools/bin/../lib/gcc/arm-none-eabi/11.3.1/../../../../arm-none-eabi/bin/ld.exe: ./Drivers/ILI9341/ILI9341_Touchscreen.o: in function `TP_Read':
C:/Users/User/STM32CubeIDE/MAD_Lab/Lab8_1/Debug/../Drivers/ILI9341/ILI9341_Touchscreen.c:87: multiple definition of `TP_Read'; ./Core/Inc/ILI9341_Touchscreen.o:C:/Users/User/STM32CubeIDE/MAD_Lab/Lab8_1/Debug/../Core/Inc/ILI9341_Touchscreen.c:87: first defined here
C:/ST/STM32CubeIDE_1.13.0/STM32CubeIDE/plugins/com.st.stm32cube.ide.mcu.externaltools.gnu-tools-for-stm32.11.3.rel1.win32_1.1.0.202305231506/tools/bin/../lib/gcc/arm-none-eabi/11.3.1/../../../../arm-none-eabi/bin/ld.exe: ./Drivers/ILI9341/ILI9341_Touchscreen.o: in function `TP_Write':
C:/Users/User/STM32CubeIDE/MAD_Lab/Lab8_1/Debug/../Drivers/ILI9341/ILI9341_Touchscreen.c:111: multiple definition of `TP_Write'; ./Core/Inc/ILI9341_Touchscreen.o:C:/Users/User/STM32CubeIDE/MAD_Lab/Lab8_1/Debug/../Core/Inc/ILI9341_Touchscreen.c:111: first defined here
C:/ST/STM32CubeIDE_1.13.0/STM32CubeIDE/plugins/com.st.stm32cube.ide.mcu.externaltools.gnu-tools-for-stm32.11.3.rel1.win32_1.1.0.202305231506/tools/bin/../lib/gcc/arm-none-eabi/11.3.1/../../../../arm-none-eabi/bin/ld.exe: ./Drivers/ILI9341/ILI9341_Touchscreen.o: in function `TP_Read_Coordinates':
C:/Users/User/STM32CubeIDE/MAD_Lab/Lab8_1/Debug/../Drivers/ILI9341/ILI9341_Touchscreen.c:138: multiple definition of `TP_Read_Coordinates'; ./Core/Inc/ILI9341_Touchscreen.o:C:/Users/User/STM32CubeIDE/MAD_Lab/Lab8_1/Debug/../Core/Inc/ILI9341_Touchscreen.c:138: first defined here
C:/ST/STM32CubeIDE_1.13.0/STM32CubeIDE/plugins/com.st.stm32cube.ide.mcu.externaltools.gnu-tools-for-stm32.11.3.rel1.win32_1.1.0.202305231506/tools/bin/../lib/gcc/arm-none-eabi/11.3.1/../../../../arm-none-eabi/bin/ld.exe: ./Drivers/ILI9341/ILI9341_Touchscreen.o: in function `TP_Touchpad_Pressed':
C:/Users/User/STM32CubeIDE/MAD_Lab/Lab8_1/Debug/../Drivers/ILI9341/ILI9341_Touchscreen.c:205: multiple definition of `TP_Touchpad_Pressed'; ./Core/Inc/ILI9341_Touchscreen.o:C:/Users/User/STM32CubeIDE/MAD_Lab/Lab8_1/Debug/../Core/Inc/ILI9341_Touchscreen.c:205: first defined here
collect2.exe: error: ld returned 1 exit status
make: *** [makefile:66: Lab8_1.elf] Error 1
"make -j12 all" terminated with exit code 2. Build might be incomplete.

22:30:32 Build Failed. 61 errors, 0 warnings. (took 906ms)

